<?xml version="1.0" encoding="utf-8"?><testsuite errors="0" failures="1" name="pytest" skips="1" tests="430" time="3.980"><testcase classname="valid8.tests.test_composition" file="valid8/tests/test_composition.py" line="6" name="test_empty_validators_list" time="0.002742290496826172"></testcase><testcase classname="valid8.tests.test_composition" file="valid8/tests/test_composition.py" line="13" name="test_list_implicit_and" time="0.002135753631591797"></testcase><testcase classname="valid8.tests.test_composition" file="valid8/tests/test_composition.py" line="22" name="test_not_not_all" time="0.003813505172729492"></testcase><testcase classname="valid8.tests.test_composition" file="valid8/tests/test_composition.py" line="56" name="test_validate_or" time="0.002560853958129883"></testcase><testcase classname="valid8.tests.test_composition" file="valid8/tests/test_composition.py" line="82" name="test_validate_xor" time="0.0020380020141601562"></testcase><testcase classname="valid8.tests.test_composition" file="valid8/tests/test_composition.py" line="106" name="test_validate_and" time="0.0027070045471191406"></testcase><testcase classname="valid8.tests.test_entry_points" file="valid8/tests/test_entry_points.py" line="3" name="test_validate_create_manually" time="0.0018191337585449219"></testcase><testcase classname="valid8.tests.test_entry_points_annotations" file="valid8/tests/test_entry_points_annotations.py" line="9" name="test_validate_field" time="0.0029659271240234375"></testcase><testcase classname="valid8.tests.test_entry_points_annotations" file="valid8/tests/test_entry_points_annotations.py" line="55" name="test_validate_field_property" time="0.002759218215942383"></testcase><testcase classname="valid8.tests.test_entry_points_annotations" file="valid8/tests/test_entry_points_annotations.py" line="106" name="test_validate_field_custom_type" time="0.0034384727478027344"></testcase><testcase classname="valid8.tests.test_entry_points_annotations" file="valid8/tests/test_entry_points_annotations.py" line="146" name="test_validate_attr" time="0.00323486328125"></testcase><testcase classname="valid8.tests.test_entry_points_annotations" file="valid8/tests/test_entry_points_annotations.py" line="158" name="test_validate_arg_nominal_builtin_validators" time="0.004944562911987305"><system-out>hello
hello
</system-out></testcase><testcase classname="valid8.tests.test_entry_points_annotations" file="valid8/tests/test_entry_points_annotations.py" line="188" name="test_validate_out" time="0.004014253616333008"></testcase><testcase classname="valid8.tests.test_entry_points_annotations" file="valid8/tests/test_entry_points_annotations.py" line="205" name="test_validate_nominal_builtin_validators" time="0.004729747772216797"><system-out>hello
hello
</system-out></testcase><testcase classname="valid8.tests.test_entry_points_annotations" file="valid8/tests/test_entry_points_annotations.py" line="235" name="test_validate_custom_validators_basic" time="0.005189180374145508"><system-out>hello
</system-out></testcase><testcase classname="valid8.tests.test_entry_points_annotations" file="valid8/tests/test_entry_points_annotations.py" line="283" name="test_validate_custom_validators_with_exception" time="0.004335880279541016"><system-out>hello
1
2
3
</system-out></testcase><testcase classname="valid8.tests.test_entry_points_annotations" file="valid8/tests/test_entry_points_annotations.py" line="336" name="test_validate_mini_lambda" time="0.003517627716064453"><system-out>Hello, john your age is 20
</system-out></testcase><testcase classname="valid8.tests.test_entry_points_annotations" file="valid8/tests/test_entry_points_annotations.py" line="349" name="test_validate_none_enforce" time="0.021286964416503906"><system-out>hello
</system-out></testcase><testcase classname="valid8.tests.test_entry_points_annotations" file="valid8/tests/test_entry_points_annotations.py" line="373" name="test_validate_none_pytypes" time="0.011497020721435547"><system-out>hello
</system-out></testcase><testcase classname="valid8.tests.test_entry_points_annotations" file="valid8/tests/test_entry_points_annotations.py" line="397" name="test_validate_none_is_allowed" time="0.0026488304138183594"><system-out>hello
hello
</system-out></testcase><testcase classname="valid8.tests.test_entry_points_annotations" file="valid8/tests/test_entry_points_annotations.py" line="409" name="test_validate_name_error" time="0.0017828941345214844"></testcase><testcase classname="valid8.tests.test_entry_points_annotations" file="valid8/tests/test_entry_points_annotations.py" line="418" name="test_decorate_manually" time="0.0027871131896972656"></testcase><testcase classname="valid8.tests.test_entry_points_annotations" file="valid8/tests/test_entry_points_annotations.py" line="430" name="test_validate_tracebacks" time="0.003182649612426758"></testcase><testcase classname="valid8.tests.test_entry_points_inline" file="valid8/tests/test_entry_points_inline.py" line="12" name="test_validate_" time="0.0025129318237304688"></testcase><testcase classname="valid8.tests.test_entry_points_inline" file="valid8/tests/test_entry_points_inline.py" line="39" name="test_readme_usage_validate__customization" time="0.0027120113372802734"></testcase><testcase classname="valid8.tests.test_entry_points_inline" file="valid8/tests/test_entry_points_inline.py" line="74" name="test_validator_context_manager" time="0.0029027462005615234"></testcase><testcase classname="valid8.tests.test_entry_points_inline" file="valid8/tests/test_entry_points_inline.py" line="105" name="test_readme_usage_validator_customization" time="0.003125429153442383"></testcase><testcase classname="valid8.tests.test_entry_points_inline" file="valid8/tests/test_entry_points_inline.py" line="142" name="test_validate_tracebacks" time="0.0024995803833007812"></testcase><testcase classname="valid8.tests.test_entry_points_inline" file="valid8/tests/test_entry_points_inline.py" line="162" name="test_typos_in_kwargs" time="0.0011768341064453125"></testcase><testcase classname="valid8.tests.test_entry_points_inline" file="valid8/tests/test_entry_points_inline.py" line="170" name="test_validate_auto_disable_display" time="0.0015132427215576172"></testcase><testcase classname="valid8.tests.test_entry_points_inline" file="valid8/tests/test_entry_points_inline.py" line="189" name="test_numpy_nan" time="0.0018165111541748047"></testcase><testcase classname="valid8.tests.test_entry_points_inline" file="valid8/tests/test_entry_points_inline.py" line="198" name="test_numpy_nan_like_lengths" time="0.0015709400177001953"></testcase><testcase classname="valid8.tests.test_entry_points_inline" file="valid8/tests/test_entry_points_inline.py" line="232" name="test_function_setter_name_in_valid8_error_message" time="0.0262603759765625"></testcase><testcase classname="valid8.tests.test_entry_points_inline" file="valid8/tests/test_entry_points_inline.py" line="240" name="test_enum_isinstance" time="0.001873016357421875"></testcase><testcase classname="valid8.tests.packaging.test_packaging" file="valid8/tests/packaging/test_packaging.py" line="21" name="test_named_import[composition_AtLeastOneFailed]" time="0.0026226043701171875"></testcase><testcase classname="valid8.tests.packaging.test_packaging" file="valid8/tests/packaging/test_packaging.py" line="21" name="test_named_import[composition_failure_raiser]" time="0.0018181800842285156"></testcase><testcase classname="valid8.tests.packaging.test_packaging" file="valid8/tests/packaging/test_packaging.py" line="21" name="test_named_import[composition_CompositionFailure]" time="0.0018656253814697266"></testcase><testcase classname="valid8.tests.packaging.test_packaging" file="valid8/tests/packaging/test_packaging.py" line="21" name="test_named_import[composition_or_]" time="0.0018780231475830078"></testcase><testcase classname="valid8.tests.packaging.test_packaging" file="valid8/tests/packaging/test_packaging.py" line="21" name="test_named_import[composition_not_all]" time="0.0017974376678466797"></testcase><testcase classname="valid8.tests.packaging.test_packaging" file="valid8/tests/packaging/test_packaging.py" line="21" name="test_named_import[composition_DidNotFail]" time="0.001287221908569336"></testcase><testcase classname="valid8.tests.packaging.test_packaging" file="valid8/tests/packaging/test_packaging.py" line="21" name="test_named_import[composition_AllValidatorsFailed]" time="0.0014569759368896484"></testcase><testcase classname="valid8.tests.packaging.test_packaging" file="valid8/tests/packaging/test_packaging.py" line="21" name="test_named_import[composition_and_]" time="0.0017690658569335938"></testcase><testcase classname="valid8.tests.packaging.test_packaging" file="valid8/tests/packaging/test_packaging.py" line="21" name="test_named_import[composition_not_]" time="0.0018045902252197266"></testcase><testcase classname="valid8.tests.packaging.test_packaging" file="valid8/tests/packaging/test_packaging.py" line="21" name="test_named_import[composition_skip_on_none]" time="0.0017447471618652344"></testcase><testcase classname="valid8.tests.packaging.test_packaging" file="valid8/tests/packaging/test_packaging.py" line="21" name="test_named_import[composition_fail_on_none]" time="0.0018389225006103516"></testcase><testcase classname="valid8.tests.packaging.test_packaging" file="valid8/tests/packaging/test_packaging.py" line="21" name="test_named_import[composition_XorTooManySuccess]" time="0.0012848377227783203"></testcase><testcase classname="valid8.tests.packaging.test_packaging" file="valid8/tests/packaging/test_packaging.py" line="21" name="test_named_import[composition_xor_]" time="0.001493215560913086"></testcase><testcase classname="valid8.tests.packaging.test_packaging" file="valid8/tests/packaging/test_packaging.py" line="26" name="test_import_from[composition_AtLeastOneFailed]" time="0.002008676528930664"></testcase><testcase classname="valid8.tests.packaging.test_packaging" file="valid8/tests/packaging/test_packaging.py" line="26" name="test_import_from[composition_failure_raiser]" time="0.0019054412841796875"></testcase><testcase classname="valid8.tests.packaging.test_packaging" file="valid8/tests/packaging/test_packaging.py" line="26" name="test_import_from[composition_CompositionFailure]" time="0.0018208026885986328"></testcase><testcase classname="valid8.tests.packaging.test_packaging" file="valid8/tests/packaging/test_packaging.py" line="26" name="test_import_from[composition_or_]" time="0.0019121170043945312"></testcase><testcase classname="valid8.tests.packaging.test_packaging" file="valid8/tests/packaging/test_packaging.py" line="26" name="test_import_from[composition_not_all]" time="0.0014464855194091797"></testcase><testcase classname="valid8.tests.packaging.test_packaging" file="valid8/tests/packaging/test_packaging.py" line="26" name="test_import_from[composition_DidNotFail]" time="0.001398324966430664"></testcase><testcase classname="valid8.tests.packaging.test_packaging" file="valid8/tests/packaging/test_packaging.py" line="26" name="test_import_from[composition_AllValidatorsFailed]" time="0.0021295547485351562"></testcase><testcase classname="valid8.tests.packaging.test_packaging" file="valid8/tests/packaging/test_packaging.py" line="26" name="test_import_from[composition_and_]" time="0.0019080638885498047"></testcase><testcase classname="valid8.tests.packaging.test_packaging" file="valid8/tests/packaging/test_packaging.py" line="26" name="test_import_from[composition_not_]" time="0.00196075439453125"></testcase><testcase classname="valid8.tests.packaging.test_packaging" file="valid8/tests/packaging/test_packaging.py" line="26" name="test_import_from[composition_skip_on_none]" time="0.0019474029541015625"></testcase><testcase classname="valid8.tests.packaging.test_packaging" file="valid8/tests/packaging/test_packaging.py" line="26" name="test_import_from[composition_fail_on_none]" time="0.0014908313751220703"></testcase><testcase classname="valid8.tests.packaging.test_packaging" file="valid8/tests/packaging/test_packaging.py" line="26" name="test_import_from[composition_XorTooManySuccess]" time="0.001505136489868164"></testcase><testcase classname="valid8.tests.packaging.test_packaging" file="valid8/tests/packaging/test_packaging.py" line="26" name="test_import_from[composition_xor_]" time="0.0019915103912353516"></testcase><testcase classname="valid8.tests.packaging.test_packaging_wildcard" file="valid8/tests/packaging/test_packaging_wildcard.py" line="3" name="test_wild_import" time="0.0015137195587158203"></testcase><testcase classname="valid8.tests.readme.test_readme_combining" file="valid8/tests/readme/test_readme_combining.py" line="7" name="test_readme_index_combining_enforce" time="0.016143321990966797"><system-out>Building house... DONE !
Building house... DONE !
</system-out></testcase><testcase classname="valid8.tests.readme.test_readme_combining" file="valid8/tests/readme/test_readme_combining.py" line="16" name="test_readme_index_combining_autoclass" time="0.00884556770324707"></testcase><testcase classname="valid8.tests.readme.test_readme_combining" file="valid8/tests/readme/test_readme_combining.py" line="48" name="test_readme_index_combining_autoclass_2" time="0.009330034255981445"></testcase><testcase classname="valid8.tests.readme.test_readme_combining" file="valid8/tests/readme/test_readme_combining.py" line="79" name="test_readme_index_combining_attrs" time="0.0052149295806884766"></testcase><testcase classname="valid8.tests.readme.test_readme_combining" file="valid8/tests/readme/test_readme_combining.py" line="111" name="test_unused_pytypes" time="0.014865398406982422"><system-out>you did it !
you did it !
</system-out></testcase><testcase classname="valid8.tests.readme.test_readme_combining" file="valid8/tests/readme/test_readme_combining.py" line="140" name="test_readme_combining_checktypes" time="0.0014712810516357422"><skipped message="checktypes does not seem to work on old python versions see https://gitlab.com/yahya-abou-imran/checktypes/issues/2" type="pytest.skip">valid8/tests/readme/test_readme_combining.py:140: &lt;py._xmlgen.raw object at 0x7fe48480d4a8&gt;</skipped></testcase><testcase classname="valid8.tests.readme.test_readme_examples" file="valid8/tests/readme/test_readme_examples.py" line="7" name="test_readme_examples_4" time="0.004254579544067383"></testcase><testcase classname="valid8.tests.readme.test_readme_index" file="valid8/tests/readme/test_readme_index.py" line="6" name="test_readme_index_usage_quick" time="0.004381895065307617"></testcase><testcase classname="valid8.tests.readme.test_readme_index" file="valid8/tests/readme/test_readme_index.py" line="20" name="test_readme_usage_validator" time="0.006409883499145508"><failure message="AssertionError: assert &apos;Error valida... value: [1j].&apos; == &apos;Error validat... value: [1j].&apos;
  - Error validating [surface=1j]. Validation function [assert_instance_of(surf, int)] raised HasWrongType: Value should be an instance of &lt;class &apos;int&apos;&gt;. Wrong value: [1j].
  + Error validating [surface=1j]. Validation function [assert_instance_of(surf, int) ; v.alid = surf &gt; 0] raised HasWrongType: Value should be an instance of &lt;class &apos;int&apos;&gt;. Wrong value: [1j].
  ?                                                                                  ++++++++++++++++++++">def test_readme_usage_validator():
        &quot;&quot;&quot; Tests that the example under index/usage/validation works &quot;&quot;&quot;
    
        surf = -1
    
        with pytest.raises(ValidationError) as exc_info:
            with validator(&apos;surface&apos;, surf) as v:
                v.alid = surf &gt; 0 and isfinite(surf)
        e = exc_info.value
        assert str(e) == &quot;Error validating [surface=-1]: &quot; \
                         &quot;validation function [v.alid = surf &gt; 0 and isfinite(surf)] returned [False].&quot;
    
        surf = 1j
    
        with pytest.raises(ValidationError) as exc_info:
            with validator(&apos;surface&apos;, surf) as v:
                v.alid = surf &gt; 0 and isfinite(surf)
        e = exc_info.value
        assert str(e).startswith(&quot;Error validating [surface=1j]. &quot; \
                                 &quot;Validation function [v.alid = surf &gt; 0 and isfinite(surf)] raised &quot; \
                                 &quot;TypeError:&quot;)
    
        # alternate naming
        surf = -1
        with pytest.raises(ValidationError) as exc_info:
            with validator(&apos;surface&apos;, surf) as r:
                r.esults = surf &gt; 0 and isfinite(surf)
        e = exc_info.value
        assert str(e) == &quot;Error validating [surface=-1]: &quot; \
                         &quot;validation function [r.esults = surf &gt; 0 and isfinite(surf)] returned [False].&quot;
    
        # type validation
        surf = 1j
        with pytest.raises(ValidationError) as exc_info:
            with validator(&apos;surface&apos;, surf, instance_of=int) as v:
                v.alid = surf &gt; 0
        e = exc_info.value
        assert str(e) == &quot;Error validating [surface=1j]. &quot; \
                         &quot;HasWrongType: Value should be an instance of %s. Wrong value: [1j].&quot; % repr(int)
    
        from valid8 import assert_instance_of
        with pytest.raises(ValidationError) as exc_info:
            with validator(&apos;surface&apos;, surf) as v:
                assert_instance_of(surf, int)
                v.alid = surf &gt; 0
        e = exc_info.value
&gt;       assert str(e) == &quot;Error validating [surface=1j]. &quot; \
                         &quot;Validation function [assert_instance_of(surf, int) ; v.alid = surf &gt; 0] raised &quot; \
                         &quot;HasWrongType: Value should be an instance of %s. Wrong value: [1j].&quot; % repr(int)
E       AssertionError: assert &apos;Error valida... value: [1j].&apos; == &apos;Error validat... value: [1j].&apos;
E         - Error validating [surface=1j]. Validation function [assert_instance_of(surf, int)] raised HasWrongType: Value should be an instance of &lt;class &apos;int&apos;&gt;. Wrong value: [1j].
E         + Error validating [surface=1j]. Validation function [assert_instance_of(surf, int) ; v.alid = surf &gt; 0] raised HasWrongType: Value should be an instance of &lt;class &apos;int&apos;&gt;. Wrong value: [1j].
E         ?                                                                                  ++++++++++++++++++++

valid8/tests/readme/test_readme_index.py:67: AssertionError</failure></testcase><testcase classname="valid8.tests.readme.test_readme_index" file="valid8/tests/readme/test_readme_index.py" line="71" name="test_readme_usage_customization" time="0.0028841495513916016"></testcase><testcase classname="valid8.tests.readme.test_readme_index" file="valid8/tests/readme/test_readme_index.py" line="130" name="test_readme_index_usage_basic" time="0.0019102096557617188"></testcase><testcase classname="valid8.tests.readme.test_readme_index" file="valid8/tests/readme/test_readme_index.py" line="154" name="test_readme_index_usage_function" time="0.003960132598876953"><system-out>Building house... DONE !
Building house... DONE !
Building house... DONE !
</system-out></testcase><testcase classname="valid8.tests.readme.test_readme_index" file="valid8/tests/readme/test_readme_index.py" line="200" name="test_readme_index_usage_class_fields" time="0.003931283950805664"></testcase><testcase classname="valid8.tests.readme.test_readme_index" file="valid8/tests/readme/test_readme_index.py" line="234" name="test_testing" time="0.0017845630645751953"></testcase><testcase classname="valid8.tests.readme.test_readme_index" file="valid8/tests/readme/test_readme_index.py" line="249" name="test_advanced_composition" time="0.0013530254364013672"></testcase><testcase classname="valid8.tests.readme.test_readme_index" file="valid8/tests/readme/test_readme_index.py" line="268" name="test_readme_index_usage_customization" time="0.003659486770629883"></testcase><testcase classname="valid8.tests.readme.test_readme_index" file="valid8/tests/readme/test_readme_index.py" line="327" name="test_readme_index_usage_composition" time="0.003460407257080078"></testcase><testcase classname="valid8.tests.readme.test_readme_usage" file="valid8/tests/readme/test_readme_usage.py" line="9" name="test_tutorial" time="0.0029706954956054688"></testcase><testcase classname="valid8.tests.readme.test_readme_usage" file="valid8/tests/readme/test_readme_usage.py" line="67" name="test_usage_base_validation_functions" time="0.0009629726409912109"></testcase><testcase classname="valid8.tests.readme.test_readme_usage" file="valid8/tests/readme/test_readme_usage.py" line="73" name="test_usage_ensure_valid" time="0.004197835922241211"></testcase><testcase classname="valid8.tests.readme.test_readme_usage" file="valid8/tests/readme/test_readme_usage.py" line="120" name="test_usage_is_valid" time="0.0028219223022460938"></testcase><testcase classname="valid8.tests.readme.test_readme_usage" file="valid8/tests/readme/test_readme_usage.py" line="157" name="test_usage_validators" time="0.004135847091674805"></testcase><testcase classname="valid8.tests.readme.test_readme_usage" file="valid8/tests/readme/test_readme_usage.py" line="310" name="test_usage_validate_annotation" time="0.003125429153442383"></testcase><testcase classname="valid8.tests.readme.test_readme_usage" file="valid8/tests/readme/test_readme_usage.py" line="326" name="test_usage_custom_validators" time="0.0034112930297851562"></testcase><testcase classname="valid8.tests.readme.examples.test_example1" file="valid8/tests/readme/examples/test_example1.py" line="23" name="test_example_1[class_field_builtin_stdlib-0-True]" time="0.003787994384765625"></testcase><testcase classname="valid8.tests.readme.examples.test_example1" file="valid8/tests/readme/examples/test_example1.py" line="23" name="test_example_1[class_field_builtin_stdlib-100-True]" time="0.0030870437622070312"></testcase><testcase classname="valid8.tests.readme.examples.test_example1" file="valid8/tests/readme/examples/test_example1.py" line="23" name="test_example_1[class_field_builtin_stdlib-foo-TypeError]" time="0.004109859466552734"><system-out>Error validating field [x=foo] for class [Foo]. Validation function [and(instance_of_&lt;class &apos;numbers.Integral&apos;&gt;, greater_than_0)] raised AtLeastOneFailed: At least one validation function failed validation for value [foo]. Successes: [] / Failures: {&quot;instance_of_&lt;class &apos;numbers.Integral&apos;&gt;&quot;: &quot;HasWrongType: Value should be an instance of &lt;class &apos;numbers.Integral&apos;&gt;. Wrong value: [foo]&quot;, &apos;greater_than_0&apos;: &apos;TypeError: unorderable types: str() &gt;= int()&apos;}.
</system-out></testcase><testcase classname="valid8.tests.readme.examples.test_example1" file="valid8/tests/readme/examples/test_example1.py" line="23" name="test_example_1[class_field_builtin_stdlib-1.0-TypeError]" time="0.004198789596557617"><system-out>Error validating field [x=1.0] for class [Foo]. Validation function [and(instance_of_&lt;class &apos;numbers.Integral&apos;&gt;, greater_than_0)] raised AtLeastOneFailed: At least one validation function failed validation for value [1.0]. Successes: [&apos;greater_than_0&apos;] / Failures: {&quot;instance_of_&lt;class &apos;numbers.Integral&apos;&gt;&quot;: &quot;HasWrongType: Value should be an instance of &lt;class &apos;numbers.Integral&apos;&gt;. Wrong value: [1.0]&quot;}.
</system-out></testcase><testcase classname="valid8.tests.readme.examples.test_example1" file="valid8/tests/readme/examples/test_example1.py" line="23" name="test_example_1[class_field_builtin_stdlib--1-ValueError]" time="0.0038733482360839844"><system-out>Error validating field [x=-1] for class [Foo]. Validation function [and(instance_of_&lt;class &apos;numbers.Integral&apos;&gt;, greater_than_0)] raised AtLeastOneFailed: At least one validation function failed validation for value [-1]. Successes: [&quot;instance_of_&lt;class &apos;numbers.Integral&apos;&gt;&quot;] / Failures: {&apos;greater_than_0&apos;: &apos;TooSmall: x &gt;= 0 does not hold for x=-1. Wrong value: [-1]&apos;}.
</system-out></testcase><testcase classname="valid8.tests.readme.examples.test_example1" file="valid8/tests/readme/examples/test_example1.py" line="23" name="test_example_1[function_io_mini_lambda-0-True]" time="0.003384828567504883"></testcase><testcase classname="valid8.tests.readme.examples.test_example1" file="valid8/tests/readme/examples/test_example1.py" line="23" name="test_example_1[function_io_mini_lambda-100-True]" time="0.004340648651123047"></testcase><testcase classname="valid8.tests.readme.examples.test_example1" file="valid8/tests/readme/examples/test_example1.py" line="23" name="test_example_1[function_io_mini_lambda-foo-TypeError]" time="0.0036356449127197266"><system-out>Error validating input [x=foo] for function [my_function3]. Validation function [and(instance_of_&lt;class &apos;numbers.Integral&apos;&gt;, x &gt;= 0)] raised AtLeastOneFailed: At least one validation function failed validation for value [foo]. Successes: [] / Failures: {&quot;instance_of_&lt;class &apos;numbers.Integral&apos;&gt;&quot;: &quot;HasWrongType: Value should be an instance of &lt;class &apos;numbers.Integral&apos;&gt;. Wrong value: [foo]&quot;, &apos;x &gt;= 0&apos;: &apos;TypeError: unorderable types: str() &gt;= int()&apos;}.
</system-out></testcase><testcase classname="valid8.tests.readme.examples.test_example1" file="valid8/tests/readme/examples/test_example1.py" line="23" name="test_example_1[function_io_mini_lambda-1.0-TypeError]" time="0.003579854965209961"><system-out>Error validating input [x=1.0] for function [my_function3]. Validation function [and(instance_of_&lt;class &apos;numbers.Integral&apos;&gt;, x &gt;= 0)] raised AtLeastOneFailed: At least one validation function failed validation for value [1.0]. Successes: [&apos;x &gt;= 0&apos;] / Failures: {&quot;instance_of_&lt;class &apos;numbers.Integral&apos;&gt;&quot;: &quot;HasWrongType: Value should be an instance of &lt;class &apos;numbers.Integral&apos;&gt;. Wrong value: [1.0]&quot;}.
</system-out></testcase><testcase classname="valid8.tests.readme.examples.test_example1" file="valid8/tests/readme/examples/test_example1.py" line="23" name="test_example_1[function_io_mini_lambda--1-ValueError]" time="0.0034558773040771484"><system-out>Error validating input [x=-1] for function [my_function3]. Validation function [and(instance_of_&lt;class &apos;numbers.Integral&apos;&gt;, x &gt;= 0)] raised AtLeastOneFailed: At least one validation function failed validation for value [-1]. Successes: [&quot;instance_of_&lt;class &apos;numbers.Integral&apos;&gt;&quot;] / Failures: {&apos;x &gt;= 0&apos;: &apos;False&apos;}.
</system-out></testcase><testcase classname="valid8.tests.readme.examples.test_example1" file="valid8/tests/readme/examples/test_example1.py" line="23" name="test_example_1[function_input_builtin-0-True]" time="0.003487825393676758"></testcase><testcase classname="valid8.tests.readme.examples.test_example1" file="valid8/tests/readme/examples/test_example1.py" line="23" name="test_example_1[function_input_builtin-100-True]" time="0.0035278797149658203"></testcase><testcase classname="valid8.tests.readme.examples.test_example1" file="valid8/tests/readme/examples/test_example1.py" line="23" name="test_example_1[function_input_builtin-foo-TypeError]" time="0.0038139820098876953"><system-out>Error validating input [x=foo] for function [my_function]. Validation function [and(instance_of_&lt;class &apos;numbers.Integral&apos;&gt;, greater_than_0)] raised AtLeastOneFailed: At least one validation function failed validation for value [foo]. Successes: [] / Failures: {&quot;instance_of_&lt;class &apos;numbers.Integral&apos;&gt;&quot;: &quot;HasWrongType: Value should be an instance of &lt;class &apos;numbers.Integral&apos;&gt;. Wrong value: [foo]&quot;, &apos;greater_than_0&apos;: &apos;TypeError: unorderable types: str() &gt;= int()&apos;}.
</system-out></testcase><testcase classname="valid8.tests.readme.examples.test_example1" file="valid8/tests/readme/examples/test_example1.py" line="23" name="test_example_1[function_input_builtin-1.0-TypeError]" time="0.004071235656738281"><system-out>Error validating input [x=1.0] for function [my_function]. Validation function [and(instance_of_&lt;class &apos;numbers.Integral&apos;&gt;, greater_than_0)] raised AtLeastOneFailed: At least one validation function failed validation for value [1.0]. Successes: [&apos;greater_than_0&apos;] / Failures: {&quot;instance_of_&lt;class &apos;numbers.Integral&apos;&gt;&quot;: &quot;HasWrongType: Value should be an instance of &lt;class &apos;numbers.Integral&apos;&gt;. Wrong value: [1.0]&quot;}.
</system-out></testcase><testcase classname="valid8.tests.readme.examples.test_example1" file="valid8/tests/readme/examples/test_example1.py" line="23" name="test_example_1[function_input_builtin--1-ValueError]" time="0.004400730133056641"><system-out>Error validating input [x=-1] for function [my_function]. Validation function [and(instance_of_&lt;class &apos;numbers.Integral&apos;&gt;, greater_than_0)] raised AtLeastOneFailed: At least one validation function failed validation for value [-1]. Successes: [&quot;instance_of_&lt;class &apos;numbers.Integral&apos;&gt;&quot;] / Failures: {&apos;greater_than_0&apos;: &apos;TooSmall: x &gt;= 0 does not hold for x=-1. Wrong value: [-1]&apos;}.
</system-out></testcase><testcase classname="valid8.tests.readme.examples.test_example1" file="valid8/tests/readme/examples/test_example1.py" line="23" name="test_example_1[function_output_builtin-0-True]" time="0.0037288665771484375"></testcase><testcase classname="valid8.tests.readme.examples.test_example1" file="valid8/tests/readme/examples/test_example1.py" line="23" name="test_example_1[function_output_builtin-100-True]" time="0.0032448768615722656"></testcase><testcase classname="valid8.tests.readme.examples.test_example1" file="valid8/tests/readme/examples/test_example1.py" line="23" name="test_example_1[function_output_builtin-foo-TypeError]" time="0.002506256103515625"><system-out>Error validating output of function [my_function2]. Validation function [and(instance_of_&lt;class &apos;numbers.Integral&apos;&gt;, greater_than_0)] raised AtLeastOneFailed: At least one validation function failed validation for value [foo]. Successes: [] / Failures: {&quot;instance_of_&lt;class &apos;numbers.Integral&apos;&gt;&quot;: &quot;HasWrongType: Value should be an instance of &lt;class &apos;numbers.Integral&apos;&gt;. Wrong value: [foo]&quot;, &apos;greater_than_0&apos;: &apos;TypeError: unorderable types: str() &gt;= int()&apos;}.
</system-out></testcase><testcase classname="valid8.tests.readme.examples.test_example1" file="valid8/tests/readme/examples/test_example1.py" line="23" name="test_example_1[function_output_builtin-1.0-TypeError]" time="0.003804922103881836"><system-out>Error validating output of function [my_function2]. Validation function [and(instance_of_&lt;class &apos;numbers.Integral&apos;&gt;, greater_than_0)] raised AtLeastOneFailed: At least one validation function failed validation for value [1.0]. Successes: [&apos;greater_than_0&apos;] / Failures: {&quot;instance_of_&lt;class &apos;numbers.Integral&apos;&gt;&quot;: &quot;HasWrongType: Value should be an instance of &lt;class &apos;numbers.Integral&apos;&gt;. Wrong value: [1.0]&quot;}.
</system-out></testcase><testcase classname="valid8.tests.readme.examples.test_example1" file="valid8/tests/readme/examples/test_example1.py" line="23" name="test_example_1[function_output_builtin--1-ValueError]" time="0.0033752918243408203"><system-out>Error validating output of function [my_function2]. Validation function [and(instance_of_&lt;class &apos;numbers.Integral&apos;&gt;, greater_than_0)] raised AtLeastOneFailed: At least one validation function failed validation for value [-1]. Successes: [&quot;instance_of_&lt;class &apos;numbers.Integral&apos;&gt;&quot;] / Failures: {&apos;greater_than_0&apos;: &apos;TooSmall: x &gt;= 0 does not hold for x=-1. Wrong value: [-1]&apos;}.
</system-out></testcase><testcase classname="valid8.tests.readme.examples.test_example1" file="valid8/tests/readme/examples/test_example1.py" line="23" name="test_example_1[with_validator-0-True]" time="0.0027608871459960938"></testcase><testcase classname="valid8.tests.readme.examples.test_example1" file="valid8/tests/readme/examples/test_example1.py" line="23" name="test_example_1[with_validator-100-True]" time="0.0020051002502441406"></testcase><testcase classname="valid8.tests.readme.examples.test_example1" file="valid8/tests/readme/examples/test_example1.py" line="23" name="test_example_1[with_validator-foo-TypeError]" time="0.0029349327087402344"><system-out>Error validating [x=foo]. HasWrongType: Value should be an instance of &lt;class &apos;numbers.Integral&apos;&gt;. Wrong value: [foo].
</system-out></testcase><testcase classname="valid8.tests.readme.examples.test_example1" file="valid8/tests/readme/examples/test_example1.py" line="23" name="test_example_1[with_validator-1.0-TypeError]" time="0.0028052330017089844"><system-out>Error validating [x=1.0]. HasWrongType: Value should be an instance of &lt;class &apos;numbers.Integral&apos;&gt;. Wrong value: [1.0].
</system-out></testcase><testcase classname="valid8.tests.readme.examples.test_example1" file="valid8/tests/readme/examples/test_example1.py" line="23" name="test_example_1[with_validator--1-ValueError]" time="0.003016233444213867"><system-out>Error validating [x=-1]: validation function [v.alid = x &gt;= 0] returned [False].
</system-out></testcase><testcase classname="valid8.tests.readme.examples.test_example1" file="valid8/tests/readme/examples/test_example1.py" line="23" name="test_example_1[inline_validate-0-True]" time="0.0023126602172851562"></testcase><testcase classname="valid8.tests.readme.examples.test_example1" file="valid8/tests/readme/examples/test_example1.py" line="23" name="test_example_1[inline_validate-100-True]" time="0.0027866363525390625"></testcase><testcase classname="valid8.tests.readme.examples.test_example1" file="valid8/tests/readme/examples/test_example1.py" line="23" name="test_example_1[inline_validate-foo-TypeError]" time="0.003245115280151367"><system-out>Error validating [x=foo]. HasWrongType: Value should be an instance of &lt;class &apos;numbers.Integral&apos;&gt;. Wrong value: [foo].
</system-out></testcase><testcase classname="valid8.tests.readme.examples.test_example1" file="valid8/tests/readme/examples/test_example1.py" line="23" name="test_example_1[inline_validate-1.0-TypeError]" time="0.001819610595703125"><system-out>Error validating [x=1.0]. HasWrongType: Value should be an instance of &lt;class &apos;numbers.Integral&apos;&gt;. Wrong value: [1.0].
</system-out></testcase><testcase classname="valid8.tests.readme.examples.test_example1" file="valid8/tests/readme/examples/test_example1.py" line="23" name="test_example_1[inline_validate--1-ValueError]" time="0.0025587081909179688"><system-out>Error validating [x=-1]. TooSmall: x &gt;= 0 does not hold for x=-1. Wrong value: [-1].
</system-out></testcase><testcase classname="valid8.tests.readme.examples.test_example1" file="valid8/tests/readme/examples/test_example1.py" line="23" name="test_example_1[function_input_mini_lambda-0-True]" time="0.0034551620483398438"></testcase><testcase classname="valid8.tests.readme.examples.test_example1" file="valid8/tests/readme/examples/test_example1.py" line="23" name="test_example_1[function_input_mini_lambda-100-True]" time="0.0033309459686279297"></testcase><testcase classname="valid8.tests.readme.examples.test_example1" file="valid8/tests/readme/examples/test_example1.py" line="23" name="test_example_1[function_input_mini_lambda-foo-TypeError]" time="0.0029430389404296875"><system-out>Error validating input [x=foo] for function [my_function]. Validation function [and(instance_of_&lt;class &apos;numbers.Integral&apos;&gt;, x &gt;= 0)] raised AtLeastOneFailed: At least one validation function failed validation for value [foo]. Successes: [] / Failures: {&quot;instance_of_&lt;class &apos;numbers.Integral&apos;&gt;&quot;: &quot;HasWrongType: Value should be an instance of &lt;class &apos;numbers.Integral&apos;&gt;. Wrong value: [foo]&quot;, &apos;x &gt;= 0&apos;: &apos;TypeError: unorderable types: str() &gt;= int()&apos;}.
</system-out></testcase><testcase classname="valid8.tests.readme.examples.test_example1" file="valid8/tests/readme/examples/test_example1.py" line="23" name="test_example_1[function_input_mini_lambda-1.0-TypeError]" time="0.0031652450561523438"><system-out>Error validating input [x=1.0] for function [my_function]. Validation function [and(instance_of_&lt;class &apos;numbers.Integral&apos;&gt;, x &gt;= 0)] raised AtLeastOneFailed: At least one validation function failed validation for value [1.0]. Successes: [&apos;x &gt;= 0&apos;] / Failures: {&quot;instance_of_&lt;class &apos;numbers.Integral&apos;&gt;&quot;: &quot;HasWrongType: Value should be an instance of &lt;class &apos;numbers.Integral&apos;&gt;. Wrong value: [1.0]&quot;}.
</system-out></testcase><testcase classname="valid8.tests.readme.examples.test_example1" file="valid8/tests/readme/examples/test_example1.py" line="23" name="test_example_1[function_input_mini_lambda--1-ValueError]" time="0.0036475658416748047"><system-out>Error validating input [x=-1] for function [my_function]. Validation function [and(instance_of_&lt;class &apos;numbers.Integral&apos;&gt;, x &gt;= 0)] raised AtLeastOneFailed: At least one validation function failed validation for value [-1]. Successes: [&quot;instance_of_&lt;class &apos;numbers.Integral&apos;&gt;&quot;] / Failures: {&apos;x &gt;= 0&apos;: &apos;False&apos;}.
</system-out></testcase><testcase classname="valid8.tests.readme.examples.test_example1" file="valid8/tests/readme/examples/test_example1.py" line="23" name="test_example_1[function_io_builtin-0-True]" time="0.003073453903198242"></testcase><testcase classname="valid8.tests.readme.examples.test_example1" file="valid8/tests/readme/examples/test_example1.py" line="23" name="test_example_1[function_io_builtin-100-True]" time="0.0038177967071533203"></testcase><testcase classname="valid8.tests.readme.examples.test_example1" file="valid8/tests/readme/examples/test_example1.py" line="23" name="test_example_1[function_io_builtin-foo-TypeError]" time="0.003604888916015625"><system-out>Error validating input [x=foo] for function [my_function3]. Validation function [and(instance_of_&lt;class &apos;numbers.Integral&apos;&gt;, greater_than_0)] raised AtLeastOneFailed: At least one validation function failed validation for value [foo]. Successes: [] / Failures: {&quot;instance_of_&lt;class &apos;numbers.Integral&apos;&gt;&quot;: &quot;HasWrongType: Value should be an instance of &lt;class &apos;numbers.Integral&apos;&gt;. Wrong value: [foo]&quot;, &apos;greater_than_0&apos;: &apos;TypeError: unorderable types: str() &gt;= int()&apos;}.
</system-out></testcase><testcase classname="valid8.tests.readme.examples.test_example1" file="valid8/tests/readme/examples/test_example1.py" line="23" name="test_example_1[function_io_builtin-1.0-TypeError]" time="0.0042629241943359375"><system-out>Error validating input [x=1.0] for function [my_function3]. Validation function [and(instance_of_&lt;class &apos;numbers.Integral&apos;&gt;, greater_than_0)] raised AtLeastOneFailed: At least one validation function failed validation for value [1.0]. Successes: [&apos;greater_than_0&apos;] / Failures: {&quot;instance_of_&lt;class &apos;numbers.Integral&apos;&gt;&quot;: &quot;HasWrongType: Value should be an instance of &lt;class &apos;numbers.Integral&apos;&gt;. Wrong value: [1.0]&quot;}.
</system-out></testcase><testcase classname="valid8.tests.readme.examples.test_example1" file="valid8/tests/readme/examples/test_example1.py" line="23" name="test_example_1[function_io_builtin--1-ValueError]" time="0.0028710365295410156"><system-out>Error validating input [x=-1] for function [my_function3]. Validation function [and(instance_of_&lt;class &apos;numbers.Integral&apos;&gt;, greater_than_0)] raised AtLeastOneFailed: At least one validation function failed validation for value [-1]. Successes: [&quot;instance_of_&lt;class &apos;numbers.Integral&apos;&gt;&quot;] / Failures: {&apos;greater_than_0&apos;: &apos;TooSmall: x &gt;= 0 does not hold for x=-1. Wrong value: [-1]&apos;}.
</system-out></testcase><testcase classname="valid8.tests.readme.examples.test_example1" file="valid8/tests/readme/examples/test_example1.py" line="23" name="test_example_1[class_field_mini_lambda-0-True]" time="0.0024874210357666016"></testcase><testcase classname="valid8.tests.readme.examples.test_example1" file="valid8/tests/readme/examples/test_example1.py" line="23" name="test_example_1[class_field_mini_lambda-100-True]" time="0.002240419387817383"></testcase><testcase classname="valid8.tests.readme.examples.test_example1" file="valid8/tests/readme/examples/test_example1.py" line="23" name="test_example_1[class_field_mini_lambda-foo-TypeError]" time="0.0035500526428222656"><system-out>Error validating field [x=foo] for class [Foo]. Validation function [and(instance_of_&lt;class &apos;numbers.Integral&apos;&gt;, x &gt;= 0)] raised AtLeastOneFailed: At least one validation function failed validation for value [foo]. Successes: [] / Failures: {&quot;instance_of_&lt;class &apos;numbers.Integral&apos;&gt;&quot;: &quot;HasWrongType: Value should be an instance of &lt;class &apos;numbers.Integral&apos;&gt;. Wrong value: [foo]&quot;, &apos;x &gt;= 0&apos;: &apos;TypeError: unorderable types: str() &gt;= int()&apos;}.
</system-out></testcase><testcase classname="valid8.tests.readme.examples.test_example1" file="valid8/tests/readme/examples/test_example1.py" line="23" name="test_example_1[class_field_mini_lambda-1.0-TypeError]" time="0.0037724971771240234"><system-out>Error validating field [x=1.0] for class [Foo]. Validation function [and(instance_of_&lt;class &apos;numbers.Integral&apos;&gt;, x &gt;= 0)] raised AtLeastOneFailed: At least one validation function failed validation for value [1.0]. Successes: [&apos;x &gt;= 0&apos;] / Failures: {&quot;instance_of_&lt;class &apos;numbers.Integral&apos;&gt;&quot;: &quot;HasWrongType: Value should be an instance of &lt;class &apos;numbers.Integral&apos;&gt;. Wrong value: [1.0]&quot;}.
</system-out></testcase><testcase classname="valid8.tests.readme.examples.test_example1" file="valid8/tests/readme/examples/test_example1.py" line="23" name="test_example_1[class_field_mini_lambda--1-ValueError]" time="0.0038475990295410156"><system-out>Error validating field [x=-1] for class [Foo]. Validation function [and(instance_of_&lt;class &apos;numbers.Integral&apos;&gt;, x &gt;= 0)] raised AtLeastOneFailed: At least one validation function failed validation for value [-1]. Successes: [&quot;instance_of_&lt;class &apos;numbers.Integral&apos;&gt;&quot;] / Failures: {&apos;x &gt;= 0&apos;: &apos;False&apos;}.
</system-out></testcase><testcase classname="valid8.tests.readme.examples.test_example1" file="valid8/tests/readme/examples/test_example1.py" line="23" name="test_example_1[function_output_mini_lambda-0-True]" time="0.003119230270385742"></testcase><testcase classname="valid8.tests.readme.examples.test_example1" file="valid8/tests/readme/examples/test_example1.py" line="23" name="test_example_1[function_output_mini_lambda-100-True]" time="0.002155303955078125"></testcase><testcase classname="valid8.tests.readme.examples.test_example1" file="valid8/tests/readme/examples/test_example1.py" line="23" name="test_example_1[function_output_mini_lambda-foo-TypeError]" time="0.003683805465698242"><system-out>Error validating output of function [my_function2]. Validation function [and(instance_of_&lt;class &apos;numbers.Integral&apos;&gt;, x &gt;= 0)] raised AtLeastOneFailed: At least one validation function failed validation for value [foo]. Successes: [] / Failures: {&quot;instance_of_&lt;class &apos;numbers.Integral&apos;&gt;&quot;: &quot;HasWrongType: Value should be an instance of &lt;class &apos;numbers.Integral&apos;&gt;. Wrong value: [foo]&quot;, &apos;x &gt;= 0&apos;: &apos;TypeError: unorderable types: str() &gt;= int()&apos;}.
</system-out></testcase><testcase classname="valid8.tests.readme.examples.test_example1" file="valid8/tests/readme/examples/test_example1.py" line="23" name="test_example_1[function_output_mini_lambda-1.0-TypeError]" time="0.003910541534423828"><system-out>Error validating output of function [my_function2]. Validation function [and(instance_of_&lt;class &apos;numbers.Integral&apos;&gt;, x &gt;= 0)] raised AtLeastOneFailed: At least one validation function failed validation for value [1.0]. Successes: [&apos;x &gt;= 0&apos;] / Failures: {&quot;instance_of_&lt;class &apos;numbers.Integral&apos;&gt;&quot;: &quot;HasWrongType: Value should be an instance of &lt;class &apos;numbers.Integral&apos;&gt;. Wrong value: [1.0]&quot;}.
</system-out></testcase><testcase classname="valid8.tests.readme.examples.test_example1" file="valid8/tests/readme/examples/test_example1.py" line="23" name="test_example_1[function_output_mini_lambda--1-ValueError]" time="0.004052639007568359"><system-out>Error validating output of function [my_function2]. Validation function [and(instance_of_&lt;class &apos;numbers.Integral&apos;&gt;, x &gt;= 0)] raised AtLeastOneFailed: At least one validation function failed validation for value [-1]. Successes: [&quot;instance_of_&lt;class &apos;numbers.Integral&apos;&gt;&quot;] / Failures: {&apos;x &gt;= 0&apos;: &apos;False&apos;}.
</system-out></testcase><testcase classname="valid8.tests.readme.examples.test_example2" file="valid8/tests/readme/examples/test_example2.py" line="25" name="test_example_2[function_input_mini_lambda-foo-True]" time="0.0022890567779541016"></testcase><testcase classname="valid8.tests.readme.examples.test_example2" file="valid8/tests/readme/examples/test_example2.py" line="25" name="test_example_2[function_input_mini_lambda-foo_123-True]" time="0.0024085044860839844"></testcase><testcase classname="valid8.tests.readme.examples.test_example2" file="valid8/tests/readme/examples/test_example2.py" line="25" name="test_example_2[function_input_mini_lambda-1.1-TypeError]" time="0.003978252410888672"><system-out>Error validating input [s=1.1] for function [my_function]. Validation function [and(instance_of_&lt;class &apos;str&apos;&gt;, len(s) &gt; 0, s.islower())] raised AtLeastOneFailed: At least one validation function failed validation for value [1.1]. Successes: [] / Failures: {&quot;instance_of_&lt;class &apos;str&apos;&gt;&quot;: &quot;HasWrongType: Value should be an instance of &lt;class &apos;str&apos;&gt;. Wrong value: [1.1]&quot;, &apos;len(s) &gt; 0&apos;: &quot;TypeError: object of type &apos;float&apos; has no len()&quot;, &apos;s.islower()&apos;: &quot;AttributeError: &apos;float&apos; object has no attribute &apos;islower&apos;&quot;}.
</system-out></testcase><testcase classname="valid8.tests.readme.examples.test_example2" file="valid8/tests/readme/examples/test_example2.py" line="25" name="test_example_2[function_input_mini_lambda--ValueError]" time="0.004021644592285156"><system-out>Error validating input [s=&apos;&apos;] for function [my_function]. Validation function [and(instance_of_&lt;class &apos;str&apos;&gt;, len(s) &gt; 0, s.islower())] raised AtLeastOneFailed: At least one validation function failed validation for value []. Successes: [&quot;instance_of_&lt;class &apos;str&apos;&gt;&quot;] / Failures: {&apos;len(s) &gt; 0&apos;: &apos;False&apos;, &apos;s.islower()&apos;: &apos;False&apos;}.
</system-out></testcase><testcase classname="valid8.tests.readme.examples.test_example2" file="valid8/tests/readme/examples/test_example2.py" line="25" name="test_example_2[function_input_mini_lambda-fOO-ValueError]" time="0.0037119388580322266"><system-out>Error validating input [s=fOO] for function [my_function]. Validation function [and(instance_of_&lt;class &apos;str&apos;&gt;, len(s) &gt; 0, s.islower())] raised AtLeastOneFailed: At least one validation function failed validation for value [fOO]. Successes: [&quot;instance_of_&lt;class &apos;str&apos;&gt;&quot;, &apos;len(s) &gt; 0&apos;] / Failures: {&apos;s.islower()&apos;: &apos;False&apos;}.
</system-out></testcase><testcase classname="valid8.tests.readme.examples.test_example2" file="valid8/tests/readme/examples/test_example2.py" line="25" name="test_example_2[inline_validate_1-foo-True]" time="0.0024895668029785156"></testcase><testcase classname="valid8.tests.readme.examples.test_example2" file="valid8/tests/readme/examples/test_example2.py" line="25" name="test_example_2[inline_validate_1-foo_123-True]" time="0.00130462646484375"></testcase><testcase classname="valid8.tests.readme.examples.test_example2" file="valid8/tests/readme/examples/test_example2.py" line="25" name="test_example_2[inline_validate_1-1.1-TypeError]" time="0.002192974090576172"><system-out>Error validating [s=1.1]. HasWrongType: Value should be an instance of &lt;class &apos;str&apos;&gt;. Wrong value: [1.1].
</system-out></testcase><testcase classname="valid8.tests.readme.examples.test_example2" file="valid8/tests/readme/examples/test_example2.py" line="25" name="test_example_2[inline_validate_1--ValueError]" time="0.0040471553802490234"><system-out>Error validating [s=&apos;&apos;]. TooShort: len(x) &gt;= 1 does not hold for x=. Wrong value: [].
</system-out></testcase><testcase classname="valid8.tests.readme.examples.test_example2" file="valid8/tests/readme/examples/test_example2.py" line="25" name="test_example_2[inline_validate_1-fOO-ValueError]" time="0.003069162368774414"><system-out>Error validating [s=fOO]. NotEqual: x == foo does not hold for x=fOO. Wrong value: [fOO].
</system-out></testcase><testcase classname="valid8.tests.readme.examples.test_example2" file="valid8/tests/readme/examples/test_example2.py" line="25" name="test_example_2[function_input_builtin_stdlib-foo-True]" time="0.003852367401123047"></testcase><testcase classname="valid8.tests.readme.examples.test_example2" file="valid8/tests/readme/examples/test_example2.py" line="25" name="test_example_2[function_input_builtin_stdlib-foo_123-True]" time="0.0035657882690429688"></testcase><testcase classname="valid8.tests.readme.examples.test_example2" file="valid8/tests/readme/examples/test_example2.py" line="25" name="test_example_2[function_input_builtin_stdlib-1.1-TypeError]" time="0.002649068832397461"><system-out>Error validating input [s=1.1] for function [my_function]. Validation function [and(instance_of_&lt;class &apos;str&apos;&gt;, length_greater_than_1, islower)] raised AtLeastOneFailed: At least one validation function failed validation for value [1.1]. Successes: [] / Failures: {&quot;instance_of_&lt;class &apos;str&apos;&gt;&quot;: &quot;HasWrongType: Value should be an instance of &lt;class &apos;str&apos;&gt;. Wrong value: [1.1]&quot;, &apos;length_greater_than_1&apos;: &quot;TypeError: object of type &apos;float&apos; has no len()&quot;, &apos;islower&apos;: &quot;TypeError: descriptor &apos;islower&apos; requires a &apos;str&apos; object but received a &apos;float&apos;&quot;}.
</system-out></testcase><testcase classname="valid8.tests.readme.examples.test_example2" file="valid8/tests/readme/examples/test_example2.py" line="25" name="test_example_2[function_input_builtin_stdlib--ValueError]" time="0.0050547122955322266"><system-out>Error validating input [s=&apos;&apos;] for function [my_function]. Validation function [and(instance_of_&lt;class &apos;str&apos;&gt;, length_greater_than_1, islower)] raised AtLeastOneFailed: At least one validation function failed validation for value []. Successes: [&quot;instance_of_&lt;class &apos;str&apos;&gt;&quot;] / Failures: {&apos;length_greater_than_1&apos;: &apos;TooShort: len(x) &gt;= 1 does not hold for x=. Wrong value: []&apos;, &apos;islower&apos;: &apos;False&apos;}.
</system-out></testcase><testcase classname="valid8.tests.readme.examples.test_example2" file="valid8/tests/readme/examples/test_example2.py" line="25" name="test_example_2[function_input_builtin_stdlib-fOO-ValueError]" time="0.0039441585540771484"><system-out>Error validating input [s=fOO] for function [my_function]. Validation function [and(instance_of_&lt;class &apos;str&apos;&gt;, length_greater_than_1, islower)] raised AtLeastOneFailed: At least one validation function failed validation for value [fOO]. Successes: [&quot;instance_of_&lt;class &apos;str&apos;&gt;&quot;, &apos;length_greater_than_1&apos;] / Failures: {&apos;islower&apos;: &apos;False&apos;}.
</system-out></testcase><testcase classname="valid8.tests.readme.examples.test_example2" file="valid8/tests/readme/examples/test_example2.py" line="25" name="test_example_2[with_validator-foo-True]" time="0.00260162353515625"></testcase><testcase classname="valid8.tests.readme.examples.test_example2" file="valid8/tests/readme/examples/test_example2.py" line="25" name="test_example_2[with_validator-foo_123-True]" time="0.0025548934936523438"></testcase><testcase classname="valid8.tests.readme.examples.test_example2" file="valid8/tests/readme/examples/test_example2.py" line="25" name="test_example_2[with_validator-1.1-TypeError]" time="0.0020914077758789062"><system-out>Error validating [s=1.1]. HasWrongType: Value should be an instance of &lt;class &apos;str&apos;&gt;. Wrong value: [1.1].
</system-out></testcase><testcase classname="valid8.tests.readme.examples.test_example2" file="valid8/tests/readme/examples/test_example2.py" line="25" name="test_example_2[with_validator--ValueError]" time="0.0030596256256103516"><system-out>Error validating [s=&apos;&apos;]: validation function [v.alid = (len(s) &gt; 0) and s.islower()] returned [False].
</system-out></testcase><testcase classname="valid8.tests.readme.examples.test_example2" file="valid8/tests/readme/examples/test_example2.py" line="25" name="test_example_2[with_validator-fOO-ValueError]" time="0.0034852027893066406"><system-out>Error validating [s=fOO]: validation function [v.alid = (len(s) &gt; 0) and s.islower()] returned [False].
</system-out></testcase><testcase classname="valid8.tests.readme.examples.test_example2" file="valid8/tests/readme/examples/test_example2.py" line="25" name="test_example_2[class_field_mini_lambda-foo-True]" time="0.0023643970489501953"></testcase><testcase classname="valid8.tests.readme.examples.test_example2" file="valid8/tests/readme/examples/test_example2.py" line="25" name="test_example_2[class_field_mini_lambda-foo_123-True]" time="0.0023963451385498047"></testcase><testcase classname="valid8.tests.readme.examples.test_example2" file="valid8/tests/readme/examples/test_example2.py" line="25" name="test_example_2[class_field_mini_lambda-1.1-TypeError]" time="0.0028820037841796875"><system-out>Error validating field [s=1.1] for class [Foo]. Validation function [and(instance_of_&lt;class &apos;str&apos;&gt;, len(s) &gt; 0, s.islower())] raised AtLeastOneFailed: At least one validation function failed validation for value [1.1]. Successes: [] / Failures: {&quot;instance_of_&lt;class &apos;str&apos;&gt;&quot;: &quot;HasWrongType: Value should be an instance of &lt;class &apos;str&apos;&gt;. Wrong value: [1.1]&quot;, &apos;len(s) &gt; 0&apos;: &quot;TypeError: object of type &apos;float&apos; has no len()&quot;, &apos;s.islower()&apos;: &quot;AttributeError: &apos;float&apos; object has no attribute &apos;islower&apos;&quot;}.
</system-out></testcase><testcase classname="valid8.tests.readme.examples.test_example2" file="valid8/tests/readme/examples/test_example2.py" line="25" name="test_example_2[class_field_mini_lambda--ValueError]" time="0.004860401153564453"><system-out>Error validating field [s=] for class [Foo]. Validation function [and(instance_of_&lt;class &apos;str&apos;&gt;, len(s) &gt; 0, s.islower())] raised AtLeastOneFailed: At least one validation function failed validation for value []. Successes: [&quot;instance_of_&lt;class &apos;str&apos;&gt;&quot;] / Failures: {&apos;len(s) &gt; 0&apos;: &apos;False&apos;, &apos;s.islower()&apos;: &apos;False&apos;}.
</system-out></testcase><testcase classname="valid8.tests.readme.examples.test_example2" file="valid8/tests/readme/examples/test_example2.py" line="25" name="test_example_2[class_field_mini_lambda-fOO-ValueError]" time="0.0038754940032958984"><system-out>Error validating field [s=fOO] for class [Foo]. Validation function [and(instance_of_&lt;class &apos;str&apos;&gt;, len(s) &gt; 0, s.islower())] raised AtLeastOneFailed: At least one validation function failed validation for value [fOO]. Successes: [&quot;instance_of_&lt;class &apos;str&apos;&gt;&quot;, &apos;len(s) &gt; 0&apos;] / Failures: {&apos;s.islower()&apos;: &apos;False&apos;}.
</system-out></testcase><testcase classname="valid8.tests.readme.examples.test_example2" file="valid8/tests/readme/examples/test_example2.py" line="25" name="test_example_2[inline_validate_3-foo-True]" time="0.0024530887603759766"></testcase><testcase classname="valid8.tests.readme.examples.test_example2" file="valid8/tests/readme/examples/test_example2.py" line="25" name="test_example_2[inline_validate_3-foo_123-True]" time="0.0025949478149414062"></testcase><testcase classname="valid8.tests.readme.examples.test_example2" file="valid8/tests/readme/examples/test_example2.py" line="25" name="test_example_2[inline_validate_3-1.1-TypeError]" time="0.001739501953125"><system-out>Error validating [s=1.1]. HasWrongType: Value should be an instance of &lt;class &apos;str&apos;&gt;. Wrong value: [1.1].
</system-out></testcase><testcase classname="valid8.tests.readme.examples.test_example2" file="valid8/tests/readme/examples/test_example2.py" line="25" name="test_example_2[inline_validate_3--ValueError]" time="0.0014417171478271484"><system-out>Error validating [s=&apos;&apos;]. TooShort: len(x) &gt;= 1 does not hold for x=. Wrong value: [].
</system-out></testcase><testcase classname="valid8.tests.readme.examples.test_example2" file="valid8/tests/readme/examples/test_example2.py" line="25" name="test_example_2[inline_validate_3-fOO-ValueError]" time="0.0044345855712890625"><system-out>Error validating [s=fOO]: validation function [txt.islower()] returned [False].
</system-out></testcase><testcase classname="valid8.tests.readme.examples.test_example2" file="valid8/tests/readme/examples/test_example2.py" line="25" name="test_example_2[class_field_builtin_stdlib-foo-True]" time="0.004666805267333984"></testcase><testcase classname="valid8.tests.readme.examples.test_example2" file="valid8/tests/readme/examples/test_example2.py" line="25" name="test_example_2[class_field_builtin_stdlib-foo_123-True]" time="0.0034537315368652344"></testcase><testcase classname="valid8.tests.readme.examples.test_example2" file="valid8/tests/readme/examples/test_example2.py" line="25" name="test_example_2[class_field_builtin_stdlib-1.1-TypeError]" time="0.005988359451293945"><system-out>Error validating field [s=1.1] for class [Foo]. Validation function [and(instance_of_&lt;class &apos;str&apos;&gt;, length_greater_than_1, islower)] raised AtLeastOneFailed: At least one validation function failed validation for value [1.1]. Successes: [] / Failures: {&quot;instance_of_&lt;class &apos;str&apos;&gt;&quot;: &quot;HasWrongType: Value should be an instance of &lt;class &apos;str&apos;&gt;. Wrong value: [1.1]&quot;, &apos;length_greater_than_1&apos;: &quot;TypeError: object of type &apos;float&apos; has no len()&quot;, &apos;islower&apos;: &quot;TypeError: descriptor &apos;islower&apos; requires a &apos;str&apos; object but received a &apos;float&apos;&quot;}.
</system-out></testcase><testcase classname="valid8.tests.readme.examples.test_example2" file="valid8/tests/readme/examples/test_example2.py" line="25" name="test_example_2[class_field_builtin_stdlib--ValueError]" time="0.004899263381958008"><system-out>Error validating field [s=] for class [Foo]. Validation function [and(instance_of_&lt;class &apos;str&apos;&gt;, length_greater_than_1, islower)] raised AtLeastOneFailed: At least one validation function failed validation for value []. Successes: [&quot;instance_of_&lt;class &apos;str&apos;&gt;&quot;] / Failures: {&apos;length_greater_than_1&apos;: &apos;TooShort: len(x) &gt;= 1 does not hold for x=. Wrong value: []&apos;, &apos;islower&apos;: &apos;False&apos;}.
</system-out></testcase><testcase classname="valid8.tests.readme.examples.test_example2" file="valid8/tests/readme/examples/test_example2.py" line="25" name="test_example_2[class_field_builtin_stdlib-fOO-ValueError]" time="0.004324436187744141"><system-out>Error validating field [s=fOO] for class [Foo]. Validation function [and(instance_of_&lt;class &apos;str&apos;&gt;, length_greater_than_1, islower)] raised AtLeastOneFailed: At least one validation function failed validation for value [fOO]. Successes: [&quot;instance_of_&lt;class &apos;str&apos;&gt;&quot;, &apos;length_greater_than_1&apos;] / Failures: {&apos;islower&apos;: &apos;False&apos;}.
</system-out></testcase><testcase classname="valid8.tests.readme.examples.test_example2" file="valid8/tests/readme/examples/test_example2.py" line="25" name="test_example_2[inline_validate_2-foo-True]" time="0.0033905506134033203"></testcase><testcase classname="valid8.tests.readme.examples.test_example2" file="valid8/tests/readme/examples/test_example2.py" line="25" name="test_example_2[inline_validate_2-foo_123-True]" time="0.0023932456970214844"></testcase><testcase classname="valid8.tests.readme.examples.test_example2" file="valid8/tests/readme/examples/test_example2.py" line="25" name="test_example_2[inline_validate_2-1.1-TypeError]" time="0.0035245418548583984"><system-out>Error validating [s=1.1]. HasWrongType: Value should be an instance of &lt;class &apos;str&apos;&gt;. Wrong value: [1.1].
</system-out></testcase><testcase classname="valid8.tests.readme.examples.test_example2" file="valid8/tests/readme/examples/test_example2.py" line="25" name="test_example_2[inline_validate_2--ValueError]" time="0.002752542495727539"><system-out>Error validating [s=&apos;&apos;]. TooShort: len(x) &gt;= 1 does not hold for x=. Wrong value: [].
</system-out></testcase><testcase classname="valid8.tests.readme.examples.test_example2" file="valid8/tests/readme/examples/test_example2.py" line="25" name="test_example_2[inline_validate_2-fOO-ValueError]" time="0.004563093185424805"><system-out>Error validating [s=fOO]: validation function [islower] returned [False].
</system-out></testcase><testcase classname="valid8.tests.readme.examples.test_example2" file="valid8/tests/readme/examples/test_example2.py" line="46" name="test_example_2_regexp[foo@bar.com-True]" time="0.0028374195098876953"></testcase><testcase classname="valid8.tests.readme.examples.test_example2" file="valid8/tests/readme/examples/test_example2.py" line="46" name="test_example_2_regexp[a@a@s-ValueError]" time="0.0025196075439453125"><system-out>Error validating [s=a@a@s]: validation function [&lt;lambda&gt;] returned [False].
</system-out></testcase><testcase classname="valid8.tests.readme.examples.test_example3" file="valid8/tests/readme/examples/test_example3.py" line="49" name="test_example_3[inline_validate_custom_ex3_is_valid_tuple_pep-(0.2, &apos;foo&apos;)-True]" time="0.006379604339599609"><system-out>calling function inline_validate_custom with custom func ex3_is_valid_tuple_pep
</system-out></testcase><testcase classname="valid8.tests.readme.examples.test_example3" file="valid8/tests/readme/examples/test_example3.py" line="49" name="test_example_3[inline_validate_custom_ex3_is_valid_tuple_pep-(1.0, &apos;abc&apos;)-True]" time="0.005917549133300781"><system-out>calling function inline_validate_custom with custom func ex3_is_valid_tuple_pep
</system-out></testcase><testcase classname="valid8.tests.readme.examples.test_example3" file="valid8/tests/readme/examples/test_example3.py" line="49" name="test_example_3[inline_validate_custom_ex3_is_valid_tuple_pep-(0, &apos;foo&apos;)-True]" time="0.004523515701293945"><system-out>calling function inline_validate_custom with custom func ex3_is_valid_tuple_pep
</system-out></testcase><testcase classname="valid8.tests.readme.examples.test_example3" file="valid8/tests/readme/examples/test_example3.py" line="49" name="test_example_3[inline_validate_custom_ex3_is_valid_tuple_pep-1.1-&lt;class &apos;TypeError&apos;&gt;]" time="0.006883144378662109"><system-out>calling function inline_validate_custom with custom func ex3_is_valid_tuple_pep
Error validating [t=1.1]. Validation function [ex3_is_valid_tuple_pep] raised InputTypeError: 
  valid8.tests.readme.examples._tests_pep484.ex3_is_valid_tuple_pep
  called with incompatible types:
Expected: Tuple[Tuple[Real, str]]
Received: Tuple[float].
</system-out></testcase><testcase classname="valid8.tests.readme.examples.test_example3" file="valid8/tests/readme/examples/test_example3.py" line="49" name="test_example_3[inline_validate_custom_ex3_is_valid_tuple_pep-(0.2, &apos;foo&apos;, True)-&lt;class &apos;ValueError&apos;&gt;]" time="0.0077550411224365234"><system-out>calling function inline_validate_custom with custom func ex3_is_valid_tuple_pep
Error validating [t=(0.2, &apos;foo&apos;, True)]. Validation function [ex3_is_valid_tuple_pep] raised InputTypeError: 
  valid8.tests.readme.examples._tests_pep484.ex3_is_valid_tuple_pep
  called with incompatible types:
Expected: Tuple[Tuple[Real, str]]
Received: Tuple[Tuple[float, str, bool]].
</system-out></testcase><testcase classname="valid8.tests.readme.examples.test_example3" file="valid8/tests/readme/examples/test_example3.py" line="49" name="test_example_3[inline_validate_custom_ex3_is_valid_tuple_pep-(&apos;1.0&apos;, &apos;foo&apos;)-&lt;class &apos;TypeError&apos;&gt;]" time="0.006882429122924805"><system-out>calling function inline_validate_custom with custom func ex3_is_valid_tuple_pep
Error validating [t=(&apos;1.0&apos;, &apos;foo&apos;)]. Validation function [ex3_is_valid_tuple_pep] raised InputTypeError: 
  valid8.tests.readme.examples._tests_pep484.ex3_is_valid_tuple_pep
  called with incompatible types:
Expected: Tuple[Tuple[Real, str]]
Received: Tuple[Tuple[str, str]].
</system-out></testcase><testcase classname="valid8.tests.readme.examples.test_example3" file="valid8/tests/readme/examples/test_example3.py" line="49" name="test_example_3[inline_validate_custom_ex3_is_valid_tuple_pep-(1.1, &apos;foo&apos;)-&lt;class &apos;ValueError&apos;&gt;]" time="0.0058078765869140625"><system-out>calling function inline_validate_custom with custom func ex3_is_valid_tuple_pep
Error validating [t=(1.1, &apos;foo&apos;)]: validation function [ex3_is_valid_tuple_pep] returned [False].
</system-out></testcase><testcase classname="valid8.tests.readme.examples.test_example3" file="valid8/tests/readme/examples/test_example3.py" line="49" name="test_example_3[inline_validate_custom_ex3_is_valid_tuple_pep-(1.0, False)-&lt;class &apos;TypeError&apos;&gt;]" time="0.006552457809448242"><system-out>calling function inline_validate_custom with custom func ex3_is_valid_tuple_pep
Error validating [t=(1.0, False)]. Validation function [ex3_is_valid_tuple_pep] raised InputTypeError: 
  valid8.tests.readme.examples._tests_pep484.ex3_is_valid_tuple_pep
  called with incompatible types:
Expected: Tuple[Tuple[Real, str]]
Received: Tuple[Tuple[float, bool]].
</system-out></testcase><testcase classname="valid8.tests.readme.examples.test_example3" file="valid8/tests/readme/examples/test_example3.py" line="49" name="test_example_3[inline_validate_custom_ex3_is_valid_tuple_pep-(0.5, &apos;a&apos;)-&lt;class &apos;ValueError&apos;&gt;]" time="0.006331443786621094"><system-out>calling function inline_validate_custom with custom func ex3_is_valid_tuple_pep
Error validating [t=(0.5, &apos;a&apos;)]: validation function [ex3_is_valid_tuple_pep] returned [False].
</system-out></testcase><testcase classname="valid8.tests.readme.examples.test_example3" file="valid8/tests/readme/examples/test_example3.py" line="49" name="test_example_3[inline_validate_custom_ex3_is_valid_tuple_pep-(0.5, &apos;AAA&apos;)-&lt;class &apos;ValueError&apos;&gt;]" time="0.005838632583618164"><system-out>calling function inline_validate_custom with custom func ex3_is_valid_tuple_pep
Error validating [t=(0.5, &apos;AAA&apos;)]: validation function [ex3_is_valid_tuple_pep] returned [False].
</system-out></testcase><testcase classname="valid8.tests.readme.examples.test_example3" file="valid8/tests/readme/examples/test_example3.py" line="49" name="test_example_3[inline_validate_custom_is_valid_tuple-(0.2, &apos;foo&apos;)-True]" time="0.0022077560424804688"><system-out>calling function inline_validate_custom with custom func is_valid_tuple
</system-out></testcase><testcase classname="valid8.tests.readme.examples.test_example3" file="valid8/tests/readme/examples/test_example3.py" line="49" name="test_example_3[inline_validate_custom_is_valid_tuple-(1.0, &apos;abc&apos;)-True]" time="0.002618074417114258"><system-out>calling function inline_validate_custom with custom func is_valid_tuple
</system-out></testcase><testcase classname="valid8.tests.readme.examples.test_example3" file="valid8/tests/readme/examples/test_example3.py" line="49" name="test_example_3[inline_validate_custom_is_valid_tuple-(0, &apos;foo&apos;)-True]" time="0.0028772354125976562"><system-out>calling function inline_validate_custom with custom func is_valid_tuple
</system-out></testcase><testcase classname="valid8.tests.readme.examples.test_example3" file="valid8/tests/readme/examples/test_example3.py" line="49" name="test_example_3[inline_validate_custom_is_valid_tuple-1.1-&lt;class &apos;TypeError&apos;&gt;]" time="0.0036580562591552734"><system-out>calling function inline_validate_custom with custom func is_valid_tuple
Error validating [t=1.1]. Validation function [is_valid_tuple] raised HasWrongType: Value should be an instance of &lt;class &apos;tuple&apos;&gt;. Wrong value: [1.1].
</system-out></testcase><testcase classname="valid8.tests.readme.examples.test_example3" file="valid8/tests/readme/examples/test_example3.py" line="49" name="test_example_3[inline_validate_custom_is_valid_tuple-(0.2, &apos;foo&apos;, True)-&lt;class &apos;ValueError&apos;&gt;]" time="0.00258636474609375"><system-out>calling function inline_validate_custom with custom func is_valid_tuple
Error validating [t=(0.2, &apos;foo&apos;, True)]: validation function [is_valid_tuple] returned [False].
</system-out></testcase><testcase classname="valid8.tests.readme.examples.test_example3" file="valid8/tests/readme/examples/test_example3.py" line="49" name="test_example_3[inline_validate_custom_is_valid_tuple-(&apos;1.0&apos;, &apos;foo&apos;)-&lt;class &apos;TypeError&apos;&gt;]" time="0.0028066635131835938"><system-out>calling function inline_validate_custom with custom func is_valid_tuple
Error validating [t=(&apos;1.0&apos;, &apos;foo&apos;)]. Validation function [is_valid_tuple] raised HasWrongType: Value should be an instance of &lt;class &apos;numbers.Real&apos;&gt;. Wrong value: [1.0].
</system-out></testcase><testcase classname="valid8.tests.readme.examples.test_example3" file="valid8/tests/readme/examples/test_example3.py" line="49" name="test_example_3[inline_validate_custom_is_valid_tuple-(1.1, &apos;foo&apos;)-&lt;class &apos;ValueError&apos;&gt;]" time="0.00336456298828125"><system-out>calling function inline_validate_custom with custom func is_valid_tuple
Error validating [t=(1.1, &apos;foo&apos;)]: validation function [is_valid_tuple] returned [False].
</system-out></testcase><testcase classname="valid8.tests.readme.examples.test_example3" file="valid8/tests/readme/examples/test_example3.py" line="49" name="test_example_3[inline_validate_custom_is_valid_tuple-(1.0, False)-&lt;class &apos;TypeError&apos;&gt;]" time="0.0026628971099853516"><system-out>calling function inline_validate_custom with custom func is_valid_tuple
Error validating [t=(1.0, False)]. Validation function [is_valid_tuple] raised HasWrongType: Value should be an instance of &lt;class &apos;str&apos;&gt;. Wrong value: [False].
</system-out></testcase><testcase classname="valid8.tests.readme.examples.test_example3" file="valid8/tests/readme/examples/test_example3.py" line="49" name="test_example_3[inline_validate_custom_is_valid_tuple-(0.5, &apos;a&apos;)-&lt;class &apos;ValueError&apos;&gt;]" time="0.0034160614013671875"><system-out>calling function inline_validate_custom with custom func is_valid_tuple
Error validating [t=(0.5, &apos;a&apos;)]: validation function [is_valid_tuple] returned [False].
</system-out></testcase><testcase classname="valid8.tests.readme.examples.test_example3" file="valid8/tests/readme/examples/test_example3.py" line="49" name="test_example_3[inline_validate_custom_is_valid_tuple-(0.5, &apos;AAA&apos;)-&lt;class &apos;ValueError&apos;&gt;]" time="0.0023620128631591797"><system-out>calling function inline_validate_custom with custom func is_valid_tuple
Error validating [t=(0.5, &apos;AAA&apos;)]: validation function [is_valid_tuple] returned [False].
</system-out></testcase><testcase classname="valid8.tests.readme.examples.test_example3" file="valid8/tests/readme/examples/test_example3.py" line="49" name="test_example_3[inline_validate_custom_ex3_check_valid_tuple_pep-(0.2, &apos;foo&apos;)-True]" time="0.0063915252685546875"><system-out>calling function inline_validate_custom with custom func ex3_check_valid_tuple_pep
</system-out></testcase><testcase classname="valid8.tests.readme.examples.test_example3" file="valid8/tests/readme/examples/test_example3.py" line="49" name="test_example_3[inline_validate_custom_ex3_check_valid_tuple_pep-(1.0, &apos;abc&apos;)-True]" time="0.0064465999603271484"><system-out>calling function inline_validate_custom with custom func ex3_check_valid_tuple_pep
</system-out></testcase><testcase classname="valid8.tests.readme.examples.test_example3" file="valid8/tests/readme/examples/test_example3.py" line="49" name="test_example_3[inline_validate_custom_ex3_check_valid_tuple_pep-(0, &apos;foo&apos;)-True]" time="0.005697488784790039"><system-out>calling function inline_validate_custom with custom func ex3_check_valid_tuple_pep
</system-out></testcase><testcase classname="valid8.tests.readme.examples.test_example3" file="valid8/tests/readme/examples/test_example3.py" line="49" name="test_example_3[inline_validate_custom_ex3_check_valid_tuple_pep-1.1-&lt;class &apos;TypeError&apos;&gt;]" time="0.007869482040405273"><system-out>calling function inline_validate_custom with custom func ex3_check_valid_tuple_pep
Error validating [t=1.1]. Validation function [ex3_check_valid_tuple_pep] raised InputTypeError: 
  valid8.tests.readme.examples._tests_pep484.ex3_check_valid_tuple_pep
  called with incompatible types:
Expected: Tuple[Tuple[Real, str]]
Received: Tuple[float].
</system-out></testcase><testcase classname="valid8.tests.readme.examples.test_example3" file="valid8/tests/readme/examples/test_example3.py" line="49" name="test_example_3[inline_validate_custom_ex3_check_valid_tuple_pep-(0.2, &apos;foo&apos;, True)-&lt;class &apos;ValueError&apos;&gt;]" time="0.0062792301177978516"><system-out>calling function inline_validate_custom with custom func ex3_check_valid_tuple_pep
Error validating [t=(0.2, &apos;foo&apos;, True)]. Validation function [ex3_check_valid_tuple_pep] raised InputTypeError: 
  valid8.tests.readme.examples._tests_pep484.ex3_check_valid_tuple_pep
  called with incompatible types:
Expected: Tuple[Tuple[Real, str]]
Received: Tuple[Tuple[float, str, bool]].
</system-out></testcase><testcase classname="valid8.tests.readme.examples.test_example3" file="valid8/tests/readme/examples/test_example3.py" line="49" name="test_example_3[inline_validate_custom_ex3_check_valid_tuple_pep-(&apos;1.0&apos;, &apos;foo&apos;)-&lt;class &apos;TypeError&apos;&gt;]" time="0.0098114013671875"><system-out>calling function inline_validate_custom with custom func ex3_check_valid_tuple_pep
Error validating [t=(&apos;1.0&apos;, &apos;foo&apos;)]. Validation function [ex3_check_valid_tuple_pep] raised InputTypeError: 
  valid8.tests.readme.examples._tests_pep484.ex3_check_valid_tuple_pep
  called with incompatible types:
Expected: Tuple[Tuple[Real, str]]
Received: Tuple[Tuple[str, str]].
</system-out></testcase><testcase classname="valid8.tests.readme.examples.test_example3" file="valid8/tests/readme/examples/test_example3.py" line="49" name="test_example_3[inline_validate_custom_ex3_check_valid_tuple_pep-(1.1, &apos;foo&apos;)-&lt;class &apos;ValueError&apos;&gt;]" time="0.006410360336303711"><system-out>calling function inline_validate_custom with custom func ex3_check_valid_tuple_pep
Error validating [t=(1.1, &apos;foo&apos;)]. Validation function [ex3_check_valid_tuple_pep] raised ValueError: first elt should be between 0 and 1,found 1.1.
</system-out></testcase><testcase classname="valid8.tests.readme.examples.test_example3" file="valid8/tests/readme/examples/test_example3.py" line="49" name="test_example_3[inline_validate_custom_ex3_check_valid_tuple_pep-(1.0, False)-&lt;class &apos;TypeError&apos;&gt;]" time="0.00883936882019043"><system-out>calling function inline_validate_custom with custom func ex3_check_valid_tuple_pep
Error validating [t=(1.0, False)]. Validation function [ex3_check_valid_tuple_pep] raised InputTypeError: 
  valid8.tests.readme.examples._tests_pep484.ex3_check_valid_tuple_pep
  called with incompatible types:
Expected: Tuple[Tuple[Real, str]]
Received: Tuple[Tuple[float, bool]].
</system-out></testcase><testcase classname="valid8.tests.readme.examples.test_example3" file="valid8/tests/readme/examples/test_example3.py" line="49" name="test_example_3[inline_validate_custom_ex3_check_valid_tuple_pep-(0.5, &apos;a&apos;)-&lt;class &apos;ValueError&apos;&gt;]" time="0.0070302486419677734"><system-out>calling function inline_validate_custom with custom func ex3_check_valid_tuple_pep
Error validating [t=(0.5, &apos;a&apos;)]. Validation function [ex3_check_valid_tuple_pep] raised ValueError: second elt should be a lowercase string of length 3,found a.
</system-out></testcase><testcase classname="valid8.tests.readme.examples.test_example3" file="valid8/tests/readme/examples/test_example3.py" line="49" name="test_example_3[inline_validate_custom_ex3_check_valid_tuple_pep-(0.5, &apos;AAA&apos;)-&lt;class &apos;ValueError&apos;&gt;]" time="0.006632089614868164"><system-out>calling function inline_validate_custom with custom func ex3_check_valid_tuple_pep
Error validating [t=(0.5, &apos;AAA&apos;)]. Validation function [ex3_check_valid_tuple_pep] raised ValueError: second elt should be a lowercase string of length 3,found AAA.
</system-out></testcase><testcase classname="valid8.tests.readme.examples.test_example3" file="valid8/tests/readme/examples/test_example3.py" line="49" name="test_example_3[inline_validate_custom_check_valid_tuple-(0.2, &apos;foo&apos;)-True]" time="0.0031251907348632812"><system-out>calling function inline_validate_custom with custom func check_valid_tuple
</system-out></testcase><testcase classname="valid8.tests.readme.examples.test_example3" file="valid8/tests/readme/examples/test_example3.py" line="49" name="test_example_3[inline_validate_custom_check_valid_tuple-(1.0, &apos;abc&apos;)-True]" time="0.0029764175415039062"><system-out>calling function inline_validate_custom with custom func check_valid_tuple
[...]
</system-out></testcase><testcase classname="valid8.tests.readme.examples.test_example3" file="valid8/tests/readme/examples/test_example3.py" line="49" name="test_example_3[class_fields_custom_check_valid_tuple-(0, &apos;foo&apos;)-True]" time="0.00278472900390625"><system-out>calling function class_fields_custom with custom func check_valid_tuple
</system-out></testcase><testcase classname="valid8.tests.readme.examples.test_example3" file="valid8/tests/readme/examples/test_example3.py" line="49" name="test_example_3[class_fields_custom_check_valid_tuple-1.1-&lt;class &apos;TypeError&apos;&gt;]" time="0.0035924911499023438"><system-out>calling function class_fields_custom with custom func check_valid_tuple
Error validating field [t=1.1] for class [Foo]. Validation function [check_valid_tuple] raised TypeError: item should be a tuple.
</system-out></testcase><testcase classname="valid8.tests.readme.examples.test_example3" file="valid8/tests/readme/examples/test_example3.py" line="49" name="test_example_3[class_fields_custom_check_valid_tuple-(0.2, &apos;foo&apos;, True)-&lt;class &apos;ValueError&apos;&gt;]" time="0.003638744354248047"><system-out>calling function class_fields_custom with custom func check_valid_tuple
Error validating field [t=(0.2, &apos;foo&apos;, True)] for class [Foo]. Validation function [check_valid_tuple] raised ValueError: tuple length should be 2, found (0.2, &apos;foo&apos;, True).
</system-out></testcase><testcase classname="valid8.tests.readme.examples.test_example3" file="valid8/tests/readme/examples/test_example3.py" line="49" name="test_example_3[class_fields_custom_check_valid_tuple-(&apos;1.0&apos;, &apos;foo&apos;)-&lt;class &apos;TypeError&apos;&gt;]" time="0.0036513805389404297"><system-out>calling function class_fields_custom with custom func check_valid_tuple
Error validating field [t=(&apos;1.0&apos;, &apos;foo&apos;)] for class [Foo]. Validation function [check_valid_tuple] raised TypeError: first elt should be a Real, found 1.0.
</system-out></testcase><testcase classname="valid8.tests.readme.examples.test_example3" file="valid8/tests/readme/examples/test_example3.py" line="49" name="test_example_3[class_fields_custom_check_valid_tuple-(1.1, &apos;foo&apos;)-&lt;class &apos;ValueError&apos;&gt;]" time="0.003600597381591797"><system-out>calling function class_fields_custom with custom func check_valid_tuple
Error validating field [t=(1.1, &apos;foo&apos;)] for class [Foo]. Validation function [check_valid_tuple] raised ValueError: first elt should be between 0 and 1,found 1.1.
</system-out></testcase><testcase classname="valid8.tests.readme.examples.test_example3" file="valid8/tests/readme/examples/test_example3.py" line="49" name="test_example_3[class_fields_custom_check_valid_tuple-(1.0, False)-&lt;class &apos;TypeError&apos;&gt;]" time="0.0035812854766845703"><system-out>calling function class_fields_custom with custom func check_valid_tuple
Error validating field [t=(1.0, False)] for class [Foo]. Validation function [check_valid_tuple] raised TypeError: second elt should be a string, found False.
</system-out></testcase><testcase classname="valid8.tests.readme.examples.test_example3" file="valid8/tests/readme/examples/test_example3.py" line="49" name="test_example_3[class_fields_custom_check_valid_tuple-(0.5, &apos;a&apos;)-&lt;class &apos;ValueError&apos;&gt;]" time="0.0036711692810058594"><system-out>calling function class_fields_custom with custom func check_valid_tuple
Error validating field [t=(0.5, &apos;a&apos;)] for class [Foo]. Validation function [check_valid_tuple] raised ValueError: second elt should be a lowercase string of length 3,found a.
</system-out></testcase><testcase classname="valid8.tests.readme.examples.test_example3" file="valid8/tests/readme/examples/test_example3.py" line="49" name="test_example_3[class_fields_custom_check_valid_tuple-(0.5, &apos;AAA&apos;)-&lt;class &apos;ValueError&apos;&gt;]" time="0.003840208053588867"><system-out>calling function class_fields_custom with custom func check_valid_tuple
Error validating field [t=(0.5, &apos;AAA&apos;)] for class [Foo]. Validation function [check_valid_tuple] raised ValueError: second elt should be a lowercase string of length 3,found AAA.
</system-out></testcase><testcase classname="valid8.tests.readme.examples.test_example3" file="valid8/tests/readme/examples/test_example3.py" line="49" name="test_example_3[inline_validation_custom_ex3_check_valid_tuple_pep_raiser-(0.2, &apos;foo&apos;)-True]" time="0.004995107650756836"><system-out>calling function inline_validation_custom_raiser with custom func ex3_check_valid_tuple_pep
</system-out></testcase><testcase classname="valid8.tests.readme.examples.test_example3" file="valid8/tests/readme/examples/test_example3.py" line="49" name="test_example_3[inline_validation_custom_ex3_check_valid_tuple_pep_raiser-(1.0, &apos;abc&apos;)-True]" time="0.0053844451904296875"><system-out>calling function inline_validation_custom_raiser with custom func ex3_check_valid_tuple_pep
</system-out></testcase><testcase classname="valid8.tests.readme.examples.test_example3" file="valid8/tests/readme/examples/test_example3.py" line="49" name="test_example_3[inline_validation_custom_ex3_check_valid_tuple_pep_raiser-(0, &apos;foo&apos;)-True]" time="0.005373954772949219"><system-out>calling function inline_validation_custom_raiser with custom func ex3_check_valid_tuple_pep
</system-out></testcase><testcase classname="valid8.tests.readme.examples.test_example3" file="valid8/tests/readme/examples/test_example3.py" line="49" name="test_example_3[inline_validation_custom_ex3_check_valid_tuple_pep_raiser-1.1-&lt;class &apos;TypeError&apos;&gt;]" time="0.005540370941162109"><system-out>calling function inline_validation_custom_raiser with custom func ex3_check_valid_tuple_pep
Error validating [t=1.1]. Validation function [custom(t)] raised InputTypeError: 
  valid8.tests.readme.examples._tests_pep484.ex3_check_valid_tuple_pep
  called with incompatible types:
Expected: Tuple[Tuple[Real, str]]
Received: Tuple[float].
</system-out></testcase><testcase classname="valid8.tests.readme.examples.test_example3" file="valid8/tests/readme/examples/test_example3.py" line="49" name="test_example_3[inline_validation_custom_ex3_check_valid_tuple_pep_raiser-(0.2, &apos;foo&apos;, True)-&lt;class &apos;ValueError&apos;&gt;]" time="0.006133317947387695"><system-out>calling function inline_validation_custom_raiser with custom func ex3_check_valid_tuple_pep
Error validating [t=(0.2, &apos;foo&apos;, True)]. Validation function [custom(t)] raised InputTypeError: 
  valid8.tests.readme.examples._tests_pep484.ex3_check_valid_tuple_pep
  called with incompatible types:
Expected: Tuple[Tuple[Real, str]]
Received: Tuple[Tuple[float, str, bool]].
</system-out></testcase><testcase classname="valid8.tests.readme.examples.test_example3" file="valid8/tests/readme/examples/test_example3.py" line="49" name="test_example_3[inline_validation_custom_ex3_check_valid_tuple_pep_raiser-(&apos;1.0&apos;, &apos;foo&apos;)-&lt;class &apos;TypeError&apos;&gt;]" time="0.006113290786743164"><system-out>calling function inline_validation_custom_raiser with custom func ex3_check_valid_tuple_pep
Error validating [t=(&apos;1.0&apos;, &apos;foo&apos;)]. Validation function [custom(t)] raised InputTypeError: 
  valid8.tests.readme.examples._tests_pep484.ex3_check_valid_tuple_pep
  called with incompatible types:
Expected: Tuple[Tuple[Real, str]]
Received: Tuple[Tuple[str, str]].
</system-out></testcase><testcase classname="valid8.tests.readme.examples.test_example3" file="valid8/tests/readme/examples/test_example3.py" line="49" name="test_example_3[inline_validation_custom_ex3_check_valid_tuple_pep_raiser-(1.1, &apos;foo&apos;)-&lt;class &apos;ValueError&apos;&gt;]" time="0.007592678070068359"><system-out>calling function inline_validation_custom_raiser with custom func ex3_check_valid_tuple_pep
Error validating [t=(1.1, &apos;foo&apos;)]. Validation function [custom(t)] raised ValueError: first elt should be between 0 and 1,found 1.1.
</system-out></testcase><testcase classname="valid8.tests.readme.examples.test_example3" file="valid8/tests/readme/examples/test_example3.py" line="49" name="test_example_3[inline_validation_custom_ex3_check_valid_tuple_pep_raiser-(1.0, False)-&lt;class &apos;TypeError&apos;&gt;]" time="0.00617218017578125"><system-out>calling function inline_validation_custom_raiser with custom func ex3_check_valid_tuple_pep
Error validating [t=(1.0, False)]. Validation function [custom(t)] raised InputTypeError: 
  valid8.tests.readme.examples._tests_pep484.ex3_check_valid_tuple_pep
  called with incompatible types:
Expected: Tuple[Tuple[Real, str]]
Received: Tuple[Tuple[float, bool]].
</system-out></testcase><testcase classname="valid8.tests.readme.examples.test_example3" file="valid8/tests/readme/examples/test_example3.py" line="49" name="test_example_3[inline_validation_custom_ex3_check_valid_tuple_pep_raiser-(0.5, &apos;a&apos;)-&lt;class &apos;ValueError&apos;&gt;]" time="0.005570411682128906"><system-out>calling function inline_validation_custom_raiser with custom func ex3_check_valid_tuple_pep
Error validating [t=(0.5, &apos;a&apos;)]. Validation function [custom(t)] raised ValueError: second elt should be a lowercase string of length 3,found a.
</system-out></testcase><testcase classname="valid8.tests.readme.examples.test_example3" file="valid8/tests/readme/examples/test_example3.py" line="49" name="test_example_3[inline_validation_custom_ex3_check_valid_tuple_pep_raiser-(0.5, &apos;AAA&apos;)-&lt;class &apos;ValueError&apos;&gt;]" time="0.0057871341705322266"><system-out>calling function inline_validation_custom_raiser with custom func ex3_check_valid_tuple_pep
Error validating [t=(0.5, &apos;AAA&apos;)]. Validation function [custom(t)] raised ValueError: second elt should be a lowercase string of length 3,found AAA.
</system-out></testcase><testcase classname="valid8.tests.readme.examples.test_example3" file="valid8/tests/readme/examples/test_example3.py" line="49" name="test_example_3[inline_validation_custom_check_valid_tuple_raiser-(0.2, &apos;foo&apos;)-True]" time="0.0028231143951416016"><system-out>calling function inline_validation_custom_raiser with custom func check_valid_tuple
</system-out></testcase><testcase classname="valid8.tests.readme.examples.test_example3" file="valid8/tests/readme/examples/test_example3.py" line="49" name="test_example_3[inline_validation_custom_check_valid_tuple_raiser-(1.0, &apos;abc&apos;)-True]" time="0.0022013187408447266"><system-out>calling function inline_validation_custom_raiser with custom func check_valid_tuple
</system-out></testcase><testcase classname="valid8.tests.readme.examples.test_example3" file="valid8/tests/readme/examples/test_example3.py" line="49" name="test_example_3[inline_validation_custom_check_valid_tuple_raiser-(0, &apos;foo&apos;)-True]" time="0.001964569091796875"><system-out>calling function inline_validation_custom_raiser with custom func check_valid_tuple
</system-out></testcase><testcase classname="valid8.tests.readme.examples.test_example3" file="valid8/tests/readme/examples/test_example3.py" line="49" name="test_example_3[inline_validation_custom_check_valid_tuple_raiser-1.1-&lt;class &apos;TypeError&apos;&gt;]" time="0.0023925304412841797"><system-out>calling function inline_validation_custom_raiser with custom func check_valid_tuple
Error validating [t=1.1]. Validation function [custom(t)] raised TypeError: item should be a tuple.
</system-out></testcase><testcase classname="valid8.tests.readme.examples.test_example3" file="valid8/tests/readme/examples/test_example3.py" line="49" name="test_example_3[inline_validation_custom_check_valid_tuple_raiser-(0.2, &apos;foo&apos;, True)-&lt;class &apos;ValueError&apos;&gt;]" time="0.0027129650115966797"><system-out>calling function inline_validation_custom_raiser with custom func check_valid_tuple
Error validating [t=(0.2, &apos;foo&apos;, True)]. Validation function [custom(t)] raised ValueError: tuple length should be 2, found (0.2, &apos;foo&apos;, True).
</system-out></testcase><testcase classname="valid8.tests.readme.examples.test_example3" file="valid8/tests/readme/examples/test_example3.py" line="49" name="test_example_3[inline_validation_custom_check_valid_tuple_raiser-(&apos;1.0&apos;, &apos;foo&apos;)-&lt;class &apos;TypeError&apos;&gt;]" time="0.002749204635620117"><system-out>calling function inline_validation_custom_raiser with custom func check_valid_tuple
Error validating [t=(&apos;1.0&apos;, &apos;foo&apos;)]. Validation function [custom(t)] raised TypeError: first elt should be a Real, found 1.0.
</system-out></testcase><testcase classname="valid8.tests.readme.examples.test_example3" file="valid8/tests/readme/examples/test_example3.py" line="49" name="test_example_3[inline_validation_custom_check_valid_tuple_raiser-(1.1, &apos;foo&apos;)-&lt;class &apos;ValueError&apos;&gt;]" time="0.003194570541381836"><system-out>calling function inline_validation_custom_raiser with custom func check_valid_tuple
Error validating [t=(1.1, &apos;foo&apos;)]. Validation function [custom(t)] raised ValueError: first elt should be between 0 and 1,found 1.1.
</system-out></testcase><testcase classname="valid8.tests.readme.examples.test_example3" file="valid8/tests/readme/examples/test_example3.py" line="49" name="test_example_3[inline_validation_custom_check_valid_tuple_raiser-(1.0, False)-&lt;class &apos;TypeError&apos;&gt;]" time="0.002379179000854492"><system-out>calling function inline_validation_custom_raiser with custom func check_valid_tuple
Error validating [t=(1.0, False)]. Validation function [custom(t)] raised TypeError: second elt should be a string, found False.
</system-out></testcase><testcase classname="valid8.tests.readme.examples.test_example3" file="valid8/tests/readme/examples/test_example3.py" line="49" name="test_example_3[inline_validation_custom_check_valid_tuple_raiser-(0.5, &apos;a&apos;)-&lt;class &apos;ValueError&apos;&gt;]" time="0.0027213096618652344"><system-out>calling function inline_validation_custom_raiser with custom func check_valid_tuple
Error validating [t=(0.5, &apos;a&apos;)]. Validation function [custom(t)] raised ValueError: second elt should be a lowercase string of length 3,found a.
</system-out></testcase><testcase classname="valid8.tests.readme.examples.test_example3" file="valid8/tests/readme/examples/test_example3.py" line="49" name="test_example_3[inline_validation_custom_check_valid_tuple_raiser-(0.5, &apos;AAA&apos;)-&lt;class &apos;ValueError&apos;&gt;]" time="0.0028557777404785156"><system-out>calling function inline_validation_custom_raiser with custom func check_valid_tuple
Error validating [t=(0.5, &apos;AAA&apos;)]. Validation function [custom(t)] raised ValueError: second elt should be a lowercase string of length 3,found AAA.
</system-out></testcase><testcase classname="valid8.tests.validation_lib.test_validators_collections" file="valid8/tests/validation_lib/test_validators_collections.py" line="7" name="test_is_in" time="0.002123117446899414"></testcase><testcase classname="valid8.tests.validation_lib.test_validators_collections" file="valid8/tests/validation_lib/test_validators_collections.py" line="15" name="test_contains" time="0.0013990402221679688"></testcase><testcase classname="valid8.tests.validation_lib.test_validators_collections" file="valid8/tests/validation_lib/test_validators_collections.py" line="22" name="test_is_subset_is_superset" time="0.002254009246826172"></testcase><testcase classname="valid8.tests.validation_lib.test_validators_collections" file="valid8/tests/validation_lib/test_validators_collections.py" line="45" name="test_on_all" time="0.0013713836669921875"></testcase><testcase classname="valid8.tests.validation_lib.test_validators_collections" file="valid8/tests/validation_lib/test_validators_collections.py" line="54" name="test_on_each" time="0.0015294551849365234"></testcase><testcase classname="valid8.tests.validation_lib.test_validators_collections" file="valid8/tests/validation_lib/test_validators_collections.py" line="63" name="test_haslen" time="0.001379251480102539"></testcase><testcase classname="valid8.tests.validation_lib.test_validators_collections" file="valid8/tests/validation_lib/test_validators_collections.py" line="70" name="test_minlen" time="0.0013413429260253906"></testcase><testcase classname="valid8.tests.validation_lib.test_validators_collections" file="valid8/tests/validation_lib/test_validators_collections.py" line="77" name="test_minlens" time="0.00139617919921875"></testcase><testcase classname="valid8.tests.validation_lib.test_validators_collections" file="valid8/tests/validation_lib/test_validators_collections.py" line="84" name="test_maxlen" time="0.0013949871063232422"></testcase><testcase classname="valid8.tests.validation_lib.test_validators_collections" file="valid8/tests/validation_lib/test_validators_collections.py" line="91" name="test_maxlens" time="0.0011518001556396484"></testcase><testcase classname="valid8.tests.validation_lib.test_validators_collections" file="valid8/tests/validation_lib/test_validators_collections.py" line="98" name="test_length_between" time="0.0013151168823242188"></testcase><testcase classname="valid8.tests.validation_lib.test_validators_collections" file="valid8/tests/validation_lib/test_validators_collections.py" line="110" name="test_numpy_nan_like_lengths" time="0.001337289810180664"></testcase><testcase classname="valid8.tests.validation_lib.test_validators_comparables" file="valid8/tests/validation_lib/test_validators_comparables.py" line="5" name="test_gt" time="0.0014417171478271484"></testcase><testcase classname="valid8.tests.validation_lib.test_validators_comparables" file="valid8/tests/validation_lib/test_validators_comparables.py" line="12" name="test_gts" time="0.0017170906066894531"></testcase><testcase classname="valid8.tests.validation_lib.test_validators_comparables" file="valid8/tests/validation_lib/test_validators_comparables.py" line="19" name="test_lt" time="0.0013353824615478516"></testcase><testcase classname="valid8.tests.validation_lib.test_validators_comparables" file="valid8/tests/validation_lib/test_validators_comparables.py" line="26" name="test_lts" time="0.0013556480407714844"></testcase><testcase classname="valid8.tests.validation_lib.test_validators_comparables" file="valid8/tests/validation_lib/test_validators_comparables.py" line="33" name="test_between" time="0.0011916160583496094"></testcase><testcase classname="valid8.tests.validation_lib.test_validators_comparables" file="valid8/tests/validation_lib/test_validators_comparables.py" line="45" name="test_numpy_nan" time="0.0014450550079345703"></testcase><testcase classname="valid8.tests.validation_lib.test_validators_numbers" file="valid8/tests/validation_lib/test_validators_numbers.py" line="5" name="test_is_even" time="0.0014290809631347656"></testcase><testcase classname="valid8.tests.validation_lib.test_validators_numbers" file="valid8/tests/validation_lib/test_validators_numbers.py" line="11" name="test_is_odd" time="0.001444101333618164"></testcase><testcase classname="valid8.tests.validation_lib.test_validators_numbers" file="valid8/tests/validation_lib/test_validators_numbers.py" line="17" name="test_is_multiple_of" time="0.001428842544555664"></testcase><testcase classname="valid8.tests.validation_lib.test_validators_types" file="valid8/tests/validation_lib/test_validators_types.py" line="5" name="test_instance_of" time="0.0017955303192138672"></testcase><testcase classname="valid8.tests.validation_lib.test_validators_types" file="valid8/tests/validation_lib/test_validators_types.py" line="31" name="test_subclass_of" time="0.0014157295227050781"></testcase></testsuite>