<?xml version="1.0" encoding="utf-8"?><testsuite errors="0" failures="1" name="pytest" skips="0" tests="428" time="3.569"><testcase classname="valid8.tests.test_composition" file="valid8/tests/test_composition.py" line="6" name="test_empty_validators_list" time="0.002193450927734375"></testcase><testcase classname="valid8.tests.test_composition" file="valid8/tests/test_composition.py" line="13" name="test_list_implicit_and" time="0.0015492439270019531"></testcase><testcase classname="valid8.tests.test_composition" file="valid8/tests/test_composition.py" line="22" name="test_not_not_all" time="0.0033130645751953125"></testcase><testcase classname="valid8.tests.test_composition" file="valid8/tests/test_composition.py" line="56" name="test_validate_or" time="0.0013298988342285156"></testcase><testcase classname="valid8.tests.test_composition" file="valid8/tests/test_composition.py" line="82" name="test_validate_xor" time="0.0017418861389160156"></testcase><testcase classname="valid8.tests.test_composition" file="valid8/tests/test_composition.py" line="106" name="test_validate_and" time="0.002091646194458008"></testcase><testcase classname="valid8.tests.test_entry_points" file="valid8/tests/test_entry_points.py" line="3" name="test_validate_create_manually" time="0.0022194385528564453"></testcase><testcase classname="valid8.tests.test_entry_points_annotations" file="valid8/tests/test_entry_points_annotations.py" line="9" name="test_validate_field" time="0.0034275054931640625"></testcase><testcase classname="valid8.tests.test_entry_points_annotations" file="valid8/tests/test_entry_points_annotations.py" line="55" name="test_validate_field_property" time="0.0025031566619873047"></testcase><testcase classname="valid8.tests.test_entry_points_annotations" file="valid8/tests/test_entry_points_annotations.py" line="106" name="test_validate_field_custom_type" time="0.0044744014739990234"></testcase><testcase classname="valid8.tests.test_entry_points_annotations" file="valid8/tests/test_entry_points_annotations.py" line="146" name="test_validate_attr" time="0.003335714340209961"></testcase><testcase classname="valid8.tests.test_entry_points_annotations" file="valid8/tests/test_entry_points_annotations.py" line="158" name="test_validate_arg_nominal_builtin_validators" time="0.005006074905395508"><system-out>hello
hello
</system-out></testcase><testcase classname="valid8.tests.test_entry_points_annotations" file="valid8/tests/test_entry_points_annotations.py" line="188" name="test_validate_out" time="0.0032982826232910156"></testcase><testcase classname="valid8.tests.test_entry_points_annotations" file="valid8/tests/test_entry_points_annotations.py" line="205" name="test_validate_nominal_builtin_validators" time="0.0042340755462646484"><system-out>hello
hello
</system-out></testcase><testcase classname="valid8.tests.test_entry_points_annotations" file="valid8/tests/test_entry_points_annotations.py" line="235" name="test_validate_custom_validators_basic" time="0.004831552505493164"><system-out>hello
</system-out></testcase><testcase classname="valid8.tests.test_entry_points_annotations" file="valid8/tests/test_entry_points_annotations.py" line="283" name="test_validate_custom_validators_with_exception" time="0.002088785171508789"><system-out>hello
1
2
3
</system-out></testcase><testcase classname="valid8.tests.test_entry_points_annotations" file="valid8/tests/test_entry_points_annotations.py" line="336" name="test_validate_mini_lambda" time="0.0027742385864257812"><system-out>Hello, john your age is 20
</system-out></testcase><testcase classname="valid8.tests.test_entry_points_annotations" file="valid8/tests/test_entry_points_annotations.py" line="349" name="test_validate_none_enforce" time="0.020968198776245117"><system-out>hello
</system-out></testcase><testcase classname="valid8.tests.test_entry_points_annotations" file="valid8/tests/test_entry_points_annotations.py" line="373" name="test_validate_none_pytypes" time="0.011475801467895508"><system-out>hello
</system-out></testcase><testcase classname="valid8.tests.test_entry_points_annotations" file="valid8/tests/test_entry_points_annotations.py" line="397" name="test_validate_none_is_allowed" time="0.002485990524291992"><system-out>hello
hello
</system-out></testcase><testcase classname="valid8.tests.test_entry_points_annotations" file="valid8/tests/test_entry_points_annotations.py" line="409" name="test_validate_name_error" time="0.0016145706176757812"></testcase><testcase classname="valid8.tests.test_entry_points_annotations" file="valid8/tests/test_entry_points_annotations.py" line="418" name="test_decorate_manually" time="0.002083301544189453"></testcase><testcase classname="valid8.tests.test_entry_points_annotations" file="valid8/tests/test_entry_points_annotations.py" line="430" name="test_validate_tracebacks" time="0.002834796905517578"></testcase><testcase classname="valid8.tests.test_entry_points_inline" file="valid8/tests/test_entry_points_inline.py" line="12" name="test_validate_" time="0.002427339553833008"></testcase><testcase classname="valid8.tests.test_entry_points_inline" file="valid8/tests/test_entry_points_inline.py" line="39" name="test_readme_usage_validate__customization" time="0.002714395523071289"></testcase><testcase classname="valid8.tests.test_entry_points_inline" file="valid8/tests/test_entry_points_inline.py" line="74" name="test_wrap_valid" time="0.002701997756958008"></testcase><testcase classname="valid8.tests.test_entry_points_inline" file="valid8/tests/test_entry_points_inline.py" line="105" name="test_readme_usage_wrap_valid_customization" time="0.0023033618927001953"></testcase><testcase classname="valid8.tests.test_entry_points_inline" file="valid8/tests/test_entry_points_inline.py" line="142" name="test_validate_tracebacks" time="0.0015630722045898438"></testcase><testcase classname="valid8.tests.test_entry_points_inline" file="valid8/tests/test_entry_points_inline.py" line="162" name="test_typos_in_kwargs" time="0.0014035701751708984"></testcase><testcase classname="valid8.tests.test_entry_points_inline" file="valid8/tests/test_entry_points_inline.py" line="170" name="test_validate_auto_disable_display" time="0.0017821788787841797"></testcase><testcase classname="valid8.tests.test_entry_points_inline" file="valid8/tests/test_entry_points_inline.py" line="189" name="test_numpy_nan" time="0.0016222000122070312"></testcase><testcase classname="valid8.tests.test_entry_points_inline" file="valid8/tests/test_entry_points_inline.py" line="198" name="test_numpy_nan_like_lengths" time="0.0014636516571044922"></testcase><testcase classname="valid8.tests.test_entry_points_inline" file="valid8/tests/test_entry_points_inline.py" line="232" name="test_function_setter_name_in_valid8_error_message" time="0.03071761131286621"></testcase><testcase classname="valid8.tests.packaging.test_packaging" file="valid8/tests/packaging/test_packaging.py" line="21" name="test_named_import[composition_CompositionFailure]" time="0.0028600692749023438"></testcase><testcase classname="valid8.tests.packaging.test_packaging" file="valid8/tests/packaging/test_packaging.py" line="21" name="test_named_import[composition_xor_]" time="0.0017473697662353516"></testcase><testcase classname="valid8.tests.packaging.test_packaging" file="valid8/tests/packaging/test_packaging.py" line="21" name="test_named_import[composition_DidNotFail]" time="0.001741647720336914"></testcase><testcase classname="valid8.tests.packaging.test_packaging" file="valid8/tests/packaging/test_packaging.py" line="21" name="test_named_import[composition_fail_on_none]" time="0.0017697811126708984"></testcase><testcase classname="valid8.tests.packaging.test_packaging" file="valid8/tests/packaging/test_packaging.py" line="21" name="test_named_import[composition_AllValidatorsFailed]" time="0.0012004375457763672"></testcase><testcase classname="valid8.tests.packaging.test_packaging" file="valid8/tests/packaging/test_packaging.py" line="21" name="test_named_import[composition_skip_on_none]" time="0.0013339519500732422"></testcase><testcase classname="valid8.tests.packaging.test_packaging" file="valid8/tests/packaging/test_packaging.py" line="21" name="test_named_import[composition_failure_raiser]" time="0.0017902851104736328"></testcase><testcase classname="valid8.tests.packaging.test_packaging" file="valid8/tests/packaging/test_packaging.py" line="21" name="test_named_import[composition_or_]" time="0.0015540122985839844"></testcase><testcase classname="valid8.tests.packaging.test_packaging" file="valid8/tests/packaging/test_packaging.py" line="21" name="test_named_import[composition_not_all]" time="0.0017130374908447266"></testcase><testcase classname="valid8.tests.packaging.test_packaging" file="valid8/tests/packaging/test_packaging.py" line="21" name="test_named_import[composition_XorTooManySuccess]" time="0.0015575885772705078"></testcase><testcase classname="valid8.tests.packaging.test_packaging" file="valid8/tests/packaging/test_packaging.py" line="21" name="test_named_import[composition_and_]" time="0.0015103816986083984"></testcase><testcase classname="valid8.tests.packaging.test_packaging" file="valid8/tests/packaging/test_packaging.py" line="21" name="test_named_import[composition_not_]" time="0.0013592243194580078"></testcase><testcase classname="valid8.tests.packaging.test_packaging" file="valid8/tests/packaging/test_packaging.py" line="21" name="test_named_import[composition_AtLeastOneFailed]" time="0.0015575885772705078"></testcase><testcase classname="valid8.tests.packaging.test_packaging" file="valid8/tests/packaging/test_packaging.py" line="26" name="test_import_from[composition_CompositionFailure]" time="0.0017919540405273438"></testcase><testcase classname="valid8.tests.packaging.test_packaging" file="valid8/tests/packaging/test_packaging.py" line="26" name="test_import_from[composition_xor_]" time="0.0019261837005615234"></testcase><testcase classname="valid8.tests.packaging.test_packaging" file="valid8/tests/packaging/test_packaging.py" line="26" name="test_import_from[composition_DidNotFail]" time="0.001771688461303711"></testcase><testcase classname="valid8.tests.packaging.test_packaging" file="valid8/tests/packaging/test_packaging.py" line="26" name="test_import_from[composition_fail_on_none]" time="0.0017697811126708984"></testcase><testcase classname="valid8.tests.packaging.test_packaging" file="valid8/tests/packaging/test_packaging.py" line="26" name="test_import_from[composition_AllValidatorsFailed]" time="0.0012998580932617188"></testcase><testcase classname="valid8.tests.packaging.test_packaging" file="valid8/tests/packaging/test_packaging.py" line="26" name="test_import_from[composition_skip_on_none]" time="0.0012466907501220703"></testcase><testcase classname="valid8.tests.packaging.test_packaging" file="valid8/tests/packaging/test_packaging.py" line="26" name="test_import_from[composition_failure_raiser]" time="0.0017180442810058594"></testcase><testcase classname="valid8.tests.packaging.test_packaging" file="valid8/tests/packaging/test_packaging.py" line="26" name="test_import_from[composition_or_]" time="0.0016353130340576172"></testcase><testcase classname="valid8.tests.packaging.test_packaging" file="valid8/tests/packaging/test_packaging.py" line="26" name="test_import_from[composition_not_all]" time="0.0017213821411132812"></testcase><testcase classname="valid8.tests.packaging.test_packaging" file="valid8/tests/packaging/test_packaging.py" line="26" name="test_import_from[composition_XorTooManySuccess]" time="0.0018839836120605469"></testcase><testcase classname="valid8.tests.packaging.test_packaging" file="valid8/tests/packaging/test_packaging.py" line="26" name="test_import_from[composition_and_]" time="0.0017096996307373047"></testcase><testcase classname="valid8.tests.packaging.test_packaging" file="valid8/tests/packaging/test_packaging.py" line="26" name="test_import_from[composition_not_]" time="0.0012745857238769531"></testcase><testcase classname="valid8.tests.packaging.test_packaging" file="valid8/tests/packaging/test_packaging.py" line="26" name="test_import_from[composition_AtLeastOneFailed]" time="0.0013136863708496094"></testcase><testcase classname="valid8.tests.packaging.test_packaging_wildcard" file="valid8/tests/packaging/test_packaging_wildcard.py" line="3" name="test_wild_import" time="0.0013437271118164062"></testcase><testcase classname="valid8.tests.readme.test_readme_combining" file="valid8/tests/readme/test_readme_combining.py" line="7" name="test_readme_index_combining_enforce" time="0.016149520874023438"><system-out>Building house... DONE !
Building house... DONE !
</system-out></testcase><testcase classname="valid8.tests.readme.test_readme_combining" file="valid8/tests/readme/test_readme_combining.py" line="16" name="test_readme_index_combining_autoclass" time="0.006927490234375"></testcase><testcase classname="valid8.tests.readme.test_readme_combining" file="valid8/tests/readme/test_readme_combining.py" line="48" name="test_readme_index_combining_autoclass_2" time="0.008454561233520508"></testcase><testcase classname="valid8.tests.readme.test_readme_combining" file="valid8/tests/readme/test_readme_combining.py" line="79" name="test_readme_index_combining_attrs" time="0.004524707794189453"></testcase><testcase classname="valid8.tests.readme.test_readme_combining" file="valid8/tests/readme/test_readme_combining.py" line="111" name="test_unused_pytypes" time="0.015505552291870117"><system-out>you did it !
you did it !
</system-out></testcase><testcase classname="valid8.tests.readme.test_readme_examples" file="valid8/tests/readme/test_readme_examples.py" line="7" name="test_readme_examples_4" time="0.004515409469604492"></testcase><testcase classname="valid8.tests.readme.test_readme_index" file="valid8/tests/readme/test_readme_index.py" line="8" name="test_readme_index_usage_quick" time="0.0018107891082763672"></testcase><testcase classname="valid8.tests.readme.test_readme_index" file="valid8/tests/readme/test_readme_index.py" line="22" name="test_readme_usage_wrap_valid" time="0.0065538883209228516"><failure message="AssertionError: assert &apos;Error valida... value: [1j].&apos; == &apos;Error validat... value: [1j].&apos;
  - Error validating [surface=1j]. Validation function [assert_instance_of(surf, int)] raised HasWrongType: Value should be an instance of &lt;class &apos;int&apos;&gt;. Wrong value: [1j].
  + Error validating [surface=1j]. Validation function [assert_instance_of(surf, int) ; v.alid = surf &gt; 0] raised HasWrongType: Value should be an instance of &lt;class &apos;int&apos;&gt;. Wrong value: [1j].
  ?                                                                                  ++++++++++++++++++++">def test_readme_usage_wrap_valid():
        &quot;&quot;&quot; Tests that the example under index/usage/validation works &quot;&quot;&quot;
    
        surf = -1
    
        with pytest.raises(ValidationError) as exc_info:
            with wrap_valid(&apos;surface&apos;, surf) as v:
                v.alid = surf &gt; 0 and isfinite(surf)
        e = exc_info.value
        assert str(e) == &quot;Error validating [surface=-1]: &quot; \
                         &quot;validation function [v.alid = surf &gt; 0 and isfinite(surf)] returned [False].&quot;
    
        surf = 1j
    
        with pytest.raises(ValidationError) as exc_info:
            with wrap_valid(&apos;surface&apos;, surf) as v:
                v.alid = surf &gt; 0 and isfinite(surf)
        e = exc_info.value
        assert str(e).startswith(&quot;Error validating [surface=1j]. &quot; \
                                 &quot;Validation function [v.alid = surf &gt; 0 and isfinite(surf)] raised &quot; \
                                 &quot;TypeError:&quot;)
    
        # alternate naming
        surf = -1
        with pytest.raises(ValidationError) as exc_info:
            with wrap_valid(&apos;surface&apos;, surf) as r:
                r.esults = surf &gt; 0 and isfinite(surf)
        e = exc_info.value
        assert str(e) == &quot;Error validating [surface=-1]: &quot; \
                         &quot;validation function [r.esults = surf &gt; 0 and isfinite(surf)] returned [False].&quot;
    
        # type validation
        surf = 1j
        with pytest.raises(ValidationError) as exc_info:
            with wrap_valid(&apos;surface&apos;, surf, instance_of=int) as v:
                v.alid = surf &gt; 0
        e = exc_info.value
        assert str(e) == &quot;Error validating [surface=1j]. &quot; \
                         &quot;HasWrongType: Value should be an instance of %s. Wrong value: [1j].&quot; % repr(int)
    
        from valid8 import assert_instance_of
        with pytest.raises(ValidationError) as exc_info:
            with wrap_valid(&apos;surface&apos;, surf) as v:
                assert_instance_of(surf, int)
                v.alid = surf &gt; 0
        e = exc_info.value
&gt;       assert str(e) == &quot;Error validating [surface=1j]. &quot; \
                         &quot;Validation function [assert_instance_of(surf, int) ; v.alid = surf &gt; 0] raised &quot; \
                         &quot;HasWrongType: Value should be an instance of %s. Wrong value: [1j].&quot; % repr(int)
E       AssertionError: assert &apos;Error valida... value: [1j].&apos; == &apos;Error validat... value: [1j].&apos;
E         - Error validating [surface=1j]. Validation function [assert_instance_of(surf, int)] raised HasWrongType: Value should be an instance of &lt;class &apos;int&apos;&gt;. Wrong value: [1j].
E         + Error validating [surface=1j]. Validation function [assert_instance_of(surf, int) ; v.alid = surf &gt; 0] raised HasWrongType: Value should be an instance of &lt;class &apos;int&apos;&gt;. Wrong value: [1j].
E         ?                                                                                  ++++++++++++++++++++

valid8/tests/readme/test_readme_index.py:69: AssertionError</failure></testcase><testcase classname="valid8.tests.readme.test_readme_index" file="valid8/tests/readme/test_readme_index.py" line="73" name="test_readme_usage_customization" time="0.003603219985961914"></testcase><testcase classname="valid8.tests.readme.test_readme_index" file="valid8/tests/readme/test_readme_index.py" line="132" name="test_readme_index_usage_basic" time="0.0023908615112304688"></testcase><testcase classname="valid8.tests.readme.test_readme_index" file="valid8/tests/readme/test_readme_index.py" line="156" name="test_readme_index_usage_function" time="0.004771709442138672"><system-out>Building house... DONE !
Building house... DONE !
Building house... DONE !
</system-out></testcase><testcase classname="valid8.tests.readme.test_readme_index" file="valid8/tests/readme/test_readme_index.py" line="202" name="test_readme_index_usage_class_fields" time="0.0041468143463134766"></testcase><testcase classname="valid8.tests.readme.test_readme_index" file="valid8/tests/readme/test_readme_index.py" line="236" name="test_testing" time="0.00214385986328125"></testcase><testcase classname="valid8.tests.readme.test_readme_index" file="valid8/tests/readme/test_readme_index.py" line="251" name="test_advanced_composition" time="0.0011870861053466797"></testcase><testcase classname="valid8.tests.readme.test_readme_index" file="valid8/tests/readme/test_readme_index.py" line="270" name="test_readme_index_usage_customization" time="0.003415822982788086"></testcase><testcase classname="valid8.tests.readme.test_readme_index" file="valid8/tests/readme/test_readme_index.py" line="329" name="test_readme_index_usage_composition" time="0.005065441131591797"></testcase><testcase classname="valid8.tests.readme.test_readme_usage" file="valid8/tests/readme/test_readme_usage.py" line="9" name="test_tutorial" time="0.003389596939086914"></testcase><testcase classname="valid8.tests.readme.test_readme_usage" file="valid8/tests/readme/test_readme_usage.py" line="67" name="test_usage_base_validation_functions" time="0.001405477523803711"></testcase><testcase classname="valid8.tests.readme.test_readme_usage" file="valid8/tests/readme/test_readme_usage.py" line="73" name="test_usage_ensure_valid" time="0.0048885345458984375"></testcase><testcase classname="valid8.tests.readme.test_readme_usage" file="valid8/tests/readme/test_readme_usage.py" line="120" name="test_usage_is_valid" time="0.0031592845916748047"></testcase><testcase classname="valid8.tests.readme.test_readme_usage" file="valid8/tests/readme/test_readme_usage.py" line="157" name="test_usage_validators" time="0.004307270050048828"></testcase><testcase classname="valid8.tests.readme.test_readme_usage" file="valid8/tests/readme/test_readme_usage.py" line="310" name="test_usage_validate_annotation" time="0.003436565399169922"></testcase><testcase classname="valid8.tests.readme.test_readme_usage" file="valid8/tests/readme/test_readme_usage.py" line="326" name="test_usage_custom_validators" time="0.0037283897399902344"></testcase><testcase classname="valid8.tests.readme.examples.test_example1" file="valid8/tests/readme/examples/test_example1.py" line="23" name="test_example_1[with_validator-0-True]" time="0.0031723976135253906"></testcase><testcase classname="valid8.tests.readme.examples.test_example1" file="valid8/tests/readme/examples/test_example1.py" line="23" name="test_example_1[with_validator-100-True]" time="0.0022537708282470703"></testcase><testcase classname="valid8.tests.readme.examples.test_example1" file="valid8/tests/readme/examples/test_example1.py" line="23" name="test_example_1[with_validator-foo-TypeError]" time="0.00331878662109375"><system-out>Error validating [x=foo]. HasWrongType: Value should be an instance of &lt;class &apos;numbers.Integral&apos;&gt;. Wrong value: [foo].
</system-out></testcase><testcase classname="valid8.tests.readme.examples.test_example1" file="valid8/tests/readme/examples/test_example1.py" line="23" name="test_example_1[with_validator-1.0-TypeError]" time="0.002866029739379883"><system-out>Error validating [x=1.0]. HasWrongType: Value should be an instance of &lt;class &apos;numbers.Integral&apos;&gt;. Wrong value: [1.0].
</system-out></testcase><testcase classname="valid8.tests.readme.examples.test_example1" file="valid8/tests/readme/examples/test_example1.py" line="23" name="test_example_1[with_validator--1-ValueError]" time="0.002112150192260742"><system-out>Error validating [x=-1]: validation function [v.alid = x &gt;= 0] returned [False].
</system-out></testcase><testcase classname="valid8.tests.readme.examples.test_example1" file="valid8/tests/readme/examples/test_example1.py" line="23" name="test_example_1[function_input_mini_lambda-0-True]" time="0.0029947757720947266"></testcase><testcase classname="valid8.tests.readme.examples.test_example1" file="valid8/tests/readme/examples/test_example1.py" line="23" name="test_example_1[function_input_mini_lambda-100-True]" time="0.0030150413513183594"></testcase><testcase classname="valid8.tests.readme.examples.test_example1" file="valid8/tests/readme/examples/test_example1.py" line="23" name="test_example_1[function_input_mini_lambda-foo-TypeError]" time="0.003542661666870117"><system-out>Error validating input [x=foo] for function [my_function]. Validation function [and(instance_of_&lt;class &apos;numbers.Integral&apos;&gt;, x &gt;= 0)] raised AtLeastOneFailed: At least one validation function failed validation for value [foo]. Successes: [] / Failures: {&quot;instance_of_&lt;class &apos;numbers.Integral&apos;&gt;&quot;: &quot;HasWrongType: Value should be an instance of &lt;class &apos;numbers.Integral&apos;&gt;. Wrong value: [foo]&quot;, &apos;x &gt;= 0&apos;: &apos;TypeError: unorderable types: str() &gt;= int()&apos;}.
</system-out></testcase><testcase classname="valid8.tests.readme.examples.test_example1" file="valid8/tests/readme/examples/test_example1.py" line="23" name="test_example_1[function_input_mini_lambda-1.0-TypeError]" time="0.003614187240600586"><system-out>Error validating input [x=1.0] for function [my_function]. Validation function [and(instance_of_&lt;class &apos;numbers.Integral&apos;&gt;, x &gt;= 0)] raised AtLeastOneFailed: At least one validation function failed validation for value [1.0]. Successes: [&apos;x &gt;= 0&apos;] / Failures: {&quot;instance_of_&lt;class &apos;numbers.Integral&apos;&gt;&quot;: &quot;HasWrongType: Value should be an instance of &lt;class &apos;numbers.Integral&apos;&gt;. Wrong value: [1.0]&quot;}.
</system-out></testcase><testcase classname="valid8.tests.readme.examples.test_example1" file="valid8/tests/readme/examples/test_example1.py" line="23" name="test_example_1[function_input_mini_lambda--1-ValueError]" time="0.004694223403930664"><system-out>Error validating input [x=-1] for function [my_function]. Validation function [and(instance_of_&lt;class &apos;numbers.Integral&apos;&gt;, x &gt;= 0)] raised AtLeastOneFailed: At least one validation function failed validation for value [-1]. Successes: [&quot;instance_of_&lt;class &apos;numbers.Integral&apos;&gt;&quot;] / Failures: {&apos;x &gt;= 0&apos;: &apos;False&apos;}.
</system-out></testcase><testcase classname="valid8.tests.readme.examples.test_example1" file="valid8/tests/readme/examples/test_example1.py" line="23" name="test_example_1[inline_validate-0-True]" time="0.0022683143615722656"></testcase><testcase classname="valid8.tests.readme.examples.test_example1" file="valid8/tests/readme/examples/test_example1.py" line="23" name="test_example_1[inline_validate-100-True]" time="0.0021715164184570312"></testcase><testcase classname="valid8.tests.readme.examples.test_example1" file="valid8/tests/readme/examples/test_example1.py" line="23" name="test_example_1[inline_validate-foo-TypeError]" time="0.0026428699493408203"><system-out>Error validating [x=foo]. HasWrongType: Value should be an instance of &lt;class &apos;numbers.Integral&apos;&gt;. Wrong value: [foo].
</system-out></testcase><testcase classname="valid8.tests.readme.examples.test_example1" file="valid8/tests/readme/examples/test_example1.py" line="23" name="test_example_1[inline_validate-1.0-TypeError]" time="0.003032207489013672"><system-out>Error validating [x=1.0]. HasWrongType: Value should be an instance of &lt;class &apos;numbers.Integral&apos;&gt;. Wrong value: [1.0].
</system-out></testcase><testcase classname="valid8.tests.readme.examples.test_example1" file="valid8/tests/readme/examples/test_example1.py" line="23" name="test_example_1[inline_validate--1-ValueError]" time="0.002658367156982422"><system-out>Error validating [x=-1]. TooSmall: x &gt;= 0 does not hold for x=-1. Wrong value: [-1].
</system-out></testcase><testcase classname="valid8.tests.readme.examples.test_example1" file="valid8/tests/readme/examples/test_example1.py" line="23" name="test_example_1[class_field_mini_lambda-0-True]" time="0.00327301025390625"></testcase><testcase classname="valid8.tests.readme.examples.test_example1" file="valid8/tests/readme/examples/test_example1.py" line="23" name="test_example_1[class_field_mini_lambda-100-True]" time="0.0028514862060546875"></testcase><testcase classname="valid8.tests.readme.examples.test_example1" file="valid8/tests/readme/examples/test_example1.py" line="23" name="test_example_1[class_field_mini_lambda-foo-TypeError]" time="0.0030112266540527344"><system-out>Error validating field [x=foo] for class [Foo]. Validation function [and(instance_of_&lt;class &apos;numbers.Integral&apos;&gt;, x &gt;= 0)] raised AtLeastOneFailed: At least one validation function failed validation for value [foo]. Successes: [] / Failures: {&quot;instance_of_&lt;class &apos;numbers.Integral&apos;&gt;&quot;: &quot;HasWrongType: Value should be an instance of &lt;class &apos;numbers.Integral&apos;&gt;. Wrong value: [foo]&quot;, &apos;x &gt;= 0&apos;: &apos;TypeError: unorderable types: str() &gt;= int()&apos;}.
</system-out></testcase><testcase classname="valid8.tests.readme.examples.test_example1" file="valid8/tests/readme/examples/test_example1.py" line="23" name="test_example_1[class_field_mini_lambda-1.0-TypeError]" time="0.0033905506134033203"><system-out>Error validating field [x=1.0] for class [Foo]. Validation function [and(instance_of_&lt;class &apos;numbers.Integral&apos;&gt;, x &gt;= 0)] raised AtLeastOneFailed: At least one validation function failed validation for value [1.0]. Successes: [&apos;x &gt;= 0&apos;] / Failures: {&quot;instance_of_&lt;class &apos;numbers.Integral&apos;&gt;&quot;: &quot;HasWrongType: Value should be an instance of &lt;class &apos;numbers.Integral&apos;&gt;. Wrong value: [1.0]&quot;}.
</system-out></testcase><testcase classname="valid8.tests.readme.examples.test_example1" file="valid8/tests/readme/examples/test_example1.py" line="23" name="test_example_1[class_field_mini_lambda--1-ValueError]" time="0.003448009490966797"><system-out>Error validating field [x=-1] for class [Foo]. Validation function [and(instance_of_&lt;class &apos;numbers.Integral&apos;&gt;, x &gt;= 0)] raised AtLeastOneFailed: At least one validation function failed validation for value [-1]. Successes: [&quot;instance_of_&lt;class &apos;numbers.Integral&apos;&gt;&quot;] / Failures: {&apos;x &gt;= 0&apos;: &apos;False&apos;}.
</system-out></testcase><testcase classname="valid8.tests.readme.examples.test_example1" file="valid8/tests/readme/examples/test_example1.py" line="23" name="test_example_1[function_input_builtin-0-True]" time="0.00264739990234375"></testcase><testcase classname="valid8.tests.readme.examples.test_example1" file="valid8/tests/readme/examples/test_example1.py" line="23" name="test_example_1[function_input_builtin-100-True]" time="0.002492189407348633"></testcase><testcase classname="valid8.tests.readme.examples.test_example1" file="valid8/tests/readme/examples/test_example1.py" line="23" name="test_example_1[function_input_builtin-foo-TypeError]" time="0.003591299057006836"><system-out>Error validating input [x=foo] for function [my_function]. Validation function [and(instance_of_&lt;class &apos;numbers.Integral&apos;&gt;, greater_than_0)] raised AtLeastOneFailed: At least one validation function failed validation for value [foo]. Successes: [] / Failures: {&quot;instance_of_&lt;class &apos;numbers.Integral&apos;&gt;&quot;: &quot;HasWrongType: Value should be an instance of &lt;class &apos;numbers.Integral&apos;&gt;. Wrong value: [foo]&quot;, &apos;greater_than_0&apos;: &apos;TypeError: unorderable types: str() &gt;= int()&apos;}.
</system-out></testcase><testcase classname="valid8.tests.readme.examples.test_example1" file="valid8/tests/readme/examples/test_example1.py" line="23" name="test_example_1[function_input_builtin-1.0-TypeError]" time="0.0031332969665527344"><system-out>Error validating input [x=1.0] for function [my_function]. Validation function [and(instance_of_&lt;class &apos;numbers.Integral&apos;&gt;, greater_than_0)] raised AtLeastOneFailed: At least one validation function failed validation for value [1.0]. Successes: [&apos;greater_than_0&apos;] / Failures: {&quot;instance_of_&lt;class &apos;numbers.Integral&apos;&gt;&quot;: &quot;HasWrongType: Value should be an instance of &lt;class &apos;numbers.Integral&apos;&gt;. Wrong value: [1.0]&quot;}.
</system-out></testcase><testcase classname="valid8.tests.readme.examples.test_example1" file="valid8/tests/readme/examples/test_example1.py" line="23" name="test_example_1[function_input_builtin--1-ValueError]" time="0.0035893917083740234"><system-out>Error validating input [x=-1] for function [my_function]. Validation function [and(instance_of_&lt;class &apos;numbers.Integral&apos;&gt;, greater_than_0)] raised AtLeastOneFailed: At least one validation function failed validation for value [-1]. Successes: [&quot;instance_of_&lt;class &apos;numbers.Integral&apos;&gt;&quot;] / Failures: {&apos;greater_than_0&apos;: &apos;TooSmall: x &gt;= 0 does not hold for x=-1. Wrong value: [-1]&apos;}.
</system-out></testcase><testcase classname="valid8.tests.readme.examples.test_example1" file="valid8/tests/readme/examples/test_example1.py" line="23" name="test_example_1[function_io_builtin-0-True]" time="0.0029997825622558594"></testcase><testcase classname="valid8.tests.readme.examples.test_example1" file="valid8/tests/readme/examples/test_example1.py" line="23" name="test_example_1[function_io_builtin-100-True]" time="0.0029811859130859375"></testcase><testcase classname="valid8.tests.readme.examples.test_example1" file="valid8/tests/readme/examples/test_example1.py" line="23" name="test_example_1[function_io_builtin-foo-TypeError]" time="0.003179788589477539"><system-out>Error validating input [x=foo] for function [my_function3]. Validation function [and(instance_of_&lt;class &apos;numbers.Integral&apos;&gt;, greater_than_0)] raised AtLeastOneFailed: At least one validation function failed validation for value [foo]. Successes: [] / Failures: {&quot;instance_of_&lt;class &apos;numbers.Integral&apos;&gt;&quot;: &quot;HasWrongType: Value should be an instance of &lt;class &apos;numbers.Integral&apos;&gt;. Wrong value: [foo]&quot;, &apos;greater_than_0&apos;: &apos;TypeError: unorderable types: str() &gt;= int()&apos;}.
</system-out></testcase><testcase classname="valid8.tests.readme.examples.test_example1" file="valid8/tests/readme/examples/test_example1.py" line="23" name="test_example_1[function_io_builtin-1.0-TypeError]" time="0.0031616687774658203"><system-out>Error validating input [x=1.0] for function [my_function3]. Validation function [and(instance_of_&lt;class &apos;numbers.Integral&apos;&gt;, greater_than_0)] raised AtLeastOneFailed: At least one validation function failed validation for value [1.0]. Successes: [&apos;greater_than_0&apos;] / Failures: {&quot;instance_of_&lt;class &apos;numbers.Integral&apos;&gt;&quot;: &quot;HasWrongType: Value should be an instance of &lt;class &apos;numbers.Integral&apos;&gt;. Wrong value: [1.0]&quot;}.
</system-out></testcase><testcase classname="valid8.tests.readme.examples.test_example1" file="valid8/tests/readme/examples/test_example1.py" line="23" name="test_example_1[function_io_builtin--1-ValueError]" time="0.003580808639526367"><system-out>Error validating input [x=-1] for function [my_function3]. Validation function [and(instance_of_&lt;class &apos;numbers.Integral&apos;&gt;, greater_than_0)] raised AtLeastOneFailed: At least one validation function failed validation for value [-1]. Successes: [&quot;instance_of_&lt;class &apos;numbers.Integral&apos;&gt;&quot;] / Failures: {&apos;greater_than_0&apos;: &apos;TooSmall: x &gt;= 0 does not hold for x=-1. Wrong value: [-1]&apos;}.
</system-out></testcase><testcase classname="valid8.tests.readme.examples.test_example1" file="valid8/tests/readme/examples/test_example1.py" line="23" name="test_example_1[function_output_mini_lambda-0-True]" time="0.003710031509399414"></testcase><testcase classname="valid8.tests.readme.examples.test_example1" file="valid8/tests/readme/examples/test_example1.py" line="23" name="test_example_1[function_output_mini_lambda-100-True]" time="0.003055572509765625"></testcase><testcase classname="valid8.tests.readme.examples.test_example1" file="valid8/tests/readme/examples/test_example1.py" line="23" name="test_example_1[function_output_mini_lambda-foo-TypeError]" time="0.0029337406158447266"><system-out>Error validating output of function [my_function2]. Validation function [and(instance_of_&lt;class &apos;numbers.Integral&apos;&gt;, x &gt;= 0)] raised AtLeastOneFailed: At least one validation function failed validation for value [foo]. Successes: [] / Failures: {&quot;instance_of_&lt;class &apos;numbers.Integral&apos;&gt;&quot;: &quot;HasWrongType: Value should be an instance of &lt;class &apos;numbers.Integral&apos;&gt;. Wrong value: [foo]&quot;, &apos;x &gt;= 0&apos;: &apos;TypeError: unorderable types: str() &gt;= int()&apos;}.
</system-out></testcase><testcase classname="valid8.tests.readme.examples.test_example1" file="valid8/tests/readme/examples/test_example1.py" line="23" name="test_example_1[function_output_mini_lambda-1.0-TypeError]" time="0.003366708755493164"><system-out>Error validating output of function [my_function2]. Validation function [and(instance_of_&lt;class &apos;numbers.Integral&apos;&gt;, x &gt;= 0)] raised AtLeastOneFailed: At least one validation function failed validation for value [1.0]. Successes: [&apos;x &gt;= 0&apos;] / Failures: {&quot;instance_of_&lt;class &apos;numbers.Integral&apos;&gt;&quot;: &quot;HasWrongType: Value should be an instance of &lt;class &apos;numbers.Integral&apos;&gt;. Wrong value: [1.0]&quot;}.
</system-out></testcase><testcase classname="valid8.tests.readme.examples.test_example1" file="valid8/tests/readme/examples/test_example1.py" line="23" name="test_example_1[function_output_mini_lambda--1-ValueError]" time="0.0033626556396484375"><system-out>Error validating output of function [my_function2]. Validation function [and(instance_of_&lt;class &apos;numbers.Integral&apos;&gt;, x &gt;= 0)] raised AtLeastOneFailed: At least one validation function failed validation for value [-1]. Successes: [&quot;instance_of_&lt;class &apos;numbers.Integral&apos;&gt;&quot;] / Failures: {&apos;x &gt;= 0&apos;: &apos;False&apos;}.
</system-out></testcase><testcase classname="valid8.tests.readme.examples.test_example1" file="valid8/tests/readme/examples/test_example1.py" line="23" name="test_example_1[function_output_builtin-0-True]" time="0.0028574466705322266"></testcase><testcase classname="valid8.tests.readme.examples.test_example1" file="valid8/tests/readme/examples/test_example1.py" line="23" name="test_example_1[function_output_builtin-100-True]" time="0.002722501754760742"></testcase><testcase classname="valid8.tests.readme.examples.test_example1" file="valid8/tests/readme/examples/test_example1.py" line="23" name="test_example_1[function_output_builtin-foo-TypeError]" time="0.0028562545776367188"><system-out>Error validating output of function [my_function2]. Validation function [and(instance_of_&lt;class &apos;numbers.Integral&apos;&gt;, greater_than_0)] raised AtLeastOneFailed: At least one validation function failed validation for value [foo]. Successes: [] / Failures: {&quot;instance_of_&lt;class &apos;numbers.Integral&apos;&gt;&quot;: &quot;HasWrongType: Value should be an instance of &lt;class &apos;numbers.Integral&apos;&gt;. Wrong value: [foo]&quot;, &apos;greater_than_0&apos;: &apos;TypeError: unorderable types: str() &gt;= int()&apos;}.
</system-out></testcase><testcase classname="valid8.tests.readme.examples.test_example1" file="valid8/tests/readme/examples/test_example1.py" line="23" name="test_example_1[function_output_builtin-1.0-TypeError]" time="0.00439143180847168"><system-out>Error validating output of function [my_function2]. Validation function [and(instance_of_&lt;class &apos;numbers.Integral&apos;&gt;, greater_than_0)] raised AtLeastOneFailed: At least one validation function failed validation for value [1.0]. Successes: [&apos;greater_than_0&apos;] / Failures: {&quot;instance_of_&lt;class &apos;numbers.Integral&apos;&gt;&quot;: &quot;HasWrongType: Value should be an instance of &lt;class &apos;numbers.Integral&apos;&gt;. Wrong value: [1.0]&quot;}.
</system-out></testcase><testcase classname="valid8.tests.readme.examples.test_example1" file="valid8/tests/readme/examples/test_example1.py" line="23" name="test_example_1[function_output_builtin--1-ValueError]" time="0.0036232471466064453"><system-out>Error validating output of function [my_function2]. Validation function [and(instance_of_&lt;class &apos;numbers.Integral&apos;&gt;, greater_than_0)] raised AtLeastOneFailed: At least one validation function failed validation for value [-1]. Successes: [&quot;instance_of_&lt;class &apos;numbers.Integral&apos;&gt;&quot;] / Failures: {&apos;greater_than_0&apos;: &apos;TooSmall: x &gt;= 0 does not hold for x=-1. Wrong value: [-1]&apos;}.
</system-out></testcase><testcase classname="valid8.tests.readme.examples.test_example1" file="valid8/tests/readme/examples/test_example1.py" line="23" name="test_example_1[class_field_builtin_stdlib-0-True]" time="0.003561735153198242"></testcase><testcase classname="valid8.tests.readme.examples.test_example1" file="valid8/tests/readme/examples/test_example1.py" line="23" name="test_example_1[class_field_builtin_stdlib-100-True]" time="0.0026760101318359375"></testcase><testcase classname="valid8.tests.readme.examples.test_example1" file="valid8/tests/readme/examples/test_example1.py" line="23" name="test_example_1[class_field_builtin_stdlib-foo-TypeError]" time="0.003506898880004883"><system-out>Error validating field [x=foo] for class [Foo]. Validation function [and(instance_of_&lt;class &apos;numbers.Integral&apos;&gt;, greater_than_0)] raised AtLeastOneFailed: At least one validation function failed validation for value [foo]. Successes: [] / Failures: {&quot;instance_of_&lt;class &apos;numbers.Integral&apos;&gt;&quot;: &quot;HasWrongType: Value should be an instance of &lt;class &apos;numbers.Integral&apos;&gt;. Wrong value: [foo]&quot;, &apos;greater_than_0&apos;: &apos;TypeError: unorderable types: str() &gt;= int()&apos;}.
</system-out></testcase><testcase classname="valid8.tests.readme.examples.test_example1" file="valid8/tests/readme/examples/test_example1.py" line="23" name="test_example_1[class_field_builtin_stdlib-1.0-TypeError]" time="0.0029540061950683594"><system-out>Error validating field [x=1.0] for class [Foo]. Validation function [and(instance_of_&lt;class &apos;numbers.Integral&apos;&gt;, greater_than_0)] raised AtLeastOneFailed: At least one validation function failed validation for value [1.0]. Successes: [&apos;greater_than_0&apos;] / Failures: {&quot;instance_of_&lt;class &apos;numbers.Integral&apos;&gt;&quot;: &quot;HasWrongType: Value should be an instance of &lt;class &apos;numbers.Integral&apos;&gt;. Wrong value: [1.0]&quot;}.
</system-out></testcase><testcase classname="valid8.tests.readme.examples.test_example1" file="valid8/tests/readme/examples/test_example1.py" line="23" name="test_example_1[class_field_builtin_stdlib--1-ValueError]" time="0.0032613277435302734"><system-out>Error validating field [x=-1] for class [Foo]. Validation function [and(instance_of_&lt;class &apos;numbers.Integral&apos;&gt;, greater_than_0)] raised AtLeastOneFailed: At least one validation function failed validation for value [-1]. Successes: [&quot;instance_of_&lt;class &apos;numbers.Integral&apos;&gt;&quot;] / Failures: {&apos;greater_than_0&apos;: &apos;TooSmall: x &gt;= 0 does not hold for x=-1. Wrong value: [-1]&apos;}.
</system-out></testcase><testcase classname="valid8.tests.readme.examples.test_example1" file="valid8/tests/readme/examples/test_example1.py" line="23" name="test_example_1[function_io_mini_lambda-0-True]" time="0.003620147705078125"></testcase><testcase classname="valid8.tests.readme.examples.test_example1" file="valid8/tests/readme/examples/test_example1.py" line="23" name="test_example_1[function_io_mini_lambda-100-True]" time="0.002022266387939453"></testcase><testcase classname="valid8.tests.readme.examples.test_example1" file="valid8/tests/readme/examples/test_example1.py" line="23" name="test_example_1[function_io_mini_lambda-foo-TypeError]" time="0.0017960071563720703"><system-out>Error validating input [x=foo] for function [my_function3]. Validation function [and(instance_of_&lt;class &apos;numbers.Integral&apos;&gt;, x &gt;= 0)] raised AtLeastOneFailed: At least one validation function failed validation for value [foo]. Successes: [] / Failures: {&quot;instance_of_&lt;class &apos;numbers.Integral&apos;&gt;&quot;: &quot;HasWrongType: Value should be an instance of &lt;class &apos;numbers.Integral&apos;&gt;. Wrong value: [foo]&quot;, &apos;x &gt;= 0&apos;: &apos;TypeError: unorderable types: str() &gt;= int()&apos;}.
</system-out></testcase><testcase classname="valid8.tests.readme.examples.test_example1" file="valid8/tests/readme/examples/test_example1.py" line="23" name="test_example_1[function_io_mini_lambda-1.0-TypeError]" time="0.00396275520324707"><system-out>Error validating input [x=1.0] for function [my_function3]. Validation function [and(instance_of_&lt;class &apos;numbers.Integral&apos;&gt;, x &gt;= 0)] raised AtLeastOneFailed: At least one validation function failed validation for value [1.0]. Successes: [&apos;x &gt;= 0&apos;] / Failures: {&quot;instance_of_&lt;class &apos;numbers.Integral&apos;&gt;&quot;: &quot;HasWrongType: Value should be an instance of &lt;class &apos;numbers.Integral&apos;&gt;. Wrong value: [1.0]&quot;}.
</system-out></testcase><testcase classname="valid8.tests.readme.examples.test_example1" file="valid8/tests/readme/examples/test_example1.py" line="23" name="test_example_1[function_io_mini_lambda--1-ValueError]" time="0.0036821365356445312"><system-out>Error validating input [x=-1] for function [my_function3]. Validation function [and(instance_of_&lt;class &apos;numbers.Integral&apos;&gt;, x &gt;= 0)] raised AtLeastOneFailed: At least one validation function failed validation for value [-1]. Successes: [&quot;instance_of_&lt;class &apos;numbers.Integral&apos;&gt;&quot;] / Failures: {&apos;x &gt;= 0&apos;: &apos;False&apos;}.
</system-out></testcase><testcase classname="valid8.tests.readme.examples.test_example2" file="valid8/tests/readme/examples/test_example2.py" line="25" name="test_example_2[class_field_mini_lambda-foo-True]" time="0.003343343734741211"></testcase><testcase classname="valid8.tests.readme.examples.test_example2" file="valid8/tests/readme/examples/test_example2.py" line="25" name="test_example_2[class_field_mini_lambda-foo_123-True]" time="0.003142833709716797"></testcase><testcase classname="valid8.tests.readme.examples.test_example2" file="valid8/tests/readme/examples/test_example2.py" line="25" name="test_example_2[class_field_mini_lambda-1.1-TypeError]" time="0.004004478454589844"><system-out>Error validating field [s=1.1] for class [Foo]. Validation function [and(instance_of_&lt;class &apos;str&apos;&gt;, len(s) &gt; 0, s.islower())] raised AtLeastOneFailed: At least one validation function failed validation for value [1.1]. Successes: [] / Failures: {&quot;instance_of_&lt;class &apos;str&apos;&gt;&quot;: &quot;HasWrongType: Value should be an instance of &lt;class &apos;str&apos;&gt;. Wrong value: [1.1]&quot;, &apos;len(s) &gt; 0&apos;: &quot;TypeError: object of type &apos;float&apos; has no len()&quot;, &apos;s.islower()&apos;: &quot;AttributeError: &apos;float&apos; object has no attribute &apos;islower&apos;&quot;}.
</system-out></testcase><testcase classname="valid8.tests.readme.examples.test_example2" file="valid8/tests/readme/examples/test_example2.py" line="25" name="test_example_2[class_field_mini_lambda--ValueError]" time="0.004337310791015625"><system-out>Error validating field [s=] for class [Foo]. Validation function [and(instance_of_&lt;class &apos;str&apos;&gt;, len(s) &gt; 0, s.islower())] raised AtLeastOneFailed: At least one validation function failed validation for value []. Successes: [&quot;instance_of_&lt;class &apos;str&apos;&gt;&quot;] / Failures: {&apos;len(s) &gt; 0&apos;: &apos;False&apos;, &apos;s.islower()&apos;: &apos;False&apos;}.
</system-out></testcase><testcase classname="valid8.tests.readme.examples.test_example2" file="valid8/tests/readme/examples/test_example2.py" line="25" name="test_example_2[class_field_mini_lambda-fOO-ValueError]" time="0.0032041072845458984"><system-out>Error validating field [s=fOO] for class [Foo]. Validation function [and(instance_of_&lt;class &apos;str&apos;&gt;, len(s) &gt; 0, s.islower())] raised AtLeastOneFailed: At least one validation function failed validation for value [fOO]. Successes: [&quot;instance_of_&lt;class &apos;str&apos;&gt;&quot;, &apos;len(s) &gt; 0&apos;] / Failures: {&apos;s.islower()&apos;: &apos;False&apos;}.
</system-out></testcase><testcase classname="valid8.tests.readme.examples.test_example2" file="valid8/tests/readme/examples/test_example2.py" line="25" name="test_example_2[inline_validate_2-foo-True]" time="0.0021562576293945312"></testcase><testcase classname="valid8.tests.readme.examples.test_example2" file="valid8/tests/readme/examples/test_example2.py" line="25" name="test_example_2[inline_validate_2-foo_123-True]" time="0.002653837203979492"></testcase><testcase classname="valid8.tests.readme.examples.test_example2" file="valid8/tests/readme/examples/test_example2.py" line="25" name="test_example_2[inline_validate_2-1.1-TypeError]" time="0.0026199817657470703"><system-out>Error validating [s=1.1]. HasWrongType: Value should be an instance of &lt;class &apos;str&apos;&gt;. Wrong value: [1.1].
</system-out></testcase><testcase classname="valid8.tests.readme.examples.test_example2" file="valid8/tests/readme/examples/test_example2.py" line="25" name="test_example_2[inline_validate_2--ValueError]" time="0.002920866012573242"><system-out>Error validating [s=&apos;&apos;]. TooShort: len(x) &gt;= 1 does not hold for x=. Wrong value: [].
</system-out></testcase><testcase classname="valid8.tests.readme.examples.test_example2" file="valid8/tests/readme/examples/test_example2.py" line="25" name="test_example_2[inline_validate_2-fOO-ValueError]" time="0.0030901432037353516"><system-out>Error validating [s=fOO]: validation function [islower] returned [False].
</system-out></testcase><testcase classname="valid8.tests.readme.examples.test_example2" file="valid8/tests/readme/examples/test_example2.py" line="25" name="test_example_2[inline_validate_1-foo-True]" time="0.002530336380004883"></testcase><testcase classname="valid8.tests.readme.examples.test_example2" file="valid8/tests/readme/examples/test_example2.py" line="25" name="test_example_2[inline_validate_1-foo_123-True]" time="0.0028197765350341797"></testcase><testcase classname="valid8.tests.readme.examples.test_example2" file="valid8/tests/readme/examples/test_example2.py" line="25" name="test_example_2[inline_validate_1-1.1-TypeError]" time="0.0026857852935791016"><system-out>Error validating [s=1.1]. HasWrongType: Value should be an instance of &lt;class &apos;str&apos;&gt;. Wrong value: [1.1].
</system-out></testcase><testcase classname="valid8.tests.readme.examples.test_example2" file="valid8/tests/readme/examples/test_example2.py" line="25" name="test_example_2[inline_validate_1--ValueError]" time="0.0031921863555908203"><system-out>Error validating [s=&apos;&apos;]. TooShort: len(x) &gt;= 1 does not hold for x=. Wrong value: [].
</system-out></testcase><testcase classname="valid8.tests.readme.examples.test_example2" file="valid8/tests/readme/examples/test_example2.py" line="25" name="test_example_2[inline_validate_1-fOO-ValueError]" time="0.0025031566619873047"><system-out>Error validating [s=fOO]. NotEqual: x == foo does not hold for x=fOO. Wrong value: [fOO].
</system-out></testcase><testcase classname="valid8.tests.readme.examples.test_example2" file="valid8/tests/readme/examples/test_example2.py" line="25" name="test_example_2[function_input_builtin_stdlib-foo-True]" time="0.0040035247802734375"></testcase><testcase classname="valid8.tests.readme.examples.test_example2" file="valid8/tests/readme/examples/test_example2.py" line="25" name="test_example_2[function_input_builtin_stdlib-foo_123-True]" time="0.003644704818725586"></testcase><testcase classname="valid8.tests.readme.examples.test_example2" file="valid8/tests/readme/examples/test_example2.py" line="25" name="test_example_2[function_input_builtin_stdlib-1.1-TypeError]" time="0.003278970718383789"><system-out>Error validating input [s=1.1] for function [my_function]. Validation function [and(instance_of_&lt;class &apos;str&apos;&gt;, length_greater_than_1, islower)] raised AtLeastOneFailed: At least one validation function failed validation for value [1.1]. Successes: [] / Failures: {&quot;instance_of_&lt;class &apos;str&apos;&gt;&quot;: &quot;HasWrongType: Value should be an instance of &lt;class &apos;str&apos;&gt;. Wrong value: [1.1]&quot;, &apos;length_greater_than_1&apos;: &quot;TypeError: object of type &apos;float&apos; has no len()&quot;, &apos;islower&apos;: &quot;TypeError: descriptor &apos;islower&apos; requires a &apos;str&apos; object but received a &apos;float&apos;&quot;}.
</system-out></testcase><testcase classname="valid8.tests.readme.examples.test_example2" file="valid8/tests/readme/examples/test_example2.py" line="25" name="test_example_2[function_input_builtin_stdlib--ValueError]" time="0.002629995346069336"><system-out>Error validating input [s=&apos;&apos;] for function [my_function]. Validation function [and(instance_of_&lt;class &apos;str&apos;&gt;, length_greater_than_1, islower)] raised AtLeastOneFailed: At least one validation function failed validation for value []. Successes: [&quot;instance_of_&lt;class &apos;str&apos;&gt;&quot;] / Failures: {&apos;length_greater_than_1&apos;: &apos;TooShort: len(x) &gt;= 1 does not hold for x=. Wrong value: []&apos;, &apos;islower&apos;: &apos;False&apos;}.
</system-out></testcase><testcase classname="valid8.tests.readme.examples.test_example2" file="valid8/tests/readme/examples/test_example2.py" line="25" name="test_example_2[function_input_builtin_stdlib-fOO-ValueError]" time="0.003144502639770508"><system-out>Error validating input [s=fOO] for function [my_function]. Validation function [and(instance_of_&lt;class &apos;str&apos;&gt;, length_greater_than_1, islower)] raised AtLeastOneFailed: At least one validation function failed validation for value [fOO]. Successes: [&quot;instance_of_&lt;class &apos;str&apos;&gt;&quot;, &apos;length_greater_than_1&apos;] / Failures: {&apos;islower&apos;: &apos;False&apos;}.
</system-out></testcase><testcase classname="valid8.tests.readme.examples.test_example2" file="valid8/tests/readme/examples/test_example2.py" line="25" name="test_example_2[inline_validate_3-foo-True]" time="0.0028040409088134766"></testcase><testcase classname="valid8.tests.readme.examples.test_example2" file="valid8/tests/readme/examples/test_example2.py" line="25" name="test_example_2[inline_validate_3-foo_123-True]" time="0.0028524398803710938"></testcase><testcase classname="valid8.tests.readme.examples.test_example2" file="valid8/tests/readme/examples/test_example2.py" line="25" name="test_example_2[inline_validate_3-1.1-TypeError]" time="0.0032231807708740234"><system-out>Error validating [s=1.1]. HasWrongType: Value should be an instance of &lt;class &apos;str&apos;&gt;. Wrong value: [1.1].
</system-out></testcase><testcase classname="valid8.tests.readme.examples.test_example2" file="valid8/tests/readme/examples/test_example2.py" line="25" name="test_example_2[inline_validate_3--ValueError]" time="0.0024564266204833984"><system-out>Error validating [s=&apos;&apos;]. TooShort: len(x) &gt;= 1 does not hold for x=. Wrong value: [].
</system-out></testcase><testcase classname="valid8.tests.readme.examples.test_example2" file="valid8/tests/readme/examples/test_example2.py" line="25" name="test_example_2[inline_validate_3-fOO-ValueError]" time="0.0025224685668945312"><system-out>Error validating [s=fOO]: validation function [txt.islower()] returned [False].
</system-out></testcase><testcase classname="valid8.tests.readme.examples.test_example2" file="valid8/tests/readme/examples/test_example2.py" line="25" name="test_example_2[function_input_mini_lambda-foo-True]" time="0.0038673877716064453"></testcase><testcase classname="valid8.tests.readme.examples.test_example2" file="valid8/tests/readme/examples/test_example2.py" line="25" name="test_example_2[function_input_mini_lambda-foo_123-True]" time="0.0030395984649658203"></testcase><testcase classname="valid8.tests.readme.examples.test_example2" file="valid8/tests/readme/examples/test_example2.py" line="25" name="test_example_2[function_input_mini_lambda-1.1-TypeError]" time="0.003020763397216797"><system-out>Error validating input [s=1.1] for function [my_function]. Validation function [and(instance_of_&lt;class &apos;str&apos;&gt;, len(s) &gt; 0, s.islower())] raised AtLeastOneFailed: At least one validation function failed validation for value [1.1]. Successes: [] / Failures: {&quot;instance_of_&lt;class &apos;str&apos;&gt;&quot;: &quot;HasWrongType: Value should be an instance of &lt;class &apos;str&apos;&gt;. Wrong value: [1.1]&quot;, &apos;len(s) &gt; 0&apos;: &quot;TypeError: object of type &apos;float&apos; has no len()&quot;, &apos;s.islower()&apos;: &quot;AttributeError: &apos;float&apos; object has no attribute &apos;islower&apos;&quot;}.
</system-out></testcase><testcase classname="valid8.tests.readme.examples.test_example2" file="valid8/tests/readme/examples/test_example2.py" line="25" name="test_example_2[function_input_mini_lambda--ValueError]" time="0.0035500526428222656"><system-out>Error validating input [s=&apos;&apos;] for function [my_function]. Validation function [and(instance_of_&lt;class &apos;str&apos;&gt;, len(s) &gt; 0, s.islower())] raised AtLeastOneFailed: At least one validation function failed validation for value []. Successes: [&quot;instance_of_&lt;class &apos;str&apos;&gt;&quot;] / Failures: {&apos;len(s) &gt; 0&apos;: &apos;False&apos;, &apos;s.islower()&apos;: &apos;False&apos;}.
</system-out></testcase><testcase classname="valid8.tests.readme.examples.test_example2" file="valid8/tests/readme/examples/test_example2.py" line="25" name="test_example_2[function_input_mini_lambda-fOO-ValueError]" time="0.0037391185760498047"><system-out>Error validating input [s=fOO] for function [my_function]. Validation function [and(instance_of_&lt;class &apos;str&apos;&gt;, len(s) &gt; 0, s.islower())] raised AtLeastOneFailed: At least one validation function failed validation for value [fOO]. Successes: [&quot;instance_of_&lt;class &apos;str&apos;&gt;&quot;, &apos;len(s) &gt; 0&apos;] / Failures: {&apos;s.islower()&apos;: &apos;False&apos;}.
</system-out></testcase><testcase classname="valid8.tests.readme.examples.test_example2" file="valid8/tests/readme/examples/test_example2.py" line="25" name="test_example_2[with_validator-foo-True]" time="0.002472400665283203"></testcase><testcase classname="valid8.tests.readme.examples.test_example2" file="valid8/tests/readme/examples/test_example2.py" line="25" name="test_example_2[with_validator-foo_123-True]" time="0.0024712085723876953"></testcase><testcase classname="valid8.tests.readme.examples.test_example2" file="valid8/tests/readme/examples/test_example2.py" line="25" name="test_example_2[with_validator-1.1-TypeError]" time="0.0018985271453857422"><system-out>Error validating [s=1.1]. HasWrongType: Value should be an instance of &lt;class &apos;str&apos;&gt;. Wrong value: [1.1].
</system-out></testcase><testcase classname="valid8.tests.readme.examples.test_example2" file="valid8/tests/readme/examples/test_example2.py" line="25" name="test_example_2[with_validator--ValueError]" time="0.0014531612396240234"><system-out>Error validating [s=&apos;&apos;]: validation function [v.alid = (len(s) &gt; 0) and s.islower()] returned [False].
</system-out></testcase><testcase classname="valid8.tests.readme.examples.test_example2" file="valid8/tests/readme/examples/test_example2.py" line="25" name="test_example_2[with_validator-fOO-ValueError]" time="0.004156589508056641"><system-out>Error validating [s=fOO]: validation function [v.alid = (len(s) &gt; 0) and s.islower()] returned [False].
</system-out></testcase><testcase classname="valid8.tests.readme.examples.test_example2" file="valid8/tests/readme/examples/test_example2.py" line="25" name="test_example_2[class_field_builtin_stdlib-foo-True]" time="0.002534151077270508"></testcase><testcase classname="valid8.tests.readme.examples.test_example2" file="valid8/tests/readme/examples/test_example2.py" line="25" name="test_example_2[class_field_builtin_stdlib-foo_123-True]" time="0.002671957015991211"></testcase><testcase classname="valid8.tests.readme.examples.test_example2" file="valid8/tests/readme/examples/test_example2.py" line="25" name="test_example_2[class_field_builtin_stdlib-1.1-TypeError]" time="0.0032444000244140625"><system-out>Error validating field [s=1.1] for class [Foo]. Validation function [and(instance_of_&lt;class &apos;str&apos;&gt;, length_greater_than_1, islower)] raised AtLeastOneFailed: At least one validation function failed validation for value [1.1]. Successes: [] / Failures: {&quot;instance_of_&lt;class &apos;str&apos;&gt;&quot;: &quot;HasWrongType: Value should be an instance of &lt;class &apos;str&apos;&gt;. Wrong value: [1.1]&quot;, &apos;length_greater_than_1&apos;: &quot;TypeError: object of type &apos;float&apos; has no len()&quot;, &apos;islower&apos;: &quot;TypeError: descriptor &apos;islower&apos; requires a &apos;str&apos; object but received a &apos;float&apos;&quot;}.
</system-out></testcase><testcase classname="valid8.tests.readme.examples.test_example2" file="valid8/tests/readme/examples/test_example2.py" line="25" name="test_example_2[class_field_builtin_stdlib--ValueError]" time="0.0032892227172851562"><system-out>Error validating field [s=] for class [Foo]. Validation function [and(instance_of_&lt;class &apos;str&apos;&gt;, length_greater_than_1, islower)] raised AtLeastOneFailed: At least one validation function failed validation for value []. Successes: [&quot;instance_of_&lt;class &apos;str&apos;&gt;&quot;] / Failures: {&apos;length_greater_than_1&apos;: &apos;TooShort: len(x) &gt;= 1 does not hold for x=. Wrong value: []&apos;, &apos;islower&apos;: &apos;False&apos;}.
</system-out></testcase><testcase classname="valid8.tests.readme.examples.test_example2" file="valid8/tests/readme/examples/test_example2.py" line="25" name="test_example_2[class_field_builtin_stdlib-fOO-ValueError]" time="0.0032989978790283203"><system-out>Error validating field [s=fOO] for class [Foo]. Validation function [and(instance_of_&lt;class &apos;str&apos;&gt;, length_greater_than_1, islower)] raised AtLeastOneFailed: At least one validation function failed validation for value [fOO]. Successes: [&quot;instance_of_&lt;class &apos;str&apos;&gt;&quot;, &apos;length_greater_than_1&apos;] / Failures: {&apos;islower&apos;: &apos;False&apos;}.
</system-out></testcase><testcase classname="valid8.tests.readme.examples.test_example2" file="valid8/tests/readme/examples/test_example2.py" line="46" name="test_example_2_regexp[foo@bar.com-True]" time="0.002164125442504883"></testcase><testcase classname="valid8.tests.readme.examples.test_example2" file="valid8/tests/readme/examples/test_example2.py" line="46" name="test_example_2_regexp[a@a@s-ValueError]" time="0.00211334228515625"><system-out>Error validating [s=a@a@s]: validation function [&lt;lambda&gt;] returned [False].
</system-out></testcase><testcase classname="valid8.tests.readme.examples.test_example3" file="valid8/tests/readme/examples/test_example3.py" line="49" name="test_example_3[function_input_custom_is_valid_tuple-(0.2, &apos;foo&apos;)-True]" time="0.0028734207153320312"><system-out>calling function function_input_custom with custom func is_valid_tuple
</system-out></testcase><testcase classname="valid8.tests.readme.examples.test_example3" file="valid8/tests/readme/examples/test_example3.py" line="49" name="test_example_3[function_input_custom_is_valid_tuple-(1.0, &apos;abc&apos;)-True]" time="0.0025823116302490234"><system-out>calling function function_input_custom with custom func is_valid_tuple
</system-out></testcase><testcase classname="valid8.tests.readme.examples.test_example3" file="valid8/tests/readme/examples/test_example3.py" line="49" name="test_example_3[function_input_custom_is_valid_tuple-(0, &apos;foo&apos;)-True]" time="0.0031223297119140625"><system-out>calling function function_input_custom with custom func is_valid_tuple
</system-out></testcase><testcase classname="valid8.tests.readme.examples.test_example3" file="valid8/tests/readme/examples/test_example3.py" line="49" name="test_example_3[function_input_custom_is_valid_tuple-1.1-&lt;class &apos;TypeError&apos;&gt;]" time="0.003542661666870117"><system-out>calling function function_input_custom with custom func is_valid_tuple
Error validating input [t=1.1] for function [my_function]. Validation function [is_valid_tuple] raised HasWrongType: Value should be an instance of &lt;class &apos;tuple&apos;&gt;. Wrong value: [1.1].
</system-out></testcase><testcase classname="valid8.tests.readme.examples.test_example3" file="valid8/tests/readme/examples/test_example3.py" line="49" name="test_example_3[function_input_custom_is_valid_tuple-(0.2, &apos;foo&apos;, True)-&lt;class &apos;ValueError&apos;&gt;]" time="0.0036177635192871094"><system-out>calling function function_input_custom with custom func is_valid_tuple
Error validating input [t=(0.2, &apos;foo&apos;, True)] for function [my_function]: validation function [is_valid_tuple] returned [False].
</system-out></testcase><testcase classname="valid8.tests.readme.examples.test_example3" file="valid8/tests/readme/examples/test_example3.py" line="49" name="test_example_3[function_input_custom_is_valid_tuple-(&apos;1.0&apos;, &apos;foo&apos;)-&lt;class &apos;TypeError&apos;&gt;]" time="0.002632617950439453"><system-out>calling function function_input_custom with custom func is_valid_tuple
Error validating input [t=(&apos;1.0&apos;, &apos;foo&apos;)] for function [my_function]. Validation function [is_valid_tuple] raised HasWrongType: Value should be an instance of &lt;class &apos;numbers.Real&apos;&gt;. Wrong value: [1.0].
</system-out></testcase><testcase classname="valid8.tests.readme.examples.test_example3" file="valid8/tests/readme/examples/test_example3.py" line="49" name="test_example_3[function_input_custom_is_valid_tuple-(1.1, &apos;foo&apos;)-&lt;class &apos;ValueError&apos;&gt;]" time="0.0037403106689453125"><system-out>calling function function_input_custom with custom func is_valid_tuple
Error validating input [t=(1.1, &apos;foo&apos;)] for function [my_function]: validation function [is_valid_tuple] returned [False].
</system-out></testcase><testcase classname="valid8.tests.readme.examples.test_example3" file="valid8/tests/readme/examples/test_example3.py" line="49" name="test_example_3[function_input_custom_is_valid_tuple-(1.0, False)-&lt;class &apos;TypeError&apos;&gt;]" time="0.003901243209838867"><system-out>calling function function_input_custom with custom func is_valid_tuple
Error validating input [t=(1.0, False)] for function [my_function]. Validation function [is_valid_tuple] raised HasWrongType: Value should be an instance of &lt;class &apos;str&apos;&gt;. Wrong value: [False].
</system-out></testcase><testcase classname="valid8.tests.readme.examples.test_example3" file="valid8/tests/readme/examples/test_example3.py" line="49" name="test_example_3[function_input_custom_is_valid_tuple-(0.5, &apos;a&apos;)-&lt;class &apos;ValueError&apos;&gt;]" time="0.003268003463745117"><system-out>calling function function_input_custom with custom func is_valid_tuple
Error validating input [t=(0.5, &apos;a&apos;)] for function [my_function]: validation function [is_valid_tuple] returned [False].
</system-out></testcase><testcase classname="valid8.tests.readme.examples.test_example3" file="valid8/tests/readme/examples/test_example3.py" line="49" name="test_example_3[function_input_custom_is_valid_tuple-(0.5, &apos;AAA&apos;)-&lt;class &apos;ValueError&apos;&gt;]" time="0.002721548080444336"><system-out>calling function function_input_custom with custom func is_valid_tuple
Error validating input [t=(0.5, &apos;AAA&apos;)] for function [my_function]: validation function [is_valid_tuple] returned [False].
</system-out></testcase><testcase classname="valid8.tests.readme.examples.test_example3" file="valid8/tests/readme/examples/test_example3.py" line="49" name="test_example_3[function_input_custom_ex3_is_valid_tuple_pep-(0.2, &apos;foo&apos;)-True]" time="0.00541996955871582"><system-out>calling function function_input_custom with custom func ex3_is_valid_tuple_pep
</system-out></testcase><testcase classname="valid8.tests.readme.examples.test_example3" file="valid8/tests/readme/examples/test_example3.py" line="49" name="test_example_3[function_input_custom_ex3_is_valid_tuple_pep-(1.0, &apos;abc&apos;)-True]" time="0.005055427551269531"><system-out>calling function function_input_custom with custom func ex3_is_valid_tuple_pep
</system-out></testcase><testcase classname="valid8.tests.readme.examples.test_example3" file="valid8/tests/readme/examples/test_example3.py" line="49" name="test_example_3[function_input_custom_ex3_is_valid_tuple_pep-(0, &apos;foo&apos;)-True]" time="0.005465269088745117"><system-out>calling function function_input_custom with custom func ex3_is_valid_tuple_pep
</system-out></testcase><testcase classname="valid8.tests.readme.examples.test_example3" file="valid8/tests/readme/examples/test_example3.py" line="49" name="test_example_3[function_input_custom_ex3_is_valid_tuple_pep-1.1-&lt;class &apos;TypeError&apos;&gt;]" time="0.005339145660400391"><system-out>calling function function_input_custom with custom func ex3_is_valid_tuple_pep
Error validating input [t=1.1] for function [my_function]. Validation function [ex3_is_valid_tuple_pep] raised InputTypeError: 
  valid8.tests.readme.examples._tests_pep484.ex3_is_valid_tuple_pep
  called with incompatible types:
Expected: Tuple[Tuple[Real, str]]
Received: Tuple[float].
</system-out></testcase><testcase classname="valid8.tests.readme.examples.test_example3" file="valid8/tests/readme/examples/test_example3.py" line="49" name="test_example_3[function_input_custom_ex3_is_valid_tuple_pep-(0.2, &apos;foo&apos;, True)-&lt;class &apos;ValueError&apos;&gt;]" time="0.007952690124511719"><system-out>calling function function_input_custom with custom func ex3_is_valid_tuple_pep
Error validating input [t=(0.2, &apos;foo&apos;, True)] for function [my_function]. Validation function [ex3_is_valid_tuple_pep] raised InputTypeError: 
  valid8.tests.readme.examples._tests_pep484.ex3_is_valid_tuple_pep
  called with incompatible types:
Expected: Tuple[Tuple[Real, str]]
Received: Tuple[Tuple[float, str, bool]].
</system-out></testcase><testcase classname="valid8.tests.readme.examples.test_example3" file="valid8/tests/readme/examples/test_example3.py" line="49" name="test_example_3[function_input_custom_ex3_is_valid_tuple_pep-(&apos;1.0&apos;, &apos;foo&apos;)-&lt;class &apos;TypeError&apos;&gt;]" time="0.005454540252685547"><system-out>calling function function_input_custom with custom func ex3_is_valid_tuple_pep
Error validating input [t=(&apos;1.0&apos;, &apos;foo&apos;)] for function [my_function]. Validation function [ex3_is_valid_tuple_pep] raised InputTypeError: 
  valid8.tests.readme.examples._tests_pep484.ex3_is_valid_tuple_pep
  called with incompatible types:
Expected: Tuple[Tuple[Real, str]]
Received: Tuple[Tuple[str, str]].
</system-out></testcase><testcase classname="valid8.tests.readme.examples.test_example3" file="valid8/tests/readme/examples/test_example3.py" line="49" name="test_example_3[function_input_custom_ex3_is_valid_tuple_pep-(1.1, &apos;foo&apos;)-&lt;class &apos;ValueError&apos;&gt;]" time="0.003821849822998047"><system-out>calling function function_input_custom with custom func ex3_is_valid_tuple_pep
Error validating input [t=(1.1, &apos;foo&apos;)] for function [my_function]: validation function [ex3_is_valid_tuple_pep] returned [False].
</system-out></testcase><testcase classname="valid8.tests.readme.examples.test_example3" file="valid8/tests/readme/examples/test_example3.py" line="49" name="test_example_3[function_input_custom_ex3_is_valid_tuple_pep-(1.0, False)-&lt;class &apos;TypeError&apos;&gt;]" time="0.005493879318237305"><system-out>calling function function_input_custom with custom func ex3_is_valid_tuple_pep
Error validating input [t=(1.0, False)] for function [my_function]. Validation function [ex3_is_valid_tuple_pep] raised InputTypeError: 
  valid8.tests.readme.examples._tests_pep484.ex3_is_valid_tuple_pep
  called with incompatible types:
Expected: Tuple[Tuple[Real, str]]
Received: Tuple[Tuple[float, bool]].
</system-out></testcase><testcase classname="valid8.tests.readme.examples.test_example3" file="valid8/tests/readme/examples/test_example3.py" line="49" name="test_example_3[function_input_custom_ex3_is_valid_tuple_pep-(0.5, &apos;a&apos;)-&lt;class &apos;ValueError&apos;&gt;]" time="0.0068318843841552734"><system-out>calling function function_input_custom with custom func ex3_is_valid_tuple_pep
Error validating input [t=(0.5, &apos;a&apos;)] for function [my_function]: validation function [ex3_is_valid_tuple_pep] returned [False].
</system-out></testcase><testcase classname="valid8.tests.readme.examples.test_example3" file="valid8/tests/readme/examples/test_example3.py" line="49" name="test_example_3[function_input_custom_ex3_is_valid_tuple_pep-(0.5, &apos;AAA&apos;)-&lt;class &apos;ValueError&apos;&gt;]" time="0.004818439483642578"><system-out>calling function function_input_custom with custom func ex3_is_valid_tuple_pep
Error validating input [t=(0.5, &apos;AAA&apos;)] for function [my_function]: validation function [ex3_is_valid_tuple_pep] returned [False].
</system-out></testcase><testcase classname="valid8.tests.readme.examples.test_example3" file="valid8/tests/readme/examples/test_example3.py" line="49" name="test_example_3[function_input_custom_check_valid_tuple-(0.2, &apos;foo&apos;)-True]" time="0.004288673400878906"><system-out>calling function function_input_custom with custom func check_valid_tuple
</system-out></testcase><testcase classname="valid8.tests.readme.examples.test_example3" file="valid8/tests/readme/examples/test_example3.py" line="49" name="test_example_3[function_input_custom_check_valid_tuple-(1.0, &apos;abc&apos;)-True]" time="0.002906322479248047"><system-out>calling function function_input_custom with custom func check_valid_tuple
</system-out></testcase><testcase classname="valid8.tests.readme.examples.test_example3" file="valid8/tests/readme/examples/test_example3.py" line="49" name="test_example_3[function_input_custom_check_valid_tuple-(0, &apos;foo&apos;)-True]" time="0.003385305404663086"><system-out>calling function function_input_custom with custom func check_valid_tuple
</system-out></testcase><testcase classname="valid8.tests.readme.examples.test_example3" file="valid8/tests/readme/examples/test_example3.py" line="49" name="test_example_3[function_input_custom_check_valid_tuple-1.1-&lt;class &apos;TypeError&apos;&gt;]" time="0.002936124801635742"><system-out>calling function function_input_custom with custom func check_valid_tuple
Error validating input [t=1.1] for function [my_function]. Validation function [check_valid_tuple] raised TypeError: item should be a tuple.
</system-out></testcase><testcase classname="valid8.tests.readme.examples.test_example3" file="valid8/tests/readme/examples/test_example3.py" line="49" name="test_example_3[function_input_custom_check_valid_tuple-(0.2, &apos;foo&apos;, True)-&lt;class &apos;ValueError&apos;&gt;]" time="0.003901243209838867"><system-out>calling function function_input_custom with custom func check_valid_tuple
Error validating input [t=(0.2, &apos;foo&apos;, True)] for function [my_function]. Validation function [check_valid_tuple] raised ValueError: tuple length should be 2, found (0.2, &apos;foo&apos;, True).
</system-out></testcase><testcase classname="valid8.tests.readme.examples.test_example3" file="valid8/tests/readme/examples/test_example3.py" line="49" name="test_example_3[function_input_custom_check_valid_tuple-(&apos;1.0&apos;, &apos;foo&apos;)-&lt;class &apos;TypeError&apos;&gt;]" time="0.0035822391510009766"><system-out>calling function function_input_custom with custom func check_valid_tuple
Error validating input [t=(&apos;1.0&apos;, &apos;foo&apos;)] for function [my_function]. Validation function [check_valid_tuple] raised TypeError: first elt should be a Real, found 1.0.
</system-out></testcase><testcase classname="valid8.tests.readme.examples.test_example3" file="valid8/tests/readme/examples/test_example3.py" line="49" name="test_example_3[function_input_custom_check_valid_tuple-(1.1, &apos;foo&apos;)-&lt;class &apos;ValueError&apos;&gt;]" time="0.004026889801025391"><system-out>calling function function_input_custom with custom func check_valid_tuple
Error validating input [t=(1.1, &apos;foo&apos;)] for function [my_function]. Validation function [check_valid_tuple] raised ValueError: first elt should be between 0 and 1,found 1.1.
</system-out></testcase><testcase classname="valid8.tests.readme.examples.test_example3" file="valid8/tests/readme/examples/test_example3.py" line="49" name="test_example_3[function_input_custom_check_valid_tuple-(1.0, False)-&lt;class &apos;TypeError&apos;&gt;]" time="0.003750324249267578"><system-out>calling function function_input_custom with custom func check_valid_tuple
Error validating input [t=(1.0, False)] for function [my_function]. Validation function [check_valid_tuple] raised TypeError: second elt should be a string, found False.
</system-out></testcase><testcase classname="valid8.tests.readme.examples.test_example3" file="valid8/tests/readme/examples/test_example3.py" line="49" name="test_example_3[function_input_custom_check_valid_tuple-(0.5, &apos;a&apos;)-&lt;class &apos;ValueError&apos;&gt;]" time="0.0042078495025634766"><system-out>calling function function_input_custom with custom func check_valid_tuple
Error validating input [t=(0.5, &apos;a&apos;)] for function [my_function]. Validation function [check_valid_tuple] raised ValueError: second elt should be a lowercase string of length 3,found a.
</system-out></testcase><testcase classname="valid8.tests.readme.examples.test_example3" file="valid8/tests/readme/examples/test_example3.py" line="49" name="test_example_3[function_input_custom_check_valid_tuple-(0.5, &apos;AAA&apos;)-&lt;class &apos;ValueError&apos;&gt;]" time="0.004946708679199219"><system-out>calling function function_input_custom with custom func check_valid_tuple
Error validating input [t=(0.5, &apos;AAA&apos;)] for function [my_function]. Validation function [check_valid_tuple] raised ValueError: second elt should be a lowercase string of length 3,found AAA.
</system-out></testcase><testcase classname="valid8.tests.readme.examples.test_example3" file="valid8/tests/readme/examples/test_example3.py" line="49" name="test_example_3[function_input_custom_ex3_check_valid_tuple_pep-(0.2, &apos;foo&apos;)-True]" time="0.004866123199462891"><system-out>calling function function_input_custom with custom func ex3_check_valid_tuple_pep
</system-out></testcase><testcase classname="valid8.tests.readme.examples.test_example3" file="valid8/tests/readme/examples/test_example3.py" line="49" name="test_example_3[function_input_custom_ex3_check_valid_tuple_pep-(1.0, &apos;abc&apos;)-True]" time="0.00789022445678711"><system-out>calling function function_input_custom with custom func ex3_check_valid_tuple_pep
</system-out></testcase><testcase classname="valid8.tests.readme.examples.test_example3" file="valid8/tests/readme/examples/test_example3.py" line="49" name="test_example_3[function_input_custom_ex3_check_valid_tuple_pep-(0, &apos;foo&apos;)-True]" time="0.007448673248291016"><system-out>calling function function_input_custom with custom func ex3_check_valid_tuple_pep
</system-out></testcase><testcase classname="valid8.tests.readme.examples.test_example3" file="valid8/tests/readme/examples/test_example3.py" line="49" name="test_example_3[function_input_custom_ex3_check_valid_tuple_pep-1.1-&lt;class &apos;TypeError&apos;&gt;]" time="0.006728410720825195"><system-out>calling function function_input_custom with custom func ex3_check_valid_tuple_pep
Error validating input [t=1.1] for function [my_function]. Validation function [ex3_check_valid_tuple_pep] raised InputTypeError: 
  valid8.tests.readme.examples._tests_pep484.ex3_check_valid_tuple_pep
  called with incompatible types:
Expected: Tuple[Tuple[Real, str]]
Received: Tuple[float].
[...]
</system-out></testcase><testcase classname="valid8.tests.readme.examples.test_example3" file="valid8/tests/readme/examples/test_example3.py" line="49" name="test_example_3[with_validator_failure_raiser-(0.2, &apos;foo&apos;, True)-&lt;class &apos;ValueError&apos;&gt;]" time="0.003128528594970703"><system-out>Error validating [t=(0.2, &apos;foo&apos;, True)]. Validation function [# the tuple should be of length 2 ; if len(t) != 2: ; raise ValueError(&apos;tuple length should be 2, found &apos; + str(t))] raised ValueError: tuple length should be 2, found (0.2, &apos;foo&apos;, True).
</system-out></testcase><testcase classname="valid8.tests.readme.examples.test_example3" file="valid8/tests/readme/examples/test_example3.py" line="49" name="test_example_3[with_validator_failure_raiser-(&apos;1.0&apos;, &apos;foo&apos;)-&lt;class &apos;TypeError&apos;&gt;]" time="0.002877950668334961"><system-out>Error validating [t=(&apos;1.0&apos;, &apos;foo&apos;)]. Validation function [# the tuple should be of length 2 ; if len(t) != 2: ; raise ValueError(&apos;tuple length should be 2, found &apos; + str(t)) ;  ; # the first element is a float between 0 and 1 ; if not isinstance(t[0], Real): ; raise TypeError(&apos;first elt should be a Real, found &apos; + str(t[0]))] raised TypeError: first elt should be a Real, found 1.0.
</system-out></testcase><testcase classname="valid8.tests.readme.examples.test_example3" file="valid8/tests/readme/examples/test_example3.py" line="49" name="test_example_3[with_validator_failure_raiser-(1.1, &apos;foo&apos;)-&lt;class &apos;ValueError&apos;&gt;]" time="0.0028433799743652344"><system-out>Error validating [t=(1.1, &apos;foo&apos;)]. Validation function [# the tuple should be of length 2 ; if len(t) != 2: ; raise ValueError(&apos;tuple length should be 2, found &apos; + str(t)) ;  ; # the first element is a float between 0 and 1 ; if not isinstance(t[0], Real): ; raise TypeError(&apos;first elt should be a Real, found &apos; + str(t[0])) ; if not (0 &lt;= t[0] &lt;= 1): ; raise ValueError(&apos;first elt should be between 0 and 1,found &apos; + str(t[0]))] raised ValueError: first elt should be between 0 and 1,found 1.1.
</system-out></testcase><testcase classname="valid8.tests.readme.examples.test_example3" file="valid8/tests/readme/examples/test_example3.py" line="49" name="test_example_3[with_validator_failure_raiser-(1.0, False)-&lt;class &apos;TypeError&apos;&gt;]" time="0.0025177001953125"><system-out>Error validating [t=(1.0, False)]. Validation function [# the tuple should be of length 2 ; if len(t) != 2: ; raise ValueError(&apos;tuple length should be 2, found &apos; + str(t)) ;  ; # the first element is a float between 0 and 1 ; if not isinstance(t[0], Real): ; raise TypeError(&apos;first elt should be a Real, found &apos; + str(t[0])) ; if not (0 &lt;= t[0] &lt;= 1): ; raise ValueError(&apos;first elt should be between 0 and 1,found &apos; + str(t[0])) ;  ; # the second element is a lowercase string of size 3 ; if not isinstance(t[1], str): ; raise TypeError(&apos;second elt should be a string, found &apos; + str(t[1]))] raised TypeError: second elt should be a string, found False.
</system-out></testcase><testcase classname="valid8.tests.readme.examples.test_example3" file="valid8/tests/readme/examples/test_example3.py" line="49" name="test_example_3[with_validator_failure_raiser-(0.5, &apos;a&apos;)-&lt;class &apos;ValueError&apos;&gt;]" time="0.0021333694458007812"><system-out>Error validating [t=(0.5, &apos;a&apos;)]. Validation function [# the tuple should be of length 2 ; if len(t) != 2: ; raise ValueError(&apos;tuple length should be 2, found &apos; + str(t)) ;  ; # the first element is a float between 0 and 1 ; if not isinstance(t[0], Real): ; raise TypeError(&apos;first elt should be a Real, found &apos; + str(t[0])) ; if not (0 &lt;= t[0] &lt;= 1): ; raise ValueError(&apos;first elt should be between 0 and 1,found &apos; + str(t[0])) ;  ; # the second element is a lowercase string of size 3 ; if not isinstance(t[1], str): ; raise TypeError(&apos;second elt should be a string, found &apos; + str(t[1])) ; if not (len(t[1]) == 3 and t[1].islower()): ; raise ValueError(&apos;second elt should be a lowercase string of length 3,&apos; ; &apos;found &apos; + str(t[1]))] raised ValueError: second elt should be a lowercase string of length 3,found a.
</system-out></testcase><testcase classname="valid8.tests.readme.examples.test_example3" file="valid8/tests/readme/examples/test_example3.py" line="49" name="test_example_3[with_validator_failure_raiser-(0.5, &apos;AAA&apos;)-&lt;class &apos;ValueError&apos;&gt;]" time="0.002832651138305664"><system-out>Error validating [t=(0.5, &apos;AAA&apos;)]. Validation function [# the tuple should be of length 2 ; if len(t) != 2: ; raise ValueError(&apos;tuple length should be 2, found &apos; + str(t)) ;  ; # the first element is a float between 0 and 1 ; if not isinstance(t[0], Real): ; raise TypeError(&apos;first elt should be a Real, found &apos; + str(t[0])) ; if not (0 &lt;= t[0] &lt;= 1): ; raise ValueError(&apos;first elt should be between 0 and 1,found &apos; + str(t[0])) ;  ; # the second element is a lowercase string of size 3 ; if not isinstance(t[1], str): ; raise TypeError(&apos;second elt should be a string, found &apos; + str(t[1])) ; if not (len(t[1]) == 3 and t[1].islower()): ; raise ValueError(&apos;second elt should be a lowercase string of length 3,&apos; ; &apos;found &apos; + str(t[1]))] raised ValueError: second elt should be a lowercase string of length 3,found AAA.
</system-out></testcase><testcase classname="valid8.tests.readme.examples.test_example3" file="valid8/tests/readme/examples/test_example3.py" line="49" name="test_example_3[class_field_mini_lambda-(0.2, &apos;foo&apos;)-True]" time="0.0047800540924072266"></testcase><testcase classname="valid8.tests.readme.examples.test_example3" file="valid8/tests/readme/examples/test_example3.py" line="49" name="test_example_3[class_field_mini_lambda-(1.0, &apos;abc&apos;)-True]" time="0.004029512405395508"></testcase><testcase classname="valid8.tests.readme.examples.test_example3" file="valid8/tests/readme/examples/test_example3.py" line="49" name="test_example_3[class_field_mini_lambda-(0, &apos;foo&apos;)-True]" time="0.002852201461791992"></testcase><testcase classname="valid8.tests.readme.examples.test_example3" file="valid8/tests/readme/examples/test_example3.py" line="49" name="test_example_3[class_field_mini_lambda-1.1-&lt;class &apos;TypeError&apos;&gt;]" time="0.0047473907470703125"><system-out>Error validating field [t=1.1] for class [Foo]. Validation function [and(instance_of_&lt;class &apos;tuple&apos;&gt;, len(t) == 2, instance_of(t[0], Real), (t[0] &gt;= 0) &amp; (t[0] &lt;= 1), instance_of(t[1], str), len(t[1]) == 3, t[1].islower())] raised AtLeastOneFailed: At least one validation function failed validation for value [1.1]. Successes: [] / Failures: {&quot;instance_of_&lt;class &apos;tuple&apos;&gt;&quot;: &quot;HasWrongType: Value should be an instance of &lt;class &apos;tuple&apos;&gt;. Wrong value: [1.1]&quot;, &apos;len(t) == 2&apos;: &quot;TypeError: object of type &apos;float&apos; has no len()&quot;, &apos;instance_of(t[0], Real)&apos;: &quot;AttributeError: &apos;float&apos; object has no attribute &apos;__getitem__&apos;&quot;, &apos;(t[0] &gt;= 0) &amp; (t[0] &lt;= 1)&apos;: &quot;AttributeError: &apos;float&apos; object has no attribute &apos;__getitem__&apos;&quot;, &apos;instance_of(t[1], str)&apos;: &quot;AttributeError: &apos;float&apos; object has no attribute &apos;__getitem__&apos;&quot;, &apos;len(t[1]) == 3&apos;: &quot;AttributeError: &apos;float&apos; object has no attribute &apos;__getitem__&apos;&quot;, &apos;t[1].islower()&apos;: &quot;AttributeError: &apos;float&apos; object has no attribute &apos;__getitem__&apos;&quot;}.
</system-out></testcase><testcase classname="valid8.tests.readme.examples.test_example3" file="valid8/tests/readme/examples/test_example3.py" line="49" name="test_example_3[class_field_mini_lambda-(0.2, &apos;foo&apos;, True)-&lt;class &apos;ValueError&apos;&gt;]" time="0.004492521286010742"><system-out>Error validating field [t=(0.2, &apos;foo&apos;, True)] for class [Foo]. Validation function [and(instance_of_&lt;class &apos;tuple&apos;&gt;, len(t) == 2, instance_of(t[0], Real), (t[0] &gt;= 0) &amp; (t[0] &lt;= 1), instance_of(t[1], str), len(t[1]) == 3, t[1].islower())] raised AtLeastOneFailed: At least one validation function failed validation for value [(0.2, &apos;foo&apos;, True)]. Successes: [&quot;instance_of_&lt;class &apos;tuple&apos;&gt;&quot;, &apos;instance_of(t[0], Real)&apos;, &apos;(t[0] &gt;= 0) &amp; (t[0] &lt;= 1)&apos;, &apos;instance_of(t[1], str)&apos;, &apos;len(t[1]) == 3&apos;, &apos;t[1].islower()&apos;] / Failures: {&apos;len(t) == 2&apos;: &apos;False&apos;}.
</system-out></testcase><testcase classname="valid8.tests.readme.examples.test_example3" file="valid8/tests/readme/examples/test_example3.py" line="49" name="test_example_3[class_field_mini_lambda-(&apos;1.0&apos;, &apos;foo&apos;)-&lt;class &apos;TypeError&apos;&gt;]" time="0.004597902297973633"><system-out>Error validating field [t=(&apos;1.0&apos;, &apos;foo&apos;)] for class [Foo]. Validation function [and(instance_of_&lt;class &apos;tuple&apos;&gt;, len(t) == 2, instance_of(t[0], Real), (t[0] &gt;= 0) &amp; (t[0] &lt;= 1), instance_of(t[1], str), len(t[1]) == 3, t[1].islower())] raised AtLeastOneFailed: At least one validation function failed validation for value [(&apos;1.0&apos;, &apos;foo&apos;)]. Successes: [&quot;instance_of_&lt;class &apos;tuple&apos;&gt;&quot;, &apos;len(t) == 2&apos;, &apos;instance_of(t[1], str)&apos;, &apos;len(t[1]) == 3&apos;, &apos;t[1].islower()&apos;] / Failures: {&apos;instance_of(t[0], Real)&apos;: &quot;HasWrongType: Value should be an instance of &lt;class &apos;numbers.Real&apos;&gt;. Wrong value: [1.0]&quot;, &apos;(t[0] &gt;= 0) &amp; (t[0] &lt;= 1)&apos;: &apos;TypeError: unorderable types: str() &gt;= int()&apos;}.
</system-out></testcase><testcase classname="valid8.tests.readme.examples.test_example3" file="valid8/tests/readme/examples/test_example3.py" line="49" name="test_example_3[class_field_mini_lambda-(1.1, &apos;foo&apos;)-&lt;class &apos;ValueError&apos;&gt;]" time="0.003266572952270508"><system-out>Error validating field [t=(1.1, &apos;foo&apos;)] for class [Foo]. Validation function [and(instance_of_&lt;class &apos;tuple&apos;&gt;, len(t) == 2, instance_of(t[0], Real), (t[0] &gt;= 0) &amp; (t[0] &lt;= 1), instance_of(t[1], str), len(t[1]) == 3, t[1].islower())] raised AtLeastOneFailed: At least one validation function failed validation for value [(1.1, &apos;foo&apos;)]. Successes: [&quot;instance_of_&lt;class &apos;tuple&apos;&gt;&quot;, &apos;len(t) == 2&apos;, &apos;instance_of(t[0], Real)&apos;, &apos;instance_of(t[1], str)&apos;, &apos;len(t[1]) == 3&apos;, &apos;t[1].islower()&apos;] / Failures: {&apos;(t[0] &gt;= 0) &amp; (t[0] &lt;= 1)&apos;: &apos;False&apos;}.
</system-out></testcase><testcase classname="valid8.tests.readme.examples.test_example3" file="valid8/tests/readme/examples/test_example3.py" line="49" name="test_example_3[class_field_mini_lambda-(1.0, False)-&lt;class &apos;TypeError&apos;&gt;]" time="0.004934549331665039"><system-out>Error validating field [t=(1.0, False)] for class [Foo]. Validation function [and(instance_of_&lt;class &apos;tuple&apos;&gt;, len(t) == 2, instance_of(t[0], Real), (t[0] &gt;= 0) &amp; (t[0] &lt;= 1), instance_of(t[1], str), len(t[1]) == 3, t[1].islower())] raised AtLeastOneFailed: At least one validation function failed validation for value [(1.0, False)]. Successes: [&quot;instance_of_&lt;class &apos;tuple&apos;&gt;&quot;, &apos;len(t) == 2&apos;, &apos;instance_of(t[0], Real)&apos;, &apos;(t[0] &gt;= 0) &amp; (t[0] &lt;= 1)&apos;] / Failures: {&apos;instance_of(t[1], str)&apos;: &quot;HasWrongType: Value should be an instance of &lt;class &apos;str&apos;&gt;. Wrong value: [False]&quot;, &apos;len(t[1]) == 3&apos;: &quot;TypeError: object of type &apos;bool&apos; has no len()&quot;, &apos;t[1].islower()&apos;: &quot;AttributeError: &apos;bool&apos; object has no attribute &apos;islower&apos;&quot;}.
</system-out></testcase><testcase classname="valid8.tests.readme.examples.test_example3" file="valid8/tests/readme/examples/test_example3.py" line="49" name="test_example_3[class_field_mini_lambda-(0.5, &apos;a&apos;)-&lt;class &apos;ValueError&apos;&gt;]" time="0.0052602291107177734"><system-out>Error validating field [t=(0.5, &apos;a&apos;)] for class [Foo]. Validation function [and(instance_of_&lt;class &apos;tuple&apos;&gt;, len(t) == 2, instance_of(t[0], Real), (t[0] &gt;= 0) &amp; (t[0] &lt;= 1), instance_of(t[1], str), len(t[1]) == 3, t[1].islower())] raised AtLeastOneFailed: At least one validation function failed validation for value [(0.5, &apos;a&apos;)]. Successes: [&quot;instance_of_&lt;class &apos;tuple&apos;&gt;&quot;, &apos;len(t) == 2&apos;, &apos;instance_of(t[0], Real)&apos;, &apos;(t[0] &gt;= 0) &amp; (t[0] &lt;= 1)&apos;, &apos;instance_of(t[1], str)&apos;, &apos;t[1].islower()&apos;] / Failures: {&apos;len(t[1]) == 3&apos;: &apos;False&apos;}.
</system-out></testcase><testcase classname="valid8.tests.readme.examples.test_example3" file="valid8/tests/readme/examples/test_example3.py" line="49" name="test_example_3[class_field_mini_lambda-(0.5, &apos;AAA&apos;)-&lt;class &apos;ValueError&apos;&gt;]" time="0.004118204116821289"><system-out>Error validating field [t=(0.5, &apos;AAA&apos;)] for class [Foo]. Validation function [and(instance_of_&lt;class &apos;tuple&apos;&gt;, len(t) == 2, instance_of(t[0], Real), (t[0] &gt;= 0) &amp; (t[0] &lt;= 1), instance_of(t[1], str), len(t[1]) == 3, t[1].islower())] raised AtLeastOneFailed: At least one validation function failed validation for value [(0.5, &apos;AAA&apos;)]. Successes: [&quot;instance_of_&lt;class &apos;tuple&apos;&gt;&quot;, &apos;len(t) == 2&apos;, &apos;instance_of(t[0], Real)&apos;, &apos;(t[0] &gt;= 0) &amp; (t[0] &lt;= 1)&apos;, &apos;instance_of(t[1], str)&apos;, &apos;len(t[1]) == 3&apos;] / Failures: {&apos;t[1].islower()&apos;: &apos;False&apos;}.
</system-out></testcase><testcase classname="valid8.tests.validation_lib.test_validators_collections" file="valid8/tests/validation_lib/test_validators_collections.py" line="7" name="test_is_in" time="0.0015866756439208984"></testcase><testcase classname="valid8.tests.validation_lib.test_validators_collections" file="valid8/tests/validation_lib/test_validators_collections.py" line="15" name="test_contains" time="0.0037696361541748047"></testcase><testcase classname="valid8.tests.validation_lib.test_validators_collections" file="valid8/tests/validation_lib/test_validators_collections.py" line="22" name="test_is_subset_is_superset" time="0.0017266273498535156"></testcase><testcase classname="valid8.tests.validation_lib.test_validators_collections" file="valid8/tests/validation_lib/test_validators_collections.py" line="45" name="test_on_all" time="0.0018513202667236328"></testcase><testcase classname="valid8.tests.validation_lib.test_validators_collections" file="valid8/tests/validation_lib/test_validators_collections.py" line="54" name="test_on_each" time="0.0033020973205566406"></testcase><testcase classname="valid8.tests.validation_lib.test_validators_collections" file="valid8/tests/validation_lib/test_validators_collections.py" line="63" name="test_haslen" time="0.0012173652648925781"></testcase><testcase classname="valid8.tests.validation_lib.test_validators_collections" file="valid8/tests/validation_lib/test_validators_collections.py" line="70" name="test_minlen" time="0.0019283294677734375"></testcase><testcase classname="valid8.tests.validation_lib.test_validators_collections" file="valid8/tests/validation_lib/test_validators_collections.py" line="77" name="test_minlens" time="0.0014681816101074219"></testcase><testcase classname="valid8.tests.validation_lib.test_validators_collections" file="valid8/tests/validation_lib/test_validators_collections.py" line="84" name="test_maxlen" time="0.0011026859283447266"></testcase><testcase classname="valid8.tests.validation_lib.test_validators_collections" file="valid8/tests/validation_lib/test_validators_collections.py" line="91" name="test_maxlens" time="0.001470804214477539"></testcase><testcase classname="valid8.tests.validation_lib.test_validators_collections" file="valid8/tests/validation_lib/test_validators_collections.py" line="98" name="test_length_between" time="0.0017397403717041016"></testcase><testcase classname="valid8.tests.validation_lib.test_validators_collections" file="valid8/tests/validation_lib/test_validators_collections.py" line="110" name="test_numpy_nan_like_lengths" time="0.0016770362854003906"></testcase><testcase classname="valid8.tests.validation_lib.test_validators_comparables" file="valid8/tests/validation_lib/test_validators_comparables.py" line="5" name="test_gt" time="0.0016608238220214844"></testcase><testcase classname="valid8.tests.validation_lib.test_validators_comparables" file="valid8/tests/validation_lib/test_validators_comparables.py" line="12" name="test_gts" time="0.0015172958374023438"></testcase><testcase classname="valid8.tests.validation_lib.test_validators_comparables" file="valid8/tests/validation_lib/test_validators_comparables.py" line="19" name="test_lt" time="0.0012695789337158203"></testcase><testcase classname="valid8.tests.validation_lib.test_validators_comparables" file="valid8/tests/validation_lib/test_validators_comparables.py" line="26" name="test_lts" time="0.0010559558868408203"></testcase><testcase classname="valid8.tests.validation_lib.test_validators_comparables" file="valid8/tests/validation_lib/test_validators_comparables.py" line="33" name="test_between" time="0.0017254352569580078"></testcase><testcase classname="valid8.tests.validation_lib.test_validators_comparables" file="valid8/tests/validation_lib/test_validators_comparables.py" line="45" name="test_numpy_nan" time="0.001737356185913086"></testcase><testcase classname="valid8.tests.validation_lib.test_validators_numbers" file="valid8/tests/validation_lib/test_validators_numbers.py" line="5" name="test_is_even" time="0.0016605854034423828"></testcase><testcase classname="valid8.tests.validation_lib.test_validators_numbers" file="valid8/tests/validation_lib/test_validators_numbers.py" line="11" name="test_is_odd" time="0.001645803451538086"></testcase><testcase classname="valid8.tests.validation_lib.test_validators_numbers" file="valid8/tests/validation_lib/test_validators_numbers.py" line="17" name="test_is_multiple_of" time="0.001466989517211914"></testcase><testcase classname="valid8.tests.validation_lib.test_validators_types" file="valid8/tests/validation_lib/test_validators_types.py" line="5" name="test_instance_of" time="0.0013594627380371094"></testcase><testcase classname="valid8.tests.validation_lib.test_validators_types" file="valid8/tests/validation_lib/test_validators_types.py" line="31" name="test_subclass_of" time="0.0013463497161865234"></testcase></testsuite>