<?xml version="1.0" encoding="utf-8"?><testsuite errors="0" failures="3" name="pytest" skips="0" tests="413" time="6.537"><testcase classname="valid8.tests.test_composition" file="valid8/tests/test_composition.py" line="6" name="test_empty_validators_list" time="0.003263235092163086"></testcase><testcase classname="valid8.tests.test_composition" file="valid8/tests/test_composition.py" line="13" name="test_list_implicit_and" time="0.0019686222076416016"></testcase><testcase classname="valid8.tests.test_composition" file="valid8/tests/test_composition.py" line="22" name="test_not_not_all" time="0.003937244415283203"></testcase><testcase classname="valid8.tests.test_composition" file="valid8/tests/test_composition.py" line="56" name="test_validate_or" time="0.0016446113586425781"></testcase><testcase classname="valid8.tests.test_composition" file="valid8/tests/test_composition.py" line="82" name="test_validate_xor" time="0.002424955368041992"></testcase><testcase classname="valid8.tests.test_composition" file="valid8/tests/test_composition.py" line="106" name="test_validate_and" time="0.002191781997680664"></testcase><testcase classname="valid8.tests.test_entry_points_annotations" file="valid8/tests/test_entry_points_annotations.py" line="8" name="test_validate_field" time="0.003940105438232422"></testcase><testcase classname="valid8.tests.test_entry_points_annotations" file="valid8/tests/test_entry_points_annotations.py" line="53" name="test_validate_field_property" time="0.0032711029052734375"></testcase><testcase classname="valid8.tests.test_entry_points_annotations" file="valid8/tests/test_entry_points_annotations.py" line="103" name="test_validate_field_custom_type" time="0.005707979202270508"></testcase><testcase classname="valid8.tests.test_entry_points_annotations" file="valid8/tests/test_entry_points_annotations.py" line="142" name="test_validate_attr" time="0.0073544979095458984"></testcase><testcase classname="valid8.tests.test_entry_points_annotations" file="valid8/tests/test_entry_points_annotations.py" line="154" name="test_validate_arg_nominal_builtin_validators" time="0.005912065505981445"><system-out>hello
hello
</system-out></testcase><testcase classname="valid8.tests.test_entry_points_annotations" file="valid8/tests/test_entry_points_annotations.py" line="184" name="test_validate_out" time="0.004767417907714844"></testcase><testcase classname="valid8.tests.test_entry_points_annotations" file="valid8/tests/test_entry_points_annotations.py" line="201" name="test_validate_nominal_builtin_validators" time="0.0064737796783447266"><system-out>hello
hello
</system-out></testcase><testcase classname="valid8.tests.test_entry_points_annotations" file="valid8/tests/test_entry_points_annotations.py" line="231" name="test_validate_custom_validators_basic" time="0.004608631134033203"><system-out>hello
</system-out></testcase><testcase classname="valid8.tests.test_entry_points_annotations" file="valid8/tests/test_entry_points_annotations.py" line="279" name="test_validate_custom_validators_with_exception" time="0.0039446353912353516"><system-out>hello
1
2
3
</system-out></testcase><testcase classname="valid8.tests.test_entry_points_annotations" file="valid8/tests/test_entry_points_annotations.py" line="332" name="test_validate_mini_lambda" time="0.0036497116088867188"><system-out>Hello, john your age is 20
</system-out></testcase><testcase classname="valid8.tests.test_entry_points_annotations" file="valid8/tests/test_entry_points_annotations.py" line="345" name="test_validate_none_enforce" time="0.008305549621582031"><system-out>hello
</system-out></testcase><testcase classname="valid8.tests.test_entry_points_annotations" file="valid8/tests/test_entry_points_annotations.py" line="366" name="test_validate_none_pytypes" time="0.017073631286621094"><system-out>hello
</system-out></testcase><testcase classname="valid8.tests.test_entry_points_annotations" file="valid8/tests/test_entry_points_annotations.py" line="387" name="test_validate_none_is_allowed" time="0.0029172897338867188"><system-out>hello
hello
</system-out></testcase><testcase classname="valid8.tests.test_entry_points_annotations" file="valid8/tests/test_entry_points_annotations.py" line="399" name="test_validate_name_error" time="0.0016131401062011719"></testcase><testcase classname="valid8.tests.test_entry_points_annotations" file="valid8/tests/test_entry_points_annotations.py" line="408" name="test_decorate_manually" time="0.0030820369720458984"></testcase><testcase classname="valid8.tests.test_entry_points_annotations" file="valid8/tests/test_entry_points_annotations.py" line="420" name="test_validate_tracebacks" time="0.0029518604278564453"></testcase><testcase classname="valid8.tests.test_entry_points_inline" file="valid8/tests/test_entry_points_inline.py" line="4" name="test_validate_" time="0.002054929733276367"></testcase><testcase classname="valid8.tests.test_entry_points_inline" file="valid8/tests/test_entry_points_inline.py" line="30" name="test_readme_usage_validate__customization" time="0.0037126541137695312"></testcase><testcase classname="valid8.tests.test_entry_points_inline" file="valid8/tests/test_entry_points_inline.py" line="68" name="test_wrap_valid" time="0.00858616828918457"><failure message="assert &apos;Error valida...ex() &gt; int().&apos; == &quot;Error validat...x&apos; and &apos;int&apos;.&quot;
  - Error validating [surface=1j]. Validation function [v.alid = surf &gt; 0 and isfinite(surf)] raised TypeError: unorderable types: complex() &gt; int().
  ?                                                                                                             ^     ^ ^^^^^^^  ^^       ^^^^^   ^^
  + Error validating [surface=1j]. Validation function [v.alid = surf &gt; 0 and isfinite(surf)] raised TypeError: &apos;&gt;&apos; not supported between instances of &apos;complex&apos; and &apos;int&apos;.
  ?                                                                                                             ^^^^  +++++++ ++ ++ ^^^^^^^^^^ ^^  ^^^^^       ^^^^^^^   ^">def test_wrap_valid():
        &quot;&quot;&quot; Tests the validation context manager &quot;&quot;&quot;
    
        from valid8 import wrap_valid
        from math import isfinite
    
        # nominal
        surf = 2
        with wrap_valid(&apos;surface&apos;, surf) as v:
            v.alid = surf &gt; 0 and isfinite(surf)
    
        # wrong value (no inner exception)
        surf = -1
        with pytest.raises(ValidationError) as exc_info:
            with wrap_valid(&apos;surface&apos;, surf) as v:
                v.alid = surf &gt; 0 and isfinite(surf)
        e = exc_info.value
        assert str(e) == &quot;Error validating [surface=-1]: &quot; \
                         &quot;validation function [v.alid = surf &gt; 0 and isfinite(surf)] returned [False].&quot;
    
        # wrong type (inner exception)
        with pytest.raises(ValidationError) as exc_info:
            surf = 1j
            with wrap_valid(&apos;surface&apos;, surf) as v:
                v.alid = surf &gt; 0 and isfinite(surf)
        e = exc_info.value
&gt;       assert str(e) == &quot;Error validating [surface=1j]. &quot; \
                         &quot;Validation function [v.alid = surf &gt; 0 and isfinite(surf)] raised &quot; \
                         &quot;TypeError: &apos;&gt;&apos; not supported between instances of &apos;complex&apos; and &apos;int&apos;.&quot;
E       assert &apos;Error valida...ex() &gt; int().&apos; == &quot;Error validat...x&apos; and &apos;int&apos;.&quot;
E         - Error validating [surface=1j]. Validation function [v.alid = surf &gt; 0 and isfinite(surf)] raised TypeError: unorderable types: complex() &gt; int().
E         ?                                                                                                             ^     ^ ^^^^^^^  ^^       ^^^^^   ^^
E         + Error validating [surface=1j]. Validation function [v.alid = surf &gt; 0 and isfinite(surf)] raised TypeError: &apos;&gt;&apos; not supported between instances of &apos;complex&apos; and &apos;int&apos;.
E         ?                                                                                                             ^^^^  +++++++ ++ ++ ^^^^^^^^^^ ^^  ^^^^^       ^^^^^^^   ^

valid8/tests/test_entry_points_inline.py:95: AssertionError</failure></testcase><testcase classname="valid8.tests.test_entry_points_inline" file="valid8/tests/test_entry_points_inline.py" line="99" name="test_readme_usage_wrap_valid_customization" time="0.004836559295654297"><failure message="assert &apos;Surface shou...ex() &gt; int().&apos; == &quot;Surface shoul...x&apos; and &apos;int&apos;.&quot;
  - Surface should be a finite positive integer. Error validating [surface=1j]. Validation function [v.alid = surf &gt; 0 and isfinite(surf)] raised TypeError: unorderable types: complex() &gt; int().
  ?                                                                                                                                                          ^^^^^^^^ ^^^^^^^^^^       ^^^^^^^^^^^
  + Surface should be a finite positive integer. Error validating [surface=1j]. Validation function [v.alid = surf &gt; 0 and isfinite(surf)] raised TypeError: &apos;&gt;&apos; not supported between instances of &apos;complex&apos; and &apos;int&apos;.
  ?                                                                                                                                                          ^^^^^^^^^^^^^^^^^^ ^^^^^^^^^^^^^^^^^^^^^       ^^^^^^^^^^^^">def test_readme_usage_wrap_valid_customization():
    
        from valid8 import wrap_valid
        from math import isfinite
    
        surf = 1j
    
        # (A) custom error message (exception is still a ValidationError)
        with pytest.raises(ValidationError) as exc_info:
            with wrap_valid(&apos;surface&apos;, surf, help_msg=&quot;Surface should be a finite positive integer&quot;) as v:
                v.alid = surf &gt; 0 and isfinite(surf)
        e = exc_info.value
&gt;       assert str(e) == &quot;Surface should be a finite positive integer. Error validating [surface=1j]. &quot; \
                         &quot;Validation function [v.alid = surf &gt; 0 and isfinite(surf)] raised &quot; \
                         &quot;TypeError: &apos;&gt;&apos; not supported between instances of &apos;complex&apos; and &apos;int&apos;.&quot;
E       assert &apos;Surface shou...ex() &gt; int().&apos; == &quot;Surface shoul...x&apos; and &apos;int&apos;.&quot;
E         - Surface should be a finite positive integer. Error validating [surface=1j]. Validation function [v.alid = surf &gt; 0 and isfinite(surf)] raised TypeError: unorderable types: complex() &gt; int().
E         ?                                                                                                                                                          ^^^^^^^^ ^^^^^^^^^^       ^^^^^^^^^^^
E         + Surface should be a finite positive integer. Error validating [surface=1j]. Validation function [v.alid = surf &gt; 0 and isfinite(surf)] raised TypeError: &apos;&gt;&apos; not supported between instances of &apos;complex&apos; and &apos;int&apos;.
E         ?                                                                                                                                                          ^^^^^^^^^^^^^^^^^^ ^^^^^^^^^^^^^^^^^^^^^       ^^^^^^^^^^^^

valid8/tests/test_entry_points_inline.py:112: AssertionError</failure></testcase><testcase classname="valid8.tests.test_entry_points_inline" file="valid8/tests/test_entry_points_inline.py" line="139" name="test_validate_tracebacks" time="0.002507925033569336"></testcase><testcase classname="valid8.tests.test_readme_combining" file="valid8/tests/test_readme_combining.py" line="7" name="test_readme_index_combining_enforce" time="0.008429527282714844"><system-out>Building house... DONE !
Building house... DONE !
</system-out></testcase><testcase classname="valid8.tests.test_readme_combining" file="valid8/tests/test_readme_combining.py" line="50" name="test_readme_index_combining_autoclass" time="0.01343393325805664"></testcase><testcase classname="valid8.tests.test_readme_combining" file="valid8/tests/test_readme_combining.py" line="82" name="test_readme_index_combining_autoclass_2" time="0.006953239440917969"></testcase><testcase classname="valid8.tests.test_readme_combining" file="valid8/tests/test_readme_combining.py" line="113" name="test_readme_index_combining_attrs" time="0.004708051681518555"></testcase><testcase classname="valid8.tests.test_readme_combining" file="valid8/tests/test_readme_combining.py" line="145" name="test_unused_pytypes" time="0.017168760299682617"><system-out>you did it !
you did it !
</system-out></testcase><testcase classname="valid8.tests.test_readme_examples" file="valid8/tests/test_readme_examples.py" line="7" name="test_readme_examples_4" time="0.005720376968383789"></testcase><testcase classname="valid8.tests.test_readme_index" file="valid8/tests/test_readme_index.py" line="9" name="test_readme_index_usage_quick" time="0.002834320068359375"></testcase><testcase classname="valid8.tests.test_readme_index" file="valid8/tests/test_readme_index.py" line="23" name="test_readme_usage_wrap_valid" time="0.008919715881347656"><failure message="assert &apos;Error valida...ex() &gt; int().&apos; == &quot;Error validat...x&apos; and &apos;int&apos;.&quot;
  - Error validating [surface=1j]. Validation function [v.alid = surf &gt; 0 and isfinite(surf)] raised TypeError: unorderable types: complex() &gt; int().
  ?                                                                                                             ^     ^ ^^^^^^^  ^^       ^^^^^   ^^
  + Error validating [surface=1j]. Validation function [v.alid = surf &gt; 0 and isfinite(surf)] raised TypeError: &apos;&gt;&apos; not supported between instances of &apos;complex&apos; and &apos;int&apos;.
  ?                                                                                                             ^^^^  +++++++ ++ ++ ^^^^^^^^^^ ^^  ^^^^^       ^^^^^^^   ^">def test_readme_usage_wrap_valid():
        &quot;&quot;&quot; Tests that the example under index/usage/validation works &quot;&quot;&quot;
    
        from valid8 import wrap_valid
        from math import isfinite
    
        surf = -1
    
        with pytest.raises(ValidationError) as exc_info:
            with wrap_valid(&apos;surface&apos;, surf) as v:
                v.alid = surf &gt; 0 and isfinite(surf)
        e = exc_info.value
        assert str(e) == &quot;Error validating [surface=-1]: &quot; \
                         &quot;validation function [v.alid = surf &gt; 0 and isfinite(surf)] returned [False].&quot;
    
        surf = 1j
    
        with pytest.raises(ValidationError) as exc_info:
            with wrap_valid(&apos;surface&apos;, surf) as v:
                v.alid = surf &gt; 0 and isfinite(surf)
        e = exc_info.value
&gt;       assert str(e) == &quot;Error validating [surface=1j]. &quot; \
                         &quot;Validation function [v.alid = surf &gt; 0 and isfinite(surf)] raised &quot; \
                         &quot;TypeError: &apos;&gt;&apos; not supported between instances of &apos;complex&apos; and &apos;int&apos;.&quot;
E       assert &apos;Error valida...ex() &gt; int().&apos; == &quot;Error validat...x&apos; and &apos;int&apos;.&quot;
E         - Error validating [surface=1j]. Validation function [v.alid = surf &gt; 0 and isfinite(surf)] raised TypeError: unorderable types: complex() &gt; int().
E         ?                                                                                                             ^     ^ ^^^^^^^  ^^       ^^^^^   ^^
E         + Error validating [surface=1j]. Validation function [v.alid = surf &gt; 0 and isfinite(surf)] raised TypeError: &apos;&gt;&apos; not supported between instances of &apos;complex&apos; and &apos;int&apos;.
E         ?                                                                                                             ^^^^  +++++++ ++ ++ ^^^^^^^^^^ ^^  ^^^^^       ^^^^^^^   ^

valid8/tests/test_readme_index.py:45: AssertionError</failure></testcase><testcase classname="valid8.tests.test_readme_index" file="valid8/tests/test_readme_index.py" line="77" name="test_readme_usage_customization" time="0.004172563552856445"></testcase><testcase classname="valid8.tests.test_readme_index" file="valid8/tests/test_readme_index.py" line="141" name="test_readme_index_usage_basic" time="0.0030527114868164062"></testcase><testcase classname="valid8.tests.test_readme_index" file="valid8/tests/test_readme_index.py" line="165" name="test_readme_index_usage_function" time="0.005162477493286133"><system-out>Building house... DONE !
Building house... DONE !
Building house... DONE !
</system-out></testcase><testcase classname="valid8.tests.test_readme_index" file="valid8/tests/test_readme_index.py" line="210" name="test_readme_index_usage_class_fields" time="0.0040283203125"></testcase><testcase classname="valid8.tests.test_readme_index" file="valid8/tests/test_readme_index.py" line="244" name="test_testing" time="0.0018186569213867188"></testcase><testcase classname="valid8.tests.test_readme_index" file="valid8/tests/test_readme_index.py" line="259" name="test_advanced_composition" time="0.0021827220916748047"></testcase><testcase classname="valid8.tests.test_readme_index" file="valid8/tests/test_readme_index.py" line="278" name="test_readme_index_usage_customization" time="0.004362344741821289"></testcase><testcase classname="valid8.tests.test_readme_index" file="valid8/tests/test_readme_index.py" line="337" name="test_readme_index_usage_composition" time="0.006623744964599609"></testcase><testcase classname="valid8.tests.test_readme_usage" file="valid8/tests/test_readme_usage.py" line="8" name="test_tutorial" time="0.004269599914550781"></testcase><testcase classname="valid8.tests.test_readme_usage" file="valid8/tests/test_readme_usage.py" line="68" name="test_usage_base_validation_functions" time="0.0015611648559570312"></testcase><testcase classname="valid8.tests.test_readme_usage" file="valid8/tests/test_readme_usage.py" line="74" name="test_usage_ensure_valid" time="0.006422996520996094"></testcase><testcase classname="valid8.tests.test_readme_usage" file="valid8/tests/test_readme_usage.py" line="124" name="test_usage_is_valid" time="0.0037245750427246094"></testcase><testcase classname="valid8.tests.test_readme_usage" file="valid8/tests/test_readme_usage.py" line="164" name="test_usage_validators" time="0.004431009292602539"></testcase><testcase classname="valid8.tests.test_readme_usage" file="valid8/tests/test_readme_usage.py" line="321" name="test_usage_validate_annotation" time="0.004642009735107422"></testcase><testcase classname="valid8.tests.test_readme_usage" file="valid8/tests/test_readme_usage.py" line="338" name="test_usage_custom_validators" time="0.008730649948120117"></testcase><testcase classname="valid8.tests.test_readme_examples.test_example1" file="valid8/tests/test_readme_examples/test_example1.py" line="133" name="test_example_1[class_field_mini_lambda-0-True]" time="0.004648447036743164"></testcase><testcase classname="valid8.tests.test_readme_examples.test_example1" file="valid8/tests/test_readme_examples/test_example1.py" line="133" name="test_example_1[class_field_mini_lambda-100-True]" time="0.004915952682495117"></testcase><testcase classname="valid8.tests.test_readme_examples.test_example1" file="valid8/tests/test_readme_examples/test_example1.py" line="133" name="test_example_1[class_field_mini_lambda-foo-TypeError]" time="0.005515336990356445"><system-out>Error validating field [x=foo] for class [Foo]. Validation function [and(instance_of_&lt;class &apos;numbers.Integral&apos;&gt;, x &gt;= 0)] raised AtLeastOneFailed: At least one validation function failed validation for value [foo]. Successes: [] / Failures: {&quot;instance_of_&lt;class &apos;numbers.Integral&apos;&gt;&quot;: &quot;HasWrongType: Value should be an instance of &lt;class &apos;numbers.Integral&apos;&gt;. Wrong value: [foo]&quot;, &apos;x &gt;= 0&apos;: &apos;TypeError: unorderable types: str() &gt;= int()&apos;}.
</system-out></testcase><testcase classname="valid8.tests.test_readme_examples.test_example1" file="valid8/tests/test_readme_examples/test_example1.py" line="133" name="test_example_1[class_field_mini_lambda-1.0-TypeError]" time="0.04355120658874512"><system-out>Error validating field [x=1.0] for class [Foo]. Validation function [and(instance_of_&lt;class &apos;numbers.Integral&apos;&gt;, x &gt;= 0)] raised AtLeastOneFailed: At least one validation function failed validation for value [1.0]. Successes: [&apos;x &gt;= 0&apos;] / Failures: {&quot;instance_of_&lt;class &apos;numbers.Integral&apos;&gt;&quot;: &quot;HasWrongType: Value should be an instance of &lt;class &apos;numbers.Integral&apos;&gt;. Wrong value: [1.0]&quot;}.
</system-out></testcase><testcase classname="valid8.tests.test_readme_examples.test_example1" file="valid8/tests/test_readme_examples/test_example1.py" line="133" name="test_example_1[class_field_mini_lambda--1-ValueError]" time="0.004388093948364258"><system-out>Error validating field [x=-1] for class [Foo]. Validation function [and(instance_of_&lt;class &apos;numbers.Integral&apos;&gt;, x &gt;= 0)] raised AtLeastOneFailed: At least one validation function failed validation for value [-1]. Successes: [&quot;instance_of_&lt;class &apos;numbers.Integral&apos;&gt;&quot;] / Failures: {&apos;x &gt;= 0&apos;: &apos;False&apos;}.
</system-out></testcase><testcase classname="valid8.tests.test_readme_examples.test_example1" file="valid8/tests/test_readme_examples/test_example1.py" line="133" name="test_example_1[inline_validate-0-True]" time="0.003358602523803711"></testcase><testcase classname="valid8.tests.test_readme_examples.test_example1" file="valid8/tests/test_readme_examples/test_example1.py" line="133" name="test_example_1[inline_validate-100-True]" time="0.003916025161743164"></testcase><testcase classname="valid8.tests.test_readme_examples.test_example1" file="valid8/tests/test_readme_examples/test_example1.py" line="133" name="test_example_1[inline_validate-foo-TypeError]" time="0.0037467479705810547"><system-out>Error validating [x=foo]. HasWrongType: Value should be an instance of &lt;class &apos;numbers.Integral&apos;&gt;. Wrong value: [foo].
</system-out></testcase><testcase classname="valid8.tests.test_readme_examples.test_example1" file="valid8/tests/test_readme_examples/test_example1.py" line="133" name="test_example_1[inline_validate-1.0-TypeError]" time="0.003391265869140625"><system-out>Error validating [x=1.0]. HasWrongType: Value should be an instance of &lt;class &apos;numbers.Integral&apos;&gt;. Wrong value: [1.0].
</system-out></testcase><testcase classname="valid8.tests.test_readme_examples.test_example1" file="valid8/tests/test_readme_examples/test_example1.py" line="133" name="test_example_1[inline_validate--1-ValueError]" time="0.0032739639282226562"><system-out>Error validating [x=-1]. TooSmall: x &gt;= 0 does not hold for x=-1. Wrong value: [-1].
</system-out></testcase><testcase classname="valid8.tests.test_readme_examples.test_example1" file="valid8/tests/test_readme_examples/test_example1.py" line="133" name="test_example_1[function_io_mini_lambda-0-True]" time="0.005338191986083984"></testcase><testcase classname="valid8.tests.test_readme_examples.test_example1" file="valid8/tests/test_readme_examples/test_example1.py" line="133" name="test_example_1[function_io_mini_lambda-100-True]" time="0.004418134689331055"></testcase><testcase classname="valid8.tests.test_readme_examples.test_example1" file="valid8/tests/test_readme_examples/test_example1.py" line="133" name="test_example_1[function_io_mini_lambda-foo-TypeError]" time="0.005353450775146484"><system-out>Error validating input [x=foo] for function [my_function3]. Validation function [and(instance_of_&lt;class &apos;numbers.Integral&apos;&gt;, x &gt;= 0)] raised AtLeastOneFailed: At least one validation function failed validation for value [foo]. Successes: [] / Failures: {&quot;instance_of_&lt;class &apos;numbers.Integral&apos;&gt;&quot;: &quot;HasWrongType: Value should be an instance of &lt;class &apos;numbers.Integral&apos;&gt;. Wrong value: [foo]&quot;, &apos;x &gt;= 0&apos;: &apos;TypeError: unorderable types: str() &gt;= int()&apos;}.
</system-out></testcase><testcase classname="valid8.tests.test_readme_examples.test_example1" file="valid8/tests/test_readme_examples/test_example1.py" line="133" name="test_example_1[function_io_mini_lambda-1.0-TypeError]" time="0.004296064376831055"><system-out>Error validating input [x=1.0] for function [my_function3]. Validation function [and(instance_of_&lt;class &apos;numbers.Integral&apos;&gt;, x &gt;= 0)] raised AtLeastOneFailed: At least one validation function failed validation for value [1.0]. Successes: [&apos;x &gt;= 0&apos;] / Failures: {&quot;instance_of_&lt;class &apos;numbers.Integral&apos;&gt;&quot;: &quot;HasWrongType: Value should be an instance of &lt;class &apos;numbers.Integral&apos;&gt;. Wrong value: [1.0]&quot;}.
</system-out></testcase><testcase classname="valid8.tests.test_readme_examples.test_example1" file="valid8/tests/test_readme_examples/test_example1.py" line="133" name="test_example_1[function_io_mini_lambda--1-ValueError]" time="0.00413823127746582"><system-out>Error validating input [x=-1] for function [my_function3]. Validation function [and(instance_of_&lt;class &apos;numbers.Integral&apos;&gt;, x &gt;= 0)] raised AtLeastOneFailed: At least one validation function failed validation for value [-1]. Successes: [&quot;instance_of_&lt;class &apos;numbers.Integral&apos;&gt;&quot;] / Failures: {&apos;x &gt;= 0&apos;: &apos;False&apos;}.
</system-out></testcase><testcase classname="valid8.tests.test_readme_examples.test_example1" file="valid8/tests/test_readme_examples/test_example1.py" line="133" name="test_example_1[with_validator-0-True]" time="0.004370689392089844"></testcase><testcase classname="valid8.tests.test_readme_examples.test_example1" file="valid8/tests/test_readme_examples/test_example1.py" line="133" name="test_example_1[with_validator-100-True]" time="0.0038099288940429688"></testcase><testcase classname="valid8.tests.test_readme_examples.test_example1" file="valid8/tests/test_readme_examples/test_example1.py" line="133" name="test_example_1[with_validator-foo-TypeError]" time="0.004488945007324219"><system-out>Error validating [x=foo]. HasWrongType: Value should be an instance of &lt;class &apos;numbers.Integral&apos;&gt;. Wrong value: [foo].
</system-out></testcase><testcase classname="valid8.tests.test_readme_examples.test_example1" file="valid8/tests/test_readme_examples/test_example1.py" line="133" name="test_example_1[with_validator-1.0-TypeError]" time="0.006367683410644531"><system-out>Error validating [x=1.0]. HasWrongType: Value should be an instance of &lt;class &apos;numbers.Integral&apos;&gt;. Wrong value: [1.0].
</system-out></testcase><testcase classname="valid8.tests.test_readme_examples.test_example1" file="valid8/tests/test_readme_examples/test_example1.py" line="133" name="test_example_1[with_validator--1-ValueError]" time="0.004087686538696289"><system-out>Error validating [x=-1]: validation function [v.alid = x &gt;= 0] returned [False].
</system-out></testcase><testcase classname="valid8.tests.test_readme_examples.test_example1" file="valid8/tests/test_readme_examples/test_example1.py" line="133" name="test_example_1[class_field_builtin_stdlib-0-True]" time="0.004328727722167969"></testcase><testcase classname="valid8.tests.test_readme_examples.test_example1" file="valid8/tests/test_readme_examples/test_example1.py" line="133" name="test_example_1[class_field_builtin_stdlib-100-True]" time="0.002848386764526367"></testcase><testcase classname="valid8.tests.test_readme_examples.test_example1" file="valid8/tests/test_readme_examples/test_example1.py" line="133" name="test_example_1[class_field_builtin_stdlib-foo-TypeError]" time="0.00728297233581543"><system-out>Error validating field [x=foo] for class [Foo]. Validation function [and(instance_of_&lt;class &apos;numbers.Integral&apos;&gt;, greater_than_0)] raised AtLeastOneFailed: At least one validation function failed validation for value [foo]. Successes: [] / Failures: {&quot;instance_of_&lt;class &apos;numbers.Integral&apos;&gt;&quot;: &quot;HasWrongType: Value should be an instance of &lt;class &apos;numbers.Integral&apos;&gt;. Wrong value: [foo]&quot;, &apos;greater_than_0&apos;: &apos;TypeError: unorderable types: str() &gt;= int()&apos;}.
</system-out></testcase><testcase classname="valid8.tests.test_readme_examples.test_example1" file="valid8/tests/test_readme_examples/test_example1.py" line="133" name="test_example_1[class_field_builtin_stdlib-1.0-TypeError]" time="0.004624605178833008"><system-out>Error validating field [x=1.0] for class [Foo]. Validation function [and(instance_of_&lt;class &apos;numbers.Integral&apos;&gt;, greater_than_0)] raised AtLeastOneFailed: At least one validation function failed validation for value [1.0]. Successes: [&apos;greater_than_0&apos;] / Failures: {&quot;instance_of_&lt;class &apos;numbers.Integral&apos;&gt;&quot;: &quot;HasWrongType: Value should be an instance of &lt;class &apos;numbers.Integral&apos;&gt;. Wrong value: [1.0]&quot;}.
</system-out></testcase><testcase classname="valid8.tests.test_readme_examples.test_example1" file="valid8/tests/test_readme_examples/test_example1.py" line="133" name="test_example_1[class_field_builtin_stdlib--1-ValueError]" time="0.003196239471435547"><system-out>Error validating field [x=-1] for class [Foo]. Validation function [and(instance_of_&lt;class &apos;numbers.Integral&apos;&gt;, greater_than_0)] raised AtLeastOneFailed: At least one validation function failed validation for value [-1]. Successes: [&quot;instance_of_&lt;class &apos;numbers.Integral&apos;&gt;&quot;] / Failures: {&apos;greater_than_0&apos;: &apos;TooSmall: x &gt;= 0 does not hold for x=-1. Wrong value: [-1]&apos;}.
</system-out></testcase><testcase classname="valid8.tests.test_readme_examples.test_example1" file="valid8/tests/test_readme_examples/test_example1.py" line="133" name="test_example_1[function_input_mini_lambda-0-True]" time="0.004866361618041992"></testcase><testcase classname="valid8.tests.test_readme_examples.test_example1" file="valid8/tests/test_readme_examples/test_example1.py" line="133" name="test_example_1[function_input_mini_lambda-100-True]" time="0.004076957702636719"></testcase><testcase classname="valid8.tests.test_readme_examples.test_example1" file="valid8/tests/test_readme_examples/test_example1.py" line="133" name="test_example_1[function_input_mini_lambda-foo-TypeError]" time="0.0066680908203125"><system-out>Error validating input [x=foo] for function [my_function]. Validation function [and(instance_of_&lt;class &apos;numbers.Integral&apos;&gt;, x &gt;= 0)] raised AtLeastOneFailed: At least one validation function failed validation for value [foo]. Successes: [] / Failures: {&quot;instance_of_&lt;class &apos;numbers.Integral&apos;&gt;&quot;: &quot;HasWrongType: Value should be an instance of &lt;class &apos;numbers.Integral&apos;&gt;. Wrong value: [foo]&quot;, &apos;x &gt;= 0&apos;: &apos;TypeError: unorderable types: str() &gt;= int()&apos;}.
</system-out></testcase><testcase classname="valid8.tests.test_readme_examples.test_example1" file="valid8/tests/test_readme_examples/test_example1.py" line="133" name="test_example_1[function_input_mini_lambda-1.0-TypeError]" time="0.006414175033569336"><system-out>Error validating input [x=1.0] for function [my_function]. Validation function [and(instance_of_&lt;class &apos;numbers.Integral&apos;&gt;, x &gt;= 0)] raised AtLeastOneFailed: At least one validation function failed validation for value [1.0]. Successes: [&apos;x &gt;= 0&apos;] / Failures: {&quot;instance_of_&lt;class &apos;numbers.Integral&apos;&gt;&quot;: &quot;HasWrongType: Value should be an instance of &lt;class &apos;numbers.Integral&apos;&gt;. Wrong value: [1.0]&quot;}.
</system-out></testcase><testcase classname="valid8.tests.test_readme_examples.test_example1" file="valid8/tests/test_readme_examples/test_example1.py" line="133" name="test_example_1[function_input_mini_lambda--1-ValueError]" time="0.0059413909912109375"><system-out>Error validating input [x=-1] for function [my_function]. Validation function [and(instance_of_&lt;class &apos;numbers.Integral&apos;&gt;, x &gt;= 0)] raised AtLeastOneFailed: At least one validation function failed validation for value [-1]. Successes: [&quot;instance_of_&lt;class &apos;numbers.Integral&apos;&gt;&quot;] / Failures: {&apos;x &gt;= 0&apos;: &apos;False&apos;}.
</system-out></testcase><testcase classname="valid8.tests.test_readme_examples.test_example1" file="valid8/tests/test_readme_examples/test_example1.py" line="133" name="test_example_1[function_io_builtin-0-True]" time="0.0037033557891845703"></testcase><testcase classname="valid8.tests.test_readme_examples.test_example1" file="valid8/tests/test_readme_examples/test_example1.py" line="133" name="test_example_1[function_io_builtin-100-True]" time="0.004045248031616211"></testcase><testcase classname="valid8.tests.test_readme_examples.test_example1" file="valid8/tests/test_readme_examples/test_example1.py" line="133" name="test_example_1[function_io_builtin-foo-TypeError]" time="0.004772663116455078"><system-out>Error validating input [x=foo] for function [my_function3]. Validation function [and(instance_of_&lt;class &apos;numbers.Integral&apos;&gt;, greater_than_0)] raised AtLeastOneFailed: At least one validation function failed validation for value [foo]. Successes: [] / Failures: {&quot;instance_of_&lt;class &apos;numbers.Integral&apos;&gt;&quot;: &quot;HasWrongType: Value should be an instance of &lt;class &apos;numbers.Integral&apos;&gt;. Wrong value: [foo]&quot;, &apos;greater_than_0&apos;: &apos;TypeError: unorderable types: str() &gt;= int()&apos;}.
</system-out></testcase><testcase classname="valid8.tests.test_readme_examples.test_example1" file="valid8/tests/test_readme_examples/test_example1.py" line="133" name="test_example_1[function_io_builtin-1.0-TypeError]" time="0.005366802215576172"><system-out>Error validating input [x=1.0] for function [my_function3]. Validation function [and(instance_of_&lt;class &apos;numbers.Integral&apos;&gt;, greater_than_0)] raised AtLeastOneFailed: At least one validation function failed validation for value [1.0]. Successes: [&apos;greater_than_0&apos;] / Failures: {&quot;instance_of_&lt;class &apos;numbers.Integral&apos;&gt;&quot;: &quot;HasWrongType: Value should be an instance of &lt;class &apos;numbers.Integral&apos;&gt;. Wrong value: [1.0]&quot;}.
</system-out></testcase><testcase classname="valid8.tests.test_readme_examples.test_example1" file="valid8/tests/test_readme_examples/test_example1.py" line="133" name="test_example_1[function_io_builtin--1-ValueError]" time="0.0039899349212646484"><system-out>Error validating input [x=-1] for function [my_function3]. Validation function [and(instance_of_&lt;class &apos;numbers.Integral&apos;&gt;, greater_than_0)] raised AtLeastOneFailed: At least one validation function failed validation for value [-1]. Successes: [&quot;instance_of_&lt;class &apos;numbers.Integral&apos;&gt;&quot;] / Failures: {&apos;greater_than_0&apos;: &apos;TooSmall: x &gt;= 0 does not hold for x=-1. Wrong value: [-1]&apos;}.
</system-out></testcase><testcase classname="valid8.tests.test_readme_examples.test_example1" file="valid8/tests/test_readme_examples/test_example1.py" line="133" name="test_example_1[pep484-0-True]" time="0.006674766540527344"></testcase><testcase classname="valid8.tests.test_readme_examples.test_example1" file="valid8/tests/test_readme_examples/test_example1.py" line="133" name="test_example_1[pep484-100-True]" time="0.006621360778808594"></testcase><testcase classname="valid8.tests.test_readme_examples.test_example1" file="valid8/tests/test_readme_examples/test_example1.py" line="133" name="test_example_1[pep484-foo-TypeError]" time="0.0049343109130859375"><system-out>
  test_example1.my_function
  called with incompatible types:
Expected: Tuple[Integral]
Received: Tuple[str]
</system-out></testcase><testcase classname="valid8.tests.test_readme_examples.test_example1" file="valid8/tests/test_readme_examples/test_example1.py" line="133" name="test_example_1[pep484-1.0-TypeError]" time="0.008651494979858398"><system-out>
  test_example1.my_function
  called with incompatible types:
Expected: Tuple[Integral]
Received: Tuple[float]
</system-out></testcase><testcase classname="valid8.tests.test_readme_examples.test_example1" file="valid8/tests/test_readme_examples/test_example1.py" line="133" name="test_example_1[pep484--1-ValueError]" time="0.007414102554321289"><system-out>Error validating input [x=-1] for function [my_function]: validation function [x &gt;= 0] returned [False].
</system-out></testcase><testcase classname="valid8.tests.test_readme_examples.test_example1" file="valid8/tests/test_readme_examples/test_example1.py" line="133" name="test_example_1[function_output_builtin-0-True]" time="0.003920078277587891"></testcase><testcase classname="valid8.tests.test_readme_examples.test_example1" file="valid8/tests/test_readme_examples/test_example1.py" line="133" name="test_example_1[function_output_builtin-100-True]" time="0.004724264144897461"></testcase><testcase classname="valid8.tests.test_readme_examples.test_example1" file="valid8/tests/test_readme_examples/test_example1.py" line="133" name="test_example_1[function_output_builtin-foo-TypeError]" time="0.004643440246582031"><system-out>Error validating output of function [my_function2]. Validation function [and(instance_of_&lt;class &apos;numbers.Integral&apos;&gt;, greater_than_0)] raised AtLeastOneFailed: At least one validation function failed validation for value [foo]. Successes: [] / Failures: {&quot;instance_of_&lt;class &apos;numbers.Integral&apos;&gt;&quot;: &quot;HasWrongType: Value should be an instance of &lt;class &apos;numbers.Integral&apos;&gt;. Wrong value: [foo]&quot;, &apos;greater_than_0&apos;: &apos;TypeError: unorderable types: str() &gt;= int()&apos;}.
</system-out></testcase><testcase classname="valid8.tests.test_readme_examples.test_example1" file="valid8/tests/test_readme_examples/test_example1.py" line="133" name="test_example_1[function_output_builtin-1.0-TypeError]" time="0.00461578369140625"><system-out>Error validating output of function [my_function2]. Validation function [and(instance_of_&lt;class &apos;numbers.Integral&apos;&gt;, greater_than_0)] raised AtLeastOneFailed: At least one validation function failed validation for value [1.0]. Successes: [&apos;greater_than_0&apos;] / Failures: {&quot;instance_of_&lt;class &apos;numbers.Integral&apos;&gt;&quot;: &quot;HasWrongType: Value should be an instance of &lt;class &apos;numbers.Integral&apos;&gt;. Wrong value: [1.0]&quot;}.
</system-out></testcase><testcase classname="valid8.tests.test_readme_examples.test_example1" file="valid8/tests/test_readme_examples/test_example1.py" line="133" name="test_example_1[function_output_builtin--1-ValueError]" time="0.004784822463989258"><system-out>Error validating output of function [my_function2]. Validation function [and(instance_of_&lt;class &apos;numbers.Integral&apos;&gt;, greater_than_0)] raised AtLeastOneFailed: At least one validation function failed validation for value [-1]. Successes: [&quot;instance_of_&lt;class &apos;numbers.Integral&apos;&gt;&quot;] / Failures: {&apos;greater_than_0&apos;: &apos;TooSmall: x &gt;= 0 does not hold for x=-1. Wrong value: [-1]&apos;}.
</system-out></testcase><testcase classname="valid8.tests.test_readme_examples.test_example1" file="valid8/tests/test_readme_examples/test_example1.py" line="133" name="test_example_1[function_input_builtin-0-True]" time="0.0043182373046875"></testcase><testcase classname="valid8.tests.test_readme_examples.test_example1" file="valid8/tests/test_readme_examples/test_example1.py" line="133" name="test_example_1[function_input_builtin-100-True]" time="0.003213167190551758"></testcase><testcase classname="valid8.tests.test_readme_examples.test_example1" file="valid8/tests/test_readme_examples/test_example1.py" line="133" name="test_example_1[function_input_builtin-foo-TypeError]" time="0.004671573638916016"><system-out>Error validating input [x=foo] for function [my_function]. Validation function [and(instance_of_&lt;class &apos;numbers.Integral&apos;&gt;, greater_than_0)] raised AtLeastOneFailed: At least one validation function failed validation for value [foo]. Successes: [] / Failures: {&quot;instance_of_&lt;class &apos;numbers.Integral&apos;&gt;&quot;: &quot;HasWrongType: Value should be an instance of &lt;class &apos;numbers.Integral&apos;&gt;. Wrong value: [foo]&quot;, &apos;greater_than_0&apos;: &apos;TypeError: unorderable types: str() &gt;= int()&apos;}.
</system-out></testcase><testcase classname="valid8.tests.test_readme_examples.test_example1" file="valid8/tests/test_readme_examples/test_example1.py" line="133" name="test_example_1[function_input_builtin-1.0-TypeError]" time="0.005805492401123047"><system-out>Error validating input [x=1.0] for function [my_function]. Validation function [and(instance_of_&lt;class &apos;numbers.Integral&apos;&gt;, greater_than_0)] raised AtLeastOneFailed: At least one validation function failed validation for value [1.0]. Successes: [&apos;greater_than_0&apos;] / Failures: {&quot;instance_of_&lt;class &apos;numbers.Integral&apos;&gt;&quot;: &quot;HasWrongType: Value should be an instance of &lt;class &apos;numbers.Integral&apos;&gt;. Wrong value: [1.0]&quot;}.
</system-out></testcase><testcase classname="valid8.tests.test_readme_examples.test_example1" file="valid8/tests/test_readme_examples/test_example1.py" line="133" name="test_example_1[function_input_builtin--1-ValueError]" time="0.0053102970123291016"><system-out>Error validating input [x=-1] for function [my_function]. Validation function [and(instance_of_&lt;class &apos;numbers.Integral&apos;&gt;, greater_than_0)] raised AtLeastOneFailed: At least one validation function failed validation for value [-1]. Successes: [&quot;instance_of_&lt;class &apos;numbers.Integral&apos;&gt;&quot;] / Failures: {&apos;greater_than_0&apos;: &apos;TooSmall: x &gt;= 0 does not hold for x=-1. Wrong value: [-1]&apos;}.
</system-out></testcase><testcase classname="valid8.tests.test_readme_examples.test_example1" file="valid8/tests/test_readme_examples/test_example1.py" line="133" name="test_example_1[function_output_mini_lambda-0-True]" time="0.0036258697509765625"></testcase><testcase classname="valid8.tests.test_readme_examples.test_example1" file="valid8/tests/test_readme_examples/test_example1.py" line="133" name="test_example_1[function_output_mini_lambda-100-True]" time="0.003149271011352539"></testcase><testcase classname="valid8.tests.test_readme_examples.test_example1" file="valid8/tests/test_readme_examples/test_example1.py" line="133" name="test_example_1[function_output_mini_lambda-foo-TypeError]" time="0.004639863967895508"><system-out>Error validating output of function [my_function2]. Validation function [and(instance_of_&lt;class &apos;numbers.Integral&apos;&gt;, x &gt;= 0)] raised AtLeastOneFailed: At least one validation function failed validation for value [foo]. Successes: [] / Failures: {&quot;instance_of_&lt;class &apos;numbers.Integral&apos;&gt;&quot;: &quot;HasWrongType: Value should be an instance of &lt;class &apos;numbers.Integral&apos;&gt;. Wrong value: [foo]&quot;, &apos;x &gt;= 0&apos;: &apos;TypeError: unorderable types: str() &gt;= int()&apos;}.
</system-out></testcase><testcase classname="valid8.tests.test_readme_examples.test_example1" file="valid8/tests/test_readme_examples/test_example1.py" line="133" name="test_example_1[function_output_mini_lambda-1.0-TypeError]" time="0.0032854080200195312"><system-out>Error validating output of function [my_function2]. Validation function [and(instance_of_&lt;class &apos;numbers.Integral&apos;&gt;, x &gt;= 0)] raised AtLeastOneFailed: At least one validation function failed validation for value [1.0]. Successes: [&apos;x &gt;= 0&apos;] / Failures: {&quot;instance_of_&lt;class &apos;numbers.Integral&apos;&gt;&quot;: &quot;HasWrongType: Value should be an instance of &lt;class &apos;numbers.Integral&apos;&gt;. Wrong value: [1.0]&quot;}.
</system-out></testcase><testcase classname="valid8.tests.test_readme_examples.test_example1" file="valid8/tests/test_readme_examples/test_example1.py" line="133" name="test_example_1[function_output_mini_lambda--1-ValueError]" time="0.0042879581451416016"><system-out>Error validating output of function [my_function2]. Validation function [and(instance_of_&lt;class &apos;numbers.Integral&apos;&gt;, x &gt;= 0)] raised AtLeastOneFailed: At least one validation function failed validation for value [-1]. Successes: [&quot;instance_of_&lt;class &apos;numbers.Integral&apos;&gt;&quot;] / Failures: {&apos;x &gt;= 0&apos;: &apos;False&apos;}.
</system-out></testcase><testcase classname="valid8.tests.test_readme_examples.test_example2" file="valid8/tests/test_readme_examples/test_example2.py" line="105" name="test_example_2[inline_validate_1-foo-True]" time="0.003036975860595703"></testcase><testcase classname="valid8.tests.test_readme_examples.test_example2" file="valid8/tests/test_readme_examples/test_example2.py" line="105" name="test_example_2[inline_validate_1-foo_123-True]" time="0.0028493404388427734"></testcase><testcase classname="valid8.tests.test_readme_examples.test_example2" file="valid8/tests/test_readme_examples/test_example2.py" line="105" name="test_example_2[inline_validate_1-1.1-TypeError]" time="0.0031566619873046875"><system-out>Error validating [s=1.1]. HasWrongType: Value should be an instance of &lt;class &apos;str&apos;&gt;. Wrong value: [1.1].
</system-out></testcase><testcase classname="valid8.tests.test_readme_examples.test_example2" file="valid8/tests/test_readme_examples/test_example2.py" line="105" name="test_example_2[inline_validate_1--ValueError]" time="0.003246784210205078"><system-out>Error validating [s=]. TooShort: len(x) &gt;= 1 does not hold for x=. Wrong value: [].
</system-out></testcase><testcase classname="valid8.tests.test_readme_examples.test_example2" file="valid8/tests/test_readme_examples/test_example2.py" line="105" name="test_example_2[inline_validate_1-fOO-ValueError]" time="0.0031898021697998047"><system-out>Error validating [s=fOO]. NotEqual: x == foo does not hold for x=fOO. Wrong value: [fOO].
</system-out></testcase><testcase classname="valid8.tests.test_readme_examples.test_example2" file="valid8/tests/test_readme_examples/test_example2.py" line="105" name="test_example_2[inline_validate_3-foo-True]" time="0.003972291946411133"></testcase><testcase classname="valid8.tests.test_readme_examples.test_example2" file="valid8/tests/test_readme_examples/test_example2.py" line="105" name="test_example_2[inline_validate_3-foo_123-True]" time="0.0026667118072509766"></testcase><testcase classname="valid8.tests.test_readme_examples.test_example2" file="valid8/tests/test_readme_examples/test_example2.py" line="105" name="test_example_2[inline_validate_3-1.1-TypeError]" time="0.0034465789794921875"><system-out>Error validating [s=1.1]. HasWrongType: Value should be an instance of &lt;class &apos;str&apos;&gt;. Wrong value: [1.1].
</system-out></testcase><testcase classname="valid8.tests.test_readme_examples.test_example2" file="valid8/tests/test_readme_examples/test_example2.py" line="105" name="test_example_2[inline_validate_3--ValueError]" time="0.0031900405883789062"><system-out>Error validating [s=]. TooShort: len(x) &gt;= 1 does not hold for x=. Wrong value: [].
</system-out></testcase><testcase classname="valid8.tests.test_readme_examples.test_example2" file="valid8/tests/test_readme_examples/test_example2.py" line="105" name="test_example_2[inline_validate_3-fOO-ValueError]" time="0.0037889480590820312"><system-out>Error validating [s=fOO]: validation function [txt.islower()] returned [False].
</system-out></testcase><testcase classname="valid8.tests.test_readme_examples.test_example2" file="valid8/tests/test_readme_examples/test_example2.py" line="105" name="test_example_2[function_input_mini_lambda-foo-True]" time="0.003999471664428711"></testcase><testcase classname="valid8.tests.test_readme_examples.test_example2" file="valid8/tests/test_readme_examples/test_example2.py" line="105" name="test_example_2[function_input_mini_lambda-foo_123-True]" time="0.002714872360229492"></testcase><testcase classname="valid8.tests.test_readme_examples.test_example2" file="valid8/tests/test_readme_examples/test_example2.py" line="105" name="test_example_2[function_input_mini_lambda-1.1-TypeError]" time="0.0046350955963134766"><system-out>Error validating input [s=1.1] for function [my_function]. Validation function [and(instance_of_&lt;class &apos;str&apos;&gt;, len(s) &gt; 0, s.islower())] raised AtLeastOneFailed: At least one validation function failed validation for value [1.1]. Successes: [] / Failures: {&quot;instance_of_&lt;class &apos;str&apos;&gt;&quot;: &quot;HasWrongType: Value should be an instance of &lt;class &apos;str&apos;&gt;. Wrong value: [1.1]&quot;, &apos;len(s) &gt; 0&apos;: &quot;TypeError: object of type &apos;float&apos; has no len()&quot;, &apos;s.islower()&apos;: &quot;AttributeError: &apos;float&apos; object has no attribute &apos;islower&apos;&quot;}.
</system-out></testcase><testcase classname="valid8.tests.test_readme_examples.test_example2" file="valid8/tests/test_readme_examples/test_example2.py" line="105" name="test_example_2[function_input_mini_lambda--ValueError]" time="0.003852367401123047"><system-out>Error validating input [s=] for function [my_function]. Validation function [and(instance_of_&lt;class &apos;str&apos;&gt;, len(s) &gt; 0, s.islower())] raised AtLeastOneFailed: At least one validation function failed validation for value []. Successes: [&quot;instance_of_&lt;class &apos;str&apos;&gt;&quot;] / Failures: {&apos;len(s) &gt; 0&apos;: &apos;False&apos;, &apos;s.islower()&apos;: &apos;False&apos;}.
</system-out></testcase><testcase classname="valid8.tests.test_readme_examples.test_example2" file="valid8/tests/test_readme_examples/test_example2.py" line="105" name="test_example_2[function_input_mini_lambda-fOO-ValueError]" time="0.0031838417053222656"><system-out>Error validating input [s=fOO] for function [my_function]. Validation function [and(instance_of_&lt;class &apos;str&apos;&gt;, len(s) &gt; 0, s.islower())] raised AtLeastOneFailed: At least one validation function failed validation for value [fOO]. Successes: [&quot;instance_of_&lt;class &apos;str&apos;&gt;&quot;, &apos;len(s) &gt; 0&apos;] / Failures: {&apos;s.islower()&apos;: &apos;False&apos;}.
</system-out></testcase><testcase classname="valid8.tests.test_readme_examples.test_example2" file="valid8/tests/test_readme_examples/test_example2.py" line="105" name="test_example_2[class_field_builtin_stdlib-foo-True]" time="0.004981279373168945"></testcase><testcase classname="valid8.tests.test_readme_examples.test_example2" file="valid8/tests/test_readme_examples/test_example2.py" line="105" name="test_example_2[class_field_builtin_stdlib-foo_123-True]" time="0.004133701324462891"></testcase><testcase classname="valid8.tests.test_readme_examples.test_example2" file="valid8/tests/test_readme_examples/test_example2.py" line="105" name="test_example_2[class_field_builtin_stdlib-1.1-TypeError]" time="0.006449699401855469"><system-out>Error validating field [s=1.1] for class [Foo]. Validation function [and(instance_of_&lt;class &apos;str&apos;&gt;, length_greater_than_1, islower)] raised AtLeastOneFailed: At least one validation function failed validation for value [1.1]. Successes: [] / Failures: {&quot;instance_of_&lt;class &apos;str&apos;&gt;&quot;: &quot;HasWrongType: Value should be an instance of &lt;class &apos;str&apos;&gt;. Wrong value: [1.1]&quot;, &apos;length_greater_than_1&apos;: &quot;TypeError: object of type &apos;float&apos; has no len()&quot;, &apos;islower&apos;: &quot;TypeError: descriptor &apos;islower&apos; requires a &apos;str&apos; object but received a &apos;float&apos;&quot;}.
</system-out></testcase><testcase classname="valid8.tests.test_readme_examples.test_example2" file="valid8/tests/test_readme_examples/test_example2.py" line="105" name="test_example_2[class_field_builtin_stdlib--ValueError]" time="0.0057680606842041016"><system-out>Error validating field [s=] for class [Foo]. Validation function [and(instance_of_&lt;class &apos;str&apos;&gt;, length_greater_than_1, islower)] raised AtLeastOneFailed: At least one validation function failed validation for value []. Successes: [&quot;instance_of_&lt;class &apos;str&apos;&gt;&quot;] / Failures: {&apos;length_greater_than_1&apos;: &apos;TooShort: len(x) &gt;= 1 does not hold for x=. Wrong value: []&apos;, &apos;islower&apos;: &apos;False&apos;}.
</system-out></testcase><testcase classname="valid8.tests.test_readme_examples.test_example2" file="valid8/tests/test_readme_examples/test_example2.py" line="105" name="test_example_2[class_field_builtin_stdlib-fOO-ValueError]" time="0.005955219268798828"><system-out>Error validating field [s=fOO] for class [Foo]. Validation function [and(instance_of_&lt;class &apos;str&apos;&gt;, length_greater_than_1, islower)] raised AtLeastOneFailed: At least one validation function failed validation for value [fOO]. Successes: [&quot;instance_of_&lt;class &apos;str&apos;&gt;&quot;, &apos;length_greater_than_1&apos;] / Failures: {&apos;islower&apos;: &apos;False&apos;}.
</system-out></testcase><testcase classname="valid8.tests.test_readme_examples.test_example2" file="valid8/tests/test_readme_examples/test_example2.py" line="105" name="test_example_2[pep484-foo-True]" time="0.007994890213012695"></testcase><testcase classname="valid8.tests.test_readme_examples.test_example2" file="valid8/tests/test_readme_examples/test_example2.py" line="105" name="test_example_2[pep484-foo_123-True]" time="0.006780862808227539"></testcase><testcase classname="valid8.tests.test_readme_examples.test_example2" file="valid8/tests/test_readme_examples/test_example2.py" line="105" name="test_example_2[pep484-1.1-TypeError]" time="0.006479740142822266"><system-out>
  test_example2.my_function
  called with incompatible types:
Expected: Tuple[str]
Received: Tuple[float]
</system-out></testcase><testcase classname="valid8.tests.test_readme_examples.test_example2" file="valid8/tests/test_readme_examples/test_example2.py" line="105" name="test_example_2[pep484--ValueError]" time="0.005969524383544922"><system-out>Error validating input [s=] for function [my_function]. Validation function [and(len(s) &gt; 0, s.islower())] raised AtLeastOneFailed: At least one validation function failed validation for value []. Successes: [] / Failures: {&apos;len(s) &gt; 0&apos;: &apos;False&apos;, &apos;s.islower()&apos;: &apos;False&apos;}.
</system-out></testcase><testcase classname="valid8.tests.test_readme_examples.test_example2" file="valid8/tests/test_readme_examples/test_example2.py" line="105" name="test_example_2[pep484-fOO-ValueError]" time="0.004334449768066406"><system-out>Error validating input [s=fOO] for function [my_function]. Validation function [and(len(s) &gt; 0, s.islower())] raised AtLeastOneFailed: At least one validation function failed validation for value [fOO]. Successes: [&apos;len(s) &gt; 0&apos;] / Failures: {&apos;s.islower()&apos;: &apos;False&apos;}.
</system-out></testcase><testcase classname="valid8.tests.test_readme_examples.test_example2" file="valid8/tests/test_readme_examples/test_example2.py" line="105" name="test_example_2[class_field_mini_lambda-foo-True]" time="0.003781557083129883"></testcase><testcase classname="valid8.tests.test_readme_examples.test_example2" file="valid8/tests/test_readme_examples/test_example2.py" line="105" name="test_example_2[class_field_mini_lambda-foo_123-True]" time="0.00549006462097168"></testcase><testcase classname="valid8.tests.test_readme_examples.test_example2" file="valid8/tests/test_readme_examples/test_example2.py" line="105" name="test_example_2[class_field_mini_lambda-1.1-TypeError]" time="0.005293846130371094"><system-out>Error validating field [s=1.1] for class [Foo]. Validation function [and(instance_of_&lt;class &apos;str&apos;&gt;, len(s) &gt; 0, s.islower())] raised AtLeastOneFailed: At least one validation function failed validation for value [1.1]. Successes: [] / Failures: {&quot;instance_of_&lt;class &apos;str&apos;&gt;&quot;: &quot;HasWrongType: Value should be an instance of &lt;class &apos;str&apos;&gt;. Wrong value: [1.1]&quot;, &apos;len(s) &gt; 0&apos;: &quot;TypeError: object of type &apos;float&apos; has no len()&quot;, &apos;s.islower()&apos;: &quot;AttributeError: &apos;float&apos; object has no attribute &apos;islower&apos;&quot;}.
</system-out></testcase><testcase classname="valid8.tests.test_readme_examples.test_example2" file="valid8/tests/test_readme_examples/test_example2.py" line="105" name="test_example_2[class_field_mini_lambda--ValueError]" time="0.004464149475097656"><system-out>Error validating field [s=] for class [Foo]. Validation function [and(instance_of_&lt;class &apos;str&apos;&gt;, len(s) &gt; 0, s.islower())] raised AtLeastOneFailed: At least one validation function failed validation for value []. Successes: [&quot;instance_of_&lt;class &apos;str&apos;&gt;&quot;] / Failures: {&apos;len(s) &gt; 0&apos;: &apos;False&apos;, &apos;s.islower()&apos;: &apos;False&apos;}.
</system-out></testcase><testcase classname="valid8.tests.test_readme_examples.test_example2" file="valid8/tests/test_readme_examples/test_example2.py" line="105" name="test_example_2[class_field_mini_lambda-fOO-ValueError]" time="0.005024433135986328"><system-out>Error validating field [s=fOO] for class [Foo]. Validation function [and(instance_of_&lt;class &apos;str&apos;&gt;, len(s) &gt; 0, s.islower())] raised AtLeastOneFailed: At least one validation function failed validation for value [fOO]. Successes: [&quot;instance_of_&lt;class &apos;str&apos;&gt;&quot;, &apos;len(s) &gt; 0&apos;] / Failures: {&apos;s.islower()&apos;: &apos;False&apos;}.
</system-out></testcase><testcase classname="valid8.tests.test_readme_examples.test_example2" file="valid8/tests/test_readme_examples/test_example2.py" line="105" name="test_example_2[with_validator-foo-True]" time="0.003725290298461914"></testcase><testcase classname="valid8.tests.test_readme_examples.test_example2" file="valid8/tests/test_readme_examples/test_example2.py" line="105" name="test_example_2[with_validator-foo_123-True]" time="0.0034372806549072266"></testcase><testcase classname="valid8.tests.test_readme_examples.test_example2" file="valid8/tests/test_readme_examples/test_example2.py" line="105" name="test_example_2[with_validator-1.1-TypeError]" time="0.003435850143432617"><system-out>Error validating [s=1.1]. HasWrongType: Value should be an instance of &lt;class &apos;str&apos;&gt;. Wrong value: [1.1].
</system-out></testcase><testcase classname="valid8.tests.test_readme_examples.test_example2" file="valid8/tests/test_readme_examples/test_example2.py" line="105" name="test_example_2[with_validator--ValueError]" time="0.0047452449798583984"><system-out>Error validating [s=]: validation function [v.alid = (len(s) &gt; 0) and s.islower()] returned [False].
</system-out></testcase><testcase classname="valid8.tests.test_readme_examples.test_example2" file="valid8/tests/test_readme_examples/test_example2.py" line="105" name="test_example_2[with_validator-fOO-ValueError]" time="0.003850221633911133"><system-out>Error validating [s=fOO]: validation function [v.alid = (len(s) &gt; 0) and s.islower()] returned [False].
</system-out></testcase><testcase classname="valid8.tests.test_readme_examples.test_example2" file="valid8/tests/test_readme_examples/test_example2.py" line="105" name="test_example_2[function_input_builtin_stdlib-foo-True]" time="0.0044553279876708984"></testcase><testcase classname="valid8.tests.test_readme_examples.test_example2" file="valid8/tests/test_readme_examples/test_example2.py" line="105" name="test_example_2[function_input_builtin_stdlib-foo_123-True]" time="0.003950595855712891"></testcase><testcase classname="valid8.tests.test_readme_examples.test_example2" file="valid8/tests/test_readme_examples/test_example2.py" line="105" name="test_example_2[function_input_builtin_stdlib-1.1-TypeError]" time="0.004231452941894531"><system-out>Error validating input [s=1.1] for function [my_function]. Validation function [and(instance_of_&lt;class &apos;str&apos;&gt;, length_greater_than_1, islower)] raised AtLeastOneFailed: At least one validation function failed validation for value [1.1]. Successes: [] / Failures: {&quot;instance_of_&lt;class &apos;str&apos;&gt;&quot;: &quot;HasWrongType: Value should be an instance of &lt;class &apos;str&apos;&gt;. Wrong value: [1.1]&quot;, &apos;length_greater_than_1&apos;: &quot;TypeError: object of type &apos;float&apos; has no len()&quot;, &apos;islower&apos;: &quot;TypeError: descriptor &apos;islower&apos; requires a &apos;str&apos; object but received a &apos;float&apos;&quot;}.
</system-out></testcase><testcase classname="valid8.tests.test_readme_examples.test_example2" file="valid8/tests/test_readme_examples/test_example2.py" line="105" name="test_example_2[function_input_builtin_stdlib--ValueError]" time="0.005582094192504883"><system-out>Error validating input [s=] for function [my_function]. Validation function [and(instance_of_&lt;class &apos;str&apos;&gt;, length_greater_than_1, islower)] raised AtLeastOneFailed: At least one validation function failed validation for value []. Successes: [&quot;instance_of_&lt;class &apos;str&apos;&gt;&quot;] / Failures: {&apos;length_greater_than_1&apos;: &apos;TooShort: len(x) &gt;= 1 does not hold for x=. Wrong value: []&apos;, &apos;islower&apos;: &apos;False&apos;}.
</system-out></testcase><testcase classname="valid8.tests.test_readme_examples.test_example2" file="valid8/tests/test_readme_examples/test_example2.py" line="105" name="test_example_2[function_input_builtin_stdlib-fOO-ValueError]" time="0.004517078399658203"><system-out>Error validating input [s=fOO] for function [my_function]. Validation function [and(instance_of_&lt;class &apos;str&apos;&gt;, length_greater_than_1, islower)] raised AtLeastOneFailed: At least one validation function failed validation for value [fOO]. Successes: [&quot;instance_of_&lt;class &apos;str&apos;&gt;&quot;, &apos;length_greater_than_1&apos;] / Failures: {&apos;islower&apos;: &apos;False&apos;}.
</system-out></testcase><testcase classname="valid8.tests.test_readme_examples.test_example2" file="valid8/tests/test_readme_examples/test_example2.py" line="105" name="test_example_2[inline_validate_2-foo-True]" time="0.002861499786376953"></testcase><testcase classname="valid8.tests.test_readme_examples.test_example2" file="valid8/tests/test_readme_examples/test_example2.py" line="105" name="test_example_2[inline_validate_2-foo_123-True]" time="0.0028340816497802734"></testcase><testcase classname="valid8.tests.test_readme_examples.test_example2" file="valid8/tests/test_readme_examples/test_example2.py" line="105" name="test_example_2[inline_validate_2-1.1-TypeError]" time="0.0036835670471191406"><system-out>Error validating [s=1.1]. HasWrongType: Value should be an instance of &lt;class &apos;str&apos;&gt;. Wrong value: [1.1].
</system-out></testcase><testcase classname="valid8.tests.test_readme_examples.test_example2" file="valid8/tests/test_readme_examples/test_example2.py" line="105" name="test_example_2[inline_validate_2--ValueError]" time="0.0034835338592529297"><system-out>Error validating [s=]. TooShort: len(x) &gt;= 1 does not hold for x=. Wrong value: [].
</system-out></testcase><testcase classname="valid8.tests.test_readme_examples.test_example2" file="valid8/tests/test_readme_examples/test_example2.py" line="105" name="test_example_2[inline_validate_2-fOO-ValueError]" time="0.0033788681030273438"><system-out>Error validating [s=fOO]: validation function [islower] returned [False].
</system-out></testcase><testcase classname="valid8.tests.test_readme_examples.test_example2" file="valid8/tests/test_readme_examples/test_example2.py" line="126" name="test_example_2_regexp[foo@bar.com-True]" time="0.002679586410522461"></testcase><testcase classname="valid8.tests.test_readme_examples.test_example2" file="valid8/tests/test_readme_examples/test_example2.py" line="126" name="test_example_2_regexp[a@a@s-ValueError]" time="0.0032088756561279297"><system-out>Error validating [s=a@a@s]: validation function [&lt;lambda&gt;] returned [False].
</system-out></testcase><testcase classname="valid8.tests.test_readme_examples.test_example3" file="valid8/tests/test_readme_examples/test_example3.py" line="272" name="test_example_3[class_field_mini_lambda-(0.2, &apos;foo&apos;)-True]" time="0.005731344223022461"></testcase><testcase classname="valid8.tests.test_readme_examples.test_example3" file="valid8/tests/test_readme_examples/test_example3.py" line="272" name="test_example_3[class_field_mini_lambda-(1.0, &apos;abc&apos;)-True]" time="0.004754304885864258"></testcase><testcase classname="valid8.tests.test_readme_examples.test_example3" file="valid8/tests/test_readme_examples/test_example3.py" line="272" name="test_example_3[class_field_mini_lambda-(0, &apos;foo&apos;)-True]" time="0.004678964614868164"></testcase><testcase classname="valid8.tests.test_readme_examples.test_example3" file="valid8/tests/test_readme_examples/test_example3.py" line="272" name="test_example_3[class_field_mini_lambda-1.1-&lt;class &apos;TypeError&apos;&gt;]" time="0.0054988861083984375"><system-out>Error validating field [t=1.1] for class [Foo]. Validation function [and(instance_of_&lt;class &apos;tuple&apos;&gt;, len(t) == 2, instance_of(t[0], Real), (t[0] &gt;= 0) &amp; (t[0] &lt;= 1), instance_of(t[1], str), len(t[1]) == 3, t[1].islower())] raised AtLeastOneFailed: At least one validation function failed validation for value [1.1]. Successes: [] / Failures: {&quot;instance_of_&lt;class &apos;tuple&apos;&gt;&quot;: &quot;HasWrongType: Value should be an instance of &lt;class &apos;tuple&apos;&gt;. Wrong value: [1.1]&quot;, &apos;len(t) == 2&apos;: &quot;TypeError: object of type &apos;float&apos; has no len()&quot;, &apos;instance_of(t[0], Real)&apos;: &quot;AttributeError: &apos;float&apos; object has no attribute &apos;__getitem__&apos;&quot;, &apos;(t[0] &gt;= 0) &amp; (t[0] &lt;= 1)&apos;: &quot;AttributeError: &apos;float&apos; object has no attribute &apos;__getitem__&apos;&quot;, &apos;instance_of(t[1], str)&apos;: &quot;AttributeError: &apos;float&apos; object has no attribute &apos;__getitem__&apos;&quot;, &apos;len(t[1]) == 3&apos;: &quot;AttributeError: &apos;float&apos; object has no attribute &apos;__getitem__&apos;&quot;, &apos;t[1].islower()&apos;: &quot;AttributeError: &apos;float&apos; object has no attribute &apos;__getitem__&apos;&quot;}.
</system-out></testcase><testcase classname="valid8.tests.test_readme_examples.test_example3" file="valid8/tests/test_readme_examples/test_example3.py" line="272" name="test_example_3[class_field_mini_lambda-(0.2, &apos;foo&apos;, True)-&lt;class &apos;ValueError&apos;&gt;]" time="0.006554126739501953"><system-out>Error validating field [t=(0.2, &apos;foo&apos;, True)] for class [Foo]. Validation function [and(instance_of_&lt;class &apos;tuple&apos;&gt;, len(t) == 2, instance_of(t[0], Real), (t[0] &gt;= 0) &amp; (t[0] &lt;= 1), instance_of(t[1], str), len(t[1]) == 3, t[1].islower())] raised AtLeastOneFailed: At least one validation function failed validation for value [(0.2, &apos;foo&apos;, True)]. Successes: [&quot;instance_of_&lt;class &apos;tuple&apos;&gt;&quot;, &apos;instance_of(t[0], Real)&apos;, &apos;(t[0] &gt;= 0) &amp; (t[0] &lt;= 1)&apos;, &apos;instance_of(t[1], str)&apos;, &apos;len(t[1]) == 3&apos;, &apos;t[1].islower()&apos;] / Failures: {&apos;len(t) == 2&apos;: &apos;False&apos;}.
</system-out></testcase><testcase classname="valid8.tests.test_readme_examples.test_example3" file="valid8/tests/test_readme_examples/test_example3.py" line="272" name="test_example_3[class_field_mini_lambda-(&apos;1.0&apos;, &apos;foo&apos;)-&lt;class &apos;TypeError&apos;&gt;]" time="0.008145809173583984"><system-out>Error validating field [t=(&apos;1.0&apos;, &apos;foo&apos;)] for class [Foo]. Validation function [and(instance_of_&lt;class &apos;tuple&apos;&gt;, len(t) == 2, instance_of(t[0], Real), (t[0] &gt;= 0) &amp; (t[0] &lt;= 1), instance_of(t[1], str), len(t[1]) == 3, t[1].islower())] raised AtLeastOneFailed: At least one validation function failed validation for value [(&apos;1.0&apos;, &apos;foo&apos;)]. Successes: [&quot;instance_of_&lt;class &apos;tuple&apos;&gt;&quot;, &apos;len(t) == 2&apos;, &apos;instance_of(t[1], str)&apos;, &apos;len(t[1]) == 3&apos;, &apos;t[1].islower()&apos;] / Failures: {&apos;instance_of(t[0], Real)&apos;: &quot;HasWrongType: Value should be an instance of &lt;class &apos;numbers.Real&apos;&gt;. Wrong value: [1.0]&quot;, &apos;(t[0] &gt;= 0) &amp; (t[0] &lt;= 1)&apos;: &apos;TypeError: unorderable types: str() &gt;= int()&apos;}.
</system-out></testcase><testcase classname="valid8.tests.test_readme_examples.test_example3" file="valid8/tests/test_readme_examples/test_example3.py" line="272" name="test_example_3[class_field_mini_lambda-(1.1, &apos;foo&apos;)-&lt;class &apos;ValueError&apos;&gt;]" time="0.004803657531738281"><system-out>Error validating field [t=(1.1, &apos;foo&apos;)] for class [Foo]. Validation function [and(instance_of_&lt;class &apos;tuple&apos;&gt;, len(t) == 2, instance_of(t[0], Real), (t[0] &gt;= 0) &amp; (t[0] &lt;= 1), instance_of(t[1], str), len(t[1]) == 3, t[1].islower())] raised AtLeastOneFailed: At least one validation function failed validation for value [(1.1, &apos;foo&apos;)]. Successes: [&quot;instance_of_&lt;class &apos;tuple&apos;&gt;&quot;, &apos;len(t) == 2&apos;, &apos;instance_of(t[0], Real)&apos;, &apos;instance_of(t[1], str)&apos;, &apos;len(t[1]) == 3&apos;, &apos;t[1].islower()&apos;] / Failures: {&apos;(t[0] &gt;= 0) &amp; (t[0] &lt;= 1)&apos;: &apos;False&apos;}.
</system-out></testcase><testcase classname="valid8.tests.test_readme_examples.test_example3" file="valid8/tests/test_readme_examples/test_example3.py" line="272" name="test_example_3[class_field_mini_lambda-(1.0, False)-&lt;class &apos;TypeError&apos;&gt;]" time="0.006019115447998047"><system-out>Error validating field [t=(1.0, False)] for class [Foo]. Validation function [and(instance_of_&lt;class &apos;tuple&apos;&gt;, len(t) == 2, instance_of(t[0], Real), (t[0] &gt;= 0) &amp; (t[0] &lt;= 1), instance_of(t[1], str), len(t[1]) == 3, t[1].islower())] raised AtLeastOneFailed: At least one validation function failed validation for value [(1.0, False)]. Successes: [&quot;instance_of_&lt;class &apos;tuple&apos;&gt;&quot;, &apos;len(t) == 2&apos;, &apos;instance_of(t[0], Real)&apos;, &apos;(t[0] &gt;= 0) &amp; (t[0] &lt;= 1)&apos;] / Failures: {&apos;instance_of(t[1], str)&apos;: &quot;HasWrongType: Value should be an instance of &lt;class &apos;str&apos;&gt;. Wrong value: [False]&quot;, &apos;len(t[1]) == 3&apos;: &quot;TypeError: object of type &apos;bool&apos; has no len()&quot;, &apos;t[1].islower()&apos;: &quot;AttributeError: &apos;bool&apos; object has no attribute &apos;islower&apos;&quot;}.
</system-out></testcase><testcase classname="valid8.tests.test_readme_examples.test_example3" file="valid8/tests/test_readme_examples/test_example3.py" line="272" name="test_example_3[class_field_mini_lambda-(0.5, &apos;a&apos;)-&lt;class &apos;ValueError&apos;&gt;]" time="0.006237030029296875"><system-out>Error validating field [t=(0.5, &apos;a&apos;)] for class [Foo]. Validation function [and(instance_of_&lt;class &apos;tuple&apos;&gt;, len(t) == 2, instance_of(t[0], Real), (t[0] &gt;= 0) &amp; (t[0] &lt;= 1), instance_of(t[1], str), len(t[1]) == 3, t[1].islower())] raised AtLeastOneFailed: At least one validation function failed validation for value [(0.5, &apos;a&apos;)]. Successes: [&quot;instance_of_&lt;class &apos;tuple&apos;&gt;&quot;, &apos;len(t) == 2&apos;, &apos;instance_of(t[0], Real)&apos;, &apos;(t[0] &gt;= 0) &amp; (t[0] &lt;= 1)&apos;, &apos;instance_of(t[1], str)&apos;, &apos;t[1].islower()&apos;] / Failures: {&apos;len(t[1]) == 3&apos;: &apos;False&apos;}.
</system-out></testcase><testcase classname="valid8.tests.test_readme_examples.test_example3" file="valid8/tests/test_readme_examples/test_example3.py" line="272" name="test_example_3[class_field_mini_lambda-(0.5, &apos;AAA&apos;)-&lt;class &apos;ValueError&apos;&gt;]" time="0.005614757537841797"><system-out>Error validating field [t=(0.5, &apos;AAA&apos;)] for class [Foo]. Validation function [and(instance_of_&lt;class &apos;tuple&apos;&gt;, len(t) == 2, instance_of(t[0], Real), (t[0] &gt;= 0) &amp; (t[0] &lt;= 1), instance_of(t[1], str), len(t[1]) == 3, t[1].islower())] raised AtLeastOneFailed: At least one validation function failed validation for value [(0.5, &apos;AAA&apos;)]. Successes: [&quot;instance_of_&lt;class &apos;tuple&apos;&gt;&quot;, &apos;len(t) == 2&apos;, &apos;instance_of(t[0], Real)&apos;, &apos;(t[0] &gt;= 0) &amp; (t[0] &lt;= 1)&apos;, &apos;instance_of(t[1], str)&apos;, &apos;len(t[1]) == 3&apos;] / Failures: {&apos;t[1].islower()&apos;: &apos;False&apos;}.
</system-out></testcase><testcase classname="valid8.tests.test_readme_examples.test_example3" file="valid8/tests/test_readme_examples/test_example3.py" line="272" name="test_example_3[inline_validation_custom_check_valid_tuple_raiser-(0.2, &apos;foo&apos;)-True]" time="0.005404233932495117"><system-out>calling function inline_validation_custom_raiser with custom func check_valid_tuple
</system-out></testcase><testcase classname="valid8.tests.test_readme_examples.test_example3" file="valid8/tests/test_readme_examples/test_example3.py" line="272" name="test_example_3[inline_validation_custom_check_valid_tuple_raiser-(1.0, &apos;abc&apos;)-True]" time="0.004351139068603516"><system-out>calling function inline_validation_custom_raiser with custom func check_valid_tuple
</system-out></testcase><testcase classname="valid8.tests.test_readme_examples.test_example3" file="valid8/tests/test_readme_examples/test_example3.py" line="272" name="test_example_3[inline_validation_custom_check_valid_tuple_raiser-(0, &apos;foo&apos;)-True]" time="0.0050275325775146484"><system-out>calling function inline_validation_custom_raiser with custom func check_valid_tuple
</system-out></testcase><testcase classname="valid8.tests.test_readme_examples.test_example3" file="valid8/tests/test_readme_examples/test_example3.py" line="272" name="test_example_3[inline_validation_custom_check_valid_tuple_raiser-1.1-&lt;class &apos;TypeError&apos;&gt;]" time="0.006163597106933594"><system-out>calling function inline_validation_custom_raiser with custom func check_valid_tuple
Error validating [t=1.1]. Validation function [custom(t)] raised TypeError: item should be a tuple.
</system-out></testcase><testcase classname="valid8.tests.test_readme_examples.test_example3" file="valid8/tests/test_readme_examples/test_example3.py" line="272" name="test_example_3[inline_validation_custom_check_valid_tuple_raiser-(0.2, &apos;foo&apos;, True)-&lt;class &apos;ValueError&apos;&gt;]" time="0.005121469497680664"><system-out>calling function inline_validation_custom_raiser with custom func check_valid_tuple
Error validating [t=(0.2, &apos;foo&apos;, True)]. Validation function [custom(t)] raised ValueError: tuple length should be 2, found (0.2, &apos;foo&apos;, True).
</system-out></testcase><testcase classname="valid8.tests.test_readme_examples.test_example3" file="valid8/tests/test_readme_examples/test_example3.py" line="272" name="test_example_3[inline_validation_custom_check_valid_tuple_raiser-(&apos;1.0&apos;, &apos;foo&apos;)-&lt;class &apos;TypeError&apos;&gt;]" time="0.006614208221435547"><system-out>calling function inline_validation_custom_raiser with custom func check_valid_tuple
Error validating [t=(&apos;1.0&apos;, &apos;foo&apos;)]. Validation function [custom(t)] raised TypeError: first elt should be a Real, found 1.0.
</system-out></testcase><testcase classname="valid8.tests.test_readme_examples.test_example3" file="valid8/tests/test_readme_examples/test_example3.py" line="272" name="test_example_3[inline_validation_custom_check_valid_tuple_raiser-(1.1, &apos;foo&apos;)-&lt;class &apos;ValueError&apos;&gt;]" time="0.004325151443481445"><system-out>calling function inline_validation_custom_raiser with custom func check_valid_tuple
Error validating [t=(1.1, &apos;foo&apos;)]. Validation function [custom(t)] raised ValueError: first elt should be between 0 and 1,found 1.1.
</system-out></testcase><testcase classname="valid8.tests.test_readme_examples.test_example3" file="valid8/tests/test_readme_examples/test_example3.py" line="272" name="test_example_3[inline_validation_custom_check_valid_tuple_raiser-(1.0, False)-&lt;class &apos;TypeError&apos;&gt;]" time="0.006574153900146484"><system-out>calling function inline_validation_custom_raiser with custom func check_valid_tuple
Error validating [t=(1.0, False)]. Validation function [custom(t)] raised TypeError: second elt should be a string, found False.
</system-out></testcase><testcase classname="valid8.tests.test_readme_examples.test_example3" file="valid8/tests/test_readme_examples/test_example3.py" line="272" name="test_example_3[inline_validation_custom_check_valid_tuple_raiser-(0.5, &apos;a&apos;)-&lt;class &apos;ValueError&apos;&gt;]" time="0.005003690719604492"><system-out>calling function inline_validation_custom_raiser with custom func check_valid_tuple
Error validating [t=(0.5, &apos;a&apos;)]. Validation function [custom(t)] raised ValueError: second elt should be a lowercase string of length 3,found a.
</system-out></testcase><testcase classname="valid8.tests.test_readme_examples.test_example3" file="valid8/tests/test_readme_examples/test_example3.py" line="272" name="test_example_3[inline_validation_custom_check_valid_tuple_raiser-(0.5, &apos;AAA&apos;)-&lt;class &apos;ValueError&apos;&gt;]" time="0.0060923099517822266"><system-out>calling function inline_validation_custom_raiser with custom func check_valid_tuple
Error validating [t=(0.5, &apos;AAA&apos;)]. Validation function [custom(t)] raised ValueError: second elt should be a lowercase string of length 3,found AAA.
</system-out></testcase><testcase classname="valid8.tests.test_readme_examples.test_example3" file="valid8/tests/test_readme_examples/test_example3.py" line="272" name="test_example_3[inline_validation_custom_check_valid_tuple_pep_raiser-(0.2, &apos;foo&apos;)-True]" time="0.012857913970947266"><system-out>calling function inline_validation_custom_raiser with custom func check_valid_tuple_pep
</system-out></testcase><testcase classname="valid8.tests.test_readme_examples.test_example3" file="valid8/tests/test_readme_examples/test_example3.py" line="272" name="test_example_3[inline_validation_custom_check_valid_tuple_pep_raiser-(1.0, &apos;abc&apos;)-True]" time="0.0111083984375"><system-out>calling function inline_validation_custom_raiser with custom func check_valid_tuple_pep
</system-out></testcase><testcase classname="valid8.tests.test_readme_examples.test_example3" file="valid8/tests/test_readme_examples/test_example3.py" line="272" name="test_example_3[inline_validation_custom_check_valid_tuple_pep_raiser-(0, &apos;foo&apos;)-True]" time="0.0071604251861572266"><system-out>calling function inline_validation_custom_raiser with custom func check_valid_tuple_pep
[...]
</system-out></testcase><testcase classname="valid8.tests.test_readme_examples.test_example3" file="valid8/tests/test_readme_examples/test_example3.py" line="272" name="test_example_3[class_field_builtin_stdlib-(1.0, False)-&lt;class &apos;TypeError&apos;&gt;]" time="0.005536079406738281"><system-out>Error validating field [t=(1.0, False)] for class [Foo]. Validation function [and(instance_of_&lt;class &apos;tuple&apos;&gt;, length_equals_2, map_&lt;(and(instance_of_&lt;class &apos;numbers.Real&apos;&gt;, between_0_and_1), and(instance_of_&lt;class &apos;str&apos;&gt;, length_equals_3, islower))&gt;_on_elts)] raised AtLeastOneFailed: At least one validation function failed validation. Successes: [&quot;instance_of_&lt;class &apos;tuple&apos;&gt;&quot;, &apos;length_equals_2&apos;] / Failures: {&quot;map_&lt;(and(instance_of_&lt;class &apos;numbers.Real&apos;&gt;, between_0_and_1), and(instance_of_&lt;class &apos;str&apos;&gt;, length_equals_3, islower))&gt;_on_elts&quot;: &apos;InvalidItemInSequence: Provided sequence contains one value that is invalid. Function [and(instance_of_&lt;class \&apos;str\&apos;&gt;, length_equals_3, islower)] raised [AtLeastOneFailed: At least one validation function failed validation for value [False]. Successes: [] / Failures: {&quot;instance_of_&lt;class \&apos;str\&apos;&gt;&quot;: &quot;HasWrongType: Value should be an instance of &lt;class \&apos;str\&apos;&gt;. Wrong value: [False]&quot;, \&apos;length_equals_3\&apos;: &quot;TypeError: object of type \&apos;bool\&apos; has no len()&quot;, \&apos;islower\&apos;: &quot;TypeError: descriptor \&apos;islower\&apos; requires a \&apos;str\&apos; object but received a \&apos;bool\&apos;&quot;}].&apos;}.
</system-out></testcase><testcase classname="valid8.tests.test_readme_examples.test_example3" file="valid8/tests/test_readme_examples/test_example3.py" line="272" name="test_example_3[class_field_builtin_stdlib-(0.5, &apos;a&apos;)-&lt;class &apos;ValueError&apos;&gt;]" time="0.005853414535522461"><system-out>Error validating field [t=(0.5, &apos;a&apos;)] for class [Foo]. Validation function [and(instance_of_&lt;class &apos;tuple&apos;&gt;, length_equals_2, map_&lt;(and(instance_of_&lt;class &apos;numbers.Real&apos;&gt;, between_0_and_1), and(instance_of_&lt;class &apos;str&apos;&gt;, length_equals_3, islower))&gt;_on_elts)] raised AtLeastOneFailed: At least one validation function failed validation. Successes: [&quot;instance_of_&lt;class &apos;tuple&apos;&gt;&quot;, &apos;length_equals_2&apos;] / Failures: {&quot;map_&lt;(and(instance_of_&lt;class &apos;numbers.Real&apos;&gt;, between_0_and_1), and(instance_of_&lt;class &apos;str&apos;&gt;, length_equals_3, islower))&gt;_on_elts&quot;: &apos;InvalidItemInSequence: Provided sequence contains one value that is invalid. Function [and(instance_of_&lt;class \&apos;str\&apos;&gt;, length_equals_3, islower)] raised [AtLeastOneFailed: At least one validation function failed validation for value [a]. Successes: [&quot;instance_of_&lt;class \&apos;str\&apos;&gt;&quot;, \&apos;islower\&apos;] / Failures: {\&apos;length_equals_3\&apos;: \&apos;WrongLength: len(x) == 3 does not hold for x=a. Wrong value: [a]\&apos;}].&apos;}.
</system-out></testcase><testcase classname="valid8.tests.test_readme_examples.test_example3" file="valid8/tests/test_readme_examples/test_example3.py" line="272" name="test_example_3[class_field_builtin_stdlib-(0.5, &apos;AAA&apos;)-&lt;class &apos;ValueError&apos;&gt;]" time="0.008121013641357422"><system-out>Error validating field [t=(0.5, &apos;AAA&apos;)] for class [Foo]. Validation function [and(instance_of_&lt;class &apos;tuple&apos;&gt;, length_equals_2, map_&lt;(and(instance_of_&lt;class &apos;numbers.Real&apos;&gt;, between_0_and_1), and(instance_of_&lt;class &apos;str&apos;&gt;, length_equals_3, islower))&gt;_on_elts)] raised AtLeastOneFailed: At least one validation function failed validation. Successes: [&quot;instance_of_&lt;class &apos;tuple&apos;&gt;&quot;, &apos;length_equals_2&apos;] / Failures: {&quot;map_&lt;(and(instance_of_&lt;class &apos;numbers.Real&apos;&gt;, between_0_and_1), and(instance_of_&lt;class &apos;str&apos;&gt;, length_equals_3, islower))&gt;_on_elts&quot;: &apos;InvalidItemInSequence: Provided sequence contains one value that is invalid. Function [and(instance_of_&lt;class \&apos;str\&apos;&gt;, length_equals_3, islower)] raised [AtLeastOneFailed: At least one validation function failed validation for value [AAA]. Successes: [&quot;instance_of_&lt;class \&apos;str\&apos;&gt;&quot;, \&apos;length_equals_3\&apos;] / Failures: {\&apos;islower\&apos;: \&apos;False\&apos;}].&apos;}.
</system-out></testcase><testcase classname="valid8.tests.test_readme_examples.test_example3" file="valid8/tests/test_readme_examples/test_example3.py" line="272" name="test_example_3[function_input_mini_lambda-(0.2, &apos;foo&apos;)-True]" time="0.005593299865722656"><system-out>uncomment and put your breakpoint here to debug
</system-out></testcase><testcase classname="valid8.tests.test_readme_examples.test_example3" file="valid8/tests/test_readme_examples/test_example3.py" line="272" name="test_example_3[function_input_mini_lambda-(1.0, &apos;abc&apos;)-True]" time="0.006338834762573242"><system-out>uncomment and put your breakpoint here to debug
</system-out></testcase><testcase classname="valid8.tests.test_readme_examples.test_example3" file="valid8/tests/test_readme_examples/test_example3.py" line="272" name="test_example_3[function_input_mini_lambda-(0, &apos;foo&apos;)-True]" time="0.004909992218017578"><system-out>uncomment and put your breakpoint here to debug
</system-out></testcase><testcase classname="valid8.tests.test_readme_examples.test_example3" file="valid8/tests/test_readme_examples/test_example3.py" line="272" name="test_example_3[function_input_mini_lambda-1.1-&lt;class &apos;TypeError&apos;&gt;]" time="0.004888057708740234"><system-out>uncomment and put your breakpoint here to debug
Error validating input [t=1.1] for function [my_function]. Validation function [and(instance_of_&lt;class &apos;tuple&apos;&gt;, len(t) == 2, instance_of(t[0], Real), (t[0] &gt;= 0) &amp; (t[0] &lt;= 1), instance_of(t[1], str), len(t[1]) == 3, t[1].islower())] raised AtLeastOneFailed: At least one validation function failed validation for value [1.1]. Successes: [] / Failures: {&quot;instance_of_&lt;class &apos;tuple&apos;&gt;&quot;: &quot;HasWrongType: Value should be an instance of &lt;class &apos;tuple&apos;&gt;. Wrong value: [1.1]&quot;, &apos;len(t) == 2&apos;: &quot;TypeError: object of type &apos;float&apos; has no len()&quot;, &apos;instance_of(t[0], Real)&apos;: &quot;AttributeError: &apos;float&apos; object has no attribute &apos;__getitem__&apos;&quot;, &apos;(t[0] &gt;= 0) &amp; (t[0] &lt;= 1)&apos;: &quot;AttributeError: &apos;float&apos; object has no attribute &apos;__getitem__&apos;&quot;, &apos;instance_of(t[1], str)&apos;: &quot;AttributeError: &apos;float&apos; object has no attribute &apos;__getitem__&apos;&quot;, &apos;len(t[1]) == 3&apos;: &quot;AttributeError: &apos;float&apos; object has no attribute &apos;__getitem__&apos;&quot;, &apos;t[1].islower()&apos;: &quot;AttributeError: &apos;float&apos; object has no attribute &apos;__getitem__&apos;&quot;}.
</system-out></testcase><testcase classname="valid8.tests.test_readme_examples.test_example3" file="valid8/tests/test_readme_examples/test_example3.py" line="272" name="test_example_3[function_input_mini_lambda-(0.2, &apos;foo&apos;, True)-&lt;class &apos;ValueError&apos;&gt;]" time="0.007794618606567383"><system-out>uncomment and put your breakpoint here to debug
Error validating input [t=(0.2, &apos;foo&apos;, True)] for function [my_function]. Validation function [and(instance_of_&lt;class &apos;tuple&apos;&gt;, len(t) == 2, instance_of(t[0], Real), (t[0] &gt;= 0) &amp; (t[0] &lt;= 1), instance_of(t[1], str), len(t[1]) == 3, t[1].islower())] raised AtLeastOneFailed: At least one validation function failed validation for value [(0.2, &apos;foo&apos;, True)]. Successes: [&quot;instance_of_&lt;class &apos;tuple&apos;&gt;&quot;, &apos;instance_of(t[0], Real)&apos;, &apos;(t[0] &gt;= 0) &amp; (t[0] &lt;= 1)&apos;, &apos;instance_of(t[1], str)&apos;, &apos;len(t[1]) == 3&apos;, &apos;t[1].islower()&apos;] / Failures: {&apos;len(t) == 2&apos;: &apos;False&apos;}.
</system-out></testcase><testcase classname="valid8.tests.test_readme_examples.test_example3" file="valid8/tests/test_readme_examples/test_example3.py" line="272" name="test_example_3[function_input_mini_lambda-(&apos;1.0&apos;, &apos;foo&apos;)-&lt;class &apos;TypeError&apos;&gt;]" time="0.0051174163818359375"><system-out>uncomment and put your breakpoint here to debug
Error validating input [t=(&apos;1.0&apos;, &apos;foo&apos;)] for function [my_function]. Validation function [and(instance_of_&lt;class &apos;tuple&apos;&gt;, len(t) == 2, instance_of(t[0], Real), (t[0] &gt;= 0) &amp; (t[0] &lt;= 1), instance_of(t[1], str), len(t[1]) == 3, t[1].islower())] raised AtLeastOneFailed: At least one validation function failed validation for value [(&apos;1.0&apos;, &apos;foo&apos;)]. Successes: [&quot;instance_of_&lt;class &apos;tuple&apos;&gt;&quot;, &apos;len(t) == 2&apos;, &apos;instance_of(t[1], str)&apos;, &apos;len(t[1]) == 3&apos;, &apos;t[1].islower()&apos;] / Failures: {&apos;instance_of(t[0], Real)&apos;: &quot;HasWrongType: Value should be an instance of &lt;class &apos;numbers.Real&apos;&gt;. Wrong value: [1.0]&quot;, &apos;(t[0] &gt;= 0) &amp; (t[0] &lt;= 1)&apos;: &apos;TypeError: unorderable types: str() &gt;= int()&apos;}.
</system-out></testcase><testcase classname="valid8.tests.test_readme_examples.test_example3" file="valid8/tests/test_readme_examples/test_example3.py" line="272" name="test_example_3[function_input_mini_lambda-(1.1, &apos;foo&apos;)-&lt;class &apos;ValueError&apos;&gt;]" time="0.0056018829345703125"><system-out>uncomment and put your breakpoint here to debug
Error validating input [t=(1.1, &apos;foo&apos;)] for function [my_function]. Validation function [and(instance_of_&lt;class &apos;tuple&apos;&gt;, len(t) == 2, instance_of(t[0], Real), (t[0] &gt;= 0) &amp; (t[0] &lt;= 1), instance_of(t[1], str), len(t[1]) == 3, t[1].islower())] raised AtLeastOneFailed: At least one validation function failed validation for value [(1.1, &apos;foo&apos;)]. Successes: [&quot;instance_of_&lt;class &apos;tuple&apos;&gt;&quot;, &apos;len(t) == 2&apos;, &apos;instance_of(t[0], Real)&apos;, &apos;instance_of(t[1], str)&apos;, &apos;len(t[1]) == 3&apos;, &apos;t[1].islower()&apos;] / Failures: {&apos;(t[0] &gt;= 0) &amp; (t[0] &lt;= 1)&apos;: &apos;False&apos;}.
</system-out></testcase><testcase classname="valid8.tests.test_readme_examples.test_example3" file="valid8/tests/test_readme_examples/test_example3.py" line="272" name="test_example_3[function_input_mini_lambda-(1.0, False)-&lt;class &apos;TypeError&apos;&gt;]" time="0.005925655364990234"><system-out>uncomment and put your breakpoint here to debug
Error validating input [t=(1.0, False)] for function [my_function]. Validation function [and(instance_of_&lt;class &apos;tuple&apos;&gt;, len(t) == 2, instance_of(t[0], Real), (t[0] &gt;= 0) &amp; (t[0] &lt;= 1), instance_of(t[1], str), len(t[1]) == 3, t[1].islower())] raised AtLeastOneFailed: At least one validation function failed validation for value [(1.0, False)]. Successes: [&quot;instance_of_&lt;class &apos;tuple&apos;&gt;&quot;, &apos;len(t) == 2&apos;, &apos;instance_of(t[0], Real)&apos;, &apos;(t[0] &gt;= 0) &amp; (t[0] &lt;= 1)&apos;] / Failures: {&apos;instance_of(t[1], str)&apos;: &quot;HasWrongType: Value should be an instance of &lt;class &apos;str&apos;&gt;. Wrong value: [False]&quot;, &apos;len(t[1]) == 3&apos;: &quot;TypeError: object of type &apos;bool&apos; has no len()&quot;, &apos;t[1].islower()&apos;: &quot;AttributeError: &apos;bool&apos; object has no attribute &apos;islower&apos;&quot;}.
</system-out></testcase><testcase classname="valid8.tests.test_readme_examples.test_example3" file="valid8/tests/test_readme_examples/test_example3.py" line="272" name="test_example_3[function_input_mini_lambda-(0.5, &apos;a&apos;)-&lt;class &apos;ValueError&apos;&gt;]" time="0.0051422119140625"><system-out>uncomment and put your breakpoint here to debug
Error validating input [t=(0.5, &apos;a&apos;)] for function [my_function]. Validation function [and(instance_of_&lt;class &apos;tuple&apos;&gt;, len(t) == 2, instance_of(t[0], Real), (t[0] &gt;= 0) &amp; (t[0] &lt;= 1), instance_of(t[1], str), len(t[1]) == 3, t[1].islower())] raised AtLeastOneFailed: At least one validation function failed validation for value [(0.5, &apos;a&apos;)]. Successes: [&quot;instance_of_&lt;class &apos;tuple&apos;&gt;&quot;, &apos;len(t) == 2&apos;, &apos;instance_of(t[0], Real)&apos;, &apos;(t[0] &gt;= 0) &amp; (t[0] &lt;= 1)&apos;, &apos;instance_of(t[1], str)&apos;, &apos;t[1].islower()&apos;] / Failures: {&apos;len(t[1]) == 3&apos;: &apos;False&apos;}.
</system-out></testcase><testcase classname="valid8.tests.test_readme_examples.test_example3" file="valid8/tests/test_readme_examples/test_example3.py" line="272" name="test_example_3[function_input_mini_lambda-(0.5, &apos;AAA&apos;)-&lt;class &apos;ValueError&apos;&gt;]" time="0.009362936019897461"><system-out>uncomment and put your breakpoint here to debug
Error validating input [t=(0.5, &apos;AAA&apos;)] for function [my_function]. Validation function [and(instance_of_&lt;class &apos;tuple&apos;&gt;, len(t) == 2, instance_of(t[0], Real), (t[0] &gt;= 0) &amp; (t[0] &lt;= 1), instance_of(t[1], str), len(t[1]) == 3, t[1].islower())] raised AtLeastOneFailed: At least one validation function failed validation for value [(0.5, &apos;AAA&apos;)]. Successes: [&quot;instance_of_&lt;class &apos;tuple&apos;&gt;&quot;, &apos;len(t) == 2&apos;, &apos;instance_of(t[0], Real)&apos;, &apos;(t[0] &gt;= 0) &amp; (t[0] &lt;= 1)&apos;, &apos;instance_of(t[1], str)&apos;, &apos;len(t[1]) == 3&apos;] / Failures: {&apos;t[1].islower()&apos;: &apos;False&apos;}.
</system-out></testcase><testcase classname="valid8.tests.test_validation_lib.test_validators_collections" file="valid8/tests/test_validation_lib/test_validators_collections.py" line="7" name="test_is_in" time="0.002269268035888672"></testcase><testcase classname="valid8.tests.test_validation_lib.test_validators_collections" file="valid8/tests/test_validation_lib/test_validators_collections.py" line="15" name="test_contains" time="0.001821756362915039"></testcase><testcase classname="valid8.tests.test_validation_lib.test_validators_collections" file="valid8/tests/test_validation_lib/test_validators_collections.py" line="22" name="test_is_subset_is_superset" time="0.003208637237548828"></testcase><testcase classname="valid8.tests.test_validation_lib.test_validators_collections" file="valid8/tests/test_validation_lib/test_validators_collections.py" line="45" name="test_on_all" time="0.0025687217712402344"></testcase><testcase classname="valid8.tests.test_validation_lib.test_validators_collections" file="valid8/tests/test_validation_lib/test_validators_collections.py" line="54" name="test_on_each" time="0.0018620491027832031"></testcase><testcase classname="valid8.tests.test_validation_lib.test_validators_collections" file="valid8/tests/test_validation_lib/test_validators_collections.py" line="63" name="test_haslen" time="0.0024251937866210938"></testcase><testcase classname="valid8.tests.test_validation_lib.test_validators_collections" file="valid8/tests/test_validation_lib/test_validators_collections.py" line="70" name="test_minlen" time="0.0024068355560302734"></testcase><testcase classname="valid8.tests.test_validation_lib.test_validators_collections" file="valid8/tests/test_validation_lib/test_validators_collections.py" line="77" name="test_minlens" time="0.0026912689208984375"></testcase><testcase classname="valid8.tests.test_validation_lib.test_validators_collections" file="valid8/tests/test_validation_lib/test_validators_collections.py" line="84" name="test_maxlen" time="0.002989053726196289"></testcase><testcase classname="valid8.tests.test_validation_lib.test_validators_collections" file="valid8/tests/test_validation_lib/test_validators_collections.py" line="91" name="test_maxlens" time="0.0029332637786865234"></testcase><testcase classname="valid8.tests.test_validation_lib.test_validators_collections" file="valid8/tests/test_validation_lib/test_validators_collections.py" line="98" name="test_length_between" time="0.0023679733276367188"></testcase><testcase classname="valid8.tests.test_validation_lib.test_validators_comparables" file="valid8/tests/test_validation_lib/test_validators_comparables.py" line="5" name="test_gt" time="0.0018754005432128906"></testcase><testcase classname="valid8.tests.test_validation_lib.test_validators_comparables" file="valid8/tests/test_validation_lib/test_validators_comparables.py" line="12" name="test_gts" time="0.0023660659790039062"></testcase><testcase classname="valid8.tests.test_validation_lib.test_validators_comparables" file="valid8/tests/test_validation_lib/test_validators_comparables.py" line="19" name="test_lt" time="0.001972675323486328"></testcase><testcase classname="valid8.tests.test_validation_lib.test_validators_comparables" file="valid8/tests/test_validation_lib/test_validators_comparables.py" line="26" name="test_lts" time="0.0023741722106933594"></testcase><testcase classname="valid8.tests.test_validation_lib.test_validators_comparables" file="valid8/tests/test_validation_lib/test_validators_comparables.py" line="33" name="test_between" time="0.0017642974853515625"></testcase><testcase classname="valid8.tests.test_validation_lib.test_validators_numbers" file="valid8/tests/test_validation_lib/test_validators_numbers.py" line="5" name="test_is_even" time="0.0015957355499267578"></testcase><testcase classname="valid8.tests.test_validation_lib.test_validators_numbers" file="valid8/tests/test_validation_lib/test_validators_numbers.py" line="11" name="test_is_odd" time="0.0016601085662841797"></testcase><testcase classname="valid8.tests.test_validation_lib.test_validators_numbers" file="valid8/tests/test_validation_lib/test_validators_numbers.py" line="17" name="test_is_multiple_of" time="0.002185344696044922"></testcase><testcase classname="valid8.tests.test_validation_lib.test_validators_types" file="valid8/tests/test_validation_lib/test_validators_types.py" line="5" name="test_instance_of" time="0.003152132034301758"></testcase><testcase classname="valid8.tests.test_validation_lib.test_validators_types" file="valid8/tests/test_validation_lib/test_validators_types.py" line="31" name="test_subclass_of" time="0.0022068023681640625"></testcase></testsuite>