<?xml version="1.0" encoding="utf-8"?><testsuite errors="0" failures="1" name="pytest" skips="0" tests="413" time="6.387"><testcase classname="valid8.tests.test_composition" file="valid8/tests/test_composition.py" line="6" name="test_empty_validators_list" time="0.003342151641845703"></testcase><testcase classname="valid8.tests.test_composition" file="valid8/tests/test_composition.py" line="13" name="test_list_implicit_and" time="0.0016367435455322266"></testcase><testcase classname="valid8.tests.test_composition" file="valid8/tests/test_composition.py" line="22" name="test_not_not_all" time="0.002954244613647461"></testcase><testcase classname="valid8.tests.test_composition" file="valid8/tests/test_composition.py" line="56" name="test_validate_or" time="0.0026018619537353516"></testcase><testcase classname="valid8.tests.test_composition" file="valid8/tests/test_composition.py" line="82" name="test_validate_xor" time="0.002422809600830078"></testcase><testcase classname="valid8.tests.test_composition" file="valid8/tests/test_composition.py" line="106" name="test_validate_and" time="0.002430438995361328"></testcase><testcase classname="valid8.tests.test_entry_points_annotations" file="valid8/tests/test_entry_points_annotations.py" line="8" name="test_validate_field" time="0.003930807113647461"></testcase><testcase classname="valid8.tests.test_entry_points_annotations" file="valid8/tests/test_entry_points_annotations.py" line="53" name="test_validate_field_property" time="0.003326416015625"></testcase><testcase classname="valid8.tests.test_entry_points_annotations" file="valid8/tests/test_entry_points_annotations.py" line="103" name="test_validate_field_custom_type" time="0.004728794097900391"></testcase><testcase classname="valid8.tests.test_entry_points_annotations" file="valid8/tests/test_entry_points_annotations.py" line="142" name="test_validate_attr" time="0.0033731460571289062"></testcase><testcase classname="valid8.tests.test_entry_points_annotations" file="valid8/tests/test_entry_points_annotations.py" line="154" name="test_validate_arg_nominal_builtin_validators" time="0.005780220031738281"><system-out>hello
hello
</system-out></testcase><testcase classname="valid8.tests.test_entry_points_annotations" file="valid8/tests/test_entry_points_annotations.py" line="184" name="test_validate_out" time="0.003614187240600586"></testcase><testcase classname="valid8.tests.test_entry_points_annotations" file="valid8/tests/test_entry_points_annotations.py" line="201" name="test_validate_nominal_builtin_validators" time="0.004759073257446289"><system-out>hello
hello
</system-out></testcase><testcase classname="valid8.tests.test_entry_points_annotations" file="valid8/tests/test_entry_points_annotations.py" line="231" name="test_validate_custom_validators_basic" time="0.004043102264404297"><system-out>hello
</system-out></testcase><testcase classname="valid8.tests.test_entry_points_annotations" file="valid8/tests/test_entry_points_annotations.py" line="279" name="test_validate_custom_validators_with_exception" time="0.0051043033599853516"><system-out>hello
1
2
3
</system-out></testcase><testcase classname="valid8.tests.test_entry_points_annotations" file="valid8/tests/test_entry_points_annotations.py" line="332" name="test_validate_mini_lambda" time="0.004256010055541992"><system-out>Hello, john your age is 20
</system-out></testcase><testcase classname="valid8.tests.test_entry_points_annotations" file="valid8/tests/test_entry_points_annotations.py" line="345" name="test_validate_none_enforce" time="0.00718379020690918"><system-out>hello
</system-out></testcase><testcase classname="valid8.tests.test_entry_points_annotations" file="valid8/tests/test_entry_points_annotations.py" line="366" name="test_validate_none_pytypes" time="0.016209125518798828"><system-out>hello
</system-out></testcase><testcase classname="valid8.tests.test_entry_points_annotations" file="valid8/tests/test_entry_points_annotations.py" line="387" name="test_validate_none_is_allowed" time="0.002668142318725586"><system-out>hello
hello
</system-out></testcase><testcase classname="valid8.tests.test_entry_points_annotations" file="valid8/tests/test_entry_points_annotations.py" line="399" name="test_validate_name_error" time="0.0028150081634521484"></testcase><testcase classname="valid8.tests.test_entry_points_annotations" file="valid8/tests/test_entry_points_annotations.py" line="408" name="test_decorate_manually" time="0.0027053356170654297"></testcase><testcase classname="valid8.tests.test_entry_points_annotations" file="valid8/tests/test_entry_points_annotations.py" line="420" name="test_validate_tracebacks" time="0.0029039382934570312"></testcase><testcase classname="valid8.tests.test_entry_points_inline" file="valid8/tests/test_entry_points_inline.py" line="4" name="test_validate_" time="0.003442525863647461"></testcase><testcase classname="valid8.tests.test_entry_points_inline" file="valid8/tests/test_entry_points_inline.py" line="30" name="test_readme_usage_validate__customization" time="0.002804994583129883"></testcase><testcase classname="valid8.tests.test_entry_points_inline" file="valid8/tests/test_entry_points_inline.py" line="68" name="test_wrap_valid" time="0.009934186935424805"><failure message="assert &apos;Error valida...ex() &gt; int().&apos; == &quot;Error validat...x&apos; and &apos;int&apos;.&quot;
  - Error validating [surface=1j]. Validation function [v.alid = surf &gt; 0 and isfinite(surf)] raised TypeError: unorderable types: complex() &gt; int().
  ?                                                                                                             ^     ^ ^^^^^^^  ^^       ^^^^^   ^^
  + Error validating [surface=1j]. Validation function [v.alid = surf &gt; 0 and isfinite(surf)] raised TypeError: &apos;&gt;&apos; not supported between instances of &apos;complex&apos; and &apos;int&apos;.
  ?                                                                                                             ^^^^  +++++++ ++ ++ ^^^^^^^^^^ ^^  ^^^^^       ^^^^^^^   ^">def test_wrap_valid():
        &quot;&quot;&quot; Tests the validation context manager &quot;&quot;&quot;
    
        from valid8 import wrap_valid
        from math import isfinite
    
        # nominal
        surf = 2
        with wrap_valid(&apos;surface&apos;, surf) as v:
            v.alid = surf &gt; 0 and isfinite(surf)
    
        # wrong value (no inner exception)
        surf = -1
        with pytest.raises(ValidationError) as exc_info:
            with wrap_valid(&apos;surface&apos;, surf) as v:
                v.alid = surf &gt; 0 and isfinite(surf)
        e = exc_info.value
        assert str(e) == &quot;Error validating [surface=-1]: &quot; \
                         &quot;validation function [v.alid = surf &gt; 0 and isfinite(surf)] returned [False].&quot;
    
        # wrong type (inner exception)
        with pytest.raises(ValidationError) as exc_info:
            surf = 1j
            with wrap_valid(&apos;surface&apos;, surf) as v:
                v.alid = surf &gt; 0 and isfinite(surf)
        e = exc_info.value
&gt;       assert str(e) == &quot;Error validating [surface=1j]. &quot; \
                         &quot;Validation function [v.alid = surf &gt; 0 and isfinite(surf)] raised &quot; \
                         &quot;TypeError: &apos;&gt;&apos; not supported between instances of &apos;complex&apos; and &apos;int&apos;.&quot;
E       assert &apos;Error valida...ex() &gt; int().&apos; == &quot;Error validat...x&apos; and &apos;int&apos;.&quot;
E         - Error validating [surface=1j]. Validation function [v.alid = surf &gt; 0 and isfinite(surf)] raised TypeError: unorderable types: complex() &gt; int().
E         ?                                                                                                             ^     ^ ^^^^^^^  ^^       ^^^^^   ^^
E         + Error validating [surface=1j]. Validation function [v.alid = surf &gt; 0 and isfinite(surf)] raised TypeError: &apos;&gt;&apos; not supported between instances of &apos;complex&apos; and &apos;int&apos;.
E         ?                                                                                                             ^^^^  +++++++ ++ ++ ^^^^^^^^^^ ^^  ^^^^^       ^^^^^^^   ^

valid8/tests/test_entry_points_inline.py:95: AssertionError</failure></testcase><testcase classname="valid8.tests.test_entry_points_inline" file="valid8/tests/test_entry_points_inline.py" line="99" name="test_readme_usage_wrap_valid_customization" time="0.0065021514892578125"></testcase><testcase classname="valid8.tests.test_entry_points_inline" file="valid8/tests/test_entry_points_inline.py" line="139" name="test_validate_tracebacks" time="0.0025072097778320312"></testcase><testcase classname="valid8.tests.test_readme_combining" file="valid8/tests/test_readme_combining.py" line="7" name="test_readme_index_combining_enforce" time="0.010795354843139648"><system-out>Building house... DONE !
Building house... DONE !
</system-out></testcase><testcase classname="valid8.tests.test_readme_combining" file="valid8/tests/test_readme_combining.py" line="50" name="test_readme_index_combining_autoclass" time="0.01816868782043457"></testcase><testcase classname="valid8.tests.test_readme_combining" file="valid8/tests/test_readme_combining.py" line="82" name="test_readme_index_combining_autoclass_2" time="0.006806612014770508"></testcase><testcase classname="valid8.tests.test_readme_combining" file="valid8/tests/test_readme_combining.py" line="113" name="test_readme_index_combining_attrs" time="0.004880189895629883"></testcase><testcase classname="valid8.tests.test_readme_combining" file="valid8/tests/test_readme_combining.py" line="145" name="test_unused_pytypes" time="0.018378257751464844"><system-out>you did it !
you did it !
</system-out></testcase><testcase classname="valid8.tests.test_readme_examples" file="valid8/tests/test_readme_examples.py" line="7" name="test_readme_examples_4" time="0.006365060806274414"></testcase><testcase classname="valid8.tests.test_readme_index" file="valid8/tests/test_readme_index.py" line="9" name="test_readme_index_usage_quick" time="0.002944469451904297"></testcase><testcase classname="valid8.tests.test_readme_index" file="valid8/tests/test_readme_index.py" line="23" name="test_readme_usage_wrap_valid" time="0.007684946060180664"></testcase><testcase classname="valid8.tests.test_readme_index" file="valid8/tests/test_readme_index.py" line="77" name="test_readme_usage_customization" time="0.004852771759033203"></testcase><testcase classname="valid8.tests.test_readme_index" file="valid8/tests/test_readme_index.py" line="141" name="test_readme_index_usage_basic" time="0.0027599334716796875"></testcase><testcase classname="valid8.tests.test_readme_index" file="valid8/tests/test_readme_index.py" line="165" name="test_readme_index_usage_function" time="0.004654407501220703"><system-out>Building house... DONE !
Building house... DONE !
Building house... DONE !
</system-out></testcase><testcase classname="valid8.tests.test_readme_index" file="valid8/tests/test_readme_index.py" line="210" name="test_readme_index_usage_class_fields" time="0.004320383071899414"></testcase><testcase classname="valid8.tests.test_readme_index" file="valid8/tests/test_readme_index.py" line="244" name="test_testing" time="0.0020437240600585938"></testcase><testcase classname="valid8.tests.test_readme_index" file="valid8/tests/test_readme_index.py" line="259" name="test_advanced_composition" time="0.001748800277709961"></testcase><testcase classname="valid8.tests.test_readme_index" file="valid8/tests/test_readme_index.py" line="278" name="test_readme_index_usage_customization" time="0.003259897232055664"></testcase><testcase classname="valid8.tests.test_readme_index" file="valid8/tests/test_readme_index.py" line="337" name="test_readme_index_usage_composition" time="0.004400730133056641"></testcase><testcase classname="valid8.tests.test_readme_usage" file="valid8/tests/test_readme_usage.py" line="8" name="test_tutorial" time="0.0027136802673339844"></testcase><testcase classname="valid8.tests.test_readme_usage" file="valid8/tests/test_readme_usage.py" line="68" name="test_usage_base_validation_functions" time="0.002188444137573242"></testcase><testcase classname="valid8.tests.test_readme_usage" file="valid8/tests/test_readme_usage.py" line="74" name="test_usage_ensure_valid" time="0.005048990249633789"></testcase><testcase classname="valid8.tests.test_readme_usage" file="valid8/tests/test_readme_usage.py" line="124" name="test_usage_is_valid" time="0.0028002262115478516"></testcase><testcase classname="valid8.tests.test_readme_usage" file="valid8/tests/test_readme_usage.py" line="164" name="test_usage_validators" time="0.0046122074127197266"></testcase><testcase classname="valid8.tests.test_readme_usage" file="valid8/tests/test_readme_usage.py" line="321" name="test_usage_validate_annotation" time="0.0027930736541748047"></testcase><testcase classname="valid8.tests.test_readme_usage" file="valid8/tests/test_readme_usage.py" line="338" name="test_usage_custom_validators" time="0.004584789276123047"></testcase><testcase classname="valid8.tests.test_readme_examples.test_example1" file="valid8/tests/test_readme_examples/test_example1.py" line="133" name="test_example_1[pep484-0-True]" time="0.006634712219238281"></testcase><testcase classname="valid8.tests.test_readme_examples.test_example1" file="valid8/tests/test_readme_examples/test_example1.py" line="133" name="test_example_1[pep484-100-True]" time="0.005594491958618164"></testcase><testcase classname="valid8.tests.test_readme_examples.test_example1" file="valid8/tests/test_readme_examples/test_example1.py" line="133" name="test_example_1[pep484-foo-TypeError]" time="0.006041288375854492"><system-out>
  test_example1.my_function
  called with incompatible types:
Expected: Tuple[Integral]
Received: Tuple[str]
</system-out></testcase><testcase classname="valid8.tests.test_readme_examples.test_example1" file="valid8/tests/test_readme_examples/test_example1.py" line="133" name="test_example_1[pep484-1.0-TypeError]" time="0.00739288330078125"><system-out>
  test_example1.my_function
  called with incompatible types:
Expected: Tuple[Integral]
Received: Tuple[float]
</system-out></testcase><testcase classname="valid8.tests.test_readme_examples.test_example1" file="valid8/tests/test_readme_examples/test_example1.py" line="133" name="test_example_1[pep484--1-ValueError]" time="0.005711078643798828"><system-out>Error validating input [x=-1] for function [my_function]: validation function [x &gt;= 0] returned [False].
</system-out></testcase><testcase classname="valid8.tests.test_readme_examples.test_example1" file="valid8/tests/test_readme_examples/test_example1.py" line="133" name="test_example_1[inline_validate-0-True]" time="0.002802133560180664"></testcase><testcase classname="valid8.tests.test_readme_examples.test_example1" file="valid8/tests/test_readme_examples/test_example1.py" line="133" name="test_example_1[inline_validate-100-True]" time="0.00335693359375"></testcase><testcase classname="valid8.tests.test_readme_examples.test_example1" file="valid8/tests/test_readme_examples/test_example1.py" line="133" name="test_example_1[inline_validate-foo-TypeError]" time="0.0030279159545898438"><system-out>Error validating [x=foo]. HasWrongType: Value should be an instance of &lt;class &apos;numbers.Integral&apos;&gt;. Wrong value: [foo].
</system-out></testcase><testcase classname="valid8.tests.test_readme_examples.test_example1" file="valid8/tests/test_readme_examples/test_example1.py" line="133" name="test_example_1[inline_validate-1.0-TypeError]" time="0.0056819915771484375"><system-out>Error validating [x=1.0]. HasWrongType: Value should be an instance of &lt;class &apos;numbers.Integral&apos;&gt;. Wrong value: [1.0].
</system-out></testcase><testcase classname="valid8.tests.test_readme_examples.test_example1" file="valid8/tests/test_readme_examples/test_example1.py" line="133" name="test_example_1[inline_validate--1-ValueError]" time="0.0038428306579589844"><system-out>Error validating [x=-1]. TooSmall: x &gt;= 0 does not hold for x=-1. Wrong value: [-1].
</system-out></testcase><testcase classname="valid8.tests.test_readme_examples.test_example1" file="valid8/tests/test_readme_examples/test_example1.py" line="133" name="test_example_1[with_validator-0-True]" time="0.004667043685913086"></testcase><testcase classname="valid8.tests.test_readme_examples.test_example1" file="valid8/tests/test_readme_examples/test_example1.py" line="133" name="test_example_1[with_validator-100-True]" time="0.004472970962524414"></testcase><testcase classname="valid8.tests.test_readme_examples.test_example1" file="valid8/tests/test_readme_examples/test_example1.py" line="133" name="test_example_1[with_validator-foo-TypeError]" time="0.004311561584472656"><system-out>Error validating [x=foo]. HasWrongType: Value should be an instance of &lt;class &apos;numbers.Integral&apos;&gt;. Wrong value: [foo].
</system-out></testcase><testcase classname="valid8.tests.test_readme_examples.test_example1" file="valid8/tests/test_readme_examples/test_example1.py" line="133" name="test_example_1[with_validator-1.0-TypeError]" time="0.005070686340332031"><system-out>Error validating [x=1.0]. HasWrongType: Value should be an instance of &lt;class &apos;numbers.Integral&apos;&gt;. Wrong value: [1.0].
</system-out></testcase><testcase classname="valid8.tests.test_readme_examples.test_example1" file="valid8/tests/test_readme_examples/test_example1.py" line="133" name="test_example_1[with_validator--1-ValueError]" time="0.006077766418457031"><system-out>Error validating [x=-1]: validation function [v.alid = x &gt;= 0] returned [False].
</system-out></testcase><testcase classname="valid8.tests.test_readme_examples.test_example1" file="valid8/tests/test_readme_examples/test_example1.py" line="133" name="test_example_1[function_output_builtin-0-True]" time="0.00473332405090332"></testcase><testcase classname="valid8.tests.test_readme_examples.test_example1" file="valid8/tests/test_readme_examples/test_example1.py" line="133" name="test_example_1[function_output_builtin-100-True]" time="0.005728483200073242"></testcase><testcase classname="valid8.tests.test_readme_examples.test_example1" file="valid8/tests/test_readme_examples/test_example1.py" line="133" name="test_example_1[function_output_builtin-foo-TypeError]" time="0.003869295120239258"><system-out>Error validating output of function [my_function2]. Validation function [and(instance_of_&lt;class &apos;numbers.Integral&apos;&gt;, greater_than_0)] raised AtLeastOneFailed: At least one validation function failed validation for value [foo]. Successes: [] / Failures: {&quot;instance_of_&lt;class &apos;numbers.Integral&apos;&gt;&quot;: &quot;HasWrongType: Value should be an instance of &lt;class &apos;numbers.Integral&apos;&gt;. Wrong value: [foo]&quot;, &apos;greater_than_0&apos;: &apos;TypeError: unorderable types: str() &gt;= int()&apos;}.
</system-out></testcase><testcase classname="valid8.tests.test_readme_examples.test_example1" file="valid8/tests/test_readme_examples/test_example1.py" line="133" name="test_example_1[function_output_builtin-1.0-TypeError]" time="0.0058994293212890625"><system-out>Error validating output of function [my_function2]. Validation function [and(instance_of_&lt;class &apos;numbers.Integral&apos;&gt;, greater_than_0)] raised AtLeastOneFailed: At least one validation function failed validation for value [1.0]. Successes: [&apos;greater_than_0&apos;] / Failures: {&quot;instance_of_&lt;class &apos;numbers.Integral&apos;&gt;&quot;: &quot;HasWrongType: Value should be an instance of &lt;class &apos;numbers.Integral&apos;&gt;. Wrong value: [1.0]&quot;}.
</system-out></testcase><testcase classname="valid8.tests.test_readme_examples.test_example1" file="valid8/tests/test_readme_examples/test_example1.py" line="133" name="test_example_1[function_output_builtin--1-ValueError]" time="0.005108833312988281"><system-out>Error validating output of function [my_function2]. Validation function [and(instance_of_&lt;class &apos;numbers.Integral&apos;&gt;, greater_than_0)] raised AtLeastOneFailed: At least one validation function failed validation for value [-1]. Successes: [&quot;instance_of_&lt;class &apos;numbers.Integral&apos;&gt;&quot;] / Failures: {&apos;greater_than_0&apos;: &apos;TooSmall: x &gt;= 0 does not hold for x=-1. Wrong value: [-1]&apos;}.
</system-out></testcase><testcase classname="valid8.tests.test_readme_examples.test_example1" file="valid8/tests/test_readme_examples/test_example1.py" line="133" name="test_example_1[function_output_mini_lambda-0-True]" time="0.004099130630493164"></testcase><testcase classname="valid8.tests.test_readme_examples.test_example1" file="valid8/tests/test_readme_examples/test_example1.py" line="133" name="test_example_1[function_output_mini_lambda-100-True]" time="0.0044384002685546875"></testcase><testcase classname="valid8.tests.test_readme_examples.test_example1" file="valid8/tests/test_readme_examples/test_example1.py" line="133" name="test_example_1[function_output_mini_lambda-foo-TypeError]" time="0.0048639774322509766"><system-out>Error validating output of function [my_function2]. Validation function [and(instance_of_&lt;class &apos;numbers.Integral&apos;&gt;, x &gt;= 0)] raised AtLeastOneFailed: At least one validation function failed validation for value [foo]. Successes: [] / Failures: {&quot;instance_of_&lt;class &apos;numbers.Integral&apos;&gt;&quot;: &quot;HasWrongType: Value should be an instance of &lt;class &apos;numbers.Integral&apos;&gt;. Wrong value: [foo]&quot;, &apos;x &gt;= 0&apos;: &apos;TypeError: unorderable types: str() &gt;= int()&apos;}.
</system-out></testcase><testcase classname="valid8.tests.test_readme_examples.test_example1" file="valid8/tests/test_readme_examples/test_example1.py" line="133" name="test_example_1[function_output_mini_lambda-1.0-TypeError]" time="0.0046193599700927734"><system-out>Error validating output of function [my_function2]. Validation function [and(instance_of_&lt;class &apos;numbers.Integral&apos;&gt;, x &gt;= 0)] raised AtLeastOneFailed: At least one validation function failed validation for value [1.0]. Successes: [&apos;x &gt;= 0&apos;] / Failures: {&quot;instance_of_&lt;class &apos;numbers.Integral&apos;&gt;&quot;: &quot;HasWrongType: Value should be an instance of &lt;class &apos;numbers.Integral&apos;&gt;. Wrong value: [1.0]&quot;}.
</system-out></testcase><testcase classname="valid8.tests.test_readme_examples.test_example1" file="valid8/tests/test_readme_examples/test_example1.py" line="133" name="test_example_1[function_output_mini_lambda--1-ValueError]" time="0.0042955875396728516"><system-out>Error validating output of function [my_function2]. Validation function [and(instance_of_&lt;class &apos;numbers.Integral&apos;&gt;, x &gt;= 0)] raised AtLeastOneFailed: At least one validation function failed validation for value [-1]. Successes: [&quot;instance_of_&lt;class &apos;numbers.Integral&apos;&gt;&quot;] / Failures: {&apos;x &gt;= 0&apos;: &apos;False&apos;}.
</system-out></testcase><testcase classname="valid8.tests.test_readme_examples.test_example1" file="valid8/tests/test_readme_examples/test_example1.py" line="133" name="test_example_1[class_field_mini_lambda-0-True]" time="0.004556894302368164"></testcase><testcase classname="valid8.tests.test_readme_examples.test_example1" file="valid8/tests/test_readme_examples/test_example1.py" line="133" name="test_example_1[class_field_mini_lambda-100-True]" time="0.0045816898345947266"></testcase><testcase classname="valid8.tests.test_readme_examples.test_example1" file="valid8/tests/test_readme_examples/test_example1.py" line="133" name="test_example_1[class_field_mini_lambda-foo-TypeError]" time="0.004564762115478516"><system-out>Error validating field [x=foo] for class [Foo]. Validation function [and(instance_of_&lt;class &apos;numbers.Integral&apos;&gt;, x &gt;= 0)] raised AtLeastOneFailed: At least one validation function failed validation for value [foo]. Successes: [] / Failures: {&quot;instance_of_&lt;class &apos;numbers.Integral&apos;&gt;&quot;: &quot;HasWrongType: Value should be an instance of &lt;class &apos;numbers.Integral&apos;&gt;. Wrong value: [foo]&quot;, &apos;x &gt;= 0&apos;: &apos;TypeError: unorderable types: str() &gt;= int()&apos;}.
</system-out></testcase><testcase classname="valid8.tests.test_readme_examples.test_example1" file="valid8/tests/test_readme_examples/test_example1.py" line="133" name="test_example_1[class_field_mini_lambda-1.0-TypeError]" time="0.004849910736083984"><system-out>Error validating field [x=1.0] for class [Foo]. Validation function [and(instance_of_&lt;class &apos;numbers.Integral&apos;&gt;, x &gt;= 0)] raised AtLeastOneFailed: At least one validation function failed validation for value [1.0]. Successes: [&apos;x &gt;= 0&apos;] / Failures: {&quot;instance_of_&lt;class &apos;numbers.Integral&apos;&gt;&quot;: &quot;HasWrongType: Value should be an instance of &lt;class &apos;numbers.Integral&apos;&gt;. Wrong value: [1.0]&quot;}.
</system-out></testcase><testcase classname="valid8.tests.test_readme_examples.test_example1" file="valid8/tests/test_readme_examples/test_example1.py" line="133" name="test_example_1[class_field_mini_lambda--1-ValueError]" time="0.005155801773071289"><system-out>Error validating field [x=-1] for class [Foo]. Validation function [and(instance_of_&lt;class &apos;numbers.Integral&apos;&gt;, x &gt;= 0)] raised AtLeastOneFailed: At least one validation function failed validation for value [-1]. Successes: [&quot;instance_of_&lt;class &apos;numbers.Integral&apos;&gt;&quot;] / Failures: {&apos;x &gt;= 0&apos;: &apos;False&apos;}.
</system-out></testcase><testcase classname="valid8.tests.test_readme_examples.test_example1" file="valid8/tests/test_readme_examples/test_example1.py" line="133" name="test_example_1[function_io_builtin-0-True]" time="0.0038056373596191406"></testcase><testcase classname="valid8.tests.test_readme_examples.test_example1" file="valid8/tests/test_readme_examples/test_example1.py" line="133" name="test_example_1[function_io_builtin-100-True]" time="0.005956172943115234"></testcase><testcase classname="valid8.tests.test_readme_examples.test_example1" file="valid8/tests/test_readme_examples/test_example1.py" line="133" name="test_example_1[function_io_builtin-foo-TypeError]" time="0.0037734508514404297"><system-out>Error validating input [x=foo] for function [my_function3]. Validation function [and(instance_of_&lt;class &apos;numbers.Integral&apos;&gt;, greater_than_0)] raised AtLeastOneFailed: At least one validation function failed validation for value [foo]. Successes: [] / Failures: {&quot;instance_of_&lt;class &apos;numbers.Integral&apos;&gt;&quot;: &quot;HasWrongType: Value should be an instance of &lt;class &apos;numbers.Integral&apos;&gt;. Wrong value: [foo]&quot;, &apos;greater_than_0&apos;: &apos;TypeError: unorderable types: str() &gt;= int()&apos;}.
</system-out></testcase><testcase classname="valid8.tests.test_readme_examples.test_example1" file="valid8/tests/test_readme_examples/test_example1.py" line="133" name="test_example_1[function_io_builtin-1.0-TypeError]" time="0.005638837814331055"><system-out>Error validating input [x=1.0] for function [my_function3]. Validation function [and(instance_of_&lt;class &apos;numbers.Integral&apos;&gt;, greater_than_0)] raised AtLeastOneFailed: At least one validation function failed validation for value [1.0]. Successes: [&apos;greater_than_0&apos;] / Failures: {&quot;instance_of_&lt;class &apos;numbers.Integral&apos;&gt;&quot;: &quot;HasWrongType: Value should be an instance of &lt;class &apos;numbers.Integral&apos;&gt;. Wrong value: [1.0]&quot;}.
</system-out></testcase><testcase classname="valid8.tests.test_readme_examples.test_example1" file="valid8/tests/test_readme_examples/test_example1.py" line="133" name="test_example_1[function_io_builtin--1-ValueError]" time="0.0045623779296875"><system-out>Error validating input [x=-1] for function [my_function3]. Validation function [and(instance_of_&lt;class &apos;numbers.Integral&apos;&gt;, greater_than_0)] raised AtLeastOneFailed: At least one validation function failed validation for value [-1]. Successes: [&quot;instance_of_&lt;class &apos;numbers.Integral&apos;&gt;&quot;] / Failures: {&apos;greater_than_0&apos;: &apos;TooSmall: x &gt;= 0 does not hold for x=-1. Wrong value: [-1]&apos;}.
</system-out></testcase><testcase classname="valid8.tests.test_readme_examples.test_example1" file="valid8/tests/test_readme_examples/test_example1.py" line="133" name="test_example_1[function_input_builtin-0-True]" time="0.00499725341796875"></testcase><testcase classname="valid8.tests.test_readme_examples.test_example1" file="valid8/tests/test_readme_examples/test_example1.py" line="133" name="test_example_1[function_input_builtin-100-True]" time="0.004322528839111328"></testcase><testcase classname="valid8.tests.test_readme_examples.test_example1" file="valid8/tests/test_readme_examples/test_example1.py" line="133" name="test_example_1[function_input_builtin-foo-TypeError]" time="0.004699230194091797"><system-out>Error validating input [x=foo] for function [my_function]. Validation function [and(instance_of_&lt;class &apos;numbers.Integral&apos;&gt;, greater_than_0)] raised AtLeastOneFailed: At least one validation function failed validation for value [foo]. Successes: [] / Failures: {&quot;instance_of_&lt;class &apos;numbers.Integral&apos;&gt;&quot;: &quot;HasWrongType: Value should be an instance of &lt;class &apos;numbers.Integral&apos;&gt;. Wrong value: [foo]&quot;, &apos;greater_than_0&apos;: &apos;TypeError: unorderable types: str() &gt;= int()&apos;}.
</system-out></testcase><testcase classname="valid8.tests.test_readme_examples.test_example1" file="valid8/tests/test_readme_examples/test_example1.py" line="133" name="test_example_1[function_input_builtin-1.0-TypeError]" time="0.004457712173461914"><system-out>Error validating input [x=1.0] for function [my_function]. Validation function [and(instance_of_&lt;class &apos;numbers.Integral&apos;&gt;, greater_than_0)] raised AtLeastOneFailed: At least one validation function failed validation for value [1.0]. Successes: [&apos;greater_than_0&apos;] / Failures: {&quot;instance_of_&lt;class &apos;numbers.Integral&apos;&gt;&quot;: &quot;HasWrongType: Value should be an instance of &lt;class &apos;numbers.Integral&apos;&gt;. Wrong value: [1.0]&quot;}.
</system-out></testcase><testcase classname="valid8.tests.test_readme_examples.test_example1" file="valid8/tests/test_readme_examples/test_example1.py" line="133" name="test_example_1[function_input_builtin--1-ValueError]" time="0.0038480758666992188"><system-out>Error validating input [x=-1] for function [my_function]. Validation function [and(instance_of_&lt;class &apos;numbers.Integral&apos;&gt;, greater_than_0)] raised AtLeastOneFailed: At least one validation function failed validation for value [-1]. Successes: [&quot;instance_of_&lt;class &apos;numbers.Integral&apos;&gt;&quot;] / Failures: {&apos;greater_than_0&apos;: &apos;TooSmall: x &gt;= 0 does not hold for x=-1. Wrong value: [-1]&apos;}.
</system-out></testcase><testcase classname="valid8.tests.test_readme_examples.test_example1" file="valid8/tests/test_readme_examples/test_example1.py" line="133" name="test_example_1[class_field_builtin_stdlib-0-True]" time="0.004151344299316406"></testcase><testcase classname="valid8.tests.test_readme_examples.test_example1" file="valid8/tests/test_readme_examples/test_example1.py" line="133" name="test_example_1[class_field_builtin_stdlib-100-True]" time="0.004336118698120117"></testcase><testcase classname="valid8.tests.test_readme_examples.test_example1" file="valid8/tests/test_readme_examples/test_example1.py" line="133" name="test_example_1[class_field_builtin_stdlib-foo-TypeError]" time="0.0034830570220947266"><system-out>Error validating field [x=foo] for class [Foo]. Validation function [and(instance_of_&lt;class &apos;numbers.Integral&apos;&gt;, greater_than_0)] raised AtLeastOneFailed: At least one validation function failed validation for value [foo]. Successes: [] / Failures: {&quot;instance_of_&lt;class &apos;numbers.Integral&apos;&gt;&quot;: &quot;HasWrongType: Value should be an instance of &lt;class &apos;numbers.Integral&apos;&gt;. Wrong value: [foo]&quot;, &apos;greater_than_0&apos;: &apos;TypeError: unorderable types: str() &gt;= int()&apos;}.
</system-out></testcase><testcase classname="valid8.tests.test_readme_examples.test_example1" file="valid8/tests/test_readme_examples/test_example1.py" line="133" name="test_example_1[class_field_builtin_stdlib-1.0-TypeError]" time="0.004987239837646484"><system-out>Error validating field [x=1.0] for class [Foo]. Validation function [and(instance_of_&lt;class &apos;numbers.Integral&apos;&gt;, greater_than_0)] raised AtLeastOneFailed: At least one validation function failed validation for value [1.0]. Successes: [&apos;greater_than_0&apos;] / Failures: {&quot;instance_of_&lt;class &apos;numbers.Integral&apos;&gt;&quot;: &quot;HasWrongType: Value should be an instance of &lt;class &apos;numbers.Integral&apos;&gt;. Wrong value: [1.0]&quot;}.
</system-out></testcase><testcase classname="valid8.tests.test_readme_examples.test_example1" file="valid8/tests/test_readme_examples/test_example1.py" line="133" name="test_example_1[class_field_builtin_stdlib--1-ValueError]" time="0.0035004615783691406"><system-out>Error validating field [x=-1] for class [Foo]. Validation function [and(instance_of_&lt;class &apos;numbers.Integral&apos;&gt;, greater_than_0)] raised AtLeastOneFailed: At least one validation function failed validation for value [-1]. Successes: [&quot;instance_of_&lt;class &apos;numbers.Integral&apos;&gt;&quot;] / Failures: {&apos;greater_than_0&apos;: &apos;TooSmall: x &gt;= 0 does not hold for x=-1. Wrong value: [-1]&apos;}.
</system-out></testcase><testcase classname="valid8.tests.test_readme_examples.test_example1" file="valid8/tests/test_readme_examples/test_example1.py" line="133" name="test_example_1[function_input_mini_lambda-0-True]" time="0.004488945007324219"></testcase><testcase classname="valid8.tests.test_readme_examples.test_example1" file="valid8/tests/test_readme_examples/test_example1.py" line="133" name="test_example_1[function_input_mini_lambda-100-True]" time="0.0045588016510009766"></testcase><testcase classname="valid8.tests.test_readme_examples.test_example1" file="valid8/tests/test_readme_examples/test_example1.py" line="133" name="test_example_1[function_input_mini_lambda-foo-TypeError]" time="0.00550389289855957"><system-out>Error validating input [x=foo] for function [my_function]. Validation function [and(instance_of_&lt;class &apos;numbers.Integral&apos;&gt;, x &gt;= 0)] raised AtLeastOneFailed: At least one validation function failed validation for value [foo]. Successes: [] / Failures: {&quot;instance_of_&lt;class &apos;numbers.Integral&apos;&gt;&quot;: &quot;HasWrongType: Value should be an instance of &lt;class &apos;numbers.Integral&apos;&gt;. Wrong value: [foo]&quot;, &apos;x &gt;= 0&apos;: &apos;TypeError: unorderable types: str() &gt;= int()&apos;}.
</system-out></testcase><testcase classname="valid8.tests.test_readme_examples.test_example1" file="valid8/tests/test_readme_examples/test_example1.py" line="133" name="test_example_1[function_input_mini_lambda-1.0-TypeError]" time="0.006728410720825195"><system-out>Error validating input [x=1.0] for function [my_function]. Validation function [and(instance_of_&lt;class &apos;numbers.Integral&apos;&gt;, x &gt;= 0)] raised AtLeastOneFailed: At least one validation function failed validation for value [1.0]. Successes: [&apos;x &gt;= 0&apos;] / Failures: {&quot;instance_of_&lt;class &apos;numbers.Integral&apos;&gt;&quot;: &quot;HasWrongType: Value should be an instance of &lt;class &apos;numbers.Integral&apos;&gt;. Wrong value: [1.0]&quot;}.
</system-out></testcase><testcase classname="valid8.tests.test_readme_examples.test_example1" file="valid8/tests/test_readme_examples/test_example1.py" line="133" name="test_example_1[function_input_mini_lambda--1-ValueError]" time="0.003308534622192383"><system-out>Error validating input [x=-1] for function [my_function]. Validation function [and(instance_of_&lt;class &apos;numbers.Integral&apos;&gt;, x &gt;= 0)] raised AtLeastOneFailed: At least one validation function failed validation for value [-1]. Successes: [&quot;instance_of_&lt;class &apos;numbers.Integral&apos;&gt;&quot;] / Failures: {&apos;x &gt;= 0&apos;: &apos;False&apos;}.
</system-out></testcase><testcase classname="valid8.tests.test_readme_examples.test_example1" file="valid8/tests/test_readme_examples/test_example1.py" line="133" name="test_example_1[function_io_mini_lambda-0-True]" time="0.004709005355834961"></testcase><testcase classname="valid8.tests.test_readme_examples.test_example1" file="valid8/tests/test_readme_examples/test_example1.py" line="133" name="test_example_1[function_io_mini_lambda-100-True]" time="0.004624605178833008"></testcase><testcase classname="valid8.tests.test_readme_examples.test_example1" file="valid8/tests/test_readme_examples/test_example1.py" line="133" name="test_example_1[function_io_mini_lambda-foo-TypeError]" time="0.005341768264770508"><system-out>Error validating input [x=foo] for function [my_function3]. Validation function [and(instance_of_&lt;class &apos;numbers.Integral&apos;&gt;, x &gt;= 0)] raised AtLeastOneFailed: At least one validation function failed validation for value [foo]. Successes: [] / Failures: {&quot;instance_of_&lt;class &apos;numbers.Integral&apos;&gt;&quot;: &quot;HasWrongType: Value should be an instance of &lt;class &apos;numbers.Integral&apos;&gt;. Wrong value: [foo]&quot;, &apos;x &gt;= 0&apos;: &apos;TypeError: unorderable types: str() &gt;= int()&apos;}.
</system-out></testcase><testcase classname="valid8.tests.test_readme_examples.test_example1" file="valid8/tests/test_readme_examples/test_example1.py" line="133" name="test_example_1[function_io_mini_lambda-1.0-TypeError]" time="0.005732536315917969"><system-out>Error validating input [x=1.0] for function [my_function3]. Validation function [and(instance_of_&lt;class &apos;numbers.Integral&apos;&gt;, x &gt;= 0)] raised AtLeastOneFailed: At least one validation function failed validation for value [1.0]. Successes: [&apos;x &gt;= 0&apos;] / Failures: {&quot;instance_of_&lt;class &apos;numbers.Integral&apos;&gt;&quot;: &quot;HasWrongType: Value should be an instance of &lt;class &apos;numbers.Integral&apos;&gt;. Wrong value: [1.0]&quot;}.
</system-out></testcase><testcase classname="valid8.tests.test_readme_examples.test_example1" file="valid8/tests/test_readme_examples/test_example1.py" line="133" name="test_example_1[function_io_mini_lambda--1-ValueError]" time="0.005177021026611328"><system-out>Error validating input [x=-1] for function [my_function3]. Validation function [and(instance_of_&lt;class &apos;numbers.Integral&apos;&gt;, x &gt;= 0)] raised AtLeastOneFailed: At least one validation function failed validation for value [-1]. Successes: [&quot;instance_of_&lt;class &apos;numbers.Integral&apos;&gt;&quot;] / Failures: {&apos;x &gt;= 0&apos;: &apos;False&apos;}.
</system-out></testcase><testcase classname="valid8.tests.test_readme_examples.test_example2" file="valid8/tests/test_readme_examples/test_example2.py" line="105" name="test_example_2[pep484-foo-True]" time="0.004925727844238281"></testcase><testcase classname="valid8.tests.test_readme_examples.test_example2" file="valid8/tests/test_readme_examples/test_example2.py" line="105" name="test_example_2[pep484-foo_123-True]" time="0.0050678253173828125"></testcase><testcase classname="valid8.tests.test_readme_examples.test_example2" file="valid8/tests/test_readme_examples/test_example2.py" line="105" name="test_example_2[pep484-1.1-TypeError]" time="0.006530284881591797"><system-out>
  test_example2.my_function
  called with incompatible types:
Expected: Tuple[str]
Received: Tuple[float]
</system-out></testcase><testcase classname="valid8.tests.test_readme_examples.test_example2" file="valid8/tests/test_readme_examples/test_example2.py" line="105" name="test_example_2[pep484--ValueError]" time="0.005551815032958984"><system-out>Error validating input [s=] for function [my_function]. Validation function [and(len(s) &gt; 0, s.islower())] raised AtLeastOneFailed: At least one validation function failed validation for value []. Successes: [] / Failures: {&apos;len(s) &gt; 0&apos;: &apos;False&apos;, &apos;s.islower()&apos;: &apos;False&apos;}.
</system-out></testcase><testcase classname="valid8.tests.test_readme_examples.test_example2" file="valid8/tests/test_readme_examples/test_example2.py" line="105" name="test_example_2[pep484-fOO-ValueError]" time="0.006670951843261719"><system-out>Error validating input [s=fOO] for function [my_function]. Validation function [and(len(s) &gt; 0, s.islower())] raised AtLeastOneFailed: At least one validation function failed validation for value [fOO]. Successes: [&apos;len(s) &gt; 0&apos;] / Failures: {&apos;s.islower()&apos;: &apos;False&apos;}.
</system-out></testcase><testcase classname="valid8.tests.test_readme_examples.test_example2" file="valid8/tests/test_readme_examples/test_example2.py" line="105" name="test_example_2[inline_validate_1-foo-True]" time="0.0033416748046875"></testcase><testcase classname="valid8.tests.test_readme_examples.test_example2" file="valid8/tests/test_readme_examples/test_example2.py" line="105" name="test_example_2[inline_validate_1-foo_123-True]" time="0.0024471282958984375"></testcase><testcase classname="valid8.tests.test_readme_examples.test_example2" file="valid8/tests/test_readme_examples/test_example2.py" line="105" name="test_example_2[inline_validate_1-1.1-TypeError]" time="0.0035903453826904297"><system-out>Error validating [s=1.1]. HasWrongType: Value should be an instance of &lt;class &apos;str&apos;&gt;. Wrong value: [1.1].
</system-out></testcase><testcase classname="valid8.tests.test_readme_examples.test_example2" file="valid8/tests/test_readme_examples/test_example2.py" line="105" name="test_example_2[inline_validate_1--ValueError]" time="0.0032944679260253906"><system-out>Error validating [s=]. TooShort: len(x) &gt;= 1 does not hold for x=. Wrong value: [].
</system-out></testcase><testcase classname="valid8.tests.test_readme_examples.test_example2" file="valid8/tests/test_readme_examples/test_example2.py" line="105" name="test_example_2[inline_validate_1-fOO-ValueError]" time="0.0040950775146484375"><system-out>Error validating [s=fOO]. NotEqual: x == foo does not hold for x=fOO. Wrong value: [fOO].
</system-out></testcase><testcase classname="valid8.tests.test_readme_examples.test_example2" file="valid8/tests/test_readme_examples/test_example2.py" line="105" name="test_example_2[function_input_mini_lambda-foo-True]" time="0.004593849182128906"></testcase><testcase classname="valid8.tests.test_readme_examples.test_example2" file="valid8/tests/test_readme_examples/test_example2.py" line="105" name="test_example_2[function_input_mini_lambda-foo_123-True]" time="0.005178689956665039"></testcase><testcase classname="valid8.tests.test_readme_examples.test_example2" file="valid8/tests/test_readme_examples/test_example2.py" line="105" name="test_example_2[function_input_mini_lambda-1.1-TypeError]" time="0.005445718765258789"><system-out>Error validating input [s=1.1] for function [my_function]. Validation function [and(instance_of_&lt;class &apos;str&apos;&gt;, len(s) &gt; 0, s.islower())] raised AtLeastOneFailed: At least one validation function failed validation for value [1.1]. Successes: [] / Failures: {&quot;instance_of_&lt;class &apos;str&apos;&gt;&quot;: &quot;HasWrongType: Value should be an instance of &lt;class &apos;str&apos;&gt;. Wrong value: [1.1]&quot;, &apos;len(s) &gt; 0&apos;: &quot;TypeError: object of type &apos;float&apos; has no len()&quot;, &apos;s.islower()&apos;: &quot;AttributeError: &apos;float&apos; object has no attribute &apos;islower&apos;&quot;}.
</system-out></testcase><testcase classname="valid8.tests.test_readme_examples.test_example2" file="valid8/tests/test_readme_examples/test_example2.py" line="105" name="test_example_2[function_input_mini_lambda--ValueError]" time="0.005020856857299805"><system-out>Error validating input [s=] for function [my_function]. Validation function [and(instance_of_&lt;class &apos;str&apos;&gt;, len(s) &gt; 0, s.islower())] raised AtLeastOneFailed: At least one validation function failed validation for value []. Successes: [&quot;instance_of_&lt;class &apos;str&apos;&gt;&quot;] / Failures: {&apos;len(s) &gt; 0&apos;: &apos;False&apos;, &apos;s.islower()&apos;: &apos;False&apos;}.
</system-out></testcase><testcase classname="valid8.tests.test_readme_examples.test_example2" file="valid8/tests/test_readme_examples/test_example2.py" line="105" name="test_example_2[function_input_mini_lambda-fOO-ValueError]" time="0.005488872528076172"><system-out>Error validating input [s=fOO] for function [my_function]. Validation function [and(instance_of_&lt;class &apos;str&apos;&gt;, len(s) &gt; 0, s.islower())] raised AtLeastOneFailed: At least one validation function failed validation for value [fOO]. Successes: [&quot;instance_of_&lt;class &apos;str&apos;&gt;&quot;, &apos;len(s) &gt; 0&apos;] / Failures: {&apos;s.islower()&apos;: &apos;False&apos;}.
</system-out></testcase><testcase classname="valid8.tests.test_readme_examples.test_example2" file="valid8/tests/test_readme_examples/test_example2.py" line="105" name="test_example_2[class_field_builtin_stdlib-foo-True]" time="0.005065441131591797"></testcase><testcase classname="valid8.tests.test_readme_examples.test_example2" file="valid8/tests/test_readme_examples/test_example2.py" line="105" name="test_example_2[class_field_builtin_stdlib-foo_123-True]" time="0.004262685775756836"></testcase><testcase classname="valid8.tests.test_readme_examples.test_example2" file="valid8/tests/test_readme_examples/test_example2.py" line="105" name="test_example_2[class_field_builtin_stdlib-1.1-TypeError]" time="0.006292819976806641"><system-out>Error validating field [s=1.1] for class [Foo]. Validation function [and(instance_of_&lt;class &apos;str&apos;&gt;, length_greater_than_1, islower)] raised AtLeastOneFailed: At least one validation function failed validation for value [1.1]. Successes: [] / Failures: {&quot;instance_of_&lt;class &apos;str&apos;&gt;&quot;: &quot;HasWrongType: Value should be an instance of &lt;class &apos;str&apos;&gt;. Wrong value: [1.1]&quot;, &apos;length_greater_than_1&apos;: &quot;TypeError: object of type &apos;float&apos; has no len()&quot;, &apos;islower&apos;: &quot;TypeError: descriptor &apos;islower&apos; requires a &apos;str&apos; object but received a &apos;float&apos;&quot;}.
</system-out></testcase><testcase classname="valid8.tests.test_readme_examples.test_example2" file="valid8/tests/test_readme_examples/test_example2.py" line="105" name="test_example_2[class_field_builtin_stdlib--ValueError]" time="0.006798744201660156"><system-out>Error validating field [s=] for class [Foo]. Validation function [and(instance_of_&lt;class &apos;str&apos;&gt;, length_greater_than_1, islower)] raised AtLeastOneFailed: At least one validation function failed validation for value []. Successes: [&quot;instance_of_&lt;class &apos;str&apos;&gt;&quot;] / Failures: {&apos;length_greater_than_1&apos;: &apos;TooShort: len(x) &gt;= 1 does not hold for x=. Wrong value: []&apos;, &apos;islower&apos;: &apos;False&apos;}.
</system-out></testcase><testcase classname="valid8.tests.test_readme_examples.test_example2" file="valid8/tests/test_readme_examples/test_example2.py" line="105" name="test_example_2[class_field_builtin_stdlib-fOO-ValueError]" time="0.0055539608001708984"><system-out>Error validating field [s=fOO] for class [Foo]. Validation function [and(instance_of_&lt;class &apos;str&apos;&gt;, length_greater_than_1, islower)] raised AtLeastOneFailed: At least one validation function failed validation for value [fOO]. Successes: [&quot;instance_of_&lt;class &apos;str&apos;&gt;&quot;, &apos;length_greater_than_1&apos;] / Failures: {&apos;islower&apos;: &apos;False&apos;}.
</system-out></testcase><testcase classname="valid8.tests.test_readme_examples.test_example2" file="valid8/tests/test_readme_examples/test_example2.py" line="105" name="test_example_2[inline_validate_3-foo-True]" time="0.004388332366943359"></testcase><testcase classname="valid8.tests.test_readme_examples.test_example2" file="valid8/tests/test_readme_examples/test_example2.py" line="105" name="test_example_2[inline_validate_3-foo_123-True]" time="0.0026683807373046875"></testcase><testcase classname="valid8.tests.test_readme_examples.test_example2" file="valid8/tests/test_readme_examples/test_example2.py" line="105" name="test_example_2[inline_validate_3-1.1-TypeError]" time="0.003160715103149414"><system-out>Error validating [s=1.1]. HasWrongType: Value should be an instance of &lt;class &apos;str&apos;&gt;. Wrong value: [1.1].
</system-out></testcase><testcase classname="valid8.tests.test_readme_examples.test_example2" file="valid8/tests/test_readme_examples/test_example2.py" line="105" name="test_example_2[inline_validate_3--ValueError]" time="0.005530595779418945"><system-out>Error validating [s=]. TooShort: len(x) &gt;= 1 does not hold for x=. Wrong value: [].
</system-out></testcase><testcase classname="valid8.tests.test_readme_examples.test_example2" file="valid8/tests/test_readme_examples/test_example2.py" line="105" name="test_example_2[inline_validate_3-fOO-ValueError]" time="0.0048754215240478516"><system-out>Error validating [s=fOO]: validation function [txt.islower()] returned [False].
</system-out></testcase><testcase classname="valid8.tests.test_readme_examples.test_example2" file="valid8/tests/test_readme_examples/test_example2.py" line="105" name="test_example_2[function_input_builtin_stdlib-foo-True]" time="0.003591775894165039"></testcase><testcase classname="valid8.tests.test_readme_examples.test_example2" file="valid8/tests/test_readme_examples/test_example2.py" line="105" name="test_example_2[function_input_builtin_stdlib-foo_123-True]" time="0.005305767059326172"></testcase><testcase classname="valid8.tests.test_readme_examples.test_example2" file="valid8/tests/test_readme_examples/test_example2.py" line="105" name="test_example_2[function_input_builtin_stdlib-1.1-TypeError]" time="0.006286144256591797"><system-out>Error validating input [s=1.1] for function [my_function]. Validation function [and(instance_of_&lt;class &apos;str&apos;&gt;, length_greater_than_1, islower)] raised AtLeastOneFailed: At least one validation function failed validation for value [1.1]. Successes: [] / Failures: {&quot;instance_of_&lt;class &apos;str&apos;&gt;&quot;: &quot;HasWrongType: Value should be an instance of &lt;class &apos;str&apos;&gt;. Wrong value: [1.1]&quot;, &apos;length_greater_than_1&apos;: &quot;TypeError: object of type &apos;float&apos; has no len()&quot;, &apos;islower&apos;: &quot;TypeError: descriptor &apos;islower&apos; requires a &apos;str&apos; object but received a &apos;float&apos;&quot;}.
</system-out></testcase><testcase classname="valid8.tests.test_readme_examples.test_example2" file="valid8/tests/test_readme_examples/test_example2.py" line="105" name="test_example_2[function_input_builtin_stdlib--ValueError]" time="0.004575490951538086"><system-out>Error validating input [s=] for function [my_function]. Validation function [and(instance_of_&lt;class &apos;str&apos;&gt;, length_greater_than_1, islower)] raised AtLeastOneFailed: At least one validation function failed validation for value []. Successes: [&quot;instance_of_&lt;class &apos;str&apos;&gt;&quot;] / Failures: {&apos;length_greater_than_1&apos;: &apos;TooShort: len(x) &gt;= 1 does not hold for x=. Wrong value: []&apos;, &apos;islower&apos;: &apos;False&apos;}.
</system-out></testcase><testcase classname="valid8.tests.test_readme_examples.test_example2" file="valid8/tests/test_readme_examples/test_example2.py" line="105" name="test_example_2[function_input_builtin_stdlib-fOO-ValueError]" time="0.006001472473144531"><system-out>Error validating input [s=fOO] for function [my_function]. Validation function [and(instance_of_&lt;class &apos;str&apos;&gt;, length_greater_than_1, islower)] raised AtLeastOneFailed: At least one validation function failed validation for value [fOO]. Successes: [&quot;instance_of_&lt;class &apos;str&apos;&gt;&quot;, &apos;length_greater_than_1&apos;] / Failures: {&apos;islower&apos;: &apos;False&apos;}.
</system-out></testcase><testcase classname="valid8.tests.test_readme_examples.test_example2" file="valid8/tests/test_readme_examples/test_example2.py" line="105" name="test_example_2[with_validator-foo-True]" time="0.005017518997192383"></testcase><testcase classname="valid8.tests.test_readme_examples.test_example2" file="valid8/tests/test_readme_examples/test_example2.py" line="105" name="test_example_2[with_validator-foo_123-True]" time="0.005251646041870117"></testcase><testcase classname="valid8.tests.test_readme_examples.test_example2" file="valid8/tests/test_readme_examples/test_example2.py" line="105" name="test_example_2[with_validator-1.1-TypeError]" time="0.003589153289794922"><system-out>Error validating [s=1.1]. HasWrongType: Value should be an instance of &lt;class &apos;str&apos;&gt;. Wrong value: [1.1].
</system-out></testcase><testcase classname="valid8.tests.test_readme_examples.test_example2" file="valid8/tests/test_readme_examples/test_example2.py" line="105" name="test_example_2[with_validator--ValueError]" time="0.003911256790161133"><system-out>Error validating [s=]: validation function [v.alid = (len(s) &gt; 0) and s.islower()] returned [False].
</system-out></testcase><testcase classname="valid8.tests.test_readme_examples.test_example2" file="valid8/tests/test_readme_examples/test_example2.py" line="105" name="test_example_2[with_validator-fOO-ValueError]" time="0.004662513732910156"><system-out>Error validating [s=fOO]: validation function [v.alid = (len(s) &gt; 0) and s.islower()] returned [False].
</system-out></testcase><testcase classname="valid8.tests.test_readme_examples.test_example2" file="valid8/tests/test_readme_examples/test_example2.py" line="105" name="test_example_2[class_field_mini_lambda-foo-True]" time="0.004812955856323242"></testcase><testcase classname="valid8.tests.test_readme_examples.test_example2" file="valid8/tests/test_readme_examples/test_example2.py" line="105" name="test_example_2[class_field_mini_lambda-foo_123-True]" time="0.0051229000091552734"></testcase><testcase classname="valid8.tests.test_readme_examples.test_example2" file="valid8/tests/test_readme_examples/test_example2.py" line="105" name="test_example_2[class_field_mini_lambda-1.1-TypeError]" time="0.005980014801025391"><system-out>Error validating field [s=1.1] for class [Foo]. Validation function [and(instance_of_&lt;class &apos;str&apos;&gt;, len(s) &gt; 0, s.islower())] raised AtLeastOneFailed: At least one validation function failed validation for value [1.1]. Successes: [] / Failures: {&quot;instance_of_&lt;class &apos;str&apos;&gt;&quot;: &quot;HasWrongType: Value should be an instance of &lt;class &apos;str&apos;&gt;. Wrong value: [1.1]&quot;, &apos;len(s) &gt; 0&apos;: &quot;TypeError: object of type &apos;float&apos; has no len()&quot;, &apos;s.islower()&apos;: &quot;AttributeError: &apos;float&apos; object has no attribute &apos;islower&apos;&quot;}.
</system-out></testcase><testcase classname="valid8.tests.test_readme_examples.test_example2" file="valid8/tests/test_readme_examples/test_example2.py" line="105" name="test_example_2[class_field_mini_lambda--ValueError]" time="0.006596803665161133"><system-out>Error validating field [s=] for class [Foo]. Validation function [and(instance_of_&lt;class &apos;str&apos;&gt;, len(s) &gt; 0, s.islower())] raised AtLeastOneFailed: At least one validation function failed validation for value []. Successes: [&quot;instance_of_&lt;class &apos;str&apos;&gt;&quot;] / Failures: {&apos;len(s) &gt; 0&apos;: &apos;False&apos;, &apos;s.islower()&apos;: &apos;False&apos;}.
</system-out></testcase><testcase classname="valid8.tests.test_readme_examples.test_example2" file="valid8/tests/test_readme_examples/test_example2.py" line="105" name="test_example_2[class_field_mini_lambda-fOO-ValueError]" time="0.0062596797943115234"><system-out>Error validating field [s=fOO] for class [Foo]. Validation function [and(instance_of_&lt;class &apos;str&apos;&gt;, len(s) &gt; 0, s.islower())] raised AtLeastOneFailed: At least one validation function failed validation for value [fOO]. Successes: [&quot;instance_of_&lt;class &apos;str&apos;&gt;&quot;, &apos;len(s) &gt; 0&apos;] / Failures: {&apos;s.islower()&apos;: &apos;False&apos;}.
</system-out></testcase><testcase classname="valid8.tests.test_readme_examples.test_example2" file="valid8/tests/test_readme_examples/test_example2.py" line="105" name="test_example_2[inline_validate_2-foo-True]" time="0.0043947696685791016"></testcase><testcase classname="valid8.tests.test_readme_examples.test_example2" file="valid8/tests/test_readme_examples/test_example2.py" line="105" name="test_example_2[inline_validate_2-foo_123-True]" time="0.0027370452880859375"></testcase><testcase classname="valid8.tests.test_readme_examples.test_example2" file="valid8/tests/test_readme_examples/test_example2.py" line="105" name="test_example_2[inline_validate_2-1.1-TypeError]" time="0.00497126579284668"><system-out>Error validating [s=1.1]. HasWrongType: Value should be an instance of &lt;class &apos;str&apos;&gt;. Wrong value: [1.1].
</system-out></testcase><testcase classname="valid8.tests.test_readme_examples.test_example2" file="valid8/tests/test_readme_examples/test_example2.py" line="105" name="test_example_2[inline_validate_2--ValueError]" time="0.004317283630371094"><system-out>Error validating [s=]. TooShort: len(x) &gt;= 1 does not hold for x=. Wrong value: [].
</system-out></testcase><testcase classname="valid8.tests.test_readme_examples.test_example2" file="valid8/tests/test_readme_examples/test_example2.py" line="105" name="test_example_2[inline_validate_2-fOO-ValueError]" time="0.004611492156982422"><system-out>Error validating [s=fOO]: validation function [islower] returned [False].
</system-out></testcase><testcase classname="valid8.tests.test_readme_examples.test_example2" file="valid8/tests/test_readme_examples/test_example2.py" line="126" name="test_example_2_regexp[foo@bar.com-True]" time="0.0035059452056884766"></testcase><testcase classname="valid8.tests.test_readme_examples.test_example2" file="valid8/tests/test_readme_examples/test_example2.py" line="126" name="test_example_2_regexp[a@a@s-ValueError]" time="0.003278493881225586"><system-out>Error validating [s=a@a@s]: validation function [&lt;lambda&gt;] returned [False].
</system-out></testcase><testcase classname="valid8.tests.test_readme_examples.test_example3" file="valid8/tests/test_readme_examples/test_example3.py" line="272" name="test_example_3[pep484-(0.2, &apos;foo&apos;)-True]" time="0.007567882537841797"></testcase><testcase classname="valid8.tests.test_readme_examples.test_example3" file="valid8/tests/test_readme_examples/test_example3.py" line="272" name="test_example_3[pep484-(1.0, &apos;abc&apos;)-True]" time="0.0076673030853271484"></testcase><testcase classname="valid8.tests.test_readme_examples.test_example3" file="valid8/tests/test_readme_examples/test_example3.py" line="272" name="test_example_3[pep484-(0, &apos;foo&apos;)-True]" time="0.008084774017333984"></testcase><testcase classname="valid8.tests.test_readme_examples.test_example3" file="valid8/tests/test_readme_examples/test_example3.py" line="272" name="test_example_3[pep484-1.1-&lt;class &apos;TypeError&apos;&gt;]" time="0.007910966873168945"><system-out>
  test_example3.my_function
  called with incompatible types:
Expected: Tuple[Tuple[Real, str]]
Received: Tuple[float]
</system-out></testcase><testcase classname="valid8.tests.test_readme_examples.test_example3" file="valid8/tests/test_readme_examples/test_example3.py" line="272" name="test_example_3[pep484-(0.2, &apos;foo&apos;, True)-&lt;class &apos;ValueError&apos;&gt;]" time="0.005959510803222656"><system-out>
  test_example3.my_function
  called with incompatible types:
Expected: Tuple[Tuple[Real, str]]
Received: Tuple[Tuple[float, str, bool]]
</system-out></testcase><testcase classname="valid8.tests.test_readme_examples.test_example3" file="valid8/tests/test_readme_examples/test_example3.py" line="272" name="test_example_3[pep484-(&apos;1.0&apos;, &apos;foo&apos;)-&lt;class &apos;TypeError&apos;&gt;]" time="0.010071754455566406"><system-out>
  test_example3.my_function
  called with incompatible types:
Expected: Tuple[Tuple[Real, str]]
Received: Tuple[Tuple[str, str]]
</system-out></testcase><testcase classname="valid8.tests.test_readme_examples.test_example3" file="valid8/tests/test_readme_examples/test_example3.py" line="272" name="test_example_3[pep484-(1.1, &apos;foo&apos;)-&lt;class &apos;ValueError&apos;&gt;]" time="0.008938074111938477"><system-out>Error validating input [t=(1.1, &apos;foo&apos;)] for function [my_function]. Validation function [and((t[0] &gt;= 0) &amp; (t[0] &lt;= 1), len(t[1]) == 3, t[1].islower())] raised AtLeastOneFailed: At least one validation function failed validation for value [(1.1, &apos;foo&apos;)]. Successes: [&apos;len(t[1]) == 3&apos;, &apos;t[1].islower()&apos;] / Failures: {&apos;(t[0] &gt;= 0) &amp; (t[0] &lt;= 1)&apos;: &apos;False&apos;}.
</system-out></testcase><testcase classname="valid8.tests.test_readme_examples.test_example3" file="valid8/tests/test_readme_examples/test_example3.py" line="272" name="test_example_3[pep484-(1.0, False)-&lt;class &apos;TypeError&apos;&gt;]" time="0.007927894592285156"><system-out>
  test_example3.my_function
  called with incompatible types:
Expected: Tuple[Tuple[Real, str]]
Received: Tuple[Tuple[float, bool]]
</system-out></testcase><testcase classname="valid8.tests.test_readme_examples.test_example3" file="valid8/tests/test_readme_examples/test_example3.py" line="272" name="test_example_3[pep484-(0.5, &apos;a&apos;)-&lt;class &apos;ValueError&apos;&gt;]" time="0.008289337158203125"><system-out>Error validating input [t=(0.5, &apos;a&apos;)] for function [my_function]. Validation function [and((t[0] &gt;= 0) &amp; (t[0] &lt;= 1), len(t[1]) == 3, t[1].islower())] raised AtLeastOneFailed: At least one validation function failed validation for value [(0.5, &apos;a&apos;)]. Successes: [&apos;(t[0] &gt;= 0) &amp; (t[0] &lt;= 1)&apos;, &apos;t[1].islower()&apos;] / Failures: {&apos;len(t[1]) == 3&apos;: &apos;False&apos;}.
</system-out></testcase><testcase classname="valid8.tests.test_readme_examples.test_example3" file="valid8/tests/test_readme_examples/test_example3.py" line="272" name="test_example_3[pep484-(0.5, &apos;AAA&apos;)-&lt;class &apos;ValueError&apos;&gt;]" time="0.0075681209564208984"><system-out>Error validating input [t=(0.5, &apos;AAA&apos;)] for function [my_function]. Validation function [and((t[0] &gt;= 0) &amp; (t[0] &lt;= 1), len(t[1]) == 3, t[1].islower())] raised AtLeastOneFailed: At least one validation function failed validation for value [(0.5, &apos;AAA&apos;)]. Successes: [&apos;(t[0] &gt;= 0) &amp; (t[0] &lt;= 1)&apos;, &apos;len(t[1]) == 3&apos;] / Failures: {&apos;t[1].islower()&apos;: &apos;False&apos;}.
</system-out></testcase><testcase classname="valid8.tests.test_readme_examples.test_example3" file="valid8/tests/test_readme_examples/test_example3.py" line="272" name="test_example_3[inline_validate_1-(0.2, &apos;foo&apos;)-True]" time="0.003618478775024414"></testcase><testcase classname="valid8.tests.test_readme_examples.test_example3" file="valid8/tests/test_readme_examples/test_example3.py" line="272" name="test_example_3[inline_validate_1-(1.0, &apos;abc&apos;)-True]" time="0.003448009490966797"></testcase><testcase classname="valid8.tests.test_readme_examples.test_example3" file="valid8/tests/test_readme_examples/test_example3.py" line="272" name="test_example_3[inline_validate_1-(0, &apos;foo&apos;)-True]" time="0.00307464599609375"></testcase><testcase classname="valid8.tests.test_readme_examples.test_example3" file="valid8/tests/test_readme_examples/test_example3.py" line="272" name="test_example_3[inline_validate_1-1.1-&lt;class &apos;TypeError&apos;&gt;]" time="0.004466056823730469"><system-out>Error validating [t=1.1]. HasWrongType: Value should be an instance of &lt;class &apos;tuple&apos;&gt;. Wrong value: [1.1].
</system-out></testcase><testcase classname="valid8.tests.test_readme_examples.test_example3" file="valid8/tests/test_readme_examples/test_example3.py" line="272" name="test_example_3[inline_validate_1-(0.2, &apos;foo&apos;, True)-&lt;class &apos;ValueError&apos;&gt;]" time="0.0049953460693359375"><system-out>Error validating [t=(0.2, &apos;foo&apos;, True)]. WrongLength: len(x) == 2 does not hold for x=(0.2, &apos;foo&apos;, True). Wrong value: [(0.2, &apos;foo&apos;, True)].
</system-out></testcase><testcase classname="valid8.tests.test_readme_examples.test_example3" file="valid8/tests/test_readme_examples/test_example3.py" line="272" name="test_example_3[inline_validate_1-(&apos;1.0&apos;, &apos;foo&apos;)-&lt;class &apos;TypeError&apos;&gt;]" time="0.0064716339111328125"><system-out>Error validating [t[0]=1.0]. HasWrongType: Value should be an instance of &lt;class &apos;numbers.Real&apos;&gt;. Wrong value: [1.0].
</system-out></testcase><testcase classname="valid8.tests.test_readme_examples.test_example3" file="valid8/tests/test_readme_examples/test_example3.py" line="272" name="test_example_3[inline_validate_1-(1.1, &apos;foo&apos;)-&lt;class &apos;ValueError&apos;&gt;]" time="0.004034757614135742"><system-out>Error validating [t[0]=1.1]. TooBig: x &lt;= 1 does not hold for x=1.1. Wrong value: [1.1].
</system-out></testcase><testcase classname="valid8.tests.test_readme_examples.test_example3" file="valid8/tests/test_readme_examples/test_example3.py" line="272" name="test_example_3[inline_validate_1-(1.0, False)-&lt;class &apos;TypeError&apos;&gt;]" time="0.003496408462524414"><system-out>Error validating [t[1]=False]. HasWrongType: Value should be an instance of &lt;class &apos;str&apos;&gt;. Wrong value: [False].
</system-out></testcase><testcase classname="valid8.tests.test_readme_examples.test_example3" file="valid8/tests/test_readme_examples/test_example3.py" line="272" name="test_example_3[inline_validate_1-(0.5, &apos;a&apos;)-&lt;class &apos;ValueError&apos;&gt;]" time="0.0037381649017333984"><system-out>Error validating [t[1]=a]. WrongLength: len(x) == 3 does not hold for x=a. Wrong value: [a].
</system-out></testcase><testcase classname="valid8.tests.test_readme_examples.test_example3" file="valid8/tests/test_readme_examples/test_example3.py" line="272" name="test_example_3[inline_validate_1-(0.5, &apos;AAA&apos;)-&lt;class &apos;ValueError&apos;&gt;]" time="0.003587484359741211"><system-out>Error validating [t[1]=AAA]: validation function [islower] returned [False].
</system-out></testcase><testcase classname="valid8.tests.test_readme_examples.test_example3" file="valid8/tests/test_readme_examples/test_example3.py" line="272" name="test_example_3[inline_validation_custom_check_valid_tuple_pep_raiser-(0.2, &apos;foo&apos;)-True]" time="0.007262229919433594"><system-out>calling function inline_validation_custom_raiser with custom func check_valid_tuple_pep
</system-out></testcase><testcase classname="valid8.tests.test_readme_examples.test_example3" file="valid8/tests/test_readme_examples/test_example3.py" line="272" name="test_example_3[inline_validation_custom_check_valid_tuple_pep_raiser-(1.0, &apos;abc&apos;)-True]" time="0.005938053131103516"><system-out>calling function inline_validation_custom_raiser with custom func check_valid_tuple_pep
</system-out></testcase><testcase classname="valid8.tests.test_readme_examples.test_example3" file="valid8/tests/test_readme_examples/test_example3.py" line="272" name="test_example_3[inline_validation_custom_check_valid_tuple_pep_raiser-(0, &apos;foo&apos;)-True]" time="0.007740497589111328"><system-out>calling function inline_validation_custom_raiser with custom func check_valid_tuple_pep
</system-out></testcase><testcase classname="valid8.tests.test_readme_examples.test_example3" file="valid8/tests/test_readme_examples/test_example3.py" line="272" name="test_example_3[inline_validation_custom_check_valid_tuple_pep_raiser-1.1-&lt;class &apos;TypeError&apos;&gt;]" time="0.009531021118164062"><system-out>calling function inline_validation_custom_raiser with custom func check_valid_tuple_pep
Error validating [t=1.1]. Validation function [custom(t)] raised InputTypeError: 
  test_example3.check_valid_tuple_pep
  called with incompatible types:
Expected: Tuple[Tuple[Real, str]]
Received: Tuple[float].
</system-out></testcase><testcase classname="valid8.tests.test_readme_examples.test_example3" file="valid8/tests/test_readme_examples/test_example3.py" line="272" name="test_example_3[inline_validation_custom_check_valid_tuple_pep_raiser-(0.2, &apos;foo&apos;, True)-&lt;class &apos;ValueError&apos;&gt;]" time="0.00981283187866211"><system-out>calling function inline_validation_custom_raiser with custom func check_valid_tuple_pep
Error validating [t=(0.2, &apos;foo&apos;, True)]. Validation function [custom(t)] raised InputTypeError: 
  test_example3.check_valid_tuple_pep
  called with incompatible types:
Expected: Tuple[Tuple[Real, str]]
Received: Tuple[Tuple[float, str, bool]].
</system-out></testcase><testcase classname="valid8.tests.test_readme_examples.test_example3" file="valid8/tests/test_readme_examples/test_example3.py" line="272" name="test_example_3[inline_validation_custom_check_valid_tuple_pep_raiser-(&apos;1.0&apos;, &apos;foo&apos;)-&lt;class &apos;TypeError&apos;&gt;]" time="0.00890803337097168"><system-out>calling function inline_validation_custom_raiser with custom func check_valid_tuple_pep
Error validating [t=(&apos;1.0&apos;, &apos;foo&apos;)]. Validation function [custom(t)] raised InputTypeError: 
  test_example3.check_valid_tuple_pep
  called with incompatible types:
Expected: Tuple[Tuple[Real, str]]
Received: Tuple[Tuple[str, str]].
</system-out></testcase><testcase classname="valid8.tests.test_readme_examples.test_example3" file="valid8/tests/test_readme_examples/test_example3.py" line="272" name="test_example_3[inline_validation_custom_check_valid_tuple_pep_raiser-(1.1, &apos;foo&apos;)-&lt;class &apos;ValueError&apos;&gt;]" time="0.0072460174560546875"><system-out>calling function inline_validation_custom_raiser with custom func check_valid_tuple_pep
Error validating [t=(1.1, &apos;foo&apos;)]. Validation function [custom(t)] raised ValueError: first elt should be between 0 and 1,found 1.1.
</system-out></testcase><testcase classname="valid8.tests.test_readme_examples.test_example3" file="valid8/tests/test_readme_examples/test_example3.py" line="272" name="test_example_3[inline_validation_custom_check_valid_tuple_pep_raiser-(1.0, False)-&lt;class &apos;TypeError&apos;&gt;]" time="0.010019063949584961"><system-out>calling function inline_validation_custom_raiser with custom func check_valid_tuple_pep
Error validating [t=(1.0, False)]. Validation function [custom(t)] raised InputTypeError: 
  test_example3.check_valid_tuple_pep
  called with incompatible types:
Expected: Tuple[Tuple[Real, str]]
Received: Tuple[Tuple[float, bool]].
</system-out></testcase><testcase classname="valid8.tests.test_readme_examples.test_example3" file="valid8/tests/test_readme_examples/test_example3.py" line="272" name="test_example_3[inline_validation_custom_check_valid_tuple_pep_raiser-(0.5, &apos;a&apos;)-&lt;class &apos;ValueError&apos;&gt;]" time="0.009003400802612305"><system-out>calling function inline_validation_custom_raiser with custom func check_valid_tuple_pep
Error validating [t=(0.5, &apos;a&apos;)]. Validation function [custom(t)] raised ValueError: second elt should be a lowercase string of length 3,found a.
</system-out></testcase><testcase classname="valid8.tests.test_readme_examples.test_example3" file="valid8/tests/test_readme_examples/test_example3.py" line="272" name="test_example_3[inline_validation_custom_check_valid_tuple_pep_raiser-(0.5, &apos;AAA&apos;)-&lt;class &apos;ValueError&apos;&gt;]" time="0.009847640991210938"><system-out>calling function inline_validation_custom_raiser with custom func check_valid_tuple_pep
Error validating [t=(0.5, &apos;AAA&apos;)]. Validation function [custom(t)] raised ValueError: second elt should be a lowercase string of length 3,found AAA.
</system-out></testcase><testcase classname="valid8.tests.test_readme_examples.test_example3" file="valid8/tests/test_readme_examples/test_example3.py" line="272" name="test_example_3[inline_validation_custom_check_valid_tuple_raiser-(0.2, &apos;foo&apos;)-True]" time="0.0036852359771728516"><system-out>calling function inline_validation_custom_raiser with custom func check_valid_tuple
</system-out></testcase><testcase classname="valid8.tests.test_readme_examples.test_example3" file="valid8/tests/test_readme_examples/test_example3.py" line="272" name="test_example_3[inline_validation_custom_check_valid_tuple_raiser-(1.0, &apos;abc&apos;)-True]" time="0.005094289779663086"><system-out>calling function inline_validation_custom_raiser with custom func check_valid_tuple
</system-out></testcase><testcase classname="valid8.tests.test_readme_examples.test_example3" file="valid8/tests/test_readme_examples/test_example3.py" line="272" name="test_example_3[inline_validation_custom_check_valid_tuple_raiser-(0, &apos;foo&apos;)-True]" time="0.004981279373168945"><system-out>calling function inline_validation_custom_raiser with custom func check_valid_tuple
</system-out></testcase><testcase classname="valid8.tests.test_readme_examples.test_example3" file="valid8/tests/test_readme_examples/test_example3.py" line="272" name="test_example_3[inline_validation_custom_check_valid_tuple_raiser-1.1-&lt;class &apos;TypeError&apos;&gt;]" time="0.005585193634033203"><system-out>calling function inline_validation_custom_raiser with custom func check_valid_tuple
Error validating [t=1.1]. Validation function [custom(t)] raised TypeError: item should be a tuple.
</system-out></testcase><testcase classname="valid8.tests.test_readme_examples.test_example3" file="valid8/tests/test_readme_examples/test_example3.py" line="272" name="test_example_3[inline_validation_custom_check_valid_tuple_raiser-(0.2, &apos;foo&apos;, True)-&lt;class &apos;ValueError&apos;&gt;]" time="0.006351947784423828"><system-out>calling function inline_validation_custom_raiser with custom func check_valid_tuple
Error validating [t=(0.2, &apos;foo&apos;, True)]. Validation function [custom(t)] raised ValueError: tuple length should be 2, found (0.2, &apos;foo&apos;, True).
</system-out></testcase><testcase classname="valid8.tests.test_readme_examples.test_example3" file="valid8/tests/test_readme_examples/test_example3.py" line="272" name="test_example_3[inline_validation_custom_check_valid_tuple_raiser-(&apos;1.0&apos;, &apos;foo&apos;)-&lt;class &apos;TypeError&apos;&gt;]" time="0.005234479904174805"><system-out>calling function inline_validation_custom_raiser with custom func check_valid_tuple
Error validating [t=(&apos;1.0&apos;, &apos;foo&apos;)]. Validation function [custom(t)] raised TypeError: first elt should be a Real, found 1.0.
</system-out></testcase><testcase classname="valid8.tests.test_readme_examples.test_example3" file="valid8/tests/test_readme_examples/test_example3.py" line="272" name="test_example_3[inline_validation_custom_check_valid_tuple_raiser-(1.1, &apos;foo&apos;)-&lt;class &apos;ValueError&apos;&gt;]" time="0.00587153434753418"><system-out>calling function inline_validation_custom_raiser with custom func check_valid_tuple
Error validating [t=(1.1, &apos;foo&apos;)]. Validation function [custom(t)] raised ValueError: first elt should be between 0 and 1,found 1.1.
</system-out></testcase><testcase classname="valid8.tests.test_readme_examples.test_example3" file="valid8/tests/test_readme_examples/test_example3.py" line="272" name="test_example_3[inline_validation_custom_check_valid_tuple_raiser-(1.0, False)-&lt;class &apos;TypeError&apos;&gt;]" time="0.005217075347900391"><system-out>calling function inline_validation_custom_raiser with custom func check_valid_tuple
Error validating [t=(1.0, False)]. Validation function [custom(t)] raised TypeError: second elt should be a string, found False.
</system-out></testcase><testcase classname="valid8.tests.test_readme_examples.test_example3" file="valid8/tests/test_readme_examples/test_example3.py" line="272" name="test_example_3[inline_validation_custom_check_valid_tuple_raiser-(0.5, &apos;a&apos;)-&lt;class &apos;ValueError&apos;&gt;]" time="0.005338907241821289"><system-out>calling function inline_validation_custom_raiser with custom func check_valid_tuple
Error validating [t=(0.5, &apos;a&apos;)]. Validation function [custom(t)] raised ValueError: second elt should be a lowercase string of length 3,found a.
</system-out></testcase><testcase classname="valid8.tests.test_readme_examples.test_example3" file="valid8/tests/test_readme_examples/test_example3.py" line="272" name="test_example_3[inline_validation_custom_check_valid_tuple_raiser-(0.5, &apos;AAA&apos;)-&lt;class &apos;ValueError&apos;&gt;]" time="0.004230499267578125"><system-out>calling function inline_validation_custom_raiser with custom func check_valid_tuple
Error validating [t=(0.5, &apos;AAA&apos;)]. Validation function [custom(t)] raised ValueError: second elt should be a lowercase string of length 3,found AAA.
</system-out></testcase><testcase classname="valid8.tests.test_readme_examples.test_example3" file="valid8/tests/test_readme_examples/test_example3.py" line="272" name="test_example_3[inline_validate_custom_is_valid_tuple-(0.2, &apos;foo&apos;)-True]" time="0.003462076187133789"><system-out>calling function inline_validate_custom with custom func is_valid_tuple
</system-out></testcase><testcase classname="valid8.tests.test_readme_examples.test_example3" file="valid8/tests/test_readme_examples/test_example3.py" line="272" name="test_example_3[inline_validate_custom_is_valid_tuple-(1.0, &apos;abc&apos;)-True]" time="0.003475666046142578"><system-out>calling function inline_validate_custom with custom func is_valid_tuple
</system-out></testcase><testcase classname="valid8.tests.test_readme_examples.test_example3" file="valid8/tests/test_readme_examples/test_example3.py" line="272" name="test_example_3[inline_validate_custom_is_valid_tuple-(0, &apos;foo&apos;)-True]" time="0.0036292076110839844"><system-out>calling function inline_validate_custom with custom func is_valid_tuple
</system-out></testcase><testcase classname="valid8.tests.test_readme_examples.test_example3" file="valid8/tests/test_readme_examples/test_example3.py" line="272" name="test_example_3[inline_validate_custom_is_valid_tuple-1.1-&lt;class &apos;TypeError&apos;&gt;]" time="0.004067420959472656"><system-out>calling function inline_validate_custom with custom func is_valid_tuple
Error validating [t=1.1]. Validation function [is_valid_tuple] raised HasWrongType: Value should be an instance of &lt;class &apos;tuple&apos;&gt;. Wrong value: [1.1].
[...]
Error validating field [t=(0.2, &apos;foo&apos;, True)] for class [Foo]. Validation function [check_valid_tuple_pep] raised InputTypeError: 
  test_example3.check_valid_tuple_pep
  called with incompatible types:
Expected: Tuple[Tuple[Real, str]]
Received: Tuple[Tuple[float, str, bool]].
</system-out></testcase><testcase classname="valid8.tests.test_readme_examples.test_example3" file="valid8/tests/test_readme_examples/test_example3.py" line="272" name="test_example_3[class_fields_custom_check_valid_tuple_pep-(&apos;1.0&apos;, &apos;foo&apos;)-&lt;class &apos;TypeError&apos;&gt;]" time="0.008874893188476562"><system-out>calling function class_fields_custom with custom func check_valid_tuple_pep
Error validating field [t=(&apos;1.0&apos;, &apos;foo&apos;)] for class [Foo]. Validation function [check_valid_tuple_pep] raised InputTypeError: 
  test_example3.check_valid_tuple_pep
  called with incompatible types:
Expected: Tuple[Tuple[Real, str]]
Received: Tuple[Tuple[str, str]].
</system-out></testcase><testcase classname="valid8.tests.test_readme_examples.test_example3" file="valid8/tests/test_readme_examples/test_example3.py" line="272" name="test_example_3[class_fields_custom_check_valid_tuple_pep-(1.1, &apos;foo&apos;)-&lt;class &apos;ValueError&apos;&gt;]" time="0.007652997970581055"><system-out>calling function class_fields_custom with custom func check_valid_tuple_pep
Error validating field [t=(1.1, &apos;foo&apos;)] for class [Foo]. Validation function [check_valid_tuple_pep] raised ValueError: first elt should be between 0 and 1,found 1.1.
</system-out></testcase><testcase classname="valid8.tests.test_readme_examples.test_example3" file="valid8/tests/test_readme_examples/test_example3.py" line="272" name="test_example_3[class_fields_custom_check_valid_tuple_pep-(1.0, False)-&lt;class &apos;TypeError&apos;&gt;]" time="0.008710145950317383"><system-out>calling function class_fields_custom with custom func check_valid_tuple_pep
Error validating field [t=(1.0, False)] for class [Foo]. Validation function [check_valid_tuple_pep] raised InputTypeError: 
  test_example3.check_valid_tuple_pep
  called with incompatible types:
Expected: Tuple[Tuple[Real, str]]
Received: Tuple[Tuple[float, bool]].
</system-out></testcase><testcase classname="valid8.tests.test_readme_examples.test_example3" file="valid8/tests/test_readme_examples/test_example3.py" line="272" name="test_example_3[class_fields_custom_check_valid_tuple_pep-(0.5, &apos;a&apos;)-&lt;class &apos;ValueError&apos;&gt;]" time="0.0067136287689208984"><system-out>calling function class_fields_custom with custom func check_valid_tuple_pep
Error validating field [t=(0.5, &apos;a&apos;)] for class [Foo]. Validation function [check_valid_tuple_pep] raised ValueError: second elt should be a lowercase string of length 3,found a.
</system-out></testcase><testcase classname="valid8.tests.test_readme_examples.test_example3" file="valid8/tests/test_readme_examples/test_example3.py" line="272" name="test_example_3[class_fields_custom_check_valid_tuple_pep-(0.5, &apos;AAA&apos;)-&lt;class &apos;ValueError&apos;&gt;]" time="0.009043455123901367"><system-out>calling function class_fields_custom with custom func check_valid_tuple_pep
Error validating field [t=(0.5, &apos;AAA&apos;)] for class [Foo]. Validation function [check_valid_tuple_pep] raised ValueError: second elt should be a lowercase string of length 3,found AAA.
</system-out></testcase><testcase classname="valid8.tests.test_readme_examples.test_example3" file="valid8/tests/test_readme_examples/test_example3.py" line="272" name="test_example_3[class_fields_custom_check_valid_tuple-(0.2, &apos;foo&apos;)-True]" time="0.004570484161376953"><system-out>calling function class_fields_custom with custom func check_valid_tuple
</system-out></testcase><testcase classname="valid8.tests.test_readme_examples.test_example3" file="valid8/tests/test_readme_examples/test_example3.py" line="272" name="test_example_3[class_fields_custom_check_valid_tuple-(1.0, &apos;abc&apos;)-True]" time="0.005109310150146484"><system-out>calling function class_fields_custom with custom func check_valid_tuple
</system-out></testcase><testcase classname="valid8.tests.test_readme_examples.test_example3" file="valid8/tests/test_readme_examples/test_example3.py" line="272" name="test_example_3[class_fields_custom_check_valid_tuple-(0, &apos;foo&apos;)-True]" time="0.003999948501586914"><system-out>calling function class_fields_custom with custom func check_valid_tuple
</system-out></testcase><testcase classname="valid8.tests.test_readme_examples.test_example3" file="valid8/tests/test_readme_examples/test_example3.py" line="272" name="test_example_3[class_fields_custom_check_valid_tuple-1.1-&lt;class &apos;TypeError&apos;&gt;]" time="0.0057370662689208984"><system-out>calling function class_fields_custom with custom func check_valid_tuple
Error validating field [t=1.1] for class [Foo]. Validation function [check_valid_tuple] raised TypeError: item should be a tuple.
</system-out></testcase><testcase classname="valid8.tests.test_readme_examples.test_example3" file="valid8/tests/test_readme_examples/test_example3.py" line="272" name="test_example_3[class_fields_custom_check_valid_tuple-(0.2, &apos;foo&apos;, True)-&lt;class &apos;ValueError&apos;&gt;]" time="0.005868673324584961"><system-out>calling function class_fields_custom with custom func check_valid_tuple
Error validating field [t=(0.2, &apos;foo&apos;, True)] for class [Foo]. Validation function [check_valid_tuple] raised ValueError: tuple length should be 2, found (0.2, &apos;foo&apos;, True).
</system-out></testcase><testcase classname="valid8.tests.test_readme_examples.test_example3" file="valid8/tests/test_readme_examples/test_example3.py" line="272" name="test_example_3[class_fields_custom_check_valid_tuple-(&apos;1.0&apos;, &apos;foo&apos;)-&lt;class &apos;TypeError&apos;&gt;]" time="0.0068073272705078125"><system-out>calling function class_fields_custom with custom func check_valid_tuple
Error validating field [t=(&apos;1.0&apos;, &apos;foo&apos;)] for class [Foo]. Validation function [check_valid_tuple] raised TypeError: first elt should be a Real, found 1.0.
</system-out></testcase><testcase classname="valid8.tests.test_readme_examples.test_example3" file="valid8/tests/test_readme_examples/test_example3.py" line="272" name="test_example_3[class_fields_custom_check_valid_tuple-(1.1, &apos;foo&apos;)-&lt;class &apos;ValueError&apos;&gt;]" time="0.005821943283081055"><system-out>calling function class_fields_custom with custom func check_valid_tuple
Error validating field [t=(1.1, &apos;foo&apos;)] for class [Foo]. Validation function [check_valid_tuple] raised ValueError: first elt should be between 0 and 1,found 1.1.
</system-out></testcase><testcase classname="valid8.tests.test_readme_examples.test_example3" file="valid8/tests/test_readme_examples/test_example3.py" line="272" name="test_example_3[class_fields_custom_check_valid_tuple-(1.0, False)-&lt;class &apos;TypeError&apos;&gt;]" time="0.0060901641845703125"><system-out>calling function class_fields_custom with custom func check_valid_tuple
Error validating field [t=(1.0, False)] for class [Foo]. Validation function [check_valid_tuple] raised TypeError: second elt should be a string, found False.
</system-out></testcase><testcase classname="valid8.tests.test_readme_examples.test_example3" file="valid8/tests/test_readme_examples/test_example3.py" line="272" name="test_example_3[class_fields_custom_check_valid_tuple-(0.5, &apos;a&apos;)-&lt;class &apos;ValueError&apos;&gt;]" time="0.005925655364990234"><system-out>calling function class_fields_custom with custom func check_valid_tuple
Error validating field [t=(0.5, &apos;a&apos;)] for class [Foo]. Validation function [check_valid_tuple] raised ValueError: second elt should be a lowercase string of length 3,found a.
</system-out></testcase><testcase classname="valid8.tests.test_readme_examples.test_example3" file="valid8/tests/test_readme_examples/test_example3.py" line="272" name="test_example_3[class_fields_custom_check_valid_tuple-(0.5, &apos;AAA&apos;)-&lt;class &apos;ValueError&apos;&gt;]" time="0.005791425704956055"><system-out>calling function class_fields_custom with custom func check_valid_tuple
Error validating field [t=(0.5, &apos;AAA&apos;)] for class [Foo]. Validation function [check_valid_tuple] raised ValueError: second elt should be a lowercase string of length 3,found AAA.
</system-out></testcase><testcase classname="valid8.tests.test_readme_examples.test_example3" file="valid8/tests/test_readme_examples/test_example3.py" line="272" name="test_example_3[with_validator_failure_raiser-(0.2, &apos;foo&apos;)-True]" time="0.004975080490112305"></testcase><testcase classname="valid8.tests.test_readme_examples.test_example3" file="valid8/tests/test_readme_examples/test_example3.py" line="272" name="test_example_3[with_validator_failure_raiser-(1.0, &apos;abc&apos;)-True]" time="0.006494998931884766"></testcase><testcase classname="valid8.tests.test_readme_examples.test_example3" file="valid8/tests/test_readme_examples/test_example3.py" line="272" name="test_example_3[with_validator_failure_raiser-(0, &apos;foo&apos;)-True]" time="0.005220174789428711"></testcase><testcase classname="valid8.tests.test_readme_examples.test_example3" file="valid8/tests/test_readme_examples/test_example3.py" line="272" name="test_example_3[with_validator_failure_raiser-1.1-&lt;class &apos;TypeError&apos;&gt;]" time="0.004397153854370117"><system-out>Error validating [t=1.1]. HasWrongType: Value should be an instance of &lt;class &apos;tuple&apos;&gt;. Wrong value: [1.1].
</system-out></testcase><testcase classname="valid8.tests.test_readme_examples.test_example3" file="valid8/tests/test_readme_examples/test_example3.py" line="272" name="test_example_3[with_validator_failure_raiser-(0.2, &apos;foo&apos;, True)-&lt;class &apos;ValueError&apos;&gt;]" time="0.004370689392089844"><system-out>Error validating [t=(0.2, &apos;foo&apos;, True)]. Validation function [# the tuple should be of length 2 ; if len(t) != 2: ; raise ValueError(&apos;tuple length should be 2, found &apos; + str(t))] raised ValueError: tuple length should be 2, found (0.2, &apos;foo&apos;, True).
</system-out></testcase><testcase classname="valid8.tests.test_readme_examples.test_example3" file="valid8/tests/test_readme_examples/test_example3.py" line="272" name="test_example_3[with_validator_failure_raiser-(&apos;1.0&apos;, &apos;foo&apos;)-&lt;class &apos;TypeError&apos;&gt;]" time="0.005889415740966797"><system-out>Error validating [t=(&apos;1.0&apos;, &apos;foo&apos;)]. Validation function [# the tuple should be of length 2 ; if len(t) != 2: ; raise ValueError(&apos;tuple length should be 2, found &apos; + str(t)) ;  ; # the first element is a float between 0 and 1 ; if not isinstance(t[0], Real): ; raise TypeError(&apos;first elt should be a Real, found &apos; + str(t[0]))] raised TypeError: first elt should be a Real, found 1.0.
</system-out></testcase><testcase classname="valid8.tests.test_readme_examples.test_example3" file="valid8/tests/test_readme_examples/test_example3.py" line="272" name="test_example_3[with_validator_failure_raiser-(1.1, &apos;foo&apos;)-&lt;class &apos;ValueError&apos;&gt;]" time="0.005429267883300781"><system-out>Error validating [t=(1.1, &apos;foo&apos;)]. Validation function [# the tuple should be of length 2 ; if len(t) != 2: ; raise ValueError(&apos;tuple length should be 2, found &apos; + str(t)) ;  ; # the first element is a float between 0 and 1 ; if not isinstance(t[0], Real): ; raise TypeError(&apos;first elt should be a Real, found &apos; + str(t[0])) ; if not (0 &lt;= t[0] &lt;= 1): ; raise ValueError(&apos;first elt should be between 0 and 1,found &apos; + str(t[0]))] raised ValueError: first elt should be between 0 and 1,found 1.1.
</system-out></testcase><testcase classname="valid8.tests.test_readme_examples.test_example3" file="valid8/tests/test_readme_examples/test_example3.py" line="272" name="test_example_3[with_validator_failure_raiser-(1.0, False)-&lt;class &apos;TypeError&apos;&gt;]" time="0.0061130523681640625"><system-out>Error validating [t=(1.0, False)]. Validation function [# the tuple should be of length 2 ; if len(t) != 2: ; raise ValueError(&apos;tuple length should be 2, found &apos; + str(t)) ;  ; # the first element is a float between 0 and 1 ; if not isinstance(t[0], Real): ; raise TypeError(&apos;first elt should be a Real, found &apos; + str(t[0])) ; if not (0 &lt;= t[0] &lt;= 1): ; raise ValueError(&apos;first elt should be between 0 and 1,found &apos; + str(t[0])) ;  ; # the second element is a lowercase string of size 3 ; if not isinstance(t[1], str): ; raise TypeError(&apos;second elt should be a string, found &apos; + str(t[1]))] raised TypeError: second elt should be a string, found False.
</system-out></testcase><testcase classname="valid8.tests.test_readme_examples.test_example3" file="valid8/tests/test_readme_examples/test_example3.py" line="272" name="test_example_3[with_validator_failure_raiser-(0.5, &apos;a&apos;)-&lt;class &apos;ValueError&apos;&gt;]" time="0.004992961883544922"><system-out>Error validating [t=(0.5, &apos;a&apos;)]. Validation function [# the tuple should be of length 2 ; if len(t) != 2: ; raise ValueError(&apos;tuple length should be 2, found &apos; + str(t)) ;  ; # the first element is a float between 0 and 1 ; if not isinstance(t[0], Real): ; raise TypeError(&apos;first elt should be a Real, found &apos; + str(t[0])) ; if not (0 &lt;= t[0] &lt;= 1): ; raise ValueError(&apos;first elt should be between 0 and 1,found &apos; + str(t[0])) ;  ; # the second element is a lowercase string of size 3 ; if not isinstance(t[1], str): ; raise TypeError(&apos;second elt should be a string, found &apos; + str(t[1])) ; if not (len(t[1]) == 3 and t[1].islower()): ; raise ValueError(&apos;second elt should be a lowercase string of length 3,&apos; ; &apos;found &apos; + str(t[1]))] raised ValueError: second elt should be a lowercase string of length 3,found a.
</system-out></testcase><testcase classname="valid8.tests.test_readme_examples.test_example3" file="valid8/tests/test_readme_examples/test_example3.py" line="272" name="test_example_3[with_validator_failure_raiser-(0.5, &apos;AAA&apos;)-&lt;class &apos;ValueError&apos;&gt;]" time="0.005164623260498047"><system-out>Error validating [t=(0.5, &apos;AAA&apos;)]. Validation function [# the tuple should be of length 2 ; if len(t) != 2: ; raise ValueError(&apos;tuple length should be 2, found &apos; + str(t)) ;  ; # the first element is a float between 0 and 1 ; if not isinstance(t[0], Real): ; raise TypeError(&apos;first elt should be a Real, found &apos; + str(t[0])) ; if not (0 &lt;= t[0] &lt;= 1): ; raise ValueError(&apos;first elt should be between 0 and 1,found &apos; + str(t[0])) ;  ; # the second element is a lowercase string of size 3 ; if not isinstance(t[1], str): ; raise TypeError(&apos;second elt should be a string, found &apos; + str(t[1])) ; if not (len(t[1]) == 3 and t[1].islower()): ; raise ValueError(&apos;second elt should be a lowercase string of length 3,&apos; ; &apos;found &apos; + str(t[1]))] raised ValueError: second elt should be a lowercase string of length 3,found AAA.
</system-out></testcase><testcase classname="valid8.tests.test_validation_lib.test_validators_collections" file="valid8/tests/test_validation_lib/test_validators_collections.py" line="7" name="test_is_in" time="0.001837015151977539"></testcase><testcase classname="valid8.tests.test_validation_lib.test_validators_collections" file="valid8/tests/test_validation_lib/test_validators_collections.py" line="15" name="test_contains" time="0.0030977725982666016"></testcase><testcase classname="valid8.tests.test_validation_lib.test_validators_collections" file="valid8/tests/test_validation_lib/test_validators_collections.py" line="22" name="test_is_subset_is_superset" time="0.0029244422912597656"></testcase><testcase classname="valid8.tests.test_validation_lib.test_validators_collections" file="valid8/tests/test_validation_lib/test_validators_collections.py" line="45" name="test_on_all" time="0.0018956661224365234"></testcase><testcase classname="valid8.tests.test_validation_lib.test_validators_collections" file="valid8/tests/test_validation_lib/test_validators_collections.py" line="54" name="test_on_each" time="0.0025060176849365234"></testcase><testcase classname="valid8.tests.test_validation_lib.test_validators_collections" file="valid8/tests/test_validation_lib/test_validators_collections.py" line="63" name="test_haslen" time="0.0019991397857666016"></testcase><testcase classname="valid8.tests.test_validation_lib.test_validators_collections" file="valid8/tests/test_validation_lib/test_validators_collections.py" line="70" name="test_minlen" time="0.002174854278564453"></testcase><testcase classname="valid8.tests.test_validation_lib.test_validators_collections" file="valid8/tests/test_validation_lib/test_validators_collections.py" line="77" name="test_minlens" time="0.002081155776977539"></testcase><testcase classname="valid8.tests.test_validation_lib.test_validators_collections" file="valid8/tests/test_validation_lib/test_validators_collections.py" line="84" name="test_maxlen" time="0.0019655227661132812"></testcase><testcase classname="valid8.tests.test_validation_lib.test_validators_collections" file="valid8/tests/test_validation_lib/test_validators_collections.py" line="91" name="test_maxlens" time="0.0021119117736816406"></testcase><testcase classname="valid8.tests.test_validation_lib.test_validators_collections" file="valid8/tests/test_validation_lib/test_validators_collections.py" line="98" name="test_length_between" time="0.0021741390228271484"></testcase><testcase classname="valid8.tests.test_validation_lib.test_validators_comparables" file="valid8/tests/test_validation_lib/test_validators_comparables.py" line="5" name="test_gt" time="0.0017130374908447266"></testcase><testcase classname="valid8.tests.test_validation_lib.test_validators_comparables" file="valid8/tests/test_validation_lib/test_validators_comparables.py" line="12" name="test_gts" time="0.0016591548919677734"></testcase><testcase classname="valid8.tests.test_validation_lib.test_validators_comparables" file="valid8/tests/test_validation_lib/test_validators_comparables.py" line="19" name="test_lt" time="0.001691579818725586"></testcase><testcase classname="valid8.tests.test_validation_lib.test_validators_comparables" file="valid8/tests/test_validation_lib/test_validators_comparables.py" line="26" name="test_lts" time="0.0015249252319335938"></testcase><testcase classname="valid8.tests.test_validation_lib.test_validators_comparables" file="valid8/tests/test_validation_lib/test_validators_comparables.py" line="33" name="test_between" time="0.0024580955505371094"></testcase><testcase classname="valid8.tests.test_validation_lib.test_validators_numbers" file="valid8/tests/test_validation_lib/test_validators_numbers.py" line="5" name="test_is_even" time="0.002267599105834961"></testcase><testcase classname="valid8.tests.test_validation_lib.test_validators_numbers" file="valid8/tests/test_validation_lib/test_validators_numbers.py" line="11" name="test_is_odd" time="0.002017974853515625"></testcase><testcase classname="valid8.tests.test_validation_lib.test_validators_numbers" file="valid8/tests/test_validation_lib/test_validators_numbers.py" line="17" name="test_is_multiple_of" time="0.0023708343505859375"></testcase><testcase classname="valid8.tests.test_validation_lib.test_validators_types" file="valid8/tests/test_validation_lib/test_validators_types.py" line="5" name="test_instance_of" time="0.002361297607421875"></testcase><testcase classname="valid8.tests.test_validation_lib.test_validators_types" file="valid8/tests/test_validation_lib/test_validators_types.py" line="31" name="test_subclass_of" time="0.002590179443359375"></testcase></testsuite>