<?xml version="1.0" encoding="utf-8"?><testsuite errors="0" failures="1" name="pytest" skips="0" tests="424" time="6.826"><testcase classname="valid8.tests.test_composition" file="valid8/tests/test_composition.py" line="6" name="test_empty_validators_list" time="0.002456188201904297"></testcase><testcase classname="valid8.tests.test_composition" file="valid8/tests/test_composition.py" line="13" name="test_list_implicit_and" time="0.0023224353790283203"></testcase><testcase classname="valid8.tests.test_composition" file="valid8/tests/test_composition.py" line="22" name="test_not_not_all" time="0.0031557083129882812"></testcase><testcase classname="valid8.tests.test_composition" file="valid8/tests/test_composition.py" line="56" name="test_validate_or" time="0.0023279190063476562"></testcase><testcase classname="valid8.tests.test_composition" file="valid8/tests/test_composition.py" line="82" name="test_validate_xor" time="0.0017392635345458984"></testcase><testcase classname="valid8.tests.test_composition" file="valid8/tests/test_composition.py" line="106" name="test_validate_and" time="0.0024881362915039062"></testcase><testcase classname="valid8.tests.test_entry_points" file="valid8/tests/test_entry_points.py" line="3" name="test_validate_create_manually" time="0.002081155776977539"></testcase><testcase classname="valid8.tests.test_entry_points_annotations" file="valid8/tests/test_entry_points_annotations.py" line="9" name="test_validate_field" time="0.0029888153076171875"></testcase><testcase classname="valid8.tests.test_entry_points_annotations" file="valid8/tests/test_entry_points_annotations.py" line="54" name="test_validate_field_property" time="0.003315448760986328"></testcase><testcase classname="valid8.tests.test_entry_points_annotations" file="valid8/tests/test_entry_points_annotations.py" line="104" name="test_validate_field_custom_type" time="0.005564689636230469"></testcase><testcase classname="valid8.tests.test_entry_points_annotations" file="valid8/tests/test_entry_points_annotations.py" line="143" name="test_validate_attr" time="0.0037870407104492188"></testcase><testcase classname="valid8.tests.test_entry_points_annotations" file="valid8/tests/test_entry_points_annotations.py" line="155" name="test_validate_arg_nominal_builtin_validators" time="0.004584312438964844"><system-out>hello
hello
</system-out></testcase><testcase classname="valid8.tests.test_entry_points_annotations" file="valid8/tests/test_entry_points_annotations.py" line="185" name="test_validate_out" time="0.003554105758666992"></testcase><testcase classname="valid8.tests.test_entry_points_annotations" file="valid8/tests/test_entry_points_annotations.py" line="202" name="test_validate_nominal_builtin_validators" time="0.005074501037597656"><system-out>hello
hello
</system-out></testcase><testcase classname="valid8.tests.test_entry_points_annotations" file="valid8/tests/test_entry_points_annotations.py" line="232" name="test_validate_custom_validators_basic" time="0.004064321517944336"><system-out>hello
</system-out></testcase><testcase classname="valid8.tests.test_entry_points_annotations" file="valid8/tests/test_entry_points_annotations.py" line="280" name="test_validate_custom_validators_with_exception" time="0.003627777099609375"><system-out>hello
1
2
3
</system-out></testcase><testcase classname="valid8.tests.test_entry_points_annotations" file="valid8/tests/test_entry_points_annotations.py" line="333" name="test_validate_mini_lambda" time="0.003456592559814453"><system-out>Hello, john your age is 20
</system-out></testcase><testcase classname="valid8.tests.test_entry_points_annotations" file="valid8/tests/test_entry_points_annotations.py" line="346" name="test_validate_none_enforce" time="0.022532224655151367"><system-out>hello
</system-out></testcase><testcase classname="valid8.tests.test_entry_points_annotations" file="valid8/tests/test_entry_points_annotations.py" line="371" name="test_validate_none_pytypes" time="0.012339591979980469"><system-out>hello
</system-out></testcase><testcase classname="valid8.tests.test_entry_points_annotations" file="valid8/tests/test_entry_points_annotations.py" line="392" name="test_validate_none_is_allowed" time="0.0027370452880859375"><system-out>hello
hello
</system-out></testcase><testcase classname="valid8.tests.test_entry_points_annotations" file="valid8/tests/test_entry_points_annotations.py" line="404" name="test_validate_name_error" time="0.0018084049224853516"></testcase><testcase classname="valid8.tests.test_entry_points_annotations" file="valid8/tests/test_entry_points_annotations.py" line="413" name="test_decorate_manually" time="0.002496480941772461"></testcase><testcase classname="valid8.tests.test_entry_points_annotations" file="valid8/tests/test_entry_points_annotations.py" line="425" name="test_validate_tracebacks" time="0.0028514862060546875"></testcase><testcase classname="valid8.tests.test_entry_points_inline" file="valid8/tests/test_entry_points_inline.py" line="4" name="test_validate_" time="0.002986907958984375"></testcase><testcase classname="valid8.tests.test_entry_points_inline" file="valid8/tests/test_entry_points_inline.py" line="30" name="test_readme_usage_validate__customization" time="0.0033190250396728516"></testcase><testcase classname="valid8.tests.test_entry_points_inline" file="valid8/tests/test_entry_points_inline.py" line="68" name="test_wrap_valid" time="0.00767970085144043"><failure message="assert &apos;Error valida...ex() &gt; int().&apos; == &quot;Error validat...x&apos; and &apos;int&apos;.&quot;
  - Error validating [surface=1j]. Validation function [v.alid = surf &gt; 0 and isfinite(surf)] raised TypeError: unorderable types: complex() &gt; int().
  ?                                                                                                             ^     ^ ^^^^^^^  ^^       ^^^^^   ^^
  + Error validating [surface=1j]. Validation function [v.alid = surf &gt; 0 and isfinite(surf)] raised TypeError: &apos;&gt;&apos; not supported between instances of &apos;complex&apos; and &apos;int&apos;.
  ?                                                                                                             ^^^^  +++++++ ++ ++ ^^^^^^^^^^ ^^  ^^^^^       ^^^^^^^   ^">def test_wrap_valid():
        &quot;&quot;&quot; Tests the validation context manager &quot;&quot;&quot;
    
        from valid8 import wrap_valid
        from math import isfinite
    
        # nominal
        surf = 2
        with wrap_valid(&apos;surface&apos;, surf) as v:
            v.alid = surf &gt; 0 and isfinite(surf)
    
        # wrong value (no inner exception)
        surf = -1
        with pytest.raises(ValidationError) as exc_info:
            with wrap_valid(&apos;surface&apos;, surf) as v:
                v.alid = surf &gt; 0 and isfinite(surf)
        e = exc_info.value
        assert str(e) == &quot;Error validating [surface=-1]: &quot; \
                         &quot;validation function [v.alid = surf &gt; 0 and isfinite(surf)] returned [False].&quot;
    
        # wrong type (inner exception)
        with pytest.raises(ValidationError) as exc_info:
            surf = 1j
            with wrap_valid(&apos;surface&apos;, surf) as v:
                v.alid = surf &gt; 0 and isfinite(surf)
        e = exc_info.value
&gt;       assert str(e) == &quot;Error validating [surface=1j]. &quot; \
                         &quot;Validation function [v.alid = surf &gt; 0 and isfinite(surf)] raised &quot; \
                         &quot;TypeError: &apos;&gt;&apos; not supported between instances of &apos;complex&apos; and &apos;int&apos;.&quot;
E       assert &apos;Error valida...ex() &gt; int().&apos; == &quot;Error validat...x&apos; and &apos;int&apos;.&quot;
E         - Error validating [surface=1j]. Validation function [v.alid = surf &gt; 0 and isfinite(surf)] raised TypeError: unorderable types: complex() &gt; int().
E         ?                                                                                                             ^     ^ ^^^^^^^  ^^       ^^^^^   ^^
E         + Error validating [surface=1j]. Validation function [v.alid = surf &gt; 0 and isfinite(surf)] raised TypeError: &apos;&gt;&apos; not supported between instances of &apos;complex&apos; and &apos;int&apos;.
E         ?                                                                                                             ^^^^  +++++++ ++ ++ ^^^^^^^^^^ ^^  ^^^^^       ^^^^^^^   ^

valid8/tests/test_entry_points_inline.py:95: AssertionError</failure></testcase><testcase classname="valid8.tests.test_entry_points_inline" file="valid8/tests/test_entry_points_inline.py" line="99" name="test_readme_usage_wrap_valid_customization" time="0.0059015750885009766"></testcase><testcase classname="valid8.tests.test_entry_points_inline" file="valid8/tests/test_entry_points_inline.py" line="139" name="test_validate_tracebacks" time="0.002359151840209961"></testcase><testcase classname="valid8.tests.test_entry_points_inline" file="valid8/tests/test_entry_points_inline.py" line="160" name="test_typos_in_kwargs" time="0.0025763511657714844"></testcase><testcase classname="valid8.tests.test_entry_points_inline" file="valid8/tests/test_entry_points_inline.py" line="169" name="test_validate_auto_disable_display" time="0.0017657279968261719"></testcase><testcase classname="valid8.tests.test_entry_points_inline" file="valid8/tests/test_entry_points_inline.py" line="189" name="test_numpy_nan" time="0.002061128616333008"></testcase><testcase classname="valid8.tests.test_entry_points_inline" file="valid8/tests/test_entry_points_inline.py" line="199" name="test_numpy_nan_like_lengths" time="0.0016474723815917969"></testcase><testcase classname="valid8.tests.test_entry_points_inline" file="valid8/tests/test_entry_points_inline.py" line="235" name="test_function_setter_name_in_valid8_error_message" time="0.02692866325378418"></testcase><testcase classname="valid8.tests.test_packaging" file="valid8/tests/test_packaging.py" line="1" name="test_named_import" time="0.0014500617980957031"></testcase><testcase classname="valid8.tests.test_packaging" file="valid8/tests/test_packaging.py" line="6" name="test_import_from" time="0.0015041828155517578"></testcase><testcase classname="valid8.tests.test_packaging_wild" file="valid8/tests/test_packaging_wild.py" line="3" name="test_wild_import" time="0.001550436019897461"></testcase><testcase classname="valid8.tests.test_readme_combining" file="valid8/tests/test_readme_combining.py" line="7" name="test_readme_index_combining_enforce" time="0.03831648826599121"><system-out>Building house... DONE !
Building house... DONE !
</system-out></testcase><testcase classname="valid8.tests.test_readme_combining" file="valid8/tests/test_readme_combining.py" line="55" name="test_readme_index_combining_autoclass" time="0.006907224655151367"></testcase><testcase classname="valid8.tests.test_readme_combining" file="valid8/tests/test_readme_combining.py" line="87" name="test_readme_index_combining_autoclass_2" time="0.005565166473388672"></testcase><testcase classname="valid8.tests.test_readme_combining" file="valid8/tests/test_readme_combining.py" line="118" name="test_readme_index_combining_attrs" time="0.004779815673828125"></testcase><testcase classname="valid8.tests.test_readme_combining" file="valid8/tests/test_readme_combining.py" line="150" name="test_unused_pytypes" time="0.015404701232910156"><system-out>you did it !
you did it !
</system-out></testcase><testcase classname="valid8.tests.test_readme_examples" file="valid8/tests/test_readme_examples.py" line="7" name="test_readme_examples_4" time="0.006105661392211914"></testcase><testcase classname="valid8.tests.test_readme_index" file="valid8/tests/test_readme_index.py" line="7" name="test_readme_index_usage_quick" time="0.002448558807373047"></testcase><testcase classname="valid8.tests.test_readme_index" file="valid8/tests/test_readme_index.py" line="21" name="test_readme_usage_wrap_valid" time="0.007136821746826172"></testcase><testcase classname="valid8.tests.test_readme_index" file="valid8/tests/test_readme_index.py" line="75" name="test_readme_usage_customization" time="0.004866361618041992"></testcase><testcase classname="valid8.tests.test_readme_index" file="valid8/tests/test_readme_index.py" line="139" name="test_readme_index_usage_basic" time="0.0031015872955322266"></testcase><testcase classname="valid8.tests.test_readme_index" file="valid8/tests/test_readme_index.py" line="163" name="test_readme_index_usage_function" time="0.0055048465728759766"><system-out>Building house... DONE !
Building house... DONE !
Building house... DONE !
</system-out></testcase><testcase classname="valid8.tests.test_readme_index" file="valid8/tests/test_readme_index.py" line="208" name="test_readme_index_usage_class_fields" time="0.004246950149536133"></testcase><testcase classname="valid8.tests.test_readme_index" file="valid8/tests/test_readme_index.py" line="242" name="test_testing" time="0.0020782947540283203"></testcase><testcase classname="valid8.tests.test_readme_index" file="valid8/tests/test_readme_index.py" line="257" name="test_advanced_composition" time="0.0022068023681640625"></testcase><testcase classname="valid8.tests.test_readme_index" file="valid8/tests/test_readme_index.py" line="276" name="test_readme_index_usage_customization" time="0.00427699089050293"></testcase><testcase classname="valid8.tests.test_readme_index" file="valid8/tests/test_readme_index.py" line="335" name="test_readme_index_usage_composition" time="0.004792690277099609"></testcase><testcase classname="valid8.tests.test_readme_usage" file="valid8/tests/test_readme_usage.py" line="8" name="test_tutorial" time="0.003133058547973633"></testcase><testcase classname="valid8.tests.test_readme_usage" file="valid8/tests/test_readme_usage.py" line="68" name="test_usage_base_validation_functions" time="0.0029058456420898438"></testcase><testcase classname="valid8.tests.test_readme_usage" file="valid8/tests/test_readme_usage.py" line="74" name="test_usage_ensure_valid" time="0.004239082336425781"></testcase><testcase classname="valid8.tests.test_readme_usage" file="valid8/tests/test_readme_usage.py" line="124" name="test_usage_is_valid" time="0.002803325653076172"></testcase><testcase classname="valid8.tests.test_readme_usage" file="valid8/tests/test_readme_usage.py" line="164" name="test_usage_validators" time="0.004388332366943359"></testcase><testcase classname="valid8.tests.test_readme_usage" file="valid8/tests/test_readme_usage.py" line="321" name="test_usage_validate_annotation" time="0.0033102035522460938"></testcase><testcase classname="valid8.tests.test_readme_usage" file="valid8/tests/test_readme_usage.py" line="338" name="test_usage_custom_validators" time="0.0048732757568359375"></testcase><testcase classname="valid8.tests.test_readme_examples.test_example1" file="valid8/tests/test_readme_examples/test_example1.py" line="133" name="test_example_1[class_field_mini_lambda-0-True]" time="0.004808664321899414"></testcase><testcase classname="valid8.tests.test_readme_examples.test_example1" file="valid8/tests/test_readme_examples/test_example1.py" line="133" name="test_example_1[class_field_mini_lambda-100-True]" time="0.0038924217224121094"></testcase><testcase classname="valid8.tests.test_readme_examples.test_example1" file="valid8/tests/test_readme_examples/test_example1.py" line="133" name="test_example_1[class_field_mini_lambda-foo-TypeError]" time="0.004895210266113281"><system-out>Error validating field [x=foo] for class [Foo]. Validation function [and(instance_of_&lt;class &apos;numbers.Integral&apos;&gt;, x &gt;= 0)] raised AtLeastOneFailed: At least one validation function failed validation for value [foo]. Successes: [] / Failures: {&quot;instance_of_&lt;class &apos;numbers.Integral&apos;&gt;&quot;: &quot;HasWrongType: Value should be an instance of &lt;class &apos;numbers.Integral&apos;&gt;. Wrong value: [foo]&quot;, &apos;x &gt;= 0&apos;: &apos;TypeError: unorderable types: str() &gt;= int()&apos;}.
</system-out></testcase><testcase classname="valid8.tests.test_readme_examples.test_example1" file="valid8/tests/test_readme_examples/test_example1.py" line="133" name="test_example_1[class_field_mini_lambda-1.0-TypeError]" time="0.0048944950103759766"><system-out>Error validating field [x=1.0] for class [Foo]. Validation function [and(instance_of_&lt;class &apos;numbers.Integral&apos;&gt;, x &gt;= 0)] raised AtLeastOneFailed: At least one validation function failed validation for value [1.0]. Successes: [&apos;x &gt;= 0&apos;] / Failures: {&quot;instance_of_&lt;class &apos;numbers.Integral&apos;&gt;&quot;: &quot;HasWrongType: Value should be an instance of &lt;class &apos;numbers.Integral&apos;&gt;. Wrong value: [1.0]&quot;}.
</system-out></testcase><testcase classname="valid8.tests.test_readme_examples.test_example1" file="valid8/tests/test_readme_examples/test_example1.py" line="133" name="test_example_1[class_field_mini_lambda--1-ValueError]" time="0.005639791488647461"><system-out>Error validating field [x=-1] for class [Foo]. Validation function [and(instance_of_&lt;class &apos;numbers.Integral&apos;&gt;, x &gt;= 0)] raised AtLeastOneFailed: At least one validation function failed validation for value [-1]. Successes: [&quot;instance_of_&lt;class &apos;numbers.Integral&apos;&gt;&quot;] / Failures: {&apos;x &gt;= 0&apos;: &apos;False&apos;}.
</system-out></testcase><testcase classname="valid8.tests.test_readme_examples.test_example1" file="valid8/tests/test_readme_examples/test_example1.py" line="133" name="test_example_1[function_input_mini_lambda-0-True]" time="0.00436711311340332"></testcase><testcase classname="valid8.tests.test_readme_examples.test_example1" file="valid8/tests/test_readme_examples/test_example1.py" line="133" name="test_example_1[function_input_mini_lambda-100-True]" time="0.0046672821044921875"></testcase><testcase classname="valid8.tests.test_readme_examples.test_example1" file="valid8/tests/test_readme_examples/test_example1.py" line="133" name="test_example_1[function_input_mini_lambda-foo-TypeError]" time="0.004668712615966797"><system-out>Error validating input [x=foo] for function [my_function]. Validation function [and(instance_of_&lt;class &apos;numbers.Integral&apos;&gt;, x &gt;= 0)] raised AtLeastOneFailed: At least one validation function failed validation for value [foo]. Successes: [] / Failures: {&quot;instance_of_&lt;class &apos;numbers.Integral&apos;&gt;&quot;: &quot;HasWrongType: Value should be an instance of &lt;class &apos;numbers.Integral&apos;&gt;. Wrong value: [foo]&quot;, &apos;x &gt;= 0&apos;: &apos;TypeError: unorderable types: str() &gt;= int()&apos;}.
</system-out></testcase><testcase classname="valid8.tests.test_readme_examples.test_example1" file="valid8/tests/test_readme_examples/test_example1.py" line="133" name="test_example_1[function_input_mini_lambda-1.0-TypeError]" time="0.0047910213470458984"><system-out>Error validating input [x=1.0] for function [my_function]. Validation function [and(instance_of_&lt;class &apos;numbers.Integral&apos;&gt;, x &gt;= 0)] raised AtLeastOneFailed: At least one validation function failed validation for value [1.0]. Successes: [&apos;x &gt;= 0&apos;] / Failures: {&quot;instance_of_&lt;class &apos;numbers.Integral&apos;&gt;&quot;: &quot;HasWrongType: Value should be an instance of &lt;class &apos;numbers.Integral&apos;&gt;. Wrong value: [1.0]&quot;}.
</system-out></testcase><testcase classname="valid8.tests.test_readme_examples.test_example1" file="valid8/tests/test_readme_examples/test_example1.py" line="133" name="test_example_1[function_input_mini_lambda--1-ValueError]" time="0.005106687545776367"><system-out>Error validating input [x=-1] for function [my_function]. Validation function [and(instance_of_&lt;class &apos;numbers.Integral&apos;&gt;, x &gt;= 0)] raised AtLeastOneFailed: At least one validation function failed validation for value [-1]. Successes: [&quot;instance_of_&lt;class &apos;numbers.Integral&apos;&gt;&quot;] / Failures: {&apos;x &gt;= 0&apos;: &apos;False&apos;}.
</system-out></testcase><testcase classname="valid8.tests.test_readme_examples.test_example1" file="valid8/tests/test_readme_examples/test_example1.py" line="133" name="test_example_1[function_io_builtin-0-True]" time="0.004223823547363281"></testcase><testcase classname="valid8.tests.test_readme_examples.test_example1" file="valid8/tests/test_readme_examples/test_example1.py" line="133" name="test_example_1[function_io_builtin-100-True]" time="0.00405120849609375"></testcase><testcase classname="valid8.tests.test_readme_examples.test_example1" file="valid8/tests/test_readme_examples/test_example1.py" line="133" name="test_example_1[function_io_builtin-foo-TypeError]" time="0.004422664642333984"><system-out>Error validating input [x=foo] for function [my_function3]. Validation function [and(instance_of_&lt;class &apos;numbers.Integral&apos;&gt;, greater_than_0)] raised AtLeastOneFailed: At least one validation function failed validation for value [foo]. Successes: [] / Failures: {&quot;instance_of_&lt;class &apos;numbers.Integral&apos;&gt;&quot;: &quot;HasWrongType: Value should be an instance of &lt;class &apos;numbers.Integral&apos;&gt;. Wrong value: [foo]&quot;, &apos;greater_than_0&apos;: &apos;TypeError: unorderable types: str() &gt;= int()&apos;}.
</system-out></testcase><testcase classname="valid8.tests.test_readme_examples.test_example1" file="valid8/tests/test_readme_examples/test_example1.py" line="133" name="test_example_1[function_io_builtin-1.0-TypeError]" time="0.004862308502197266"><system-out>Error validating input [x=1.0] for function [my_function3]. Validation function [and(instance_of_&lt;class &apos;numbers.Integral&apos;&gt;, greater_than_0)] raised AtLeastOneFailed: At least one validation function failed validation for value [1.0]. Successes: [&apos;greater_than_0&apos;] / Failures: {&quot;instance_of_&lt;class &apos;numbers.Integral&apos;&gt;&quot;: &quot;HasWrongType: Value should be an instance of &lt;class &apos;numbers.Integral&apos;&gt;. Wrong value: [1.0]&quot;}.
</system-out></testcase><testcase classname="valid8.tests.test_readme_examples.test_example1" file="valid8/tests/test_readme_examples/test_example1.py" line="133" name="test_example_1[function_io_builtin--1-ValueError]" time="0.004901885986328125"><system-out>Error validating input [x=-1] for function [my_function3]. Validation function [and(instance_of_&lt;class &apos;numbers.Integral&apos;&gt;, greater_than_0)] raised AtLeastOneFailed: At least one validation function failed validation for value [-1]. Successes: [&quot;instance_of_&lt;class &apos;numbers.Integral&apos;&gt;&quot;] / Failures: {&apos;greater_than_0&apos;: &apos;TooSmall: x &gt;= 0 does not hold for x=-1. Wrong value: [-1]&apos;}.
</system-out></testcase><testcase classname="valid8.tests.test_readme_examples.test_example1" file="valid8/tests/test_readme_examples/test_example1.py" line="133" name="test_example_1[function_io_mini_lambda-0-True]" time="0.005455493927001953"></testcase><testcase classname="valid8.tests.test_readme_examples.test_example1" file="valid8/tests/test_readme_examples/test_example1.py" line="133" name="test_example_1[function_io_mini_lambda-100-True]" time="0.004267454147338867"></testcase><testcase classname="valid8.tests.test_readme_examples.test_example1" file="valid8/tests/test_readme_examples/test_example1.py" line="133" name="test_example_1[function_io_mini_lambda-foo-TypeError]" time="0.004941701889038086"><system-out>Error validating input [x=foo] for function [my_function3]. Validation function [and(instance_of_&lt;class &apos;numbers.Integral&apos;&gt;, x &gt;= 0)] raised AtLeastOneFailed: At least one validation function failed validation for value [foo]. Successes: [] / Failures: {&quot;instance_of_&lt;class &apos;numbers.Integral&apos;&gt;&quot;: &quot;HasWrongType: Value should be an instance of &lt;class &apos;numbers.Integral&apos;&gt;. Wrong value: [foo]&quot;, &apos;x &gt;= 0&apos;: &apos;TypeError: unorderable types: str() &gt;= int()&apos;}.
</system-out></testcase><testcase classname="valid8.tests.test_readme_examples.test_example1" file="valid8/tests/test_readme_examples/test_example1.py" line="133" name="test_example_1[function_io_mini_lambda-1.0-TypeError]" time="0.005239963531494141"><system-out>Error validating input [x=1.0] for function [my_function3]. Validation function [and(instance_of_&lt;class &apos;numbers.Integral&apos;&gt;, x &gt;= 0)] raised AtLeastOneFailed: At least one validation function failed validation for value [1.0]. Successes: [&apos;x &gt;= 0&apos;] / Failures: {&quot;instance_of_&lt;class &apos;numbers.Integral&apos;&gt;&quot;: &quot;HasWrongType: Value should be an instance of &lt;class &apos;numbers.Integral&apos;&gt;. Wrong value: [1.0]&quot;}.
</system-out></testcase><testcase classname="valid8.tests.test_readme_examples.test_example1" file="valid8/tests/test_readme_examples/test_example1.py" line="133" name="test_example_1[function_io_mini_lambda--1-ValueError]" time="0.0047495365142822266"><system-out>Error validating input [x=-1] for function [my_function3]. Validation function [and(instance_of_&lt;class &apos;numbers.Integral&apos;&gt;, x &gt;= 0)] raised AtLeastOneFailed: At least one validation function failed validation for value [-1]. Successes: [&quot;instance_of_&lt;class &apos;numbers.Integral&apos;&gt;&quot;] / Failures: {&apos;x &gt;= 0&apos;: &apos;False&apos;}.
</system-out></testcase><testcase classname="valid8.tests.test_readme_examples.test_example1" file="valid8/tests/test_readme_examples/test_example1.py" line="133" name="test_example_1[function_input_builtin-0-True]" time="0.003698587417602539"></testcase><testcase classname="valid8.tests.test_readme_examples.test_example1" file="valid8/tests/test_readme_examples/test_example1.py" line="133" name="test_example_1[function_input_builtin-100-True]" time="0.003939390182495117"></testcase><testcase classname="valid8.tests.test_readme_examples.test_example1" file="valid8/tests/test_readme_examples/test_example1.py" line="133" name="test_example_1[function_input_builtin-foo-TypeError]" time="0.004606485366821289"><system-out>Error validating input [x=foo] for function [my_function]. Validation function [and(instance_of_&lt;class &apos;numbers.Integral&apos;&gt;, greater_than_0)] raised AtLeastOneFailed: At least one validation function failed validation for value [foo]. Successes: [] / Failures: {&quot;instance_of_&lt;class &apos;numbers.Integral&apos;&gt;&quot;: &quot;HasWrongType: Value should be an instance of &lt;class &apos;numbers.Integral&apos;&gt;. Wrong value: [foo]&quot;, &apos;greater_than_0&apos;: &apos;TypeError: unorderable types: str() &gt;= int()&apos;}.
</system-out></testcase><testcase classname="valid8.tests.test_readme_examples.test_example1" file="valid8/tests/test_readme_examples/test_example1.py" line="133" name="test_example_1[function_input_builtin-1.0-TypeError]" time="0.008632421493530273"><system-out>Error validating input [x=1.0] for function [my_function]. Validation function [and(instance_of_&lt;class &apos;numbers.Integral&apos;&gt;, greater_than_0)] raised AtLeastOneFailed: At least one validation function failed validation for value [1.0]. Successes: [&apos;greater_than_0&apos;] / Failures: {&quot;instance_of_&lt;class &apos;numbers.Integral&apos;&gt;&quot;: &quot;HasWrongType: Value should be an instance of &lt;class &apos;numbers.Integral&apos;&gt;. Wrong value: [1.0]&quot;}.
</system-out></testcase><testcase classname="valid8.tests.test_readme_examples.test_example1" file="valid8/tests/test_readme_examples/test_example1.py" line="133" name="test_example_1[function_input_builtin--1-ValueError]" time="0.005353450775146484"><system-out>Error validating input [x=-1] for function [my_function]. Validation function [and(instance_of_&lt;class &apos;numbers.Integral&apos;&gt;, greater_than_0)] raised AtLeastOneFailed: At least one validation function failed validation for value [-1]. Successes: [&quot;instance_of_&lt;class &apos;numbers.Integral&apos;&gt;&quot;] / Failures: {&apos;greater_than_0&apos;: &apos;TooSmall: x &gt;= 0 does not hold for x=-1. Wrong value: [-1]&apos;}.
</system-out></testcase><testcase classname="valid8.tests.test_readme_examples.test_example1" file="valid8/tests/test_readme_examples/test_example1.py" line="133" name="test_example_1[class_field_builtin_stdlib-0-True]" time="0.0034177303314208984"></testcase><testcase classname="valid8.tests.test_readme_examples.test_example1" file="valid8/tests/test_readme_examples/test_example1.py" line="133" name="test_example_1[class_field_builtin_stdlib-100-True]" time="0.004297733306884766"></testcase><testcase classname="valid8.tests.test_readme_examples.test_example1" file="valid8/tests/test_readme_examples/test_example1.py" line="133" name="test_example_1[class_field_builtin_stdlib-foo-TypeError]" time="0.005316257476806641"><system-out>Error validating field [x=foo] for class [Foo]. Validation function [and(instance_of_&lt;class &apos;numbers.Integral&apos;&gt;, greater_than_0)] raised AtLeastOneFailed: At least one validation function failed validation for value [foo]. Successes: [] / Failures: {&quot;instance_of_&lt;class &apos;numbers.Integral&apos;&gt;&quot;: &quot;HasWrongType: Value should be an instance of &lt;class &apos;numbers.Integral&apos;&gt;. Wrong value: [foo]&quot;, &apos;greater_than_0&apos;: &apos;TypeError: unorderable types: str() &gt;= int()&apos;}.
</system-out></testcase><testcase classname="valid8.tests.test_readme_examples.test_example1" file="valid8/tests/test_readme_examples/test_example1.py" line="133" name="test_example_1[class_field_builtin_stdlib-1.0-TypeError]" time="0.00476384162902832"><system-out>Error validating field [x=1.0] for class [Foo]. Validation function [and(instance_of_&lt;class &apos;numbers.Integral&apos;&gt;, greater_than_0)] raised AtLeastOneFailed: At least one validation function failed validation for value [1.0]. Successes: [&apos;greater_than_0&apos;] / Failures: {&quot;instance_of_&lt;class &apos;numbers.Integral&apos;&gt;&quot;: &quot;HasWrongType: Value should be an instance of &lt;class &apos;numbers.Integral&apos;&gt;. Wrong value: [1.0]&quot;}.
</system-out></testcase><testcase classname="valid8.tests.test_readme_examples.test_example1" file="valid8/tests/test_readme_examples/test_example1.py" line="133" name="test_example_1[class_field_builtin_stdlib--1-ValueError]" time="0.004377126693725586"><system-out>Error validating field [x=-1] for class [Foo]. Validation function [and(instance_of_&lt;class &apos;numbers.Integral&apos;&gt;, greater_than_0)] raised AtLeastOneFailed: At least one validation function failed validation for value [-1]. Successes: [&quot;instance_of_&lt;class &apos;numbers.Integral&apos;&gt;&quot;] / Failures: {&apos;greater_than_0&apos;: &apos;TooSmall: x &gt;= 0 does not hold for x=-1. Wrong value: [-1]&apos;}.
</system-out></testcase><testcase classname="valid8.tests.test_readme_examples.test_example1" file="valid8/tests/test_readme_examples/test_example1.py" line="133" name="test_example_1[pep484-0-True]" time="0.005383729934692383"></testcase><testcase classname="valid8.tests.test_readme_examples.test_example1" file="valid8/tests/test_readme_examples/test_example1.py" line="133" name="test_example_1[pep484-100-True]" time="0.0042154788970947266"></testcase><testcase classname="valid8.tests.test_readme_examples.test_example1" file="valid8/tests/test_readme_examples/test_example1.py" line="133" name="test_example_1[pep484-foo-TypeError]" time="0.0058248043060302734"><system-out>
  test_example1.my_function
  called with incompatible types:
Expected: Tuple[Integral]
Received: Tuple[str]
</system-out></testcase><testcase classname="valid8.tests.test_readme_examples.test_example1" file="valid8/tests/test_readme_examples/test_example1.py" line="133" name="test_example_1[pep484-1.0-TypeError]" time="0.005356788635253906"><system-out>
  test_example1.my_function
  called with incompatible types:
Expected: Tuple[Integral]
Received: Tuple[float]
</system-out></testcase><testcase classname="valid8.tests.test_readme_examples.test_example1" file="valid8/tests/test_readme_examples/test_example1.py" line="133" name="test_example_1[pep484--1-ValueError]" time="0.005587577819824219"><system-out>Error validating input [x=-1] for function [my_function]: validation function [x &gt;= 0] returned [False].
</system-out></testcase><testcase classname="valid8.tests.test_readme_examples.test_example1" file="valid8/tests/test_readme_examples/test_example1.py" line="133" name="test_example_1[inline_validate-0-True]" time="0.0030281543731689453"></testcase><testcase classname="valid8.tests.test_readme_examples.test_example1" file="valid8/tests/test_readme_examples/test_example1.py" line="133" name="test_example_1[inline_validate-100-True]" time="0.002689361572265625"></testcase><testcase classname="valid8.tests.test_readme_examples.test_example1" file="valid8/tests/test_readme_examples/test_example1.py" line="133" name="test_example_1[inline_validate-foo-TypeError]" time="0.004227161407470703"><system-out>Error validating [x=foo]. HasWrongType: Value should be an instance of &lt;class &apos;numbers.Integral&apos;&gt;. Wrong value: [foo].
</system-out></testcase><testcase classname="valid8.tests.test_readme_examples.test_example1" file="valid8/tests/test_readme_examples/test_example1.py" line="133" name="test_example_1[inline_validate-1.0-TypeError]" time="0.004008769989013672"><system-out>Error validating [x=1.0]. HasWrongType: Value should be an instance of &lt;class &apos;numbers.Integral&apos;&gt;. Wrong value: [1.0].
</system-out></testcase><testcase classname="valid8.tests.test_readme_examples.test_example1" file="valid8/tests/test_readme_examples/test_example1.py" line="133" name="test_example_1[inline_validate--1-ValueError]" time="0.0026330947875976562"><system-out>Error validating [x=-1]. TooSmall: x &gt;= 0 does not hold for x=-1. Wrong value: [-1].
</system-out></testcase><testcase classname="valid8.tests.test_readme_examples.test_example1" file="valid8/tests/test_readme_examples/test_example1.py" line="133" name="test_example_1[function_output_mini_lambda-0-True]" time="0.0042476654052734375"></testcase><testcase classname="valid8.tests.test_readme_examples.test_example1" file="valid8/tests/test_readme_examples/test_example1.py" line="133" name="test_example_1[function_output_mini_lambda-100-True]" time="0.004146099090576172"></testcase><testcase classname="valid8.tests.test_readme_examples.test_example1" file="valid8/tests/test_readme_examples/test_example1.py" line="133" name="test_example_1[function_output_mini_lambda-foo-TypeError]" time="0.0051097869873046875"><system-out>Error validating output of function [my_function2]. Validation function [and(instance_of_&lt;class &apos;numbers.Integral&apos;&gt;, x &gt;= 0)] raised AtLeastOneFailed: At least one validation function failed validation for value [foo]. Successes: [] / Failures: {&quot;instance_of_&lt;class &apos;numbers.Integral&apos;&gt;&quot;: &quot;HasWrongType: Value should be an instance of &lt;class &apos;numbers.Integral&apos;&gt;. Wrong value: [foo]&quot;, &apos;x &gt;= 0&apos;: &apos;TypeError: unorderable types: str() &gt;= int()&apos;}.
</system-out></testcase><testcase classname="valid8.tests.test_readme_examples.test_example1" file="valid8/tests/test_readme_examples/test_example1.py" line="133" name="test_example_1[function_output_mini_lambda-1.0-TypeError]" time="0.005043983459472656"><system-out>Error validating output of function [my_function2]. Validation function [and(instance_of_&lt;class &apos;numbers.Integral&apos;&gt;, x &gt;= 0)] raised AtLeastOneFailed: At least one validation function failed validation for value [1.0]. Successes: [&apos;x &gt;= 0&apos;] / Failures: {&quot;instance_of_&lt;class &apos;numbers.Integral&apos;&gt;&quot;: &quot;HasWrongType: Value should be an instance of &lt;class &apos;numbers.Integral&apos;&gt;. Wrong value: [1.0]&quot;}.
</system-out></testcase><testcase classname="valid8.tests.test_readme_examples.test_example1" file="valid8/tests/test_readme_examples/test_example1.py" line="133" name="test_example_1[function_output_mini_lambda--1-ValueError]" time="0.004832267761230469"><system-out>Error validating output of function [my_function2]. Validation function [and(instance_of_&lt;class &apos;numbers.Integral&apos;&gt;, x &gt;= 0)] raised AtLeastOneFailed: At least one validation function failed validation for value [-1]. Successes: [&quot;instance_of_&lt;class &apos;numbers.Integral&apos;&gt;&quot;] / Failures: {&apos;x &gt;= 0&apos;: &apos;False&apos;}.
</system-out></testcase><testcase classname="valid8.tests.test_readme_examples.test_example1" file="valid8/tests/test_readme_examples/test_example1.py" line="133" name="test_example_1[function_output_builtin-0-True]" time="0.004257917404174805"></testcase><testcase classname="valid8.tests.test_readme_examples.test_example1" file="valid8/tests/test_readme_examples/test_example1.py" line="133" name="test_example_1[function_output_builtin-100-True]" time="0.0038013458251953125"></testcase><testcase classname="valid8.tests.test_readme_examples.test_example1" file="valid8/tests/test_readme_examples/test_example1.py" line="133" name="test_example_1[function_output_builtin-foo-TypeError]" time="0.00500035285949707"><system-out>Error validating output of function [my_function2]. Validation function [and(instance_of_&lt;class &apos;numbers.Integral&apos;&gt;, greater_than_0)] raised AtLeastOneFailed: At least one validation function failed validation for value [foo]. Successes: [] / Failures: {&quot;instance_of_&lt;class &apos;numbers.Integral&apos;&gt;&quot;: &quot;HasWrongType: Value should be an instance of &lt;class &apos;numbers.Integral&apos;&gt;. Wrong value: [foo]&quot;, &apos;greater_than_0&apos;: &apos;TypeError: unorderable types: str() &gt;= int()&apos;}.
</system-out></testcase><testcase classname="valid8.tests.test_readme_examples.test_example1" file="valid8/tests/test_readme_examples/test_example1.py" line="133" name="test_example_1[function_output_builtin-1.0-TypeError]" time="0.004441738128662109"><system-out>Error validating output of function [my_function2]. Validation function [and(instance_of_&lt;class &apos;numbers.Integral&apos;&gt;, greater_than_0)] raised AtLeastOneFailed: At least one validation function failed validation for value [1.0]. Successes: [&apos;greater_than_0&apos;] / Failures: {&quot;instance_of_&lt;class &apos;numbers.Integral&apos;&gt;&quot;: &quot;HasWrongType: Value should be an instance of &lt;class &apos;numbers.Integral&apos;&gt;. Wrong value: [1.0]&quot;}.
</system-out></testcase><testcase classname="valid8.tests.test_readme_examples.test_example1" file="valid8/tests/test_readme_examples/test_example1.py" line="133" name="test_example_1[function_output_builtin--1-ValueError]" time="0.004426717758178711"><system-out>Error validating output of function [my_function2]. Validation function [and(instance_of_&lt;class &apos;numbers.Integral&apos;&gt;, greater_than_0)] raised AtLeastOneFailed: At least one validation function failed validation for value [-1]. Successes: [&quot;instance_of_&lt;class &apos;numbers.Integral&apos;&gt;&quot;] / Failures: {&apos;greater_than_0&apos;: &apos;TooSmall: x &gt;= 0 does not hold for x=-1. Wrong value: [-1]&apos;}.
</system-out></testcase><testcase classname="valid8.tests.test_readme_examples.test_example1" file="valid8/tests/test_readme_examples/test_example1.py" line="133" name="test_example_1[with_validator-0-True]" time="0.003653287887573242"></testcase><testcase classname="valid8.tests.test_readme_examples.test_example1" file="valid8/tests/test_readme_examples/test_example1.py" line="133" name="test_example_1[with_validator-100-True]" time="0.0029892921447753906"></testcase><testcase classname="valid8.tests.test_readme_examples.test_example1" file="valid8/tests/test_readme_examples/test_example1.py" line="133" name="test_example_1[with_validator-foo-TypeError]" time="0.0032057762145996094"><system-out>Error validating [x=foo]. HasWrongType: Value should be an instance of &lt;class &apos;numbers.Integral&apos;&gt;. Wrong value: [foo].
</system-out></testcase><testcase classname="valid8.tests.test_readme_examples.test_example1" file="valid8/tests/test_readme_examples/test_example1.py" line="133" name="test_example_1[with_validator-1.0-TypeError]" time="0.0034492015838623047"><system-out>Error validating [x=1.0]. HasWrongType: Value should be an instance of &lt;class &apos;numbers.Integral&apos;&gt;. Wrong value: [1.0].
</system-out></testcase><testcase classname="valid8.tests.test_readme_examples.test_example1" file="valid8/tests/test_readme_examples/test_example1.py" line="133" name="test_example_1[with_validator--1-ValueError]" time="0.0045702457427978516"><system-out>Error validating [x=-1]: validation function [v.alid = x &gt;= 0] returned [False].
</system-out></testcase><testcase classname="valid8.tests.test_readme_examples.test_example2" file="valid8/tests/test_readme_examples/test_example2.py" line="105" name="test_example_2[function_input_builtin_stdlib-foo-True]" time="0.003973245620727539"></testcase><testcase classname="valid8.tests.test_readme_examples.test_example2" file="valid8/tests/test_readme_examples/test_example2.py" line="105" name="test_example_2[function_input_builtin_stdlib-foo_123-True]" time="0.00267791748046875"></testcase><testcase classname="valid8.tests.test_readme_examples.test_example2" file="valid8/tests/test_readme_examples/test_example2.py" line="105" name="test_example_2[function_input_builtin_stdlib-1.1-TypeError]" time="0.004384040832519531"><system-out>Error validating input [s=1.1] for function [my_function]. Validation function [and(instance_of_&lt;class &apos;str&apos;&gt;, length_greater_than_1, islower)] raised AtLeastOneFailed: At least one validation function failed validation for value [1.1]. Successes: [] / Failures: {&quot;instance_of_&lt;class &apos;str&apos;&gt;&quot;: &quot;HasWrongType: Value should be an instance of &lt;class &apos;str&apos;&gt;. Wrong value: [1.1]&quot;, &apos;length_greater_than_1&apos;: &quot;TypeError: object of type &apos;float&apos; has no len()&quot;, &apos;islower&apos;: &quot;TypeError: descriptor &apos;islower&apos; requires a &apos;str&apos; object but received a &apos;float&apos;&quot;}.
</system-out></testcase><testcase classname="valid8.tests.test_readme_examples.test_example2" file="valid8/tests/test_readme_examples/test_example2.py" line="105" name="test_example_2[function_input_builtin_stdlib--ValueError]" time="0.004956960678100586"><system-out>Error validating input [s=&apos;&apos;] for function [my_function]. Validation function [and(instance_of_&lt;class &apos;str&apos;&gt;, length_greater_than_1, islower)] raised AtLeastOneFailed: At least one validation function failed validation for value []. Successes: [&quot;instance_of_&lt;class &apos;str&apos;&gt;&quot;] / Failures: {&apos;length_greater_than_1&apos;: &apos;TooShort: len(x) &gt;= 1 does not hold for x=. Wrong value: []&apos;, &apos;islower&apos;: &apos;False&apos;}.
</system-out></testcase><testcase classname="valid8.tests.test_readme_examples.test_example2" file="valid8/tests/test_readme_examples/test_example2.py" line="105" name="test_example_2[function_input_builtin_stdlib-fOO-ValueError]" time="0.00455021858215332"><system-out>Error validating input [s=fOO] for function [my_function]. Validation function [and(instance_of_&lt;class &apos;str&apos;&gt;, length_greater_than_1, islower)] raised AtLeastOneFailed: At least one validation function failed validation for value [fOO]. Successes: [&quot;instance_of_&lt;class &apos;str&apos;&gt;&quot;, &apos;length_greater_than_1&apos;] / Failures: {&apos;islower&apos;: &apos;False&apos;}.
</system-out></testcase><testcase classname="valid8.tests.test_readme_examples.test_example2" file="valid8/tests/test_readme_examples/test_example2.py" line="105" name="test_example_2[function_input_mini_lambda-foo-True]" time="0.0040547847747802734"></testcase><testcase classname="valid8.tests.test_readme_examples.test_example2" file="valid8/tests/test_readme_examples/test_example2.py" line="105" name="test_example_2[function_input_mini_lambda-foo_123-True]" time="0.003926515579223633"></testcase><testcase classname="valid8.tests.test_readme_examples.test_example2" file="valid8/tests/test_readme_examples/test_example2.py" line="105" name="test_example_2[function_input_mini_lambda-1.1-TypeError]" time="0.005167722702026367"><system-out>Error validating input [s=1.1] for function [my_function]. Validation function [and(instance_of_&lt;class &apos;str&apos;&gt;, len(s) &gt; 0, s.islower())] raised AtLeastOneFailed: At least one validation function failed validation for value [1.1]. Successes: [] / Failures: {&quot;instance_of_&lt;class &apos;str&apos;&gt;&quot;: &quot;HasWrongType: Value should be an instance of &lt;class &apos;str&apos;&gt;. Wrong value: [1.1]&quot;, &apos;len(s) &gt; 0&apos;: &quot;TypeError: object of type &apos;float&apos; has no len()&quot;, &apos;s.islower()&apos;: &quot;AttributeError: &apos;float&apos; object has no attribute &apos;islower&apos;&quot;}.
</system-out></testcase><testcase classname="valid8.tests.test_readme_examples.test_example2" file="valid8/tests/test_readme_examples/test_example2.py" line="105" name="test_example_2[function_input_mini_lambda--ValueError]" time="0.004829883575439453"><system-out>Error validating input [s=&apos;&apos;] for function [my_function]. Validation function [and(instance_of_&lt;class &apos;str&apos;&gt;, len(s) &gt; 0, s.islower())] raised AtLeastOneFailed: At least one validation function failed validation for value []. Successes: [&quot;instance_of_&lt;class &apos;str&apos;&gt;&quot;] / Failures: {&apos;len(s) &gt; 0&apos;: &apos;False&apos;, &apos;s.islower()&apos;: &apos;False&apos;}.
</system-out></testcase><testcase classname="valid8.tests.test_readme_examples.test_example2" file="valid8/tests/test_readme_examples/test_example2.py" line="105" name="test_example_2[function_input_mini_lambda-fOO-ValueError]" time="0.0053174495697021484"><system-out>Error validating input [s=fOO] for function [my_function]. Validation function [and(instance_of_&lt;class &apos;str&apos;&gt;, len(s) &gt; 0, s.islower())] raised AtLeastOneFailed: At least one validation function failed validation for value [fOO]. Successes: [&quot;instance_of_&lt;class &apos;str&apos;&gt;&quot;, &apos;len(s) &gt; 0&apos;] / Failures: {&apos;s.islower()&apos;: &apos;False&apos;}.
</system-out></testcase><testcase classname="valid8.tests.test_readme_examples.test_example2" file="valid8/tests/test_readme_examples/test_example2.py" line="105" name="test_example_2[inline_validate_2-foo-True]" time="0.004812479019165039"></testcase><testcase classname="valid8.tests.test_readme_examples.test_example2" file="valid8/tests/test_readme_examples/test_example2.py" line="105" name="test_example_2[inline_validate_2-foo_123-True]" time="0.002758502960205078"></testcase><testcase classname="valid8.tests.test_readme_examples.test_example2" file="valid8/tests/test_readme_examples/test_example2.py" line="105" name="test_example_2[inline_validate_2-1.1-TypeError]" time="0.003263235092163086"><system-out>Error validating [s=1.1]. HasWrongType: Value should be an instance of &lt;class &apos;str&apos;&gt;. Wrong value: [1.1].
</system-out></testcase><testcase classname="valid8.tests.test_readme_examples.test_example2" file="valid8/tests/test_readme_examples/test_example2.py" line="105" name="test_example_2[inline_validate_2--ValueError]" time="0.0034742355346679688"><system-out>Error validating [s=&apos;&apos;]. TooShort: len(x) &gt;= 1 does not hold for x=. Wrong value: [].
</system-out></testcase><testcase classname="valid8.tests.test_readme_examples.test_example2" file="valid8/tests/test_readme_examples/test_example2.py" line="105" name="test_example_2[inline_validate_2-fOO-ValueError]" time="0.003172636032104492"><system-out>Error validating [s=fOO]: validation function [islower] returned [False].
</system-out></testcase><testcase classname="valid8.tests.test_readme_examples.test_example2" file="valid8/tests/test_readme_examples/test_example2.py" line="105" name="test_example_2[class_field_mini_lambda-foo-True]" time="0.004126787185668945"></testcase><testcase classname="valid8.tests.test_readme_examples.test_example2" file="valid8/tests/test_readme_examples/test_example2.py" line="105" name="test_example_2[class_field_mini_lambda-foo_123-True]" time="0.004217863082885742"></testcase><testcase classname="valid8.tests.test_readme_examples.test_example2" file="valid8/tests/test_readme_examples/test_example2.py" line="105" name="test_example_2[class_field_mini_lambda-1.1-TypeError]" time="0.0033054351806640625"><system-out>Error validating field [s=1.1] for class [Foo]. Validation function [and(instance_of_&lt;class &apos;str&apos;&gt;, len(s) &gt; 0, s.islower())] raised AtLeastOneFailed: At least one validation function failed validation for value [1.1]. Successes: [] / Failures: {&quot;instance_of_&lt;class &apos;str&apos;&gt;&quot;: &quot;HasWrongType: Value should be an instance of &lt;class &apos;str&apos;&gt;. Wrong value: [1.1]&quot;, &apos;len(s) &gt; 0&apos;: &quot;TypeError: object of type &apos;float&apos; has no len()&quot;, &apos;s.islower()&apos;: &quot;AttributeError: &apos;float&apos; object has no attribute &apos;islower&apos;&quot;}.
</system-out></testcase><testcase classname="valid8.tests.test_readme_examples.test_example2" file="valid8/tests/test_readme_examples/test_example2.py" line="105" name="test_example_2[class_field_mini_lambda--ValueError]" time="0.0041234493255615234"><system-out>Error validating field [s=] for class [Foo]. Validation function [and(instance_of_&lt;class &apos;str&apos;&gt;, len(s) &gt; 0, s.islower())] raised AtLeastOneFailed: At least one validation function failed validation for value []. Successes: [&quot;instance_of_&lt;class &apos;str&apos;&gt;&quot;] / Failures: {&apos;len(s) &gt; 0&apos;: &apos;False&apos;, &apos;s.islower()&apos;: &apos;False&apos;}.
</system-out></testcase><testcase classname="valid8.tests.test_readme_examples.test_example2" file="valid8/tests/test_readme_examples/test_example2.py" line="105" name="test_example_2[class_field_mini_lambda-fOO-ValueError]" time="0.0041942596435546875"><system-out>Error validating field [s=fOO] for class [Foo]. Validation function [and(instance_of_&lt;class &apos;str&apos;&gt;, len(s) &gt; 0, s.islower())] raised AtLeastOneFailed: At least one validation function failed validation for value [fOO]. Successes: [&quot;instance_of_&lt;class &apos;str&apos;&gt;&quot;, &apos;len(s) &gt; 0&apos;] / Failures: {&apos;s.islower()&apos;: &apos;False&apos;}.
</system-out></testcase><testcase classname="valid8.tests.test_readme_examples.test_example2" file="valid8/tests/test_readme_examples/test_example2.py" line="105" name="test_example_2[pep484-foo-True]" time="0.005472898483276367"></testcase><testcase classname="valid8.tests.test_readme_examples.test_example2" file="valid8/tests/test_readme_examples/test_example2.py" line="105" name="test_example_2[pep484-foo_123-True]" time="0.00514531135559082"></testcase><testcase classname="valid8.tests.test_readme_examples.test_example2" file="valid8/tests/test_readme_examples/test_example2.py" line="105" name="test_example_2[pep484-1.1-TypeError]" time="0.005007505416870117"><system-out>
  test_example2.my_function
  called with incompatible types:
Expected: Tuple[str]
Received: Tuple[float]
</system-out></testcase><testcase classname="valid8.tests.test_readme_examples.test_example2" file="valid8/tests/test_readme_examples/test_example2.py" line="105" name="test_example_2[pep484--ValueError]" time="0.006605625152587891"><system-out>Error validating input [s=&apos;&apos;] for function [my_function]. Validation function [and(len(s) &gt; 0, s.islower())] raised AtLeastOneFailed: At least one validation function failed validation for value []. Successes: [] / Failures: {&apos;len(s) &gt; 0&apos;: &apos;False&apos;, &apos;s.islower()&apos;: &apos;False&apos;}.
</system-out></testcase><testcase classname="valid8.tests.test_readme_examples.test_example2" file="valid8/tests/test_readme_examples/test_example2.py" line="105" name="test_example_2[pep484-fOO-ValueError]" time="0.005452871322631836"><system-out>Error validating input [s=fOO] for function [my_function]. Validation function [and(len(s) &gt; 0, s.islower())] raised AtLeastOneFailed: At least one validation function failed validation for value [fOO]. Successes: [&apos;len(s) &gt; 0&apos;] / Failures: {&apos;s.islower()&apos;: &apos;False&apos;}.
</system-out></testcase><testcase classname="valid8.tests.test_readme_examples.test_example2" file="valid8/tests/test_readme_examples/test_example2.py" line="105" name="test_example_2[inline_validate_1-foo-True]" time="0.002302408218383789"></testcase><testcase classname="valid8.tests.test_readme_examples.test_example2" file="valid8/tests/test_readme_examples/test_example2.py" line="105" name="test_example_2[inline_validate_1-foo_123-True]" time="0.0022394657135009766"></testcase><testcase classname="valid8.tests.test_readme_examples.test_example2" file="valid8/tests/test_readme_examples/test_example2.py" line="105" name="test_example_2[inline_validate_1-1.1-TypeError]" time="0.0030438899993896484"><system-out>Error validating [s=1.1]. HasWrongType: Value should be an instance of &lt;class &apos;str&apos;&gt;. Wrong value: [1.1].
</system-out></testcase><testcase classname="valid8.tests.test_readme_examples.test_example2" file="valid8/tests/test_readme_examples/test_example2.py" line="105" name="test_example_2[inline_validate_1--ValueError]" time="0.002969980239868164"><system-out>Error validating [s=&apos;&apos;]. TooShort: len(x) &gt;= 1 does not hold for x=. Wrong value: [].
</system-out></testcase><testcase classname="valid8.tests.test_readme_examples.test_example2" file="valid8/tests/test_readme_examples/test_example2.py" line="105" name="test_example_2[inline_validate_1-fOO-ValueError]" time="0.00410151481628418"><system-out>Error validating [s=fOO]. NotEqual: x == foo does not hold for x=fOO. Wrong value: [fOO].
</system-out></testcase><testcase classname="valid8.tests.test_readme_examples.test_example2" file="valid8/tests/test_readme_examples/test_example2.py" line="105" name="test_example_2[with_validator-foo-True]" time="0.003263235092163086"></testcase><testcase classname="valid8.tests.test_readme_examples.test_example2" file="valid8/tests/test_readme_examples/test_example2.py" line="105" name="test_example_2[with_validator-foo_123-True]" time="0.003475189208984375"></testcase><testcase classname="valid8.tests.test_readme_examples.test_example2" file="valid8/tests/test_readme_examples/test_example2.py" line="105" name="test_example_2[with_validator-1.1-TypeError]" time="0.003199338912963867"><system-out>Error validating [s=1.1]. HasWrongType: Value should be an instance of &lt;class &apos;str&apos;&gt;. Wrong value: [1.1].
</system-out></testcase><testcase classname="valid8.tests.test_readme_examples.test_example2" file="valid8/tests/test_readme_examples/test_example2.py" line="105" name="test_example_2[with_validator--ValueError]" time="0.004578351974487305"><system-out>Error validating [s=&apos;&apos;]: validation function [v.alid = (len(s) &gt; 0) and s.islower()] returned [False].
</system-out></testcase><testcase classname="valid8.tests.test_readme_examples.test_example2" file="valid8/tests/test_readme_examples/test_example2.py" line="105" name="test_example_2[with_validator-fOO-ValueError]" time="0.004747152328491211"><system-out>Error validating [s=fOO]: validation function [v.alid = (len(s) &gt; 0) and s.islower()] returned [False].
</system-out></testcase><testcase classname="valid8.tests.test_readme_examples.test_example2" file="valid8/tests/test_readme_examples/test_example2.py" line="105" name="test_example_2[class_field_builtin_stdlib-foo-True]" time="0.0036916732788085938"></testcase><testcase classname="valid8.tests.test_readme_examples.test_example2" file="valid8/tests/test_readme_examples/test_example2.py" line="105" name="test_example_2[class_field_builtin_stdlib-foo_123-True]" time="0.0040438175201416016"></testcase><testcase classname="valid8.tests.test_readme_examples.test_example2" file="valid8/tests/test_readme_examples/test_example2.py" line="105" name="test_example_2[class_field_builtin_stdlib-1.1-TypeError]" time="0.004985332489013672"><system-out>Error validating field [s=1.1] for class [Foo]. Validation function [and(instance_of_&lt;class &apos;str&apos;&gt;, length_greater_than_1, islower)] raised AtLeastOneFailed: At least one validation function failed validation for value [1.1]. Successes: [] / Failures: {&quot;instance_of_&lt;class &apos;str&apos;&gt;&quot;: &quot;HasWrongType: Value should be an instance of &lt;class &apos;str&apos;&gt;. Wrong value: [1.1]&quot;, &apos;length_greater_than_1&apos;: &quot;TypeError: object of type &apos;float&apos; has no len()&quot;, &apos;islower&apos;: &quot;TypeError: descriptor &apos;islower&apos; requires a &apos;str&apos; object but received a &apos;float&apos;&quot;}.
</system-out></testcase><testcase classname="valid8.tests.test_readme_examples.test_example2" file="valid8/tests/test_readme_examples/test_example2.py" line="105" name="test_example_2[class_field_builtin_stdlib--ValueError]" time="0.0048444271087646484"><system-out>Error validating field [s=] for class [Foo]. Validation function [and(instance_of_&lt;class &apos;str&apos;&gt;, length_greater_than_1, islower)] raised AtLeastOneFailed: At least one validation function failed validation for value []. Successes: [&quot;instance_of_&lt;class &apos;str&apos;&gt;&quot;] / Failures: {&apos;length_greater_than_1&apos;: &apos;TooShort: len(x) &gt;= 1 does not hold for x=. Wrong value: []&apos;, &apos;islower&apos;: &apos;False&apos;}.
</system-out></testcase><testcase classname="valid8.tests.test_readme_examples.test_example2" file="valid8/tests/test_readme_examples/test_example2.py" line="105" name="test_example_2[class_field_builtin_stdlib-fOO-ValueError]" time="0.0051119327545166016"><system-out>Error validating field [s=fOO] for class [Foo]. Validation function [and(instance_of_&lt;class &apos;str&apos;&gt;, length_greater_than_1, islower)] raised AtLeastOneFailed: At least one validation function failed validation for value [fOO]. Successes: [&quot;instance_of_&lt;class &apos;str&apos;&gt;&quot;, &apos;length_greater_than_1&apos;] / Failures: {&apos;islower&apos;: &apos;False&apos;}.
</system-out></testcase><testcase classname="valid8.tests.test_readme_examples.test_example2" file="valid8/tests/test_readme_examples/test_example2.py" line="105" name="test_example_2[inline_validate_3-foo-True]" time="0.0036373138427734375"></testcase><testcase classname="valid8.tests.test_readme_examples.test_example2" file="valid8/tests/test_readme_examples/test_example2.py" line="105" name="test_example_2[inline_validate_3-foo_123-True]" time="0.003015756607055664"></testcase><testcase classname="valid8.tests.test_readme_examples.test_example2" file="valid8/tests/test_readme_examples/test_example2.py" line="105" name="test_example_2[inline_validate_3-1.1-TypeError]" time="0.004078388214111328"><system-out>Error validating [s=1.1]. HasWrongType: Value should be an instance of &lt;class &apos;str&apos;&gt;. Wrong value: [1.1].
</system-out></testcase><testcase classname="valid8.tests.test_readme_examples.test_example2" file="valid8/tests/test_readme_examples/test_example2.py" line="105" name="test_example_2[inline_validate_3--ValueError]" time="0.003308534622192383"><system-out>Error validating [s=&apos;&apos;]. TooShort: len(x) &gt;= 1 does not hold for x=. Wrong value: [].
</system-out></testcase><testcase classname="valid8.tests.test_readme_examples.test_example2" file="valid8/tests/test_readme_examples/test_example2.py" line="105" name="test_example_2[inline_validate_3-fOO-ValueError]" time="0.004019021987915039"><system-out>Error validating [s=fOO]: validation function [txt.islower()] returned [False].
</system-out></testcase><testcase classname="valid8.tests.test_readme_examples.test_example2" file="valid8/tests/test_readme_examples/test_example2.py" line="126" name="test_example_2_regexp[foo@bar.com-True]" time="0.0040912628173828125"></testcase><testcase classname="valid8.tests.test_readme_examples.test_example2" file="valid8/tests/test_readme_examples/test_example2.py" line="126" name="test_example_2_regexp[a@a@s-ValueError]" time="0.0034105777740478516"><system-out>Error validating [s=a@a@s]: validation function [&lt;lambda&gt;] returned [False].
</system-out></testcase><testcase classname="valid8.tests.test_readme_examples.test_example3" file="valid8/tests/test_readme_examples/test_example3.py" line="272" name="test_example_3[with_validator_boolean_tester-(0.2, &apos;foo&apos;)-True]" time="0.0047473907470703125"></testcase><testcase classname="valid8.tests.test_readme_examples.test_example3" file="valid8/tests/test_readme_examples/test_example3.py" line="272" name="test_example_3[with_validator_boolean_tester-(1.0, &apos;abc&apos;)-True]" time="0.0033807754516601562"></testcase><testcase classname="valid8.tests.test_readme_examples.test_example3" file="valid8/tests/test_readme_examples/test_example3.py" line="272" name="test_example_3[with_validator_boolean_tester-(0, &apos;foo&apos;)-True]" time="0.003983259201049805"></testcase><testcase classname="valid8.tests.test_readme_examples.test_example3" file="valid8/tests/test_readme_examples/test_example3.py" line="272" name="test_example_3[with_validator_boolean_tester-1.1-&lt;class &apos;TypeError&apos;&gt;]" time="0.003428220748901367"><system-out>Error validating [t=1.1]. HasWrongType: Value should be an instance of &lt;class &apos;tuple&apos;&gt;. Wrong value: [1.1].
</system-out></testcase><testcase classname="valid8.tests.test_readme_examples.test_example3" file="valid8/tests/test_readme_examples/test_example3.py" line="272" name="test_example_3[with_validator_boolean_tester-(0.2, &apos;foo&apos;, True)-&lt;class &apos;ValueError&apos;&gt;]" time="0.004978656768798828"><system-out>Error validating [t=(0.2, &apos;foo&apos;, True)]: validation function [v.alid = len(t) == 2 \] returned [False].
</system-out></testcase><testcase classname="valid8.tests.test_readme_examples.test_example3" file="valid8/tests/test_readme_examples/test_example3.py" line="272" name="test_example_3[with_validator_boolean_tester-(&apos;1.0&apos;, &apos;foo&apos;)-&lt;class &apos;TypeError&apos;&gt;]" time="0.005315065383911133"><system-out>Error validating [t=(&apos;1.0&apos;, &apos;foo&apos;)]. Validation function [v.alid = len(t) == 2 \ ; and instance_of(t[0], Real) and (0 &lt;= t[0] &lt;= 1) \] raised HasWrongType: Value should be an instance of &lt;class &apos;numbers.Real&apos;&gt;. Wrong value: [1.0].
</system-out></testcase><testcase classname="valid8.tests.test_readme_examples.test_example3" file="valid8/tests/test_readme_examples/test_example3.py" line="272" name="test_example_3[with_validator_boolean_tester-(1.1, &apos;foo&apos;)-&lt;class &apos;ValueError&apos;&gt;]" time="0.003339052200317383"><system-out>Error validating [t=(1.1, &apos;foo&apos;)]: validation function [v.alid = len(t) == 2 \ ; and instance_of(t[0], Real) and (0 &lt;= t[0] &lt;= 1) \] returned [False].
</system-out></testcase><testcase classname="valid8.tests.test_readme_examples.test_example3" file="valid8/tests/test_readme_examples/test_example3.py" line="272" name="test_example_3[with_validator_boolean_tester-(1.0, False)-&lt;class &apos;TypeError&apos;&gt;]" time="0.005245208740234375"><system-out>Error validating [t=(1.0, False)]. Validation function [v.alid = len(t) == 2 \ ; and instance_of(t[0], Real) and (0 &lt;= t[0] &lt;= 1) \ ; and instance_of(t[1], str) and len(t[1]) == 3 and t[1].islower()] raised HasWrongType: Value should be an instance of &lt;class &apos;str&apos;&gt;. Wrong value: [False].
</system-out></testcase><testcase classname="valid8.tests.test_readme_examples.test_example3" file="valid8/tests/test_readme_examples/test_example3.py" line="272" name="test_example_3[with_validator_boolean_tester-(0.5, &apos;a&apos;)-&lt;class &apos;ValueError&apos;&gt;]" time="0.00589299201965332"><system-out>Error validating [t=(0.5, &apos;a&apos;)]: validation function [v.alid = len(t) == 2 \ ; and instance_of(t[0], Real) and (0 &lt;= t[0] &lt;= 1) \ ; and instance_of(t[1], str) and len(t[1]) == 3 and t[1].islower()] returned [False].
</system-out></testcase><testcase classname="valid8.tests.test_readme_examples.test_example3" file="valid8/tests/test_readme_examples/test_example3.py" line="272" name="test_example_3[with_validator_boolean_tester-(0.5, &apos;AAA&apos;)-&lt;class &apos;ValueError&apos;&gt;]" time="0.004723072052001953"><system-out>Error validating [t=(0.5, &apos;AAA&apos;)]: validation function [v.alid = len(t) == 2 \ ; and instance_of(t[0], Real) and (0 &lt;= t[0] &lt;= 1) \ ; and instance_of(t[1], str) and len(t[1]) == 3 and t[1].islower()] returned [False].
</system-out></testcase><testcase classname="valid8.tests.test_readme_examples.test_example3" file="valid8/tests/test_readme_examples/test_example3.py" line="272" name="test_example_3[function_input_mini_lambda-(0.2, &apos;foo&apos;)-True]" time="0.005332231521606445"><system-out>uncomment and put your breakpoint here to debug
</system-out></testcase><testcase classname="valid8.tests.test_readme_examples.test_example3" file="valid8/tests/test_readme_examples/test_example3.py" line="272" name="test_example_3[function_input_mini_lambda-(1.0, &apos;abc&apos;)-True]" time="0.004828691482543945"><system-out>uncomment and put your breakpoint here to debug
</system-out></testcase><testcase classname="valid8.tests.test_readme_examples.test_example3" file="valid8/tests/test_readme_examples/test_example3.py" line="272" name="test_example_3[function_input_mini_lambda-(0, &apos;foo&apos;)-True]" time="0.0047986507415771484"><system-out>uncomment and put your breakpoint here to debug
</system-out></testcase><testcase classname="valid8.tests.test_readme_examples.test_example3" file="valid8/tests/test_readme_examples/test_example3.py" line="272" name="test_example_3[function_input_mini_lambda-1.1-&lt;class &apos;TypeError&apos;&gt;]" time="0.005599498748779297"><system-out>uncomment and put your breakpoint here to debug
Error validating input [t=1.1] for function [my_function]. Validation function [and(instance_of_&lt;class &apos;tuple&apos;&gt;, len(t) == 2, instance_of(t[0], Real), (t[0] &gt;= 0) &amp; (t[0] &lt;= 1), instance_of(t[1], str), len(t[1]) == 3, t[1].islower())] raised AtLeastOneFailed: At least one validation function failed validation for value [1.1]. Successes: [] / Failures: {&quot;instance_of_&lt;class &apos;tuple&apos;&gt;&quot;: &quot;HasWrongType: Value should be an instance of &lt;class &apos;tuple&apos;&gt;. Wrong value: [1.1]&quot;, &apos;len(t) == 2&apos;: &quot;TypeError: object of type &apos;float&apos; has no len()&quot;, &apos;instance_of(t[0], Real)&apos;: &quot;AttributeError: &apos;float&apos; object has no attribute &apos;__getitem__&apos;&quot;, &apos;(t[0] &gt;= 0) &amp; (t[0] &lt;= 1)&apos;: &quot;AttributeError: &apos;float&apos; object has no attribute &apos;__getitem__&apos;&quot;, &apos;instance_of(t[1], str)&apos;: &quot;AttributeError: &apos;float&apos; object has no attribute &apos;__getitem__&apos;&quot;, &apos;len(t[1]) == 3&apos;: &quot;AttributeError: &apos;float&apos; object has no attribute &apos;__getitem__&apos;&quot;, &apos;t[1].islower()&apos;: &quot;AttributeError: &apos;float&apos; object has no attribute &apos;__getitem__&apos;&quot;}.
</system-out></testcase><testcase classname="valid8.tests.test_readme_examples.test_example3" file="valid8/tests/test_readme_examples/test_example3.py" line="272" name="test_example_3[function_input_mini_lambda-(0.2, &apos;foo&apos;, True)-&lt;class &apos;ValueError&apos;&gt;]" time="0.00485682487487793"><system-out>uncomment and put your breakpoint here to debug
Error validating input [t=(0.2, &apos;foo&apos;, True)] for function [my_function]. Validation function [and(instance_of_&lt;class &apos;tuple&apos;&gt;, len(t) == 2, instance_of(t[0], Real), (t[0] &gt;= 0) &amp; (t[0] &lt;= 1), instance_of(t[1], str), len(t[1]) == 3, t[1].islower())] raised AtLeastOneFailed: At least one validation function failed validation for value [(0.2, &apos;foo&apos;, True)]. Successes: [&quot;instance_of_&lt;class &apos;tuple&apos;&gt;&quot;, &apos;instance_of(t[0], Real)&apos;, &apos;(t[0] &gt;= 0) &amp; (t[0] &lt;= 1)&apos;, &apos;instance_of(t[1], str)&apos;, &apos;len(t[1]) == 3&apos;, &apos;t[1].islower()&apos;] / Failures: {&apos;len(t) == 2&apos;: &apos;False&apos;}.
</system-out></testcase><testcase classname="valid8.tests.test_readme_examples.test_example3" file="valid8/tests/test_readme_examples/test_example3.py" line="272" name="test_example_3[function_input_mini_lambda-(&apos;1.0&apos;, &apos;foo&apos;)-&lt;class &apos;TypeError&apos;&gt;]" time="0.005558490753173828"><system-out>uncomment and put your breakpoint here to debug
Error validating input [t=(&apos;1.0&apos;, &apos;foo&apos;)] for function [my_function]. Validation function [and(instance_of_&lt;class &apos;tuple&apos;&gt;, len(t) == 2, instance_of(t[0], Real), (t[0] &gt;= 0) &amp; (t[0] &lt;= 1), instance_of(t[1], str), len(t[1]) == 3, t[1].islower())] raised AtLeastOneFailed: At least one validation function failed validation for value [(&apos;1.0&apos;, &apos;foo&apos;)]. Successes: [&quot;instance_of_&lt;class &apos;tuple&apos;&gt;&quot;, &apos;len(t) == 2&apos;, &apos;instance_of(t[1], str)&apos;, &apos;len(t[1]) == 3&apos;, &apos;t[1].islower()&apos;] / Failures: {&apos;instance_of(t[0], Real)&apos;: &quot;HasWrongType: Value should be an instance of &lt;class &apos;numbers.Real&apos;&gt;. Wrong value: [1.0]&quot;, &apos;(t[0] &gt;= 0) &amp; (t[0] &lt;= 1)&apos;: &apos;TypeError: unorderable types: str() &gt;= int()&apos;}.
</system-out></testcase><testcase classname="valid8.tests.test_readme_examples.test_example3" file="valid8/tests/test_readme_examples/test_example3.py" line="272" name="test_example_3[function_input_mini_lambda-(1.1, &apos;foo&apos;)-&lt;class &apos;ValueError&apos;&gt;]" time="0.006218433380126953"><system-out>uncomment and put your breakpoint here to debug
Error validating input [t=(1.1, &apos;foo&apos;)] for function [my_function]. Validation function [and(instance_of_&lt;class &apos;tuple&apos;&gt;, len(t) == 2, instance_of(t[0], Real), (t[0] &gt;= 0) &amp; (t[0] &lt;= 1), instance_of(t[1], str), len(t[1]) == 3, t[1].islower())] raised AtLeastOneFailed: At least one validation function failed validation for value [(1.1, &apos;foo&apos;)]. Successes: [&quot;instance_of_&lt;class &apos;tuple&apos;&gt;&quot;, &apos;len(t) == 2&apos;, &apos;instance_of(t[0], Real)&apos;, &apos;instance_of(t[1], str)&apos;, &apos;len(t[1]) == 3&apos;, &apos;t[1].islower()&apos;] / Failures: {&apos;(t[0] &gt;= 0) &amp; (t[0] &lt;= 1)&apos;: &apos;False&apos;}.
</system-out></testcase><testcase classname="valid8.tests.test_readme_examples.test_example3" file="valid8/tests/test_readme_examples/test_example3.py" line="272" name="test_example_3[function_input_mini_lambda-(1.0, False)-&lt;class &apos;TypeError&apos;&gt;]" time="0.004629373550415039"><system-out>uncomment and put your breakpoint here to debug
Error validating input [t=(1.0, False)] for function [my_function]. Validation function [and(instance_of_&lt;class &apos;tuple&apos;&gt;, len(t) == 2, instance_of(t[0], Real), (t[0] &gt;= 0) &amp; (t[0] &lt;= 1), instance_of(t[1], str), len(t[1]) == 3, t[1].islower())] raised AtLeastOneFailed: At least one validation function failed validation for value [(1.0, False)]. Successes: [&quot;instance_of_&lt;class &apos;tuple&apos;&gt;&quot;, &apos;len(t) == 2&apos;, &apos;instance_of(t[0], Real)&apos;, &apos;(t[0] &gt;= 0) &amp; (t[0] &lt;= 1)&apos;] / Failures: {&apos;instance_of(t[1], str)&apos;: &quot;HasWrongType: Value should be an instance of &lt;class &apos;str&apos;&gt;. Wrong value: [False]&quot;, &apos;len(t[1]) == 3&apos;: &quot;TypeError: object of type &apos;bool&apos; has no len()&quot;, &apos;t[1].islower()&apos;: &quot;AttributeError: &apos;bool&apos; object has no attribute &apos;islower&apos;&quot;}.
</system-out></testcase><testcase classname="valid8.tests.test_readme_examples.test_example3" file="valid8/tests/test_readme_examples/test_example3.py" line="272" name="test_example_3[function_input_mini_lambda-(0.5, &apos;a&apos;)-&lt;class &apos;ValueError&apos;&gt;]" time="0.005585908889770508"><system-out>uncomment and put your breakpoint here to debug
Error validating input [t=(0.5, &apos;a&apos;)] for function [my_function]. Validation function [and(instance_of_&lt;class &apos;tuple&apos;&gt;, len(t) == 2, instance_of(t[0], Real), (t[0] &gt;= 0) &amp; (t[0] &lt;= 1), instance_of(t[1], str), len(t[1]) == 3, t[1].islower())] raised AtLeastOneFailed: At least one validation function failed validation for value [(0.5, &apos;a&apos;)]. Successes: [&quot;instance_of_&lt;class &apos;tuple&apos;&gt;&quot;, &apos;len(t) == 2&apos;, &apos;instance_of(t[0], Real)&apos;, &apos;(t[0] &gt;= 0) &amp; (t[0] &lt;= 1)&apos;, &apos;instance_of(t[1], str)&apos;, &apos;t[1].islower()&apos;] / Failures: {&apos;len(t[1]) == 3&apos;: &apos;False&apos;}.
</system-out></testcase><testcase classname="valid8.tests.test_readme_examples.test_example3" file="valid8/tests/test_readme_examples/test_example3.py" line="272" name="test_example_3[function_input_mini_lambda-(0.5, &apos;AAA&apos;)-&lt;class &apos;ValueError&apos;&gt;]" time="0.005732059478759766"><system-out>uncomment and put your breakpoint here to debug
Error validating input [t=(0.5, &apos;AAA&apos;)] for function [my_function]. Validation function [and(instance_of_&lt;class &apos;tuple&apos;&gt;, len(t) == 2, instance_of(t[0], Real), (t[0] &gt;= 0) &amp; (t[0] &lt;= 1), instance_of(t[1], str), len(t[1]) == 3, t[1].islower())] raised AtLeastOneFailed: At least one validation function failed validation for value [(0.5, &apos;AAA&apos;)]. Successes: [&quot;instance_of_&lt;class &apos;tuple&apos;&gt;&quot;, &apos;len(t) == 2&apos;, &apos;instance_of(t[0], Real)&apos;, &apos;(t[0] &gt;= 0) &amp; (t[0] &lt;= 1)&apos;, &apos;instance_of(t[1], str)&apos;, &apos;len(t[1]) == 3&apos;] / Failures: {&apos;t[1].islower()&apos;: &apos;False&apos;}.
</system-out></testcase><testcase classname="valid8.tests.test_readme_examples.test_example3" file="valid8/tests/test_readme_examples/test_example3.py" line="272" name="test_example_3[inline_validate_1-(0.2, &apos;foo&apos;)-True]" time="0.002879619598388672"></testcase><testcase classname="valid8.tests.test_readme_examples.test_example3" file="valid8/tests/test_readme_examples/test_example3.py" line="272" name="test_example_3[inline_validate_1-(1.0, &apos;abc&apos;)-True]" time="0.0027446746826171875"></testcase><testcase classname="valid8.tests.test_readme_examples.test_example3" file="valid8/tests/test_readme_examples/test_example3.py" line="272" name="test_example_3[inline_validate_1-(0, &apos;foo&apos;)-True]" time="0.003000974655151367"></testcase><testcase classname="valid8.tests.test_readme_examples.test_example3" file="valid8/tests/test_readme_examples/test_example3.py" line="272" name="test_example_3[inline_validate_1-1.1-&lt;class &apos;TypeError&apos;&gt;]" time="0.003037691116333008"><system-out>Error validating [t=1.1]. HasWrongType: Value should be an instance of &lt;class &apos;tuple&apos;&gt;. Wrong value: [1.1].
</system-out></testcase><testcase classname="valid8.tests.test_readme_examples.test_example3" file="valid8/tests/test_readme_examples/test_example3.py" line="272" name="test_example_3[inline_validate_1-(0.2, &apos;foo&apos;, True)-&lt;class &apos;ValueError&apos;&gt;]" time="0.0034804344177246094"><system-out>Error validating [t=(0.2, &apos;foo&apos;, True)]. WrongLength: len(x) == 2 does not hold for x=(0.2, &apos;foo&apos;, True). Wrong value: [(0.2, &apos;foo&apos;, True)].
</system-out></testcase><testcase classname="valid8.tests.test_readme_examples.test_example3" file="valid8/tests/test_readme_examples/test_example3.py" line="272" name="test_example_3[inline_validate_1-(&apos;1.0&apos;, &apos;foo&apos;)-&lt;class &apos;TypeError&apos;&gt;]" time="0.0037260055541992188"><system-out>Error validating [t[0]=1.0]. HasWrongType: Value should be an instance of &lt;class &apos;numbers.Real&apos;&gt;. Wrong value: [1.0].
</system-out></testcase><testcase classname="valid8.tests.test_readme_examples.test_example3" file="valid8/tests/test_readme_examples/test_example3.py" line="272" name="test_example_3[inline_validate_1-(1.1, &apos;foo&apos;)-&lt;class &apos;ValueError&apos;&gt;]" time="0.0035943984985351562"><system-out>Error validating [t[0]=1.1]. TooBig: x &lt;= 1 does not hold for x=1.1. Wrong value: [1.1].
</system-out></testcase><testcase classname="valid8.tests.test_readme_examples.test_example3" file="valid8/tests/test_readme_examples/test_example3.py" line="272" name="test_example_3[inline_validate_1-(1.0, False)-&lt;class &apos;TypeError&apos;&gt;]" time="0.003503084182739258"><system-out>Error validating [t[1]=False]. HasWrongType: Value should be an instance of &lt;class &apos;str&apos;&gt;. Wrong value: [False].
</system-out></testcase><testcase classname="valid8.tests.test_readme_examples.test_example3" file="valid8/tests/test_readme_examples/test_example3.py" line="272" name="test_example_3[inline_validate_1-(0.5, &apos;a&apos;)-&lt;class &apos;ValueError&apos;&gt;]" time="0.0031633377075195312"><system-out>Error validating [t[1]=a]. WrongLength: len(x) == 3 does not hold for x=a. Wrong value: [a].
</system-out></testcase><testcase classname="valid8.tests.test_readme_examples.test_example3" file="valid8/tests/test_readme_examples/test_example3.py" line="272" name="test_example_3[inline_validate_1-(0.5, &apos;AAA&apos;)-&lt;class &apos;ValueError&apos;&gt;]" time="0.003137826919555664"><system-out>Error validating [t[1]=AAA]: validation function [islower] returned [False].
</system-out></testcase><testcase classname="valid8.tests.test_readme_examples.test_example3" file="valid8/tests/test_readme_examples/test_example3.py" line="272" name="test_example_3[inline_validation_custom_check_valid_tuple_pep_raiser-(0.2, &apos;foo&apos;)-True]" time="0.0074198246002197266"><system-out>calling function inline_validation_custom_raiser with custom func check_valid_tuple_pep
</system-out></testcase><testcase classname="valid8.tests.test_readme_examples.test_example3" file="valid8/tests/test_readme_examples/test_example3.py" line="272" name="test_example_3[inline_validation_custom_check_valid_tuple_pep_raiser-(1.0, &apos;abc&apos;)-True]" time="0.006934165954589844"><system-out>calling function inline_validation_custom_raiser with custom func check_valid_tuple_pep
</system-out></testcase><testcase classname="valid8.tests.test_readme_examples.test_example3" file="valid8/tests/test_readme_examples/test_example3.py" line="272" name="test_example_3[inline_validation_custom_check_valid_tuple_pep_raiser-(0, &apos;foo&apos;)-True]" time="0.007503986358642578"><system-out>calling function inline_validation_custom_raiser with custom func check_valid_tuple_pep
</system-out></testcase><testcase classname="valid8.tests.test_readme_examples.test_example3" file="valid8/tests/test_readme_examples/test_example3.py" line="272" name="test_example_3[inline_validation_custom_check_valid_tuple_pep_raiser-1.1-&lt;class &apos;TypeError&apos;&gt;]" time="0.0077724456787109375"><system-out>calling function inline_validation_custom_raiser with custom func check_valid_tuple_pep
[...]
Error validating field [t=1.1] for class [Foo]. Validation function [check_valid_tuple] raised TypeError: item should be a tuple.
</system-out></testcase><testcase classname="valid8.tests.test_readme_examples.test_example3" file="valid8/tests/test_readme_examples/test_example3.py" line="272" name="test_example_3[class_fields_custom_check_valid_tuple-(0.2, &apos;foo&apos;, True)-&lt;class &apos;ValueError&apos;&gt;]" time="0.002913236618041992"><system-out>calling function class_fields_custom with custom func check_valid_tuple
Error validating field [t=(0.2, &apos;foo&apos;, True)] for class [Foo]. Validation function [check_valid_tuple] raised ValueError: tuple length should be 2, found (0.2, &apos;foo&apos;, True).
</system-out></testcase><testcase classname="valid8.tests.test_readme_examples.test_example3" file="valid8/tests/test_readme_examples/test_example3.py" line="272" name="test_example_3[class_fields_custom_check_valid_tuple-(&apos;1.0&apos;, &apos;foo&apos;)-&lt;class &apos;TypeError&apos;&gt;]" time="0.005545616149902344"><system-out>calling function class_fields_custom with custom func check_valid_tuple
Error validating field [t=(&apos;1.0&apos;, &apos;foo&apos;)] for class [Foo]. Validation function [check_valid_tuple] raised TypeError: first elt should be a Real, found 1.0.
</system-out></testcase><testcase classname="valid8.tests.test_readme_examples.test_example3" file="valid8/tests/test_readme_examples/test_example3.py" line="272" name="test_example_3[class_fields_custom_check_valid_tuple-(1.1, &apos;foo&apos;)-&lt;class &apos;ValueError&apos;&gt;]" time="0.0052416324615478516"><system-out>calling function class_fields_custom with custom func check_valid_tuple
Error validating field [t=(1.1, &apos;foo&apos;)] for class [Foo]. Validation function [check_valid_tuple] raised ValueError: first elt should be between 0 and 1,found 1.1.
</system-out></testcase><testcase classname="valid8.tests.test_readme_examples.test_example3" file="valid8/tests/test_readme_examples/test_example3.py" line="272" name="test_example_3[class_fields_custom_check_valid_tuple-(1.0, False)-&lt;class &apos;TypeError&apos;&gt;]" time="0.004720926284790039"><system-out>calling function class_fields_custom with custom func check_valid_tuple
Error validating field [t=(1.0, False)] for class [Foo]. Validation function [check_valid_tuple] raised TypeError: second elt should be a string, found False.
</system-out></testcase><testcase classname="valid8.tests.test_readme_examples.test_example3" file="valid8/tests/test_readme_examples/test_example3.py" line="272" name="test_example_3[class_fields_custom_check_valid_tuple-(0.5, &apos;a&apos;)-&lt;class &apos;ValueError&apos;&gt;]" time="0.0060312747955322266"><system-out>calling function class_fields_custom with custom func check_valid_tuple
Error validating field [t=(0.5, &apos;a&apos;)] for class [Foo]. Validation function [check_valid_tuple] raised ValueError: second elt should be a lowercase string of length 3,found a.
</system-out></testcase><testcase classname="valid8.tests.test_readme_examples.test_example3" file="valid8/tests/test_readme_examples/test_example3.py" line="272" name="test_example_3[class_fields_custom_check_valid_tuple-(0.5, &apos;AAA&apos;)-&lt;class &apos;ValueError&apos;&gt;]" time="0.0053484439849853516"><system-out>calling function class_fields_custom with custom func check_valid_tuple
Error validating field [t=(0.5, &apos;AAA&apos;)] for class [Foo]. Validation function [check_valid_tuple] raised ValueError: second elt should be a lowercase string of length 3,found AAA.
</system-out></testcase><testcase classname="valid8.tests.test_readme_examples.test_example3" file="valid8/tests/test_readme_examples/test_example3.py" line="272" name="test_example_3[function_input_builtin_stdlib-(0.2, &apos;foo&apos;)-True]" time="0.005547761917114258"></testcase><testcase classname="valid8.tests.test_readme_examples.test_example3" file="valid8/tests/test_readme_examples/test_example3.py" line="272" name="test_example_3[function_input_builtin_stdlib-(1.0, &apos;abc&apos;)-True]" time="0.0030679702758789062"></testcase><testcase classname="valid8.tests.test_readme_examples.test_example3" file="valid8/tests/test_readme_examples/test_example3.py" line="272" name="test_example_3[function_input_builtin_stdlib-(0, &apos;foo&apos;)-True]" time="0.0046710968017578125"></testcase><testcase classname="valid8.tests.test_readme_examples.test_example3" file="valid8/tests/test_readme_examples/test_example3.py" line="272" name="test_example_3[function_input_builtin_stdlib-1.1-&lt;class &apos;TypeError&apos;&gt;]" time="0.00563359260559082"><system-out>Error validating input [t=1.1] for function [my_function]. Validation function [and(instance_of_&lt;class &apos;tuple&apos;&gt;, length_equals_2, map_&lt;(and(instance_of_&lt;class &apos;numbers.Real&apos;&gt;, between_0_and_1), and(instance_of_&lt;class &apos;str&apos;&gt;, length_equals_3, islower))&gt;_on_elts)] raised AtLeastOneFailed: At least one validation function failed validation for value [1.1]. Successes: [] / Failures: {&quot;instance_of_&lt;class &apos;tuple&apos;&gt;&quot;: &quot;HasWrongType: Value should be an instance of &lt;class &apos;tuple&apos;&gt;. Wrong value: [1.1]&quot;, &apos;length_equals_2&apos;: &quot;TypeError: object of type &apos;float&apos; has no len()&quot;, &quot;map_&lt;(and(instance_of_&lt;class &apos;numbers.Real&apos;&gt;, between_0_and_1), and(instance_of_&lt;class &apos;str&apos;&gt;, length_equals_3, islower))&gt;_on_elts&quot;: &quot;TypeError: object of type &apos;float&apos; has no len()&quot;}.
</system-out></testcase><testcase classname="valid8.tests.test_readme_examples.test_example3" file="valid8/tests/test_readme_examples/test_example3.py" line="272" name="test_example_3[function_input_builtin_stdlib-(0.2, &apos;foo&apos;, True)-&lt;class &apos;ValueError&apos;&gt;]" time="0.005615234375"><system-out>Error validating input [t=(0.2, &apos;foo&apos;, True)] for function [my_function]. Validation function [and(instance_of_&lt;class &apos;tuple&apos;&gt;, length_equals_2, map_&lt;(and(instance_of_&lt;class &apos;numbers.Real&apos;&gt;, between_0_and_1), and(instance_of_&lt;class &apos;str&apos;&gt;, length_equals_3, islower))&gt;_on_elts)] raised AtLeastOneFailed: At least one validation function failed validation for value [(0.2, &apos;foo&apos;, True)]. Successes: [&quot;instance_of_&lt;class &apos;tuple&apos;&gt;&quot;] / Failures: {&apos;length_equals_2&apos;: &quot;WrongLength: len(x) == 2 does not hold for x=(0.2, &apos;foo&apos;, True). Wrong value: [(0.2, &apos;foo&apos;, True)]&quot;, &quot;map_&lt;(and(instance_of_&lt;class &apos;numbers.Real&apos;&gt;, between_0_and_1), and(instance_of_&lt;class &apos;str&apos;&gt;, length_equals_3, islower))&gt;_on_elts&quot;: &apos;Failure: Wrong value: [on_each_: x does not have the same number of elements than validation_functions_collection.]&apos;}.
</system-out></testcase><testcase classname="valid8.tests.test_readme_examples.test_example3" file="valid8/tests/test_readme_examples/test_example3.py" line="272" name="test_example_3[function_input_builtin_stdlib-(&apos;1.0&apos;, &apos;foo&apos;)-&lt;class &apos;TypeError&apos;&gt;]" time="0.006175994873046875"><system-out>Error validating input [t=(&apos;1.0&apos;, &apos;foo&apos;)] for function [my_function]. Validation function [and(instance_of_&lt;class &apos;tuple&apos;&gt;, length_equals_2, map_&lt;(and(instance_of_&lt;class &apos;numbers.Real&apos;&gt;, between_0_and_1), and(instance_of_&lt;class &apos;str&apos;&gt;, length_equals_3, islower))&gt;_on_elts)] raised AtLeastOneFailed: At least one validation function failed validation. Successes: [&quot;instance_of_&lt;class &apos;tuple&apos;&gt;&quot;, &apos;length_equals_2&apos;] / Failures: {&quot;map_&lt;(and(instance_of_&lt;class &apos;numbers.Real&apos;&gt;, between_0_and_1), and(instance_of_&lt;class &apos;str&apos;&gt;, length_equals_3, islower))&gt;_on_elts&quot;: &apos;InvalidItemInSequence: Provided sequence contains one value that is invalid. Function [and(instance_of_&lt;class \&apos;numbers.Real\&apos;&gt;, between_0_and_1)] raised [AtLeastOneFailed: At least one validation function failed validation for value [1.0]. Successes: [] / Failures: {&quot;instance_of_&lt;class \&apos;numbers.Real\&apos;&gt;&quot;: &quot;HasWrongType: Value should be an instance of &lt;class \&apos;numbers.Real\&apos;&gt;. Wrong value: [1.0]&quot;, \&apos;between_0_and_1\&apos;: \&apos;TypeError: unorderable types: int() &lt;= str()\&apos;}].&apos;}.
</system-out></testcase><testcase classname="valid8.tests.test_readme_examples.test_example3" file="valid8/tests/test_readme_examples/test_example3.py" line="272" name="test_example_3[function_input_builtin_stdlib-(1.1, &apos;foo&apos;)-&lt;class &apos;ValueError&apos;&gt;]" time="0.0056858062744140625"><system-out>Error validating input [t=(1.1, &apos;foo&apos;)] for function [my_function]. Validation function [and(instance_of_&lt;class &apos;tuple&apos;&gt;, length_equals_2, map_&lt;(and(instance_of_&lt;class &apos;numbers.Real&apos;&gt;, between_0_and_1), and(instance_of_&lt;class &apos;str&apos;&gt;, length_equals_3, islower))&gt;_on_elts)] raised AtLeastOneFailed: At least one validation function failed validation. Successes: [&quot;instance_of_&lt;class &apos;tuple&apos;&gt;&quot;, &apos;length_equals_2&apos;] / Failures: {&quot;map_&lt;(and(instance_of_&lt;class &apos;numbers.Real&apos;&gt;, between_0_and_1), and(instance_of_&lt;class &apos;str&apos;&gt;, length_equals_3, islower))&gt;_on_elts&quot;: &apos;InvalidItemInSequence: Provided sequence contains one value that is invalid. Function [and(instance_of_&lt;class \&apos;numbers.Real\&apos;&gt;, between_0_and_1)] raised [AtLeastOneFailed: At least one validation function failed validation for value [1.1]. Successes: [&quot;instance_of_&lt;class \&apos;numbers.Real\&apos;&gt;&quot;] / Failures: {\&apos;between_0_and_1\&apos;: \&apos;NotInRange: 0 &lt;= x &lt;= 1 does not hold for x=1.1. Wrong value: [1.1]\&apos;}].&apos;}.
</system-out></testcase><testcase classname="valid8.tests.test_readme_examples.test_example3" file="valid8/tests/test_readme_examples/test_example3.py" line="272" name="test_example_3[function_input_builtin_stdlib-(1.0, False)-&lt;class &apos;TypeError&apos;&gt;]" time="0.0040607452392578125"><system-out>Error validating input [t=(1.0, False)] for function [my_function]. Validation function [and(instance_of_&lt;class &apos;tuple&apos;&gt;, length_equals_2, map_&lt;(and(instance_of_&lt;class &apos;numbers.Real&apos;&gt;, between_0_and_1), and(instance_of_&lt;class &apos;str&apos;&gt;, length_equals_3, islower))&gt;_on_elts)] raised AtLeastOneFailed: At least one validation function failed validation. Successes: [&quot;instance_of_&lt;class &apos;tuple&apos;&gt;&quot;, &apos;length_equals_2&apos;] / Failures: {&quot;map_&lt;(and(instance_of_&lt;class &apos;numbers.Real&apos;&gt;, between_0_and_1), and(instance_of_&lt;class &apos;str&apos;&gt;, length_equals_3, islower))&gt;_on_elts&quot;: &apos;InvalidItemInSequence: Provided sequence contains one value that is invalid. Function [and(instance_of_&lt;class \&apos;str\&apos;&gt;, length_equals_3, islower)] raised [AtLeastOneFailed: At least one validation function failed validation for value [False]. Successes: [] / Failures: {&quot;instance_of_&lt;class \&apos;str\&apos;&gt;&quot;: &quot;HasWrongType: Value should be an instance of &lt;class \&apos;str\&apos;&gt;. Wrong value: [False]&quot;, \&apos;length_equals_3\&apos;: &quot;TypeError: object of type \&apos;bool\&apos; has no len()&quot;, \&apos;islower\&apos;: &quot;TypeError: descriptor \&apos;islower\&apos; requires a \&apos;str\&apos; object but received a \&apos;bool\&apos;&quot;}].&apos;}.
</system-out></testcase><testcase classname="valid8.tests.test_readme_examples.test_example3" file="valid8/tests/test_readme_examples/test_example3.py" line="272" name="test_example_3[function_input_builtin_stdlib-(0.5, &apos;a&apos;)-&lt;class &apos;ValueError&apos;&gt;]" time="0.0064013004302978516"><system-out>Error validating input [t=(0.5, &apos;a&apos;)] for function [my_function]. Validation function [and(instance_of_&lt;class &apos;tuple&apos;&gt;, length_equals_2, map_&lt;(and(instance_of_&lt;class &apos;numbers.Real&apos;&gt;, between_0_and_1), and(instance_of_&lt;class &apos;str&apos;&gt;, length_equals_3, islower))&gt;_on_elts)] raised AtLeastOneFailed: At least one validation function failed validation. Successes: [&quot;instance_of_&lt;class &apos;tuple&apos;&gt;&quot;, &apos;length_equals_2&apos;] / Failures: {&quot;map_&lt;(and(instance_of_&lt;class &apos;numbers.Real&apos;&gt;, between_0_and_1), and(instance_of_&lt;class &apos;str&apos;&gt;, length_equals_3, islower))&gt;_on_elts&quot;: &apos;InvalidItemInSequence: Provided sequence contains one value that is invalid. Function [and(instance_of_&lt;class \&apos;str\&apos;&gt;, length_equals_3, islower)] raised [AtLeastOneFailed: At least one validation function failed validation for value [a]. Successes: [&quot;instance_of_&lt;class \&apos;str\&apos;&gt;&quot;, \&apos;islower\&apos;] / Failures: {\&apos;length_equals_3\&apos;: \&apos;WrongLength: len(x) == 3 does not hold for x=a. Wrong value: [a]\&apos;}].&apos;}.
</system-out></testcase><testcase classname="valid8.tests.test_readme_examples.test_example3" file="valid8/tests/test_readme_examples/test_example3.py" line="272" name="test_example_3[function_input_builtin_stdlib-(0.5, &apos;AAA&apos;)-&lt;class &apos;ValueError&apos;&gt;]" time="0.005548000335693359"><system-out>Error validating input [t=(0.5, &apos;AAA&apos;)] for function [my_function]. Validation function [and(instance_of_&lt;class &apos;tuple&apos;&gt;, length_equals_2, map_&lt;(and(instance_of_&lt;class &apos;numbers.Real&apos;&gt;, between_0_and_1), and(instance_of_&lt;class &apos;str&apos;&gt;, length_equals_3, islower))&gt;_on_elts)] raised AtLeastOneFailed: At least one validation function failed validation. Successes: [&quot;instance_of_&lt;class &apos;tuple&apos;&gt;&quot;, &apos;length_equals_2&apos;] / Failures: {&quot;map_&lt;(and(instance_of_&lt;class &apos;numbers.Real&apos;&gt;, between_0_and_1), and(instance_of_&lt;class &apos;str&apos;&gt;, length_equals_3, islower))&gt;_on_elts&quot;: &apos;InvalidItemInSequence: Provided sequence contains one value that is invalid. Function [and(instance_of_&lt;class \&apos;str\&apos;&gt;, length_equals_3, islower)] raised [AtLeastOneFailed: At least one validation function failed validation for value [AAA]. Successes: [&quot;instance_of_&lt;class \&apos;str\&apos;&gt;&quot;, \&apos;length_equals_3\&apos;] / Failures: {\&apos;islower\&apos;: \&apos;False\&apos;}].&apos;}.
</system-out></testcase><testcase classname="valid8.tests.test_validation_lib.test_validators_collections" file="valid8/tests/test_validation_lib/test_validators_collections.py" line="7" name="test_is_in" time="0.003167867660522461"></testcase><testcase classname="valid8.tests.test_validation_lib.test_validators_collections" file="valid8/tests/test_validation_lib/test_validators_collections.py" line="15" name="test_contains" time="0.0022656917572021484"></testcase><testcase classname="valid8.tests.test_validation_lib.test_validators_collections" file="valid8/tests/test_validation_lib/test_validators_collections.py" line="22" name="test_is_subset_is_superset" time="0.003000020980834961"></testcase><testcase classname="valid8.tests.test_validation_lib.test_validators_collections" file="valid8/tests/test_validation_lib/test_validators_collections.py" line="45" name="test_on_all" time="0.0019369125366210938"></testcase><testcase classname="valid8.tests.test_validation_lib.test_validators_collections" file="valid8/tests/test_validation_lib/test_validators_collections.py" line="54" name="test_on_each" time="0.002463817596435547"></testcase><testcase classname="valid8.tests.test_validation_lib.test_validators_collections" file="valid8/tests/test_validation_lib/test_validators_collections.py" line="63" name="test_haslen" time="0.002033233642578125"></testcase><testcase classname="valid8.tests.test_validation_lib.test_validators_collections" file="valid8/tests/test_validation_lib/test_validators_collections.py" line="70" name="test_minlen" time="0.002269744873046875"></testcase><testcase classname="valid8.tests.test_validation_lib.test_validators_collections" file="valid8/tests/test_validation_lib/test_validators_collections.py" line="77" name="test_minlens" time="0.002154111862182617"></testcase><testcase classname="valid8.tests.test_validation_lib.test_validators_collections" file="valid8/tests/test_validation_lib/test_validators_collections.py" line="84" name="test_maxlen" time="0.00217437744140625"></testcase><testcase classname="valid8.tests.test_validation_lib.test_validators_collections" file="valid8/tests/test_validation_lib/test_validators_collections.py" line="91" name="test_maxlens" time="0.0018155574798583984"></testcase><testcase classname="valid8.tests.test_validation_lib.test_validators_collections" file="valid8/tests/test_validation_lib/test_validators_collections.py" line="98" name="test_length_between" time="0.00237274169921875"></testcase><testcase classname="valid8.tests.test_validation_lib.test_validators_collections" file="valid8/tests/test_validation_lib/test_validators_collections.py" line="110" name="test_numpy_nan_like_lengths" time="0.0020394325256347656"></testcase><testcase classname="valid8.tests.test_validation_lib.test_validators_comparables" file="valid8/tests/test_validation_lib/test_validators_comparables.py" line="5" name="test_gt" time="0.001867055892944336"></testcase><testcase classname="valid8.tests.test_validation_lib.test_validators_comparables" file="valid8/tests/test_validation_lib/test_validators_comparables.py" line="12" name="test_gts" time="0.002196788787841797"></testcase><testcase classname="valid8.tests.test_validation_lib.test_validators_comparables" file="valid8/tests/test_validation_lib/test_validators_comparables.py" line="19" name="test_lt" time="0.0013916492462158203"></testcase><testcase classname="valid8.tests.test_validation_lib.test_validators_comparables" file="valid8/tests/test_validation_lib/test_validators_comparables.py" line="26" name="test_lts" time="0.00223541259765625"></testcase><testcase classname="valid8.tests.test_validation_lib.test_validators_comparables" file="valid8/tests/test_validation_lib/test_validators_comparables.py" line="33" name="test_between" time="0.0018925666809082031"></testcase><testcase classname="valid8.tests.test_validation_lib.test_validators_comparables" file="valid8/tests/test_validation_lib/test_validators_comparables.py" line="45" name="test_numpy_nan" time="0.0019805431365966797"></testcase><testcase classname="valid8.tests.test_validation_lib.test_validators_numbers" file="valid8/tests/test_validation_lib/test_validators_numbers.py" line="5" name="test_is_even" time="0.0017650127410888672"></testcase><testcase classname="valid8.tests.test_validation_lib.test_validators_numbers" file="valid8/tests/test_validation_lib/test_validators_numbers.py" line="11" name="test_is_odd" time="0.0016932487487792969"></testcase><testcase classname="valid8.tests.test_validation_lib.test_validators_numbers" file="valid8/tests/test_validation_lib/test_validators_numbers.py" line="17" name="test_is_multiple_of" time="0.001983642578125"></testcase><testcase classname="valid8.tests.test_validation_lib.test_validators_types" file="valid8/tests/test_validation_lib/test_validators_types.py" line="5" name="test_instance_of" time="0.0026471614837646484"></testcase><testcase classname="valid8.tests.test_validation_lib.test_validators_types" file="valid8/tests/test_validation_lib/test_validators_types.py" line="31" name="test_subclass_of" time="0.0021517276763916016"></testcase></testsuite>