<?xml version="1.0" encoding="utf-8"?><testsuite errors="0" failures="1" name="pytest" skips="0" tests="423" time="6.387"><testcase classname="valid8.tests.test_composition" file="valid8/tests/test_composition.py" line="6" name="test_empty_validators_list" time="0.002475738525390625"></testcase><testcase classname="valid8.tests.test_composition" file="valid8/tests/test_composition.py" line="13" name="test_list_implicit_and" time="0.0018758773803710938"></testcase><testcase classname="valid8.tests.test_composition" file="valid8/tests/test_composition.py" line="22" name="test_not_not_all" time="0.003823995590209961"></testcase><testcase classname="valid8.tests.test_composition" file="valid8/tests/test_composition.py" line="56" name="test_validate_or" time="0.002063751220703125"></testcase><testcase classname="valid8.tests.test_composition" file="valid8/tests/test_composition.py" line="82" name="test_validate_xor" time="0.0018687248229980469"></testcase><testcase classname="valid8.tests.test_composition" file="valid8/tests/test_composition.py" line="106" name="test_validate_and" time="0.002404451370239258"></testcase><testcase classname="valid8.tests.test_entry_points" file="valid8/tests/test_entry_points.py" line="3" name="test_validate_create_manually" time="0.002821683883666992"></testcase><testcase classname="valid8.tests.test_entry_points_annotations" file="valid8/tests/test_entry_points_annotations.py" line="8" name="test_validate_field" time="0.003536701202392578"></testcase><testcase classname="valid8.tests.test_entry_points_annotations" file="valid8/tests/test_entry_points_annotations.py" line="53" name="test_validate_field_property" time="0.002573251724243164"></testcase><testcase classname="valid8.tests.test_entry_points_annotations" file="valid8/tests/test_entry_points_annotations.py" line="103" name="test_validate_field_custom_type" time="0.003443002700805664"></testcase><testcase classname="valid8.tests.test_entry_points_annotations" file="valid8/tests/test_entry_points_annotations.py" line="142" name="test_validate_attr" time="0.0031375885009765625"></testcase><testcase classname="valid8.tests.test_entry_points_annotations" file="valid8/tests/test_entry_points_annotations.py" line="154" name="test_validate_arg_nominal_builtin_validators" time="0.0044023990631103516"><system-out>hello
hello
</system-out></testcase><testcase classname="valid8.tests.test_entry_points_annotations" file="valid8/tests/test_entry_points_annotations.py" line="184" name="test_validate_out" time="0.0035495758056640625"></testcase><testcase classname="valid8.tests.test_entry_points_annotations" file="valid8/tests/test_entry_points_annotations.py" line="201" name="test_validate_nominal_builtin_validators" time="0.0048944950103759766"><system-out>hello
hello
</system-out></testcase><testcase classname="valid8.tests.test_entry_points_annotations" file="valid8/tests/test_entry_points_annotations.py" line="231" name="test_validate_custom_validators_basic" time="0.004754781723022461"><system-out>hello
</system-out></testcase><testcase classname="valid8.tests.test_entry_points_annotations" file="valid8/tests/test_entry_points_annotations.py" line="279" name="test_validate_custom_validators_with_exception" time="0.004582881927490234"><system-out>hello
1
2
3
</system-out></testcase><testcase classname="valid8.tests.test_entry_points_annotations" file="valid8/tests/test_entry_points_annotations.py" line="332" name="test_validate_mini_lambda" time="0.0031137466430664062"><system-out>Hello, john your age is 20
</system-out></testcase><testcase classname="valid8.tests.test_entry_points_annotations" file="valid8/tests/test_entry_points_annotations.py" line="345" name="test_validate_none_enforce" time="0.006209850311279297"><system-out>hello
</system-out></testcase><testcase classname="valid8.tests.test_entry_points_annotations" file="valid8/tests/test_entry_points_annotations.py" line="366" name="test_validate_none_pytypes" time="0.012229681015014648"><system-out>hello
</system-out></testcase><testcase classname="valid8.tests.test_entry_points_annotations" file="valid8/tests/test_entry_points_annotations.py" line="387" name="test_validate_none_is_allowed" time="0.0025963783264160156"><system-out>hello
hello
</system-out></testcase><testcase classname="valid8.tests.test_entry_points_annotations" file="valid8/tests/test_entry_points_annotations.py" line="399" name="test_validate_name_error" time="0.0017516613006591797"></testcase><testcase classname="valid8.tests.test_entry_points_annotations" file="valid8/tests/test_entry_points_annotations.py" line="408" name="test_decorate_manually" time="0.0025093555450439453"></testcase><testcase classname="valid8.tests.test_entry_points_annotations" file="valid8/tests/test_entry_points_annotations.py" line="420" name="test_validate_tracebacks" time="0.0026922225952148438"></testcase><testcase classname="valid8.tests.test_entry_points_inline" file="valid8/tests/test_entry_points_inline.py" line="4" name="test_validate_" time="0.0025255680084228516"></testcase><testcase classname="valid8.tests.test_entry_points_inline" file="valid8/tests/test_entry_points_inline.py" line="30" name="test_readme_usage_validate__customization" time="0.0024547576904296875"></testcase><testcase classname="valid8.tests.test_entry_points_inline" file="valid8/tests/test_entry_points_inline.py" line="68" name="test_wrap_valid" time="0.008297204971313477"><failure message="assert &apos;Error valida...ex() &gt; int().&apos; == &quot;Error validat...x&apos; and &apos;int&apos;.&quot;
  - Error validating [surface=1j]. Validation function [v.alid = surf &gt; 0 and isfinite(surf)] raised TypeError: unorderable types: complex() &gt; int().
  ?                                                                                                             ^     ^ ^^^^^^^  ^^       ^^^^^   ^^
  + Error validating [surface=1j]. Validation function [v.alid = surf &gt; 0 and isfinite(surf)] raised TypeError: &apos;&gt;&apos; not supported between instances of &apos;complex&apos; and &apos;int&apos;.
  ?                                                                                                             ^^^^  +++++++ ++ ++ ^^^^^^^^^^ ^^  ^^^^^       ^^^^^^^   ^">def test_wrap_valid():
        &quot;&quot;&quot; Tests the validation context manager &quot;&quot;&quot;
    
        from valid8 import wrap_valid
        from math import isfinite
    
        # nominal
        surf = 2
        with wrap_valid(&apos;surface&apos;, surf) as v:
            v.alid = surf &gt; 0 and isfinite(surf)
    
        # wrong value (no inner exception)
        surf = -1
        with pytest.raises(ValidationError) as exc_info:
            with wrap_valid(&apos;surface&apos;, surf) as v:
                v.alid = surf &gt; 0 and isfinite(surf)
        e = exc_info.value
        assert str(e) == &quot;Error validating [surface=-1]: &quot; \
                         &quot;validation function [v.alid = surf &gt; 0 and isfinite(surf)] returned [False].&quot;
    
        # wrong type (inner exception)
        with pytest.raises(ValidationError) as exc_info:
            surf = 1j
            with wrap_valid(&apos;surface&apos;, surf) as v:
                v.alid = surf &gt; 0 and isfinite(surf)
        e = exc_info.value
&gt;       assert str(e) == &quot;Error validating [surface=1j]. &quot; \
                         &quot;Validation function [v.alid = surf &gt; 0 and isfinite(surf)] raised &quot; \
                         &quot;TypeError: &apos;&gt;&apos; not supported between instances of &apos;complex&apos; and &apos;int&apos;.&quot;
E       assert &apos;Error valida...ex() &gt; int().&apos; == &quot;Error validat...x&apos; and &apos;int&apos;.&quot;
E         - Error validating [surface=1j]. Validation function [v.alid = surf &gt; 0 and isfinite(surf)] raised TypeError: unorderable types: complex() &gt; int().
E         ?                                                                                                             ^     ^ ^^^^^^^  ^^       ^^^^^   ^^
E         + Error validating [surface=1j]. Validation function [v.alid = surf &gt; 0 and isfinite(surf)] raised TypeError: &apos;&gt;&apos; not supported between instances of &apos;complex&apos; and &apos;int&apos;.
E         ?                                                                                                             ^^^^  +++++++ ++ ++ ^^^^^^^^^^ ^^  ^^^^^       ^^^^^^^   ^

valid8/tests/test_entry_points_inline.py:95: AssertionError</failure></testcase><testcase classname="valid8.tests.test_entry_points_inline" file="valid8/tests/test_entry_points_inline.py" line="99" name="test_readme_usage_wrap_valid_customization" time="0.005877017974853516"></testcase><testcase classname="valid8.tests.test_entry_points_inline" file="valid8/tests/test_entry_points_inline.py" line="139" name="test_validate_tracebacks" time="0.002179861068725586"></testcase><testcase classname="valid8.tests.test_entry_points_inline" file="valid8/tests/test_entry_points_inline.py" line="160" name="test_typos_in_kwargs" time="0.0017800331115722656"></testcase><testcase classname="valid8.tests.test_entry_points_inline" file="valid8/tests/test_entry_points_inline.py" line="169" name="test_validate_auto_disable_display" time="0.002902984619140625"></testcase><testcase classname="valid8.tests.test_entry_points_inline" file="valid8/tests/test_entry_points_inline.py" line="189" name="test_numpy_nan" time="0.002310514450073242"></testcase><testcase classname="valid8.tests.test_entry_points_inline" file="valid8/tests/test_entry_points_inline.py" line="199" name="test_numpy_nan_like_lengths" time="0.0018079280853271484"></testcase><testcase classname="valid8.tests.test_packaging" file="valid8/tests/test_packaging.py" line="1" name="test_named_import" time="0.0017757415771484375"></testcase><testcase classname="valid8.tests.test_packaging" file="valid8/tests/test_packaging.py" line="6" name="test_import_from" time="0.0013632774353027344"></testcase><testcase classname="valid8.tests.test_packaging_wild" file="valid8/tests/test_packaging_wild.py" line="3" name="test_wild_import" time="0.0015995502471923828"></testcase><testcase classname="valid8.tests.test_readme_combining" file="valid8/tests/test_readme_combining.py" line="7" name="test_readme_index_combining_enforce" time="0.009473323822021484"><system-out>Building house... DONE !
Building house... DONE !
</system-out></testcase><testcase classname="valid8.tests.test_readme_combining" file="valid8/tests/test_readme_combining.py" line="50" name="test_readme_index_combining_autoclass" time="0.015061616897583008"></testcase><testcase classname="valid8.tests.test_readme_combining" file="valid8/tests/test_readme_combining.py" line="82" name="test_readme_index_combining_autoclass_2" time="0.006918430328369141"></testcase><testcase classname="valid8.tests.test_readme_combining" file="valid8/tests/test_readme_combining.py" line="113" name="test_readme_index_combining_attrs" time="0.005402565002441406"></testcase><testcase classname="valid8.tests.test_readme_combining" file="valid8/tests/test_readme_combining.py" line="145" name="test_unused_pytypes" time="0.013929605484008789"><system-out>you did it !
you did it !
</system-out></testcase><testcase classname="valid8.tests.test_readme_examples" file="valid8/tests/test_readme_examples.py" line="7" name="test_readme_examples_4" time="0.0063991546630859375"></testcase><testcase classname="valid8.tests.test_readme_index" file="valid8/tests/test_readme_index.py" line="9" name="test_readme_index_usage_quick" time="0.0023462772369384766"></testcase><testcase classname="valid8.tests.test_readme_index" file="valid8/tests/test_readme_index.py" line="23" name="test_readme_usage_wrap_valid" time="0.007551670074462891"></testcase><testcase classname="valid8.tests.test_readme_index" file="valid8/tests/test_readme_index.py" line="77" name="test_readme_usage_customization" time="0.005094289779663086"></testcase><testcase classname="valid8.tests.test_readme_index" file="valid8/tests/test_readme_index.py" line="141" name="test_readme_index_usage_basic" time="0.002281665802001953"></testcase><testcase classname="valid8.tests.test_readme_index" file="valid8/tests/test_readme_index.py" line="165" name="test_readme_index_usage_function" time="0.005458354949951172"><system-out>Building house... DONE !
Building house... DONE !
Building house... DONE !
</system-out></testcase><testcase classname="valid8.tests.test_readme_index" file="valid8/tests/test_readme_index.py" line="210" name="test_readme_index_usage_class_fields" time="0.003495931625366211"></testcase><testcase classname="valid8.tests.test_readme_index" file="valid8/tests/test_readme_index.py" line="244" name="test_testing" time="0.0014767646789550781"></testcase><testcase classname="valid8.tests.test_readme_index" file="valid8/tests/test_readme_index.py" line="259" name="test_advanced_composition" time="0.0016050338745117188"></testcase><testcase classname="valid8.tests.test_readme_index" file="valid8/tests/test_readme_index.py" line="278" name="test_readme_index_usage_customization" time="0.00480198860168457"></testcase><testcase classname="valid8.tests.test_readme_index" file="valid8/tests/test_readme_index.py" line="337" name="test_readme_index_usage_composition" time="0.0046520233154296875"></testcase><testcase classname="valid8.tests.test_readme_usage" file="valid8/tests/test_readme_usage.py" line="8" name="test_tutorial" time="0.003674030303955078"></testcase><testcase classname="valid8.tests.test_readme_usage" file="valid8/tests/test_readme_usage.py" line="68" name="test_usage_base_validation_functions" time="0.0018794536590576172"></testcase><testcase classname="valid8.tests.test_readme_usage" file="valid8/tests/test_readme_usage.py" line="74" name="test_usage_ensure_valid" time="0.0035490989685058594"></testcase><testcase classname="valid8.tests.test_readme_usage" file="valid8/tests/test_readme_usage.py" line="124" name="test_usage_is_valid" time="0.0027785301208496094"></testcase><testcase classname="valid8.tests.test_readme_usage" file="valid8/tests/test_readme_usage.py" line="164" name="test_usage_validators" time="0.005518913269042969"></testcase><testcase classname="valid8.tests.test_readme_usage" file="valid8/tests/test_readme_usage.py" line="321" name="test_usage_validate_annotation" time="0.0034236907958984375"></testcase><testcase classname="valid8.tests.test_readme_usage" file="valid8/tests/test_readme_usage.py" line="338" name="test_usage_custom_validators" time="0.004728555679321289"></testcase><testcase classname="valid8.tests.test_readme_examples.test_example1" file="valid8/tests/test_readme_examples/test_example1.py" line="133" name="test_example_1[class_field_mini_lambda-0-True]" time="0.0045397281646728516"></testcase><testcase classname="valid8.tests.test_readme_examples.test_example1" file="valid8/tests/test_readme_examples/test_example1.py" line="133" name="test_example_1[class_field_mini_lambda-100-True]" time="0.0038182735443115234"></testcase><testcase classname="valid8.tests.test_readme_examples.test_example1" file="valid8/tests/test_readme_examples/test_example1.py" line="133" name="test_example_1[class_field_mini_lambda-foo-TypeError]" time="0.004479646682739258"><system-out>Error validating field [x=foo] for class [Foo]. Validation function [and(instance_of_&lt;class &apos;numbers.Integral&apos;&gt;, x &gt;= 0)] raised AtLeastOneFailed: At least one validation function failed validation for value [foo]. Successes: [] / Failures: {&quot;instance_of_&lt;class &apos;numbers.Integral&apos;&gt;&quot;: &quot;HasWrongType: Value should be an instance of &lt;class &apos;numbers.Integral&apos;&gt;. Wrong value: [foo]&quot;, &apos;x &gt;= 0&apos;: &apos;TypeError: unorderable types: str() &gt;= int()&apos;}.
</system-out></testcase><testcase classname="valid8.tests.test_readme_examples.test_example1" file="valid8/tests/test_readme_examples/test_example1.py" line="133" name="test_example_1[class_field_mini_lambda-1.0-TypeError]" time="0.0043790340423583984"><system-out>Error validating field [x=1.0] for class [Foo]. Validation function [and(instance_of_&lt;class &apos;numbers.Integral&apos;&gt;, x &gt;= 0)] raised AtLeastOneFailed: At least one validation function failed validation for value [1.0]. Successes: [&apos;x &gt;= 0&apos;] / Failures: {&quot;instance_of_&lt;class &apos;numbers.Integral&apos;&gt;&quot;: &quot;HasWrongType: Value should be an instance of &lt;class &apos;numbers.Integral&apos;&gt;. Wrong value: [1.0]&quot;}.
</system-out></testcase><testcase classname="valid8.tests.test_readme_examples.test_example1" file="valid8/tests/test_readme_examples/test_example1.py" line="133" name="test_example_1[class_field_mini_lambda--1-ValueError]" time="0.004278659820556641"><system-out>Error validating field [x=-1] for class [Foo]. Validation function [and(instance_of_&lt;class &apos;numbers.Integral&apos;&gt;, x &gt;= 0)] raised AtLeastOneFailed: At least one validation function failed validation for value [-1]. Successes: [&quot;instance_of_&lt;class &apos;numbers.Integral&apos;&gt;&quot;] / Failures: {&apos;x &gt;= 0&apos;: &apos;False&apos;}.
</system-out></testcase><testcase classname="valid8.tests.test_readme_examples.test_example1" file="valid8/tests/test_readme_examples/test_example1.py" line="133" name="test_example_1[with_validator-0-True]" time="0.0038709640502929688"></testcase><testcase classname="valid8.tests.test_readme_examples.test_example1" file="valid8/tests/test_readme_examples/test_example1.py" line="133" name="test_example_1[with_validator-100-True]" time="0.0037119388580322266"></testcase><testcase classname="valid8.tests.test_readme_examples.test_example1" file="valid8/tests/test_readme_examples/test_example1.py" line="133" name="test_example_1[with_validator-foo-TypeError]" time="0.004541158676147461"><system-out>Error validating [x=foo]. HasWrongType: Value should be an instance of &lt;class &apos;numbers.Integral&apos;&gt;. Wrong value: [foo].
</system-out></testcase><testcase classname="valid8.tests.test_readme_examples.test_example1" file="valid8/tests/test_readme_examples/test_example1.py" line="133" name="test_example_1[with_validator-1.0-TypeError]" time="0.0031232833862304688"><system-out>Error validating [x=1.0]. HasWrongType: Value should be an instance of &lt;class &apos;numbers.Integral&apos;&gt;. Wrong value: [1.0].
</system-out></testcase><testcase classname="valid8.tests.test_readme_examples.test_example1" file="valid8/tests/test_readme_examples/test_example1.py" line="133" name="test_example_1[with_validator--1-ValueError]" time="0.0052378177642822266"><system-out>Error validating [x=-1]: validation function [v.alid = x &gt;= 0] returned [False].
</system-out></testcase><testcase classname="valid8.tests.test_readme_examples.test_example1" file="valid8/tests/test_readme_examples/test_example1.py" line="133" name="test_example_1[function_input_mini_lambda-0-True]" time="0.0036840438842773438"></testcase><testcase classname="valid8.tests.test_readme_examples.test_example1" file="valid8/tests/test_readme_examples/test_example1.py" line="133" name="test_example_1[function_input_mini_lambda-100-True]" time="0.0059070587158203125"></testcase><testcase classname="valid8.tests.test_readme_examples.test_example1" file="valid8/tests/test_readme_examples/test_example1.py" line="133" name="test_example_1[function_input_mini_lambda-foo-TypeError]" time="0.004420757293701172"><system-out>Error validating input [x=foo] for function [my_function]. Validation function [and(instance_of_&lt;class &apos;numbers.Integral&apos;&gt;, x &gt;= 0)] raised AtLeastOneFailed: At least one validation function failed validation for value [foo]. Successes: [] / Failures: {&quot;instance_of_&lt;class &apos;numbers.Integral&apos;&gt;&quot;: &quot;HasWrongType: Value should be an instance of &lt;class &apos;numbers.Integral&apos;&gt;. Wrong value: [foo]&quot;, &apos;x &gt;= 0&apos;: &apos;TypeError: unorderable types: str() &gt;= int()&apos;}.
</system-out></testcase><testcase classname="valid8.tests.test_readme_examples.test_example1" file="valid8/tests/test_readme_examples/test_example1.py" line="133" name="test_example_1[function_input_mini_lambda-1.0-TypeError]" time="0.004402637481689453"><system-out>Error validating input [x=1.0] for function [my_function]. Validation function [and(instance_of_&lt;class &apos;numbers.Integral&apos;&gt;, x &gt;= 0)] raised AtLeastOneFailed: At least one validation function failed validation for value [1.0]. Successes: [&apos;x &gt;= 0&apos;] / Failures: {&quot;instance_of_&lt;class &apos;numbers.Integral&apos;&gt;&quot;: &quot;HasWrongType: Value should be an instance of &lt;class &apos;numbers.Integral&apos;&gt;. Wrong value: [1.0]&quot;}.
</system-out></testcase><testcase classname="valid8.tests.test_readme_examples.test_example1" file="valid8/tests/test_readme_examples/test_example1.py" line="133" name="test_example_1[function_input_mini_lambda--1-ValueError]" time="0.004274129867553711"><system-out>Error validating input [x=-1] for function [my_function]. Validation function [and(instance_of_&lt;class &apos;numbers.Integral&apos;&gt;, x &gt;= 0)] raised AtLeastOneFailed: At least one validation function failed validation for value [-1]. Successes: [&quot;instance_of_&lt;class &apos;numbers.Integral&apos;&gt;&quot;] / Failures: {&apos;x &gt;= 0&apos;: &apos;False&apos;}.
</system-out></testcase><testcase classname="valid8.tests.test_readme_examples.test_example1" file="valid8/tests/test_readme_examples/test_example1.py" line="133" name="test_example_1[function_io_builtin-0-True]" time="0.03201556205749512"></testcase><testcase classname="valid8.tests.test_readme_examples.test_example1" file="valid8/tests/test_readme_examples/test_example1.py" line="133" name="test_example_1[function_io_builtin-100-True]" time="0.0032644271850585938"></testcase><testcase classname="valid8.tests.test_readme_examples.test_example1" file="valid8/tests/test_readme_examples/test_example1.py" line="133" name="test_example_1[function_io_builtin-foo-TypeError]" time="0.0041468143463134766"><system-out>Error validating input [x=foo] for function [my_function3]. Validation function [and(instance_of_&lt;class &apos;numbers.Integral&apos;&gt;, greater_than_0)] raised AtLeastOneFailed: At least one validation function failed validation for value [foo]. Successes: [] / Failures: {&quot;instance_of_&lt;class &apos;numbers.Integral&apos;&gt;&quot;: &quot;HasWrongType: Value should be an instance of &lt;class &apos;numbers.Integral&apos;&gt;. Wrong value: [foo]&quot;, &apos;greater_than_0&apos;: &apos;TypeError: unorderable types: str() &gt;= int()&apos;}.
</system-out></testcase><testcase classname="valid8.tests.test_readme_examples.test_example1" file="valid8/tests/test_readme_examples/test_example1.py" line="133" name="test_example_1[function_io_builtin-1.0-TypeError]" time="0.00498509407043457"><system-out>Error validating input [x=1.0] for function [my_function3]. Validation function [and(instance_of_&lt;class &apos;numbers.Integral&apos;&gt;, greater_than_0)] raised AtLeastOneFailed: At least one validation function failed validation for value [1.0]. Successes: [&apos;greater_than_0&apos;] / Failures: {&quot;instance_of_&lt;class &apos;numbers.Integral&apos;&gt;&quot;: &quot;HasWrongType: Value should be an instance of &lt;class &apos;numbers.Integral&apos;&gt;. Wrong value: [1.0]&quot;}.
</system-out></testcase><testcase classname="valid8.tests.test_readme_examples.test_example1" file="valid8/tests/test_readme_examples/test_example1.py" line="133" name="test_example_1[function_io_builtin--1-ValueError]" time="0.003833770751953125"><system-out>Error validating input [x=-1] for function [my_function3]. Validation function [and(instance_of_&lt;class &apos;numbers.Integral&apos;&gt;, greater_than_0)] raised AtLeastOneFailed: At least one validation function failed validation for value [-1]. Successes: [&quot;instance_of_&lt;class &apos;numbers.Integral&apos;&gt;&quot;] / Failures: {&apos;greater_than_0&apos;: &apos;TooSmall: x &gt;= 0 does not hold for x=-1. Wrong value: [-1]&apos;}.
</system-out></testcase><testcase classname="valid8.tests.test_readme_examples.test_example1" file="valid8/tests/test_readme_examples/test_example1.py" line="133" name="test_example_1[pep484-0-True]" time="0.004953622817993164"></testcase><testcase classname="valid8.tests.test_readme_examples.test_example1" file="valid8/tests/test_readme_examples/test_example1.py" line="133" name="test_example_1[pep484-100-True]" time="0.004383087158203125"></testcase><testcase classname="valid8.tests.test_readme_examples.test_example1" file="valid8/tests/test_readme_examples/test_example1.py" line="133" name="test_example_1[pep484-foo-TypeError]" time="0.0048160552978515625"><system-out>
  test_example1.my_function
  called with incompatible types:
Expected: Tuple[Integral]
Received: Tuple[str]
</system-out></testcase><testcase classname="valid8.tests.test_readme_examples.test_example1" file="valid8/tests/test_readme_examples/test_example1.py" line="133" name="test_example_1[pep484-1.0-TypeError]" time="0.00589442253112793"><system-out>
  test_example1.my_function
  called with incompatible types:
Expected: Tuple[Integral]
Received: Tuple[float]
</system-out></testcase><testcase classname="valid8.tests.test_readme_examples.test_example1" file="valid8/tests/test_readme_examples/test_example1.py" line="133" name="test_example_1[pep484--1-ValueError]" time="0.0056607723236083984"><system-out>Error validating input [x=-1] for function [my_function]: validation function [x &gt;= 0] returned [False].
</system-out></testcase><testcase classname="valid8.tests.test_readme_examples.test_example1" file="valid8/tests/test_readme_examples/test_example1.py" line="133" name="test_example_1[function_output_builtin-0-True]" time="0.003123760223388672"></testcase><testcase classname="valid8.tests.test_readme_examples.test_example1" file="valid8/tests/test_readme_examples/test_example1.py" line="133" name="test_example_1[function_output_builtin-100-True]" time="0.0035810470581054688"></testcase><testcase classname="valid8.tests.test_readme_examples.test_example1" file="valid8/tests/test_readme_examples/test_example1.py" line="133" name="test_example_1[function_output_builtin-foo-TypeError]" time="0.0038361549377441406"><system-out>Error validating output of function [my_function2]. Validation function [and(instance_of_&lt;class &apos;numbers.Integral&apos;&gt;, greater_than_0)] raised AtLeastOneFailed: At least one validation function failed validation for value [foo]. Successes: [] / Failures: {&quot;instance_of_&lt;class &apos;numbers.Integral&apos;&gt;&quot;: &quot;HasWrongType: Value should be an instance of &lt;class &apos;numbers.Integral&apos;&gt;. Wrong value: [foo]&quot;, &apos;greater_than_0&apos;: &apos;TypeError: unorderable types: str() &gt;= int()&apos;}.
</system-out></testcase><testcase classname="valid8.tests.test_readme_examples.test_example1" file="valid8/tests/test_readme_examples/test_example1.py" line="133" name="test_example_1[function_output_builtin-1.0-TypeError]" time="0.004477262496948242"><system-out>Error validating output of function [my_function2]. Validation function [and(instance_of_&lt;class &apos;numbers.Integral&apos;&gt;, greater_than_0)] raised AtLeastOneFailed: At least one validation function failed validation for value [1.0]. Successes: [&apos;greater_than_0&apos;] / Failures: {&quot;instance_of_&lt;class &apos;numbers.Integral&apos;&gt;&quot;: &quot;HasWrongType: Value should be an instance of &lt;class &apos;numbers.Integral&apos;&gt;. Wrong value: [1.0]&quot;}.
</system-out></testcase><testcase classname="valid8.tests.test_readme_examples.test_example1" file="valid8/tests/test_readme_examples/test_example1.py" line="133" name="test_example_1[function_output_builtin--1-ValueError]" time="0.005519390106201172"><system-out>Error validating output of function [my_function2]. Validation function [and(instance_of_&lt;class &apos;numbers.Integral&apos;&gt;, greater_than_0)] raised AtLeastOneFailed: At least one validation function failed validation for value [-1]. Successes: [&quot;instance_of_&lt;class &apos;numbers.Integral&apos;&gt;&quot;] / Failures: {&apos;greater_than_0&apos;: &apos;TooSmall: x &gt;= 0 does not hold for x=-1. Wrong value: [-1]&apos;}.
</system-out></testcase><testcase classname="valid8.tests.test_readme_examples.test_example1" file="valid8/tests/test_readme_examples/test_example1.py" line="133" name="test_example_1[function_output_mini_lambda-0-True]" time="0.00489354133605957"></testcase><testcase classname="valid8.tests.test_readme_examples.test_example1" file="valid8/tests/test_readme_examples/test_example1.py" line="133" name="test_example_1[function_output_mini_lambda-100-True]" time="0.003409862518310547"></testcase><testcase classname="valid8.tests.test_readme_examples.test_example1" file="valid8/tests/test_readme_examples/test_example1.py" line="133" name="test_example_1[function_output_mini_lambda-foo-TypeError]" time="0.004930973052978516"><system-out>Error validating output of function [my_function2]. Validation function [and(instance_of_&lt;class &apos;numbers.Integral&apos;&gt;, x &gt;= 0)] raised AtLeastOneFailed: At least one validation function failed validation for value [foo]. Successes: [] / Failures: {&quot;instance_of_&lt;class &apos;numbers.Integral&apos;&gt;&quot;: &quot;HasWrongType: Value should be an instance of &lt;class &apos;numbers.Integral&apos;&gt;. Wrong value: [foo]&quot;, &apos;x &gt;= 0&apos;: &apos;TypeError: unorderable types: str() &gt;= int()&apos;}.
</system-out></testcase><testcase classname="valid8.tests.test_readme_examples.test_example1" file="valid8/tests/test_readme_examples/test_example1.py" line="133" name="test_example_1[function_output_mini_lambda-1.0-TypeError]" time="0.003878355026245117"><system-out>Error validating output of function [my_function2]. Validation function [and(instance_of_&lt;class &apos;numbers.Integral&apos;&gt;, x &gt;= 0)] raised AtLeastOneFailed: At least one validation function failed validation for value [1.0]. Successes: [&apos;x &gt;= 0&apos;] / Failures: {&quot;instance_of_&lt;class &apos;numbers.Integral&apos;&gt;&quot;: &quot;HasWrongType: Value should be an instance of &lt;class &apos;numbers.Integral&apos;&gt;. Wrong value: [1.0]&quot;}.
</system-out></testcase><testcase classname="valid8.tests.test_readme_examples.test_example1" file="valid8/tests/test_readme_examples/test_example1.py" line="133" name="test_example_1[function_output_mini_lambda--1-ValueError]" time="0.004542112350463867"><system-out>Error validating output of function [my_function2]. Validation function [and(instance_of_&lt;class &apos;numbers.Integral&apos;&gt;, x &gt;= 0)] raised AtLeastOneFailed: At least one validation function failed validation for value [-1]. Successes: [&quot;instance_of_&lt;class &apos;numbers.Integral&apos;&gt;&quot;] / Failures: {&apos;x &gt;= 0&apos;: &apos;False&apos;}.
</system-out></testcase><testcase classname="valid8.tests.test_readme_examples.test_example1" file="valid8/tests/test_readme_examples/test_example1.py" line="133" name="test_example_1[function_input_builtin-0-True]" time="0.00432133674621582"></testcase><testcase classname="valid8.tests.test_readme_examples.test_example1" file="valid8/tests/test_readme_examples/test_example1.py" line="133" name="test_example_1[function_input_builtin-100-True]" time="0.0036852359771728516"></testcase><testcase classname="valid8.tests.test_readme_examples.test_example1" file="valid8/tests/test_readme_examples/test_example1.py" line="133" name="test_example_1[function_input_builtin-foo-TypeError]" time="0.0042150020599365234"><system-out>Error validating input [x=foo] for function [my_function]. Validation function [and(instance_of_&lt;class &apos;numbers.Integral&apos;&gt;, greater_than_0)] raised AtLeastOneFailed: At least one validation function failed validation for value [foo]. Successes: [] / Failures: {&quot;instance_of_&lt;class &apos;numbers.Integral&apos;&gt;&quot;: &quot;HasWrongType: Value should be an instance of &lt;class &apos;numbers.Integral&apos;&gt;. Wrong value: [foo]&quot;, &apos;greater_than_0&apos;: &apos;TypeError: unorderable types: str() &gt;= int()&apos;}.
</system-out></testcase><testcase classname="valid8.tests.test_readme_examples.test_example1" file="valid8/tests/test_readme_examples/test_example1.py" line="133" name="test_example_1[function_input_builtin-1.0-TypeError]" time="0.003662109375"><system-out>Error validating input [x=1.0] for function [my_function]. Validation function [and(instance_of_&lt;class &apos;numbers.Integral&apos;&gt;, greater_than_0)] raised AtLeastOneFailed: At least one validation function failed validation for value [1.0]. Successes: [&apos;greater_than_0&apos;] / Failures: {&quot;instance_of_&lt;class &apos;numbers.Integral&apos;&gt;&quot;: &quot;HasWrongType: Value should be an instance of &lt;class &apos;numbers.Integral&apos;&gt;. Wrong value: [1.0]&quot;}.
</system-out></testcase><testcase classname="valid8.tests.test_readme_examples.test_example1" file="valid8/tests/test_readme_examples/test_example1.py" line="133" name="test_example_1[function_input_builtin--1-ValueError]" time="0.004310131072998047"><system-out>Error validating input [x=-1] for function [my_function]. Validation function [and(instance_of_&lt;class &apos;numbers.Integral&apos;&gt;, greater_than_0)] raised AtLeastOneFailed: At least one validation function failed validation for value [-1]. Successes: [&quot;instance_of_&lt;class &apos;numbers.Integral&apos;&gt;&quot;] / Failures: {&apos;greater_than_0&apos;: &apos;TooSmall: x &gt;= 0 does not hold for x=-1. Wrong value: [-1]&apos;}.
</system-out></testcase><testcase classname="valid8.tests.test_readme_examples.test_example1" file="valid8/tests/test_readme_examples/test_example1.py" line="133" name="test_example_1[class_field_builtin_stdlib-0-True]" time="0.003706216812133789"></testcase><testcase classname="valid8.tests.test_readme_examples.test_example1" file="valid8/tests/test_readme_examples/test_example1.py" line="133" name="test_example_1[class_field_builtin_stdlib-100-True]" time="0.003743410110473633"></testcase><testcase classname="valid8.tests.test_readme_examples.test_example1" file="valid8/tests/test_readme_examples/test_example1.py" line="133" name="test_example_1[class_field_builtin_stdlib-foo-TypeError]" time="0.004078865051269531"><system-out>Error validating field [x=foo] for class [Foo]. Validation function [and(instance_of_&lt;class &apos;numbers.Integral&apos;&gt;, greater_than_0)] raised AtLeastOneFailed: At least one validation function failed validation for value [foo]. Successes: [] / Failures: {&quot;instance_of_&lt;class &apos;numbers.Integral&apos;&gt;&quot;: &quot;HasWrongType: Value should be an instance of &lt;class &apos;numbers.Integral&apos;&gt;. Wrong value: [foo]&quot;, &apos;greater_than_0&apos;: &apos;TypeError: unorderable types: str() &gt;= int()&apos;}.
</system-out></testcase><testcase classname="valid8.tests.test_readme_examples.test_example1" file="valid8/tests/test_readme_examples/test_example1.py" line="133" name="test_example_1[class_field_builtin_stdlib-1.0-TypeError]" time="0.006478786468505859"><system-out>Error validating field [x=1.0] for class [Foo]. Validation function [and(instance_of_&lt;class &apos;numbers.Integral&apos;&gt;, greater_than_0)] raised AtLeastOneFailed: At least one validation function failed validation for value [1.0]. Successes: [&apos;greater_than_0&apos;] / Failures: {&quot;instance_of_&lt;class &apos;numbers.Integral&apos;&gt;&quot;: &quot;HasWrongType: Value should be an instance of &lt;class &apos;numbers.Integral&apos;&gt;. Wrong value: [1.0]&quot;}.
</system-out></testcase><testcase classname="valid8.tests.test_readme_examples.test_example1" file="valid8/tests/test_readme_examples/test_example1.py" line="133" name="test_example_1[class_field_builtin_stdlib--1-ValueError]" time="0.0065724849700927734"><system-out>Error validating field [x=-1] for class [Foo]. Validation function [and(instance_of_&lt;class &apos;numbers.Integral&apos;&gt;, greater_than_0)] raised AtLeastOneFailed: At least one validation function failed validation for value [-1]. Successes: [&quot;instance_of_&lt;class &apos;numbers.Integral&apos;&gt;&quot;] / Failures: {&apos;greater_than_0&apos;: &apos;TooSmall: x &gt;= 0 does not hold for x=-1. Wrong value: [-1]&apos;}.
</system-out></testcase><testcase classname="valid8.tests.test_readme_examples.test_example1" file="valid8/tests/test_readme_examples/test_example1.py" line="133" name="test_example_1[inline_validate-0-True]" time="0.003499746322631836"></testcase><testcase classname="valid8.tests.test_readme_examples.test_example1" file="valid8/tests/test_readme_examples/test_example1.py" line="133" name="test_example_1[inline_validate-100-True]" time="0.0025336742401123047"></testcase><testcase classname="valid8.tests.test_readme_examples.test_example1" file="valid8/tests/test_readme_examples/test_example1.py" line="133" name="test_example_1[inline_validate-foo-TypeError]" time="0.0028421878814697266"><system-out>Error validating [x=foo]. HasWrongType: Value should be an instance of &lt;class &apos;numbers.Integral&apos;&gt;. Wrong value: [foo].
</system-out></testcase><testcase classname="valid8.tests.test_readme_examples.test_example1" file="valid8/tests/test_readme_examples/test_example1.py" line="133" name="test_example_1[inline_validate-1.0-TypeError]" time="0.004210710525512695"><system-out>Error validating [x=1.0]. HasWrongType: Value should be an instance of &lt;class &apos;numbers.Integral&apos;&gt;. Wrong value: [1.0].
</system-out></testcase><testcase classname="valid8.tests.test_readme_examples.test_example1" file="valid8/tests/test_readme_examples/test_example1.py" line="133" name="test_example_1[inline_validate--1-ValueError]" time="0.004202842712402344"><system-out>Error validating [x=-1]. TooSmall: x &gt;= 0 does not hold for x=-1. Wrong value: [-1].
</system-out></testcase><testcase classname="valid8.tests.test_readme_examples.test_example1" file="valid8/tests/test_readme_examples/test_example1.py" line="133" name="test_example_1[function_io_mini_lambda-0-True]" time="0.003440380096435547"></testcase><testcase classname="valid8.tests.test_readme_examples.test_example1" file="valid8/tests/test_readme_examples/test_example1.py" line="133" name="test_example_1[function_io_mini_lambda-100-True]" time="0.003798961639404297"></testcase><testcase classname="valid8.tests.test_readme_examples.test_example1" file="valid8/tests/test_readme_examples/test_example1.py" line="133" name="test_example_1[function_io_mini_lambda-foo-TypeError]" time="0.004442453384399414"><system-out>Error validating input [x=foo] for function [my_function3]. Validation function [and(instance_of_&lt;class &apos;numbers.Integral&apos;&gt;, x &gt;= 0)] raised AtLeastOneFailed: At least one validation function failed validation for value [foo]. Successes: [] / Failures: {&quot;instance_of_&lt;class &apos;numbers.Integral&apos;&gt;&quot;: &quot;HasWrongType: Value should be an instance of &lt;class &apos;numbers.Integral&apos;&gt;. Wrong value: [foo]&quot;, &apos;x &gt;= 0&apos;: &apos;TypeError: unorderable types: str() &gt;= int()&apos;}.
</system-out></testcase><testcase classname="valid8.tests.test_readme_examples.test_example1" file="valid8/tests/test_readme_examples/test_example1.py" line="133" name="test_example_1[function_io_mini_lambda-1.0-TypeError]" time="0.004450082778930664"><system-out>Error validating input [x=1.0] for function [my_function3]. Validation function [and(instance_of_&lt;class &apos;numbers.Integral&apos;&gt;, x &gt;= 0)] raised AtLeastOneFailed: At least one validation function failed validation for value [1.0]. Successes: [&apos;x &gt;= 0&apos;] / Failures: {&quot;instance_of_&lt;class &apos;numbers.Integral&apos;&gt;&quot;: &quot;HasWrongType: Value should be an instance of &lt;class &apos;numbers.Integral&apos;&gt;. Wrong value: [1.0]&quot;}.
</system-out></testcase><testcase classname="valid8.tests.test_readme_examples.test_example1" file="valid8/tests/test_readme_examples/test_example1.py" line="133" name="test_example_1[function_io_mini_lambda--1-ValueError]" time="0.003947257995605469"><system-out>Error validating input [x=-1] for function [my_function3]. Validation function [and(instance_of_&lt;class &apos;numbers.Integral&apos;&gt;, x &gt;= 0)] raised AtLeastOneFailed: At least one validation function failed validation for value [-1]. Successes: [&quot;instance_of_&lt;class &apos;numbers.Integral&apos;&gt;&quot;] / Failures: {&apos;x &gt;= 0&apos;: &apos;False&apos;}.
</system-out></testcase><testcase classname="valid8.tests.test_readme_examples.test_example2" file="valid8/tests/test_readme_examples/test_example2.py" line="105" name="test_example_2[function_input_builtin_stdlib-foo-True]" time="0.004256248474121094"></testcase><testcase classname="valid8.tests.test_readme_examples.test_example2" file="valid8/tests/test_readme_examples/test_example2.py" line="105" name="test_example_2[function_input_builtin_stdlib-foo_123-True]" time="0.003803730010986328"></testcase><testcase classname="valid8.tests.test_readme_examples.test_example2" file="valid8/tests/test_readme_examples/test_example2.py" line="105" name="test_example_2[function_input_builtin_stdlib-1.1-TypeError]" time="0.004261970520019531"><system-out>Error validating input [s=1.1] for function [my_function]. Validation function [and(instance_of_&lt;class &apos;str&apos;&gt;, length_greater_than_1, islower)] raised AtLeastOneFailed: At least one validation function failed validation for value [1.1]. Successes: [] / Failures: {&quot;instance_of_&lt;class &apos;str&apos;&gt;&quot;: &quot;HasWrongType: Value should be an instance of &lt;class &apos;str&apos;&gt;. Wrong value: [1.1]&quot;, &apos;length_greater_than_1&apos;: &quot;TypeError: object of type &apos;float&apos; has no len()&quot;, &apos;islower&apos;: &quot;TypeError: descriptor &apos;islower&apos; requires a &apos;str&apos; object but received a &apos;float&apos;&quot;}.
</system-out></testcase><testcase classname="valid8.tests.test_readme_examples.test_example2" file="valid8/tests/test_readme_examples/test_example2.py" line="105" name="test_example_2[function_input_builtin_stdlib--ValueError]" time="0.004317045211791992"><system-out>Error validating input [s=&apos;&apos;] for function [my_function]. Validation function [and(instance_of_&lt;class &apos;str&apos;&gt;, length_greater_than_1, islower)] raised AtLeastOneFailed: At least one validation function failed validation for value []. Successes: [&quot;instance_of_&lt;class &apos;str&apos;&gt;&quot;] / Failures: {&apos;length_greater_than_1&apos;: &apos;TooShort: len(x) &gt;= 1 does not hold for x=. Wrong value: []&apos;, &apos;islower&apos;: &apos;False&apos;}.
</system-out></testcase><testcase classname="valid8.tests.test_readme_examples.test_example2" file="valid8/tests/test_readme_examples/test_example2.py" line="105" name="test_example_2[function_input_builtin_stdlib-fOO-ValueError]" time="0.005265712738037109"><system-out>Error validating input [s=fOO] for function [my_function]. Validation function [and(instance_of_&lt;class &apos;str&apos;&gt;, length_greater_than_1, islower)] raised AtLeastOneFailed: At least one validation function failed validation for value [fOO]. Successes: [&quot;instance_of_&lt;class &apos;str&apos;&gt;&quot;, &apos;length_greater_than_1&apos;] / Failures: {&apos;islower&apos;: &apos;False&apos;}.
</system-out></testcase><testcase classname="valid8.tests.test_readme_examples.test_example2" file="valid8/tests/test_readme_examples/test_example2.py" line="105" name="test_example_2[class_field_mini_lambda-foo-True]" time="0.0039899349212646484"></testcase><testcase classname="valid8.tests.test_readme_examples.test_example2" file="valid8/tests/test_readme_examples/test_example2.py" line="105" name="test_example_2[class_field_mini_lambda-foo_123-True]" time="0.003545045852661133"></testcase><testcase classname="valid8.tests.test_readme_examples.test_example2" file="valid8/tests/test_readme_examples/test_example2.py" line="105" name="test_example_2[class_field_mini_lambda-1.1-TypeError]" time="0.005398273468017578"><system-out>Error validating field [s=1.1] for class [Foo]. Validation function [and(instance_of_&lt;class &apos;str&apos;&gt;, len(s) &gt; 0, s.islower())] raised AtLeastOneFailed: At least one validation function failed validation for value [1.1]. Successes: [] / Failures: {&quot;instance_of_&lt;class &apos;str&apos;&gt;&quot;: &quot;HasWrongType: Value should be an instance of &lt;class &apos;str&apos;&gt;. Wrong value: [1.1]&quot;, &apos;len(s) &gt; 0&apos;: &quot;TypeError: object of type &apos;float&apos; has no len()&quot;, &apos;s.islower()&apos;: &quot;AttributeError: &apos;float&apos; object has no attribute &apos;islower&apos;&quot;}.
</system-out></testcase><testcase classname="valid8.tests.test_readme_examples.test_example2" file="valid8/tests/test_readme_examples/test_example2.py" line="105" name="test_example_2[class_field_mini_lambda--ValueError]" time="0.004885435104370117"><system-out>Error validating field [s=] for class [Foo]. Validation function [and(instance_of_&lt;class &apos;str&apos;&gt;, len(s) &gt; 0, s.islower())] raised AtLeastOneFailed: At least one validation function failed validation for value []. Successes: [&quot;instance_of_&lt;class &apos;str&apos;&gt;&quot;] / Failures: {&apos;len(s) &gt; 0&apos;: &apos;False&apos;, &apos;s.islower()&apos;: &apos;False&apos;}.
</system-out></testcase><testcase classname="valid8.tests.test_readme_examples.test_example2" file="valid8/tests/test_readme_examples/test_example2.py" line="105" name="test_example_2[class_field_mini_lambda-fOO-ValueError]" time="0.00500941276550293"><system-out>Error validating field [s=fOO] for class [Foo]. Validation function [and(instance_of_&lt;class &apos;str&apos;&gt;, len(s) &gt; 0, s.islower())] raised AtLeastOneFailed: At least one validation function failed validation for value [fOO]. Successes: [&quot;instance_of_&lt;class &apos;str&apos;&gt;&quot;, &apos;len(s) &gt; 0&apos;] / Failures: {&apos;s.islower()&apos;: &apos;False&apos;}.
</system-out></testcase><testcase classname="valid8.tests.test_readme_examples.test_example2" file="valid8/tests/test_readme_examples/test_example2.py" line="105" name="test_example_2[with_validator-foo-True]" time="0.0043239593505859375"></testcase><testcase classname="valid8.tests.test_readme_examples.test_example2" file="valid8/tests/test_readme_examples/test_example2.py" line="105" name="test_example_2[with_validator-foo_123-True]" time="0.004382610321044922"></testcase><testcase classname="valid8.tests.test_readme_examples.test_example2" file="valid8/tests/test_readme_examples/test_example2.py" line="105" name="test_example_2[with_validator-1.1-TypeError]" time="0.004145383834838867"><system-out>Error validating [s=1.1]. HasWrongType: Value should be an instance of &lt;class &apos;str&apos;&gt;. Wrong value: [1.1].
</system-out></testcase><testcase classname="valid8.tests.test_readme_examples.test_example2" file="valid8/tests/test_readme_examples/test_example2.py" line="105" name="test_example_2[with_validator--ValueError]" time="0.0038275718688964844"><system-out>Error validating [s=&apos;&apos;]: validation function [v.alid = (len(s) &gt; 0) and s.islower()] returned [False].
</system-out></testcase><testcase classname="valid8.tests.test_readme_examples.test_example2" file="valid8/tests/test_readme_examples/test_example2.py" line="105" name="test_example_2[with_validator-fOO-ValueError]" time="0.005166053771972656"><system-out>Error validating [s=fOO]: validation function [v.alid = (len(s) &gt; 0) and s.islower()] returned [False].
</system-out></testcase><testcase classname="valid8.tests.test_readme_examples.test_example2" file="valid8/tests/test_readme_examples/test_example2.py" line="105" name="test_example_2[function_input_mini_lambda-foo-True]" time="0.0041120052337646484"></testcase><testcase classname="valid8.tests.test_readme_examples.test_example2" file="valid8/tests/test_readme_examples/test_example2.py" line="105" name="test_example_2[function_input_mini_lambda-foo_123-True]" time="0.0064356327056884766"></testcase><testcase classname="valid8.tests.test_readme_examples.test_example2" file="valid8/tests/test_readme_examples/test_example2.py" line="105" name="test_example_2[function_input_mini_lambda-1.1-TypeError]" time="0.006128549575805664"><system-out>Error validating input [s=1.1] for function [my_function]. Validation function [and(instance_of_&lt;class &apos;str&apos;&gt;, len(s) &gt; 0, s.islower())] raised AtLeastOneFailed: At least one validation function failed validation for value [1.1]. Successes: [] / Failures: {&quot;instance_of_&lt;class &apos;str&apos;&gt;&quot;: &quot;HasWrongType: Value should be an instance of &lt;class &apos;str&apos;&gt;. Wrong value: [1.1]&quot;, &apos;len(s) &gt; 0&apos;: &quot;TypeError: object of type &apos;float&apos; has no len()&quot;, &apos;s.islower()&apos;: &quot;AttributeError: &apos;float&apos; object has no attribute &apos;islower&apos;&quot;}.
</system-out></testcase><testcase classname="valid8.tests.test_readme_examples.test_example2" file="valid8/tests/test_readme_examples/test_example2.py" line="105" name="test_example_2[function_input_mini_lambda--ValueError]" time="0.005279064178466797"><system-out>Error validating input [s=&apos;&apos;] for function [my_function]. Validation function [and(instance_of_&lt;class &apos;str&apos;&gt;, len(s) &gt; 0, s.islower())] raised AtLeastOneFailed: At least one validation function failed validation for value []. Successes: [&quot;instance_of_&lt;class &apos;str&apos;&gt;&quot;] / Failures: {&apos;len(s) &gt; 0&apos;: &apos;False&apos;, &apos;s.islower()&apos;: &apos;False&apos;}.
</system-out></testcase><testcase classname="valid8.tests.test_readme_examples.test_example2" file="valid8/tests/test_readme_examples/test_example2.py" line="105" name="test_example_2[function_input_mini_lambda-fOO-ValueError]" time="0.004481792449951172"><system-out>Error validating input [s=fOO] for function [my_function]. Validation function [and(instance_of_&lt;class &apos;str&apos;&gt;, len(s) &gt; 0, s.islower())] raised AtLeastOneFailed: At least one validation function failed validation for value [fOO]. Successes: [&quot;instance_of_&lt;class &apos;str&apos;&gt;&quot;, &apos;len(s) &gt; 0&apos;] / Failures: {&apos;s.islower()&apos;: &apos;False&apos;}.
</system-out></testcase><testcase classname="valid8.tests.test_readme_examples.test_example2" file="valid8/tests/test_readme_examples/test_example2.py" line="105" name="test_example_2[class_field_builtin_stdlib-foo-True]" time="0.004413127899169922"></testcase><testcase classname="valid8.tests.test_readme_examples.test_example2" file="valid8/tests/test_readme_examples/test_example2.py" line="105" name="test_example_2[class_field_builtin_stdlib-foo_123-True]" time="0.0027244091033935547"></testcase><testcase classname="valid8.tests.test_readme_examples.test_example2" file="valid8/tests/test_readme_examples/test_example2.py" line="105" name="test_example_2[class_field_builtin_stdlib-1.1-TypeError]" time="0.0049359798431396484"><system-out>Error validating field [s=1.1] for class [Foo]. Validation function [and(instance_of_&lt;class &apos;str&apos;&gt;, length_greater_than_1, islower)] raised AtLeastOneFailed: At least one validation function failed validation for value [1.1]. Successes: [] / Failures: {&quot;instance_of_&lt;class &apos;str&apos;&gt;&quot;: &quot;HasWrongType: Value should be an instance of &lt;class &apos;str&apos;&gt;. Wrong value: [1.1]&quot;, &apos;length_greater_than_1&apos;: &quot;TypeError: object of type &apos;float&apos; has no len()&quot;, &apos;islower&apos;: &quot;TypeError: descriptor &apos;islower&apos; requires a &apos;str&apos; object but received a &apos;float&apos;&quot;}.
</system-out></testcase><testcase classname="valid8.tests.test_readme_examples.test_example2" file="valid8/tests/test_readme_examples/test_example2.py" line="105" name="test_example_2[class_field_builtin_stdlib--ValueError]" time="0.004653215408325195"><system-out>Error validating field [s=] for class [Foo]. Validation function [and(instance_of_&lt;class &apos;str&apos;&gt;, length_greater_than_1, islower)] raised AtLeastOneFailed: At least one validation function failed validation for value []. Successes: [&quot;instance_of_&lt;class &apos;str&apos;&gt;&quot;] / Failures: {&apos;length_greater_than_1&apos;: &apos;TooShort: len(x) &gt;= 1 does not hold for x=. Wrong value: []&apos;, &apos;islower&apos;: &apos;False&apos;}.
</system-out></testcase><testcase classname="valid8.tests.test_readme_examples.test_example2" file="valid8/tests/test_readme_examples/test_example2.py" line="105" name="test_example_2[class_field_builtin_stdlib-fOO-ValueError]" time="0.004709720611572266"><system-out>Error validating field [s=fOO] for class [Foo]. Validation function [and(instance_of_&lt;class &apos;str&apos;&gt;, length_greater_than_1, islower)] raised AtLeastOneFailed: At least one validation function failed validation for value [fOO]. Successes: [&quot;instance_of_&lt;class &apos;str&apos;&gt;&quot;, &apos;length_greater_than_1&apos;] / Failures: {&apos;islower&apos;: &apos;False&apos;}.
</system-out></testcase><testcase classname="valid8.tests.test_readme_examples.test_example2" file="valid8/tests/test_readme_examples/test_example2.py" line="105" name="test_example_2[inline_validate_2-foo-True]" time="0.003136873245239258"></testcase><testcase classname="valid8.tests.test_readme_examples.test_example2" file="valid8/tests/test_readme_examples/test_example2.py" line="105" name="test_example_2[inline_validate_2-foo_123-True]" time="0.0023758411407470703"></testcase><testcase classname="valid8.tests.test_readme_examples.test_example2" file="valid8/tests/test_readme_examples/test_example2.py" line="105" name="test_example_2[inline_validate_2-1.1-TypeError]" time="0.003544330596923828"><system-out>Error validating [s=1.1]. HasWrongType: Value should be an instance of &lt;class &apos;str&apos;&gt;. Wrong value: [1.1].
</system-out></testcase><testcase classname="valid8.tests.test_readme_examples.test_example2" file="valid8/tests/test_readme_examples/test_example2.py" line="105" name="test_example_2[inline_validate_2--ValueError]" time="0.003080606460571289"><system-out>Error validating [s=&apos;&apos;]. TooShort: len(x) &gt;= 1 does not hold for x=. Wrong value: [].
</system-out></testcase><testcase classname="valid8.tests.test_readme_examples.test_example2" file="valid8/tests/test_readme_examples/test_example2.py" line="105" name="test_example_2[inline_validate_2-fOO-ValueError]" time="0.0037412643432617188"><system-out>Error validating [s=fOO]: validation function [islower] returned [False].
</system-out></testcase><testcase classname="valid8.tests.test_readme_examples.test_example2" file="valid8/tests/test_readme_examples/test_example2.py" line="105" name="test_example_2[inline_validate_3-foo-True]" time="0.0028333663940429688"></testcase><testcase classname="valid8.tests.test_readme_examples.test_example2" file="valid8/tests/test_readme_examples/test_example2.py" line="105" name="test_example_2[inline_validate_3-foo_123-True]" time="0.003002643585205078"></testcase><testcase classname="valid8.tests.test_readme_examples.test_example2" file="valid8/tests/test_readme_examples/test_example2.py" line="105" name="test_example_2[inline_validate_3-1.1-TypeError]" time="0.0031881332397460938"><system-out>Error validating [s=1.1]. HasWrongType: Value should be an instance of &lt;class &apos;str&apos;&gt;. Wrong value: [1.1].
</system-out></testcase><testcase classname="valid8.tests.test_readme_examples.test_example2" file="valid8/tests/test_readme_examples/test_example2.py" line="105" name="test_example_2[inline_validate_3--ValueError]" time="0.0033054351806640625"><system-out>Error validating [s=&apos;&apos;]. TooShort: len(x) &gt;= 1 does not hold for x=. Wrong value: [].
</system-out></testcase><testcase classname="valid8.tests.test_readme_examples.test_example2" file="valid8/tests/test_readme_examples/test_example2.py" line="105" name="test_example_2[inline_validate_3-fOO-ValueError]" time="0.003954648971557617"><system-out>Error validating [s=fOO]: validation function [txt.islower()] returned [False].
</system-out></testcase><testcase classname="valid8.tests.test_readme_examples.test_example2" file="valid8/tests/test_readme_examples/test_example2.py" line="105" name="test_example_2[inline_validate_1-foo-True]" time="0.0033338069915771484"></testcase><testcase classname="valid8.tests.test_readme_examples.test_example2" file="valid8/tests/test_readme_examples/test_example2.py" line="105" name="test_example_2[inline_validate_1-foo_123-True]" time="0.002830028533935547"></testcase><testcase classname="valid8.tests.test_readme_examples.test_example2" file="valid8/tests/test_readme_examples/test_example2.py" line="105" name="test_example_2[inline_validate_1-1.1-TypeError]" time="0.0035626888275146484"><system-out>Error validating [s=1.1]. HasWrongType: Value should be an instance of &lt;class &apos;str&apos;&gt;. Wrong value: [1.1].
</system-out></testcase><testcase classname="valid8.tests.test_readme_examples.test_example2" file="valid8/tests/test_readme_examples/test_example2.py" line="105" name="test_example_2[inline_validate_1--ValueError]" time="0.0036852359771728516"><system-out>Error validating [s=&apos;&apos;]. TooShort: len(x) &gt;= 1 does not hold for x=. Wrong value: [].
</system-out></testcase><testcase classname="valid8.tests.test_readme_examples.test_example2" file="valid8/tests/test_readme_examples/test_example2.py" line="105" name="test_example_2[inline_validate_1-fOO-ValueError]" time="0.003370046615600586"><system-out>Error validating [s=fOO]. NotEqual: x == foo does not hold for x=fOO. Wrong value: [fOO].
</system-out></testcase><testcase classname="valid8.tests.test_readme_examples.test_example2" file="valid8/tests/test_readme_examples/test_example2.py" line="105" name="test_example_2[pep484-foo-True]" time="0.005227088928222656"></testcase><testcase classname="valid8.tests.test_readme_examples.test_example2" file="valid8/tests/test_readme_examples/test_example2.py" line="105" name="test_example_2[pep484-foo_123-True]" time="0.0051648616790771484"></testcase><testcase classname="valid8.tests.test_readme_examples.test_example2" file="valid8/tests/test_readme_examples/test_example2.py" line="105" name="test_example_2[pep484-1.1-TypeError]" time="0.005768299102783203"><system-out>
  test_example2.my_function
  called with incompatible types:
Expected: Tuple[str]
Received: Tuple[float]
</system-out></testcase><testcase classname="valid8.tests.test_readme_examples.test_example2" file="valid8/tests/test_readme_examples/test_example2.py" line="105" name="test_example_2[pep484--ValueError]" time="0.0068819522857666016"><system-out>Error validating input [s=&apos;&apos;] for function [my_function]. Validation function [and(len(s) &gt; 0, s.islower())] raised AtLeastOneFailed: At least one validation function failed validation for value []. Successes: [] / Failures: {&apos;len(s) &gt; 0&apos;: &apos;False&apos;, &apos;s.islower()&apos;: &apos;False&apos;}.
</system-out></testcase><testcase classname="valid8.tests.test_readme_examples.test_example2" file="valid8/tests/test_readme_examples/test_example2.py" line="105" name="test_example_2[pep484-fOO-ValueError]" time="0.0055506229400634766"><system-out>Error validating input [s=fOO] for function [my_function]. Validation function [and(len(s) &gt; 0, s.islower())] raised AtLeastOneFailed: At least one validation function failed validation for value [fOO]. Successes: [&apos;len(s) &gt; 0&apos;] / Failures: {&apos;s.islower()&apos;: &apos;False&apos;}.
</system-out></testcase><testcase classname="valid8.tests.test_readme_examples.test_example2" file="valid8/tests/test_readme_examples/test_example2.py" line="126" name="test_example_2_regexp[foo@bar.com-True]" time="0.003676176071166992"></testcase><testcase classname="valid8.tests.test_readme_examples.test_example2" file="valid8/tests/test_readme_examples/test_example2.py" line="126" name="test_example_2_regexp[a@a@s-ValueError]" time="0.003851652145385742"><system-out>Error validating [s=a@a@s]: validation function [&lt;lambda&gt;] returned [False].
</system-out></testcase><testcase classname="valid8.tests.test_readme_examples.test_example3" file="valid8/tests/test_readme_examples/test_example3.py" line="272" name="test_example_3[inline_validator_custom_is_valid_tuple_boolean-(0.2, &apos;foo&apos;)-True]" time="0.004318714141845703"><system-out>calling function inline_validator_custom_boolean with custom func is_valid_tuple
</system-out></testcase><testcase classname="valid8.tests.test_readme_examples.test_example3" file="valid8/tests/test_readme_examples/test_example3.py" line="272" name="test_example_3[inline_validator_custom_is_valid_tuple_boolean-(1.0, &apos;abc&apos;)-True]" time="0.004089832305908203"><system-out>calling function inline_validator_custom_boolean with custom func is_valid_tuple
</system-out></testcase><testcase classname="valid8.tests.test_readme_examples.test_example3" file="valid8/tests/test_readme_examples/test_example3.py" line="272" name="test_example_3[inline_validator_custom_is_valid_tuple_boolean-(0, &apos;foo&apos;)-True]" time="0.003306150436401367"><system-out>calling function inline_validator_custom_boolean with custom func is_valid_tuple
</system-out></testcase><testcase classname="valid8.tests.test_readme_examples.test_example3" file="valid8/tests/test_readme_examples/test_example3.py" line="272" name="test_example_3[inline_validator_custom_is_valid_tuple_boolean-1.1-&lt;class &apos;TypeError&apos;&gt;]" time="0.0046100616455078125"><system-out>calling function inline_validator_custom_boolean with custom func is_valid_tuple
Error validating [t=1.1]. Validation function [v.alid = custom(t)] raised HasWrongType: Value should be an instance of &lt;class &apos;tuple&apos;&gt;. Wrong value: [1.1].
</system-out></testcase><testcase classname="valid8.tests.test_readme_examples.test_example3" file="valid8/tests/test_readme_examples/test_example3.py" line="272" name="test_example_3[inline_validator_custom_is_valid_tuple_boolean-(0.2, &apos;foo&apos;, True)-&lt;class &apos;ValueError&apos;&gt;]" time="0.004852771759033203"><system-out>calling function inline_validator_custom_boolean with custom func is_valid_tuple
Error validating [t=(0.2, &apos;foo&apos;, True)]: validation function [v.alid = custom(t)] returned [False].
</system-out></testcase><testcase classname="valid8.tests.test_readme_examples.test_example3" file="valid8/tests/test_readme_examples/test_example3.py" line="272" name="test_example_3[inline_validator_custom_is_valid_tuple_boolean-(&apos;1.0&apos;, &apos;foo&apos;)-&lt;class &apos;TypeError&apos;&gt;]" time="0.005959272384643555"><system-out>calling function inline_validator_custom_boolean with custom func is_valid_tuple
Error validating [t=(&apos;1.0&apos;, &apos;foo&apos;)]. Validation function [v.alid = custom(t)] raised HasWrongType: Value should be an instance of &lt;class &apos;numbers.Real&apos;&gt;. Wrong value: [1.0].
</system-out></testcase><testcase classname="valid8.tests.test_readme_examples.test_example3" file="valid8/tests/test_readme_examples/test_example3.py" line="272" name="test_example_3[inline_validator_custom_is_valid_tuple_boolean-(1.1, &apos;foo&apos;)-&lt;class &apos;ValueError&apos;&gt;]" time="0.0058193206787109375"><system-out>calling function inline_validator_custom_boolean with custom func is_valid_tuple
Error validating [t=(1.1, &apos;foo&apos;)]: validation function [v.alid = custom(t)] returned [False].
</system-out></testcase><testcase classname="valid8.tests.test_readme_examples.test_example3" file="valid8/tests/test_readme_examples/test_example3.py" line="272" name="test_example_3[inline_validator_custom_is_valid_tuple_boolean-(1.0, False)-&lt;class &apos;TypeError&apos;&gt;]" time="0.00431060791015625"><system-out>calling function inline_validator_custom_boolean with custom func is_valid_tuple
Error validating [t=(1.0, False)]. Validation function [v.alid = custom(t)] raised HasWrongType: Value should be an instance of &lt;class &apos;str&apos;&gt;. Wrong value: [False].
</system-out></testcase><testcase classname="valid8.tests.test_readme_examples.test_example3" file="valid8/tests/test_readme_examples/test_example3.py" line="272" name="test_example_3[inline_validator_custom_is_valid_tuple_boolean-(0.5, &apos;a&apos;)-&lt;class &apos;ValueError&apos;&gt;]" time="0.005213499069213867"><system-out>calling function inline_validator_custom_boolean with custom func is_valid_tuple
Error validating [t=(0.5, &apos;a&apos;)]: validation function [v.alid = custom(t)] returned [False].
</system-out></testcase><testcase classname="valid8.tests.test_readme_examples.test_example3" file="valid8/tests/test_readme_examples/test_example3.py" line="272" name="test_example_3[inline_validator_custom_is_valid_tuple_boolean-(0.5, &apos;AAA&apos;)-&lt;class &apos;ValueError&apos;&gt;]" time="0.0052640438079833984"><system-out>calling function inline_validator_custom_boolean with custom func is_valid_tuple
Error validating [t=(0.5, &apos;AAA&apos;)]: validation function [v.alid = custom(t)] returned [False].
</system-out></testcase><testcase classname="valid8.tests.test_readme_examples.test_example3" file="valid8/tests/test_readme_examples/test_example3.py" line="272" name="test_example_3[inline_validator_custom_is_valid_tuple_pep_boolean-(0.2, &apos;foo&apos;)-True]" time="0.006306886672973633"><system-out>calling function inline_validator_custom_boolean with custom func is_valid_tuple_pep
</system-out></testcase><testcase classname="valid8.tests.test_readme_examples.test_example3" file="valid8/tests/test_readme_examples/test_example3.py" line="272" name="test_example_3[inline_validator_custom_is_valid_tuple_pep_boolean-(1.0, &apos;abc&apos;)-True]" time="0.005081892013549805"><system-out>calling function inline_validator_custom_boolean with custom func is_valid_tuple_pep
</system-out></testcase><testcase classname="valid8.tests.test_readme_examples.test_example3" file="valid8/tests/test_readme_examples/test_example3.py" line="272" name="test_example_3[inline_validator_custom_is_valid_tuple_pep_boolean-(0, &apos;foo&apos;)-True]" time="0.0074176788330078125"><system-out>calling function inline_validator_custom_boolean with custom func is_valid_tuple_pep
</system-out></testcase><testcase classname="valid8.tests.test_readme_examples.test_example3" file="valid8/tests/test_readme_examples/test_example3.py" line="272" name="test_example_3[inline_validator_custom_is_valid_tuple_pep_boolean-1.1-&lt;class &apos;TypeError&apos;&gt;]" time="0.008394718170166016"><system-out>calling function inline_validator_custom_boolean with custom func is_valid_tuple_pep
Error validating [t=1.1]. Validation function [v.alid = custom(t)] raised InputTypeError: 
  test_example3.is_valid_tuple_pep
  called with incompatible types:
Expected: Tuple[Tuple[Real, str]]
Received: Tuple[float].
</system-out></testcase><testcase classname="valid8.tests.test_readme_examples.test_example3" file="valid8/tests/test_readme_examples/test_example3.py" line="272" name="test_example_3[inline_validator_custom_is_valid_tuple_pep_boolean-(0.2, &apos;foo&apos;, True)-&lt;class &apos;ValueError&apos;&gt;]" time="0.008566141128540039"><system-out>calling function inline_validator_custom_boolean with custom func is_valid_tuple_pep
Error validating [t=(0.2, &apos;foo&apos;, True)]. Validation function [v.alid = custom(t)] raised InputTypeError: 
  test_example3.is_valid_tuple_pep
  called with incompatible types:
Expected: Tuple[Tuple[Real, str]]
Received: Tuple[Tuple[float, str, bool]].
</system-out></testcase><testcase classname="valid8.tests.test_readme_examples.test_example3" file="valid8/tests/test_readme_examples/test_example3.py" line="272" name="test_example_3[inline_validator_custom_is_valid_tuple_pep_boolean-(&apos;1.0&apos;, &apos;foo&apos;)-&lt;class &apos;TypeError&apos;&gt;]" time="0.009386539459228516"><system-out>calling function inline_validator_custom_boolean with custom func is_valid_tuple_pep
Error validating [t=(&apos;1.0&apos;, &apos;foo&apos;)]. Validation function [v.alid = custom(t)] raised InputTypeError: 
  test_example3.is_valid_tuple_pep
  called with incompatible types:
Expected: Tuple[Tuple[Real, str]]
Received: Tuple[Tuple[str, str]].
</system-out></testcase><testcase classname="valid8.tests.test_readme_examples.test_example3" file="valid8/tests/test_readme_examples/test_example3.py" line="272" name="test_example_3[inline_validator_custom_is_valid_tuple_pep_boolean-(1.1, &apos;foo&apos;)-&lt;class &apos;ValueError&apos;&gt;]" time="0.007585763931274414"><system-out>calling function inline_validator_custom_boolean with custom func is_valid_tuple_pep
Error validating [t=(1.1, &apos;foo&apos;)]: validation function [v.alid = custom(t)] returned [False].
</system-out></testcase><testcase classname="valid8.tests.test_readme_examples.test_example3" file="valid8/tests/test_readme_examples/test_example3.py" line="272" name="test_example_3[inline_validator_custom_is_valid_tuple_pep_boolean-(1.0, False)-&lt;class &apos;TypeError&apos;&gt;]" time="0.006835222244262695"><system-out>calling function inline_validator_custom_boolean with custom func is_valid_tuple_pep
Error validating [t=(1.0, False)]. Validation function [v.alid = custom(t)] raised InputTypeError: 
  test_example3.is_valid_tuple_pep
  called with incompatible types:
Expected: Tuple[Tuple[Real, str]]
Received: Tuple[Tuple[float, bool]].
</system-out></testcase><testcase classname="valid8.tests.test_readme_examples.test_example3" file="valid8/tests/test_readme_examples/test_example3.py" line="272" name="test_example_3[inline_validator_custom_is_valid_tuple_pep_boolean-(0.5, &apos;a&apos;)-&lt;class &apos;ValueError&apos;&gt;]" time="0.008964061737060547"><system-out>calling function inline_validator_custom_boolean with custom func is_valid_tuple_pep
Error validating [t=(0.5, &apos;a&apos;)]: validation function [v.alid = custom(t)] returned [False].
</system-out></testcase><testcase classname="valid8.tests.test_readme_examples.test_example3" file="valid8/tests/test_readme_examples/test_example3.py" line="272" name="test_example_3[inline_validator_custom_is_valid_tuple_pep_boolean-(0.5, &apos;AAA&apos;)-&lt;class &apos;ValueError&apos;&gt;]" time="0.0074062347412109375"><system-out>calling function inline_validator_custom_boolean with custom func is_valid_tuple_pep
Error validating [t=(0.5, &apos;AAA&apos;)]: validation function [v.alid = custom(t)] returned [False].
</system-out></testcase><testcase classname="valid8.tests.test_readme_examples.test_example3" file="valid8/tests/test_readme_examples/test_example3.py" line="272" name="test_example_3[class_fields_custom_is_valid_tuple-(0.2, &apos;foo&apos;)-True]" time="0.004307985305786133"><system-out>calling function class_fields_custom with custom func is_valid_tuple
</system-out></testcase><testcase classname="valid8.tests.test_readme_examples.test_example3" file="valid8/tests/test_readme_examples/test_example3.py" line="272" name="test_example_3[class_fields_custom_is_valid_tuple-(1.0, &apos;abc&apos;)-True]" time="0.004193782806396484"><system-out>calling function class_fields_custom with custom func is_valid_tuple
</system-out></testcase><testcase classname="valid8.tests.test_readme_examples.test_example3" file="valid8/tests/test_readme_examples/test_example3.py" line="272" name="test_example_3[class_fields_custom_is_valid_tuple-(0, &apos;foo&apos;)-True]" time="0.0051801204681396484"><system-out>calling function class_fields_custom with custom func is_valid_tuple
</system-out></testcase><testcase classname="valid8.tests.test_readme_examples.test_example3" file="valid8/tests/test_readme_examples/test_example3.py" line="272" name="test_example_3[class_fields_custom_is_valid_tuple-1.1-&lt;class &apos;TypeError&apos;&gt;]" time="0.0037810802459716797"><system-out>calling function class_fields_custom with custom func is_valid_tuple
Error validating field [t=1.1] for class [Foo]. Validation function [is_valid_tuple] raised HasWrongType: Value should be an instance of &lt;class &apos;tuple&apos;&gt;. Wrong value: [1.1].
</system-out></testcase><testcase classname="valid8.tests.test_readme_examples.test_example3" file="valid8/tests/test_readme_examples/test_example3.py" line="272" name="test_example_3[class_fields_custom_is_valid_tuple-(0.2, &apos;foo&apos;, True)-&lt;class &apos;ValueError&apos;&gt;]" time="0.0047605037689208984"><system-out>calling function class_fields_custom with custom func is_valid_tuple
Error validating field [t=(0.2, &apos;foo&apos;, True)] for class [Foo]: validation function [is_valid_tuple] returned [False].
</system-out></testcase><testcase classname="valid8.tests.test_readme_examples.test_example3" file="valid8/tests/test_readme_examples/test_example3.py" line="272" name="test_example_3[class_fields_custom_is_valid_tuple-(&apos;1.0&apos;, &apos;foo&apos;)-&lt;class &apos;TypeError&apos;&gt;]" time="0.005116701126098633"><system-out>calling function class_fields_custom with custom func is_valid_tuple
Error validating field [t=(&apos;1.0&apos;, &apos;foo&apos;)] for class [Foo]. Validation function [is_valid_tuple] raised HasWrongType: Value should be an instance of &lt;class &apos;numbers.Real&apos;&gt;. Wrong value: [1.0].
</system-out></testcase><testcase classname="valid8.tests.test_readme_examples.test_example3" file="valid8/tests/test_readme_examples/test_example3.py" line="272" name="test_example_3[class_fields_custom_is_valid_tuple-(1.1, &apos;foo&apos;)-&lt;class &apos;ValueError&apos;&gt;]" time="0.0039000511169433594"><system-out>calling function class_fields_custom with custom func is_valid_tuple
Error validating field [t=(1.1, &apos;foo&apos;)] for class [Foo]: validation function [is_valid_tuple] returned [False].
</system-out></testcase><testcase classname="valid8.tests.test_readme_examples.test_example3" file="valid8/tests/test_readme_examples/test_example3.py" line="272" name="test_example_3[class_fields_custom_is_valid_tuple-(1.0, False)-&lt;class &apos;TypeError&apos;&gt;]" time="0.00408935546875"><system-out>calling function class_fields_custom with custom func is_valid_tuple
Error validating field [t=(1.0, False)] for class [Foo]. Validation function [is_valid_tuple] raised HasWrongType: Value should be an instance of &lt;class &apos;str&apos;&gt;. Wrong value: [False].
</system-out></testcase><testcase classname="valid8.tests.test_readme_examples.test_example3" file="valid8/tests/test_readme_examples/test_example3.py" line="272" name="test_example_3[class_fields_custom_is_valid_tuple-(0.5, &apos;a&apos;)-&lt;class &apos;ValueError&apos;&gt;]" time="0.004625082015991211"><system-out>calling function class_fields_custom with custom func is_valid_tuple
Error validating field [t=(0.5, &apos;a&apos;)] for class [Foo]: validation function [is_valid_tuple] returned [False].
</system-out></testcase><testcase classname="valid8.tests.test_readme_examples.test_example3" file="valid8/tests/test_readme_examples/test_example3.py" line="272" name="test_example_3[class_fields_custom_is_valid_tuple-(0.5, &apos;AAA&apos;)-&lt;class &apos;ValueError&apos;&gt;]" time="0.00680088996887207"><system-out>calling function class_fields_custom with custom func is_valid_tuple
Error validating field [t=(0.5, &apos;AAA&apos;)] for class [Foo]: validation function [is_valid_tuple] returned [False].
</system-out></testcase><testcase classname="valid8.tests.test_readme_examples.test_example3" file="valid8/tests/test_readme_examples/test_example3.py" line="272" name="test_example_3[class_fields_custom_is_valid_tuple_pep-(0.2, &apos;foo&apos;)-True]" time="0.006840705871582031"><system-out>calling function class_fields_custom with custom func is_valid_tuple_pep
</system-out></testcase><testcase classname="valid8.tests.test_readme_examples.test_example3" file="valid8/tests/test_readme_examples/test_example3.py" line="272" name="test_example_3[class_fields_custom_is_valid_tuple_pep-(1.0, &apos;abc&apos;)-True]" time="0.004495143890380859"><system-out>calling function class_fields_custom with custom func is_valid_tuple_pep
</system-out></testcase><testcase classname="valid8.tests.test_readme_examples.test_example3" file="valid8/tests/test_readme_examples/test_example3.py" line="272" name="test_example_3[class_fields_custom_is_valid_tuple_pep-(0, &apos;foo&apos;)-True]" time="0.005499839782714844"><system-out>calling function class_fields_custom with custom func is_valid_tuple_pep
</system-out></testcase><testcase classname="valid8.tests.test_readme_examples.test_example3" file="valid8/tests/test_readme_examples/test_example3.py" line="272" name="test_example_3[class_fields_custom_is_valid_tuple_pep-1.1-&lt;class &apos;TypeError&apos;&gt;]" time="0.006857156753540039"><system-out>calling function class_fields_custom with custom func is_valid_tuple_pep
Error validating field [t=1.1] for class [Foo]. Validation function [is_valid_tuple_pep] raised InputTypeError: 
  test_example3.is_valid_tuple_pep
  called with incompatible types:
Expected: Tuple[Tuple[Real, str]]
Received: Tuple[float].
</system-out></testcase><testcase classname="valid8.tests.test_readme_examples.test_example3" file="valid8/tests/test_readme_examples/test_example3.py" line="272" name="test_example_3[class_fields_custom_is_valid_tuple_pep-(0.2, &apos;foo&apos;, True)-&lt;class &apos;ValueError&apos;&gt;]" time="0.00829935073852539"><system-out>calling function class_fields_custom with custom func is_valid_tuple_pep
Error validating field [t=(0.2, &apos;foo&apos;, True)] for class [Foo]. Validation function [is_valid_tuple_pep] raised InputTypeError: 
  test_example3.is_valid_tuple_pep
  called with incompatible types:
Expected: Tuple[Tuple[Real, str]]
Received: Tuple[Tuple[float, str, bool]].
</system-out></testcase><testcase classname="valid8.tests.test_readme_examples.test_example3" file="valid8/tests/test_readme_examples/test_example3.py" line="272" name="test_example_3[class_fields_custom_is_valid_tuple_pep-(&apos;1.0&apos;, &apos;foo&apos;)-&lt;class &apos;TypeError&apos;&gt;]" time="0.007380008697509766"><system-out>calling function class_fields_custom with custom func is_valid_tuple_pep
Error validating field [t=(&apos;1.0&apos;, &apos;foo&apos;)] for class [Foo]. Validation function [is_valid_tuple_pep] raised InputTypeError: 
  test_example3.is_valid_tuple_pep
  called with incompatible types:
Expected: Tuple[Tuple[Real, str]]
Received: Tuple[Tuple[str, str]].
</system-out></testcase><testcase classname="valid8.tests.test_readme_examples.test_example3" file="valid8/tests/test_readme_examples/test_example3.py" line="272" name="test_example_3[class_fields_custom_is_valid_tuple_pep-(1.1, &apos;foo&apos;)-&lt;class &apos;ValueError&apos;&gt;]" time="0.007354259490966797"><system-out>calling function class_fields_custom with custom func is_valid_tuple_pep
Error validating field [t=(1.1, &apos;foo&apos;)] for class [Foo]: validation function [is_valid_tuple_pep] returned [False].
</system-out></testcase><testcase classname="valid8.tests.test_readme_examples.test_example3" file="valid8/tests/test_readme_examples/test_example3.py" line="272" name="test_example_3[class_fields_custom_is_valid_tuple_pep-(1.0, False)-&lt;class &apos;TypeError&apos;&gt;]" time="0.008276939392089844"><system-out>calling function class_fields_custom with custom func is_valid_tuple_pep
[...]
Error validating input [t=1.1] for function [my_function]. Validation function [is_valid_tuple_pep] raised InputTypeError: 
  test_example3.is_valid_tuple_pep
  called with incompatible types:
Expected: Tuple[Tuple[Real, str]]
Received: Tuple[float].
</system-out></testcase><testcase classname="valid8.tests.test_readme_examples.test_example3" file="valid8/tests/test_readme_examples/test_example3.py" line="272" name="test_example_3[function_input_custom_is_valid_tuple_pep-(0.2, &apos;foo&apos;, True)-&lt;class &apos;ValueError&apos;&gt;]" time="0.006104469299316406"><system-out>calling function function_input_custom with custom func is_valid_tuple_pep
Error validating input [t=(0.2, &apos;foo&apos;, True)] for function [my_function]. Validation function [is_valid_tuple_pep] raised InputTypeError: 
  test_example3.is_valid_tuple_pep
  called with incompatible types:
Expected: Tuple[Tuple[Real, str]]
Received: Tuple[Tuple[float, str, bool]].
</system-out></testcase><testcase classname="valid8.tests.test_readme_examples.test_example3" file="valid8/tests/test_readme_examples/test_example3.py" line="272" name="test_example_3[function_input_custom_is_valid_tuple_pep-(&apos;1.0&apos;, &apos;foo&apos;)-&lt;class &apos;TypeError&apos;&gt;]" time="0.007440090179443359"><system-out>calling function function_input_custom with custom func is_valid_tuple_pep
Error validating input [t=(&apos;1.0&apos;, &apos;foo&apos;)] for function [my_function]. Validation function [is_valid_tuple_pep] raised InputTypeError: 
  test_example3.is_valid_tuple_pep
  called with incompatible types:
Expected: Tuple[Tuple[Real, str]]
Received: Tuple[Tuple[str, str]].
</system-out></testcase><testcase classname="valid8.tests.test_readme_examples.test_example3" file="valid8/tests/test_readme_examples/test_example3.py" line="272" name="test_example_3[function_input_custom_is_valid_tuple_pep-(1.1, &apos;foo&apos;)-&lt;class &apos;ValueError&apos;&gt;]" time="0.0061168670654296875"><system-out>calling function function_input_custom with custom func is_valid_tuple_pep
Error validating input [t=(1.1, &apos;foo&apos;)] for function [my_function]: validation function [is_valid_tuple_pep] returned [False].
</system-out></testcase><testcase classname="valid8.tests.test_readme_examples.test_example3" file="valid8/tests/test_readme_examples/test_example3.py" line="272" name="test_example_3[function_input_custom_is_valid_tuple_pep-(1.0, False)-&lt;class &apos;TypeError&apos;&gt;]" time="0.006116151809692383"><system-out>calling function function_input_custom with custom func is_valid_tuple_pep
Error validating input [t=(1.0, False)] for function [my_function]. Validation function [is_valid_tuple_pep] raised InputTypeError: 
  test_example3.is_valid_tuple_pep
  called with incompatible types:
Expected: Tuple[Tuple[Real, str]]
Received: Tuple[Tuple[float, bool]].
</system-out></testcase><testcase classname="valid8.tests.test_readme_examples.test_example3" file="valid8/tests/test_readme_examples/test_example3.py" line="272" name="test_example_3[function_input_custom_is_valid_tuple_pep-(0.5, &apos;a&apos;)-&lt;class &apos;ValueError&apos;&gt;]" time="0.0062525272369384766"><system-out>calling function function_input_custom with custom func is_valid_tuple_pep
Error validating input [t=(0.5, &apos;a&apos;)] for function [my_function]: validation function [is_valid_tuple_pep] returned [False].
</system-out></testcase><testcase classname="valid8.tests.test_readme_examples.test_example3" file="valid8/tests/test_readme_examples/test_example3.py" line="272" name="test_example_3[function_input_custom_is_valid_tuple_pep-(0.5, &apos;AAA&apos;)-&lt;class &apos;ValueError&apos;&gt;]" time="0.006119251251220703"><system-out>calling function function_input_custom with custom func is_valid_tuple_pep
Error validating input [t=(0.5, &apos;AAA&apos;)] for function [my_function]: validation function [is_valid_tuple_pep] returned [False].
</system-out></testcase><testcase classname="valid8.tests.test_readme_examples.test_example3" file="valid8/tests/test_readme_examples/test_example3.py" line="272" name="test_example_3[function_input_custom_check_valid_tuple_pep-(0.2, &apos;foo&apos;)-True]" time="0.006975650787353516"><system-out>calling function function_input_custom with custom func check_valid_tuple_pep
</system-out></testcase><testcase classname="valid8.tests.test_readme_examples.test_example3" file="valid8/tests/test_readme_examples/test_example3.py" line="272" name="test_example_3[function_input_custom_check_valid_tuple_pep-(1.0, &apos;abc&apos;)-True]" time="0.005956888198852539"><system-out>calling function function_input_custom with custom func check_valid_tuple_pep
</system-out></testcase><testcase classname="valid8.tests.test_readme_examples.test_example3" file="valid8/tests/test_readme_examples/test_example3.py" line="272" name="test_example_3[function_input_custom_check_valid_tuple_pep-(0, &apos;foo&apos;)-True]" time="0.006747722625732422"><system-out>calling function function_input_custom with custom func check_valid_tuple_pep
</system-out></testcase><testcase classname="valid8.tests.test_readme_examples.test_example3" file="valid8/tests/test_readme_examples/test_example3.py" line="272" name="test_example_3[function_input_custom_check_valid_tuple_pep-1.1-&lt;class &apos;TypeError&apos;&gt;]" time="0.0070629119873046875"><system-out>calling function function_input_custom with custom func check_valid_tuple_pep
Error validating input [t=1.1] for function [my_function]. Validation function [check_valid_tuple_pep] raised InputTypeError: 
  test_example3.check_valid_tuple_pep
  called with incompatible types:
Expected: Tuple[Tuple[Real, str]]
Received: Tuple[float].
</system-out></testcase><testcase classname="valid8.tests.test_readme_examples.test_example3" file="valid8/tests/test_readme_examples/test_example3.py" line="272" name="test_example_3[function_input_custom_check_valid_tuple_pep-(0.2, &apos;foo&apos;, True)-&lt;class &apos;ValueError&apos;&gt;]" time="0.007160663604736328"><system-out>calling function function_input_custom with custom func check_valid_tuple_pep
Error validating input [t=(0.2, &apos;foo&apos;, True)] for function [my_function]. Validation function [check_valid_tuple_pep] raised InputTypeError: 
  test_example3.check_valid_tuple_pep
  called with incompatible types:
Expected: Tuple[Tuple[Real, str]]
Received: Tuple[Tuple[float, str, bool]].
</system-out></testcase><testcase classname="valid8.tests.test_readme_examples.test_example3" file="valid8/tests/test_readme_examples/test_example3.py" line="272" name="test_example_3[function_input_custom_check_valid_tuple_pep-(&apos;1.0&apos;, &apos;foo&apos;)-&lt;class &apos;TypeError&apos;&gt;]" time="0.007483005523681641"><system-out>calling function function_input_custom with custom func check_valid_tuple_pep
Error validating input [t=(&apos;1.0&apos;, &apos;foo&apos;)] for function [my_function]. Validation function [check_valid_tuple_pep] raised InputTypeError: 
  test_example3.check_valid_tuple_pep
  called with incompatible types:
Expected: Tuple[Tuple[Real, str]]
Received: Tuple[Tuple[str, str]].
</system-out></testcase><testcase classname="valid8.tests.test_readme_examples.test_example3" file="valid8/tests/test_readme_examples/test_example3.py" line="272" name="test_example_3[function_input_custom_check_valid_tuple_pep-(1.1, &apos;foo&apos;)-&lt;class &apos;ValueError&apos;&gt;]" time="0.005973100662231445"><system-out>calling function function_input_custom with custom func check_valid_tuple_pep
Error validating input [t=(1.1, &apos;foo&apos;)] for function [my_function]. Validation function [check_valid_tuple_pep] raised ValueError: first elt should be between 0 and 1,found 1.1.
</system-out></testcase><testcase classname="valid8.tests.test_readme_examples.test_example3" file="valid8/tests/test_readme_examples/test_example3.py" line="272" name="test_example_3[function_input_custom_check_valid_tuple_pep-(1.0, False)-&lt;class &apos;TypeError&apos;&gt;]" time="0.008046150207519531"><system-out>calling function function_input_custom with custom func check_valid_tuple_pep
Error validating input [t=(1.0, False)] for function [my_function]. Validation function [check_valid_tuple_pep] raised InputTypeError: 
  test_example3.check_valid_tuple_pep
  called with incompatible types:
Expected: Tuple[Tuple[Real, str]]
Received: Tuple[Tuple[float, bool]].
</system-out></testcase><testcase classname="valid8.tests.test_readme_examples.test_example3" file="valid8/tests/test_readme_examples/test_example3.py" line="272" name="test_example_3[function_input_custom_check_valid_tuple_pep-(0.5, &apos;a&apos;)-&lt;class &apos;ValueError&apos;&gt;]" time="0.006201028823852539"><system-out>calling function function_input_custom with custom func check_valid_tuple_pep
Error validating input [t=(0.5, &apos;a&apos;)] for function [my_function]. Validation function [check_valid_tuple_pep] raised ValueError: second elt should be a lowercase string of length 3,found a.
</system-out></testcase><testcase classname="valid8.tests.test_readme_examples.test_example3" file="valid8/tests/test_readme_examples/test_example3.py" line="272" name="test_example_3[function_input_custom_check_valid_tuple_pep-(0.5, &apos;AAA&apos;)-&lt;class &apos;ValueError&apos;&gt;]" time="0.005968809127807617"><system-out>calling function function_input_custom with custom func check_valid_tuple_pep
Error validating input [t=(0.5, &apos;AAA&apos;)] for function [my_function]. Validation function [check_valid_tuple_pep] raised ValueError: second elt should be a lowercase string of length 3,found AAA.
</system-out></testcase><testcase classname="valid8.tests.test_readme_examples.test_example3" file="valid8/tests/test_readme_examples/test_example3.py" line="272" name="test_example_3[function_input_custom_check_valid_tuple-(0.2, &apos;foo&apos;)-True]" time="0.004216909408569336"><system-out>calling function function_input_custom with custom func check_valid_tuple
</system-out></testcase><testcase classname="valid8.tests.test_readme_examples.test_example3" file="valid8/tests/test_readme_examples/test_example3.py" line="272" name="test_example_3[function_input_custom_check_valid_tuple-(1.0, &apos;abc&apos;)-True]" time="0.0037033557891845703"><system-out>calling function function_input_custom with custom func check_valid_tuple
</system-out></testcase><testcase classname="valid8.tests.test_readme_examples.test_example3" file="valid8/tests/test_readme_examples/test_example3.py" line="272" name="test_example_3[function_input_custom_check_valid_tuple-(0, &apos;foo&apos;)-True]" time="0.004171609878540039"><system-out>calling function function_input_custom with custom func check_valid_tuple
</system-out></testcase><testcase classname="valid8.tests.test_readme_examples.test_example3" file="valid8/tests/test_readme_examples/test_example3.py" line="272" name="test_example_3[function_input_custom_check_valid_tuple-1.1-&lt;class &apos;TypeError&apos;&gt;]" time="0.003600597381591797"><system-out>calling function function_input_custom with custom func check_valid_tuple
Error validating input [t=1.1] for function [my_function]. Validation function [check_valid_tuple] raised TypeError: item should be a tuple.
</system-out></testcase><testcase classname="valid8.tests.test_readme_examples.test_example3" file="valid8/tests/test_readme_examples/test_example3.py" line="272" name="test_example_3[function_input_custom_check_valid_tuple-(0.2, &apos;foo&apos;, True)-&lt;class &apos;ValueError&apos;&gt;]" time="0.005892753601074219"><system-out>calling function function_input_custom with custom func check_valid_tuple
Error validating input [t=(0.2, &apos;foo&apos;, True)] for function [my_function]. Validation function [check_valid_tuple] raised ValueError: tuple length should be 2, found (0.2, &apos;foo&apos;, True).
</system-out></testcase><testcase classname="valid8.tests.test_readme_examples.test_example3" file="valid8/tests/test_readme_examples/test_example3.py" line="272" name="test_example_3[function_input_custom_check_valid_tuple-(&apos;1.0&apos;, &apos;foo&apos;)-&lt;class &apos;TypeError&apos;&gt;]" time="0.005121469497680664"><system-out>calling function function_input_custom with custom func check_valid_tuple
Error validating input [t=(&apos;1.0&apos;, &apos;foo&apos;)] for function [my_function]. Validation function [check_valid_tuple] raised TypeError: first elt should be a Real, found 1.0.
</system-out></testcase><testcase classname="valid8.tests.test_readme_examples.test_example3" file="valid8/tests/test_readme_examples/test_example3.py" line="272" name="test_example_3[function_input_custom_check_valid_tuple-(1.1, &apos;foo&apos;)-&lt;class &apos;ValueError&apos;&gt;]" time="0.004392147064208984"><system-out>calling function function_input_custom with custom func check_valid_tuple
Error validating input [t=(1.1, &apos;foo&apos;)] for function [my_function]. Validation function [check_valid_tuple] raised ValueError: first elt should be between 0 and 1,found 1.1.
</system-out></testcase><testcase classname="valid8.tests.test_readme_examples.test_example3" file="valid8/tests/test_readme_examples/test_example3.py" line="272" name="test_example_3[function_input_custom_check_valid_tuple-(1.0, False)-&lt;class &apos;TypeError&apos;&gt;]" time="0.004514217376708984"><system-out>calling function function_input_custom with custom func check_valid_tuple
Error validating input [t=(1.0, False)] for function [my_function]. Validation function [check_valid_tuple] raised TypeError: second elt should be a string, found False.
</system-out></testcase><testcase classname="valid8.tests.test_readme_examples.test_example3" file="valid8/tests/test_readme_examples/test_example3.py" line="272" name="test_example_3[function_input_custom_check_valid_tuple-(0.5, &apos;a&apos;)-&lt;class &apos;ValueError&apos;&gt;]" time="0.004118919372558594"><system-out>calling function function_input_custom with custom func check_valid_tuple
Error validating input [t=(0.5, &apos;a&apos;)] for function [my_function]. Validation function [check_valid_tuple] raised ValueError: second elt should be a lowercase string of length 3,found a.
</system-out></testcase><testcase classname="valid8.tests.test_readme_examples.test_example3" file="valid8/tests/test_readme_examples/test_example3.py" line="272" name="test_example_3[function_input_custom_check_valid_tuple-(0.5, &apos;AAA&apos;)-&lt;class &apos;ValueError&apos;&gt;]" time="0.004915475845336914"><system-out>calling function function_input_custom with custom func check_valid_tuple
Error validating input [t=(0.5, &apos;AAA&apos;)] for function [my_function]. Validation function [check_valid_tuple] raised ValueError: second elt should be a lowercase string of length 3,found AAA.
</system-out></testcase><testcase classname="valid8.tests.test_validation_lib.test_validators_collections" file="valid8/tests/test_validation_lib/test_validators_collections.py" line="7" name="test_is_in" time="0.0017619132995605469"></testcase><testcase classname="valid8.tests.test_validation_lib.test_validators_collections" file="valid8/tests/test_validation_lib/test_validators_collections.py" line="15" name="test_contains" time="0.002330303192138672"></testcase><testcase classname="valid8.tests.test_validation_lib.test_validators_collections" file="valid8/tests/test_validation_lib/test_validators_collections.py" line="22" name="test_is_subset_is_superset" time="0.00310516357421875"></testcase><testcase classname="valid8.tests.test_validation_lib.test_validators_collections" file="valid8/tests/test_validation_lib/test_validators_collections.py" line="45" name="test_on_all" time="0.002455472946166992"></testcase><testcase classname="valid8.tests.test_validation_lib.test_validators_collections" file="valid8/tests/test_validation_lib/test_validators_collections.py" line="54" name="test_on_each" time="0.0022001266479492188"></testcase><testcase classname="valid8.tests.test_validation_lib.test_validators_collections" file="valid8/tests/test_validation_lib/test_validators_collections.py" line="63" name="test_haslen" time="0.0017902851104736328"></testcase><testcase classname="valid8.tests.test_validation_lib.test_validators_collections" file="valid8/tests/test_validation_lib/test_validators_collections.py" line="70" name="test_minlen" time="0.0022013187408447266"></testcase><testcase classname="valid8.tests.test_validation_lib.test_validators_collections" file="valid8/tests/test_validation_lib/test_validators_collections.py" line="77" name="test_minlens" time="0.0018515586853027344"></testcase><testcase classname="valid8.tests.test_validation_lib.test_validators_collections" file="valid8/tests/test_validation_lib/test_validators_collections.py" line="84" name="test_maxlen" time="0.0019016265869140625"></testcase><testcase classname="valid8.tests.test_validation_lib.test_validators_collections" file="valid8/tests/test_validation_lib/test_validators_collections.py" line="91" name="test_maxlens" time="0.0020360946655273438"></testcase><testcase classname="valid8.tests.test_validation_lib.test_validators_collections" file="valid8/tests/test_validation_lib/test_validators_collections.py" line="98" name="test_length_between" time="0.002064228057861328"></testcase><testcase classname="valid8.tests.test_validation_lib.test_validators_collections" file="valid8/tests/test_validation_lib/test_validators_collections.py" line="110" name="test_numpy_nan_like_lengths" time="0.002247333526611328"></testcase><testcase classname="valid8.tests.test_validation_lib.test_validators_comparables" file="valid8/tests/test_validation_lib/test_validators_comparables.py" line="5" name="test_gt" time="0.001461029052734375"></testcase><testcase classname="valid8.tests.test_validation_lib.test_validators_comparables" file="valid8/tests/test_validation_lib/test_validators_comparables.py" line="12" name="test_gts" time="0.001974821090698242"></testcase><testcase classname="valid8.tests.test_validation_lib.test_validators_comparables" file="valid8/tests/test_validation_lib/test_validators_comparables.py" line="19" name="test_lt" time="0.0014624595642089844"></testcase><testcase classname="valid8.tests.test_validation_lib.test_validators_comparables" file="valid8/tests/test_validation_lib/test_validators_comparables.py" line="26" name="test_lts" time="0.0018856525421142578"></testcase><testcase classname="valid8.tests.test_validation_lib.test_validators_comparables" file="valid8/tests/test_validation_lib/test_validators_comparables.py" line="33" name="test_between" time="0.001687765121459961"></testcase><testcase classname="valid8.tests.test_validation_lib.test_validators_comparables" file="valid8/tests/test_validation_lib/test_validators_comparables.py" line="45" name="test_numpy_nan" time="0.0021200180053710938"></testcase><testcase classname="valid8.tests.test_validation_lib.test_validators_numbers" file="valid8/tests/test_validation_lib/test_validators_numbers.py" line="5" name="test_is_even" time="0.0014774799346923828"></testcase><testcase classname="valid8.tests.test_validation_lib.test_validators_numbers" file="valid8/tests/test_validation_lib/test_validators_numbers.py" line="11" name="test_is_odd" time="0.001961231231689453"></testcase><testcase classname="valid8.tests.test_validation_lib.test_validators_numbers" file="valid8/tests/test_validation_lib/test_validators_numbers.py" line="17" name="test_is_multiple_of" time="0.0012638568878173828"></testcase><testcase classname="valid8.tests.test_validation_lib.test_validators_types" file="valid8/tests/test_validation_lib/test_validators_types.py" line="5" name="test_instance_of" time="0.003011941909790039"></testcase><testcase classname="valid8.tests.test_validation_lib.test_validators_types" file="valid8/tests/test_validation_lib/test_validators_types.py" line="31" name="test_subclass_of" time="0.001519918441772461"></testcase></testsuite>