<?xml version="1.0" encoding="utf-8"?><testsuite errors="0" failures="1" name="pytest" skips="1" tests="430" time="3.602"><testcase classname="valid8.tests.test_composition" file="valid8/tests/test_composition.py" line="6" name="test_empty_validators_list" time="0.0021932125091552734"></testcase><testcase classname="valid8.tests.test_composition" file="valid8/tests/test_composition.py" line="13" name="test_list_implicit_and" time="0.0015239715576171875"></testcase><testcase classname="valid8.tests.test_composition" file="valid8/tests/test_composition.py" line="22" name="test_not_not_all" time="0.003336668014526367"></testcase><testcase classname="valid8.tests.test_composition" file="valid8/tests/test_composition.py" line="56" name="test_validate_or" time="0.0016717910766601562"></testcase><testcase classname="valid8.tests.test_composition" file="valid8/tests/test_composition.py" line="82" name="test_validate_xor" time="0.001584768295288086"></testcase><testcase classname="valid8.tests.test_composition" file="valid8/tests/test_composition.py" line="106" name="test_validate_and" time="0.0018091201782226562"></testcase><testcase classname="valid8.tests.test_entry_points" file="valid8/tests/test_entry_points.py" line="3" name="test_validate_create_manually" time="0.0022318363189697266"></testcase><testcase classname="valid8.tests.test_entry_points_annotations" file="valid8/tests/test_entry_points_annotations.py" line="9" name="test_validate_field" time="0.003068685531616211"></testcase><testcase classname="valid8.tests.test_entry_points_annotations" file="valid8/tests/test_entry_points_annotations.py" line="55" name="test_validate_field_property" time="0.0029914379119873047"></testcase><testcase classname="valid8.tests.test_entry_points_annotations" file="valid8/tests/test_entry_points_annotations.py" line="106" name="test_validate_field_custom_type" time="0.004476308822631836"></testcase><testcase classname="valid8.tests.test_entry_points_annotations" file="valid8/tests/test_entry_points_annotations.py" line="146" name="test_validate_attr" time="0.0030515193939208984"></testcase><testcase classname="valid8.tests.test_entry_points_annotations" file="valid8/tests/test_entry_points_annotations.py" line="158" name="test_validate_arg_nominal_builtin_validators" time="0.00481414794921875"><system-out>hello
hello
</system-out></testcase><testcase classname="valid8.tests.test_entry_points_annotations" file="valid8/tests/test_entry_points_annotations.py" line="188" name="test_validate_out" time="0.0038230419158935547"></testcase><testcase classname="valid8.tests.test_entry_points_annotations" file="valid8/tests/test_entry_points_annotations.py" line="205" name="test_validate_nominal_builtin_validators" time="0.003450632095336914"><system-out>hello
hello
</system-out></testcase><testcase classname="valid8.tests.test_entry_points_annotations" file="valid8/tests/test_entry_points_annotations.py" line="235" name="test_validate_custom_validators_basic" time="0.004283905029296875"><system-out>hello
</system-out></testcase><testcase classname="valid8.tests.test_entry_points_annotations" file="valid8/tests/test_entry_points_annotations.py" line="283" name="test_validate_custom_validators_with_exception" time="0.004444599151611328"><system-out>hello
1
2
3
</system-out></testcase><testcase classname="valid8.tests.test_entry_points_annotations" file="valid8/tests/test_entry_points_annotations.py" line="336" name="test_validate_mini_lambda" time="0.002866983413696289"><system-out>Hello, john your age is 20
</system-out></testcase><testcase classname="valid8.tests.test_entry_points_annotations" file="valid8/tests/test_entry_points_annotations.py" line="349" name="test_validate_none_enforce" time="0.021488666534423828"><system-out>hello
</system-out></testcase><testcase classname="valid8.tests.test_entry_points_annotations" file="valid8/tests/test_entry_points_annotations.py" line="373" name="test_validate_none_pytypes" time="0.011159181594848633"><system-out>hello
</system-out></testcase><testcase classname="valid8.tests.test_entry_points_annotations" file="valid8/tests/test_entry_points_annotations.py" line="397" name="test_validate_none_is_allowed" time="0.002519845962524414"><system-out>hello
hello
</system-out></testcase><testcase classname="valid8.tests.test_entry_points_annotations" file="valid8/tests/test_entry_points_annotations.py" line="409" name="test_validate_name_error" time="0.0015921592712402344"></testcase><testcase classname="valid8.tests.test_entry_points_annotations" file="valid8/tests/test_entry_points_annotations.py" line="418" name="test_decorate_manually" time="0.0024831295013427734"></testcase><testcase classname="valid8.tests.test_entry_points_annotations" file="valid8/tests/test_entry_points_annotations.py" line="430" name="test_validate_tracebacks" time="0.003144979476928711"></testcase><testcase classname="valid8.tests.test_entry_points_inline" file="valid8/tests/test_entry_points_inline.py" line="12" name="test_validate_" time="0.002630949020385742"></testcase><testcase classname="valid8.tests.test_entry_points_inline" file="valid8/tests/test_entry_points_inline.py" line="39" name="test_readme_usage_validate__customization" time="0.002575397491455078"></testcase><testcase classname="valid8.tests.test_entry_points_inline" file="valid8/tests/test_entry_points_inline.py" line="74" name="test_validator_context_manager" time="0.002619504928588867"></testcase><testcase classname="valid8.tests.test_entry_points_inline" file="valid8/tests/test_entry_points_inline.py" line="105" name="test_readme_usage_validator_customization" time="0.002705097198486328"></testcase><testcase classname="valid8.tests.test_entry_points_inline" file="valid8/tests/test_entry_points_inline.py" line="142" name="test_validate_tracebacks" time="0.0023021697998046875"></testcase><testcase classname="valid8.tests.test_entry_points_inline" file="valid8/tests/test_entry_points_inline.py" line="162" name="test_typos_in_kwargs" time="0.0013353824615478516"></testcase><testcase classname="valid8.tests.test_entry_points_inline" file="valid8/tests/test_entry_points_inline.py" line="170" name="test_validate_auto_disable_display" time="0.0018346309661865234"></testcase><testcase classname="valid8.tests.test_entry_points_inline" file="valid8/tests/test_entry_points_inline.py" line="189" name="test_numpy_nan" time="0.0016684532165527344"></testcase><testcase classname="valid8.tests.test_entry_points_inline" file="valid8/tests/test_entry_points_inline.py" line="198" name="test_numpy_nan_like_lengths" time="0.001443624496459961"></testcase><testcase classname="valid8.tests.test_entry_points_inline" file="valid8/tests/test_entry_points_inline.py" line="232" name="test_function_setter_name_in_valid8_error_message" time="0.0266873836517334"></testcase><testcase classname="valid8.tests.test_entry_points_inline" file="valid8/tests/test_entry_points_inline.py" line="240" name="test_enum_isinstance" time="0.0021173954010009766"></testcase><testcase classname="valid8.tests.packaging.test_packaging" file="valid8/tests/packaging/test_packaging.py" line="21" name="test_named_import[composition_XorTooManySuccess]" time="0.0023834705352783203"></testcase><testcase classname="valid8.tests.packaging.test_packaging" file="valid8/tests/packaging/test_packaging.py" line="21" name="test_named_import[composition_AllValidatorsFailed]" time="0.0018041133880615234"></testcase><testcase classname="valid8.tests.packaging.test_packaging" file="valid8/tests/packaging/test_packaging.py" line="21" name="test_named_import[composition_failure_raiser]" time="0.0017032623291015625"></testcase><testcase classname="valid8.tests.packaging.test_packaging" file="valid8/tests/packaging/test_packaging.py" line="21" name="test_named_import[composition_xor_]" time="0.0017077922821044922"></testcase><testcase classname="valid8.tests.packaging.test_packaging" file="valid8/tests/packaging/test_packaging.py" line="21" name="test_named_import[composition_AtLeastOneFailed]" time="0.0016586780548095703"></testcase><testcase classname="valid8.tests.packaging.test_packaging" file="valid8/tests/packaging/test_packaging.py" line="21" name="test_named_import[composition_or_]" time="0.0016186237335205078"></testcase><testcase classname="valid8.tests.packaging.test_packaging" file="valid8/tests/packaging/test_packaging.py" line="21" name="test_named_import[composition_DidNotFail]" time="0.001613616943359375"></testcase><testcase classname="valid8.tests.packaging.test_packaging" file="valid8/tests/packaging/test_packaging.py" line="21" name="test_named_import[composition_and_]" time="0.0015912055969238281"></testcase><testcase classname="valid8.tests.packaging.test_packaging" file="valid8/tests/packaging/test_packaging.py" line="21" name="test_named_import[composition_fail_on_none]" time="0.0016124248504638672"></testcase><testcase classname="valid8.tests.packaging.test_packaging" file="valid8/tests/packaging/test_packaging.py" line="21" name="test_named_import[composition_not_]" time="0.0016682147979736328"></testcase><testcase classname="valid8.tests.packaging.test_packaging" file="valid8/tests/packaging/test_packaging.py" line="21" name="test_named_import[composition_not_all]" time="0.0018608570098876953"></testcase><testcase classname="valid8.tests.packaging.test_packaging" file="valid8/tests/packaging/test_packaging.py" line="21" name="test_named_import[composition_CompositionFailure]" time="0.0016143321990966797"></testcase><testcase classname="valid8.tests.packaging.test_packaging" file="valid8/tests/packaging/test_packaging.py" line="21" name="test_named_import[composition_skip_on_none]" time="0.0016188621520996094"></testcase><testcase classname="valid8.tests.packaging.test_packaging" file="valid8/tests/packaging/test_packaging.py" line="26" name="test_import_from[composition_XorTooManySuccess]" time="0.0017864704132080078"></testcase><testcase classname="valid8.tests.packaging.test_packaging" file="valid8/tests/packaging/test_packaging.py" line="26" name="test_import_from[composition_AllValidatorsFailed]" time="0.0017240047454833984"></testcase><testcase classname="valid8.tests.packaging.test_packaging" file="valid8/tests/packaging/test_packaging.py" line="26" name="test_import_from[composition_failure_raiser]" time="0.0016949176788330078"></testcase><testcase classname="valid8.tests.packaging.test_packaging" file="valid8/tests/packaging/test_packaging.py" line="26" name="test_import_from[composition_xor_]" time="0.001623392105102539"></testcase><testcase classname="valid8.tests.packaging.test_packaging" file="valid8/tests/packaging/test_packaging.py" line="26" name="test_import_from[composition_AtLeastOneFailed]" time="0.0016262531280517578"></testcase><testcase classname="valid8.tests.packaging.test_packaging" file="valid8/tests/packaging/test_packaging.py" line="26" name="test_import_from[composition_or_]" time="0.001676797866821289"></testcase><testcase classname="valid8.tests.packaging.test_packaging" file="valid8/tests/packaging/test_packaging.py" line="26" name="test_import_from[composition_DidNotFail]" time="0.001672983169555664"></testcase><testcase classname="valid8.tests.packaging.test_packaging" file="valid8/tests/packaging/test_packaging.py" line="26" name="test_import_from[composition_and_]" time="0.0016658306121826172"></testcase><testcase classname="valid8.tests.packaging.test_packaging" file="valid8/tests/packaging/test_packaging.py" line="26" name="test_import_from[composition_fail_on_none]" time="0.0018701553344726562"></testcase><testcase classname="valid8.tests.packaging.test_packaging" file="valid8/tests/packaging/test_packaging.py" line="26" name="test_import_from[composition_not_]" time="0.0016674995422363281"></testcase><testcase classname="valid8.tests.packaging.test_packaging" file="valid8/tests/packaging/test_packaging.py" line="26" name="test_import_from[composition_not_all]" time="0.001705169677734375"></testcase><testcase classname="valid8.tests.packaging.test_packaging" file="valid8/tests/packaging/test_packaging.py" line="26" name="test_import_from[composition_CompositionFailure]" time="0.0017781257629394531"></testcase><testcase classname="valid8.tests.packaging.test_packaging" file="valid8/tests/packaging/test_packaging.py" line="26" name="test_import_from[composition_skip_on_none]" time="0.001735687255859375"></testcase><testcase classname="valid8.tests.packaging.test_packaging_wildcard" file="valid8/tests/packaging/test_packaging_wildcard.py" line="3" name="test_wild_import" time="0.0013048648834228516"></testcase><testcase classname="valid8.tests.readme.test_readme_combining" file="valid8/tests/readme/test_readme_combining.py" line="7" name="test_readme_index_combining_enforce" time="0.016559839248657227"><system-out>Building house... DONE !
Building house... DONE !
</system-out></testcase><testcase classname="valid8.tests.readme.test_readme_combining" file="valid8/tests/readme/test_readme_combining.py" line="16" name="test_readme_index_combining_autoclass" time="0.00971078872680664"></testcase><testcase classname="valid8.tests.readme.test_readme_combining" file="valid8/tests/readme/test_readme_combining.py" line="48" name="test_readme_index_combining_autoclass_2" time="0.009067296981811523"></testcase><testcase classname="valid8.tests.readme.test_readme_combining" file="valid8/tests/readme/test_readme_combining.py" line="79" name="test_readme_index_combining_attrs" time="0.004994869232177734"></testcase><testcase classname="valid8.tests.readme.test_readme_combining" file="valid8/tests/readme/test_readme_combining.py" line="111" name="test_unused_pytypes" time="0.01495051383972168"><system-out>you did it !
you did it !
</system-out></testcase><testcase classname="valid8.tests.readme.test_readme_combining" file="valid8/tests/readme/test_readme_combining.py" line="140" name="test_readme_combining_checktypes" time="0.0007448196411132812"><skipped message="checktypes does not seem to work on old python versions see https://gitlab.com/yahya-abou-imran/checktypes/issues/2" type="pytest.skip">valid8/tests/readme/test_readme_combining.py:140: checktypes does not seem to work on old python versions see https://gitlab.com/yahya-abou-imran/checktypes/issues/2</skipped></testcase><testcase classname="valid8.tests.readme.test_readme_examples" file="valid8/tests/readme/test_readme_examples.py" line="7" name="test_readme_examples_4" time="0.0050470829010009766"></testcase><testcase classname="valid8.tests.readme.test_readme_index" file="valid8/tests/readme/test_readme_index.py" line="6" name="test_readme_index_usage_quick" time="0.0018115043640136719"></testcase><testcase classname="valid8.tests.readme.test_readme_index" file="valid8/tests/readme/test_readme_index.py" line="20" name="test_readme_usage_validator" time="0.006215572357177734"><failure message="AssertionError: assert &apos;Error valida... value: [1j].&apos; == &apos;Error validat... value: [1j].&apos;
  - Error validating [surface=1j]. Validation function [assert_instance_of(surf, int)] raised HasWrongType: Value should be an instance of &lt;class &apos;int&apos;&gt;. Wrong value: [1j].
  + Error validating [surface=1j]. Validation function [assert_instance_of(surf, int) ; v.alid = surf &gt; 0] raised HasWrongType: Value should be an instance of &lt;class &apos;int&apos;&gt;. Wrong value: [1j].
  ?                                                                                  ++++++++++++++++++++">def test_readme_usage_validator():
        &quot;&quot;&quot; Tests that the example under index/usage/validation works &quot;&quot;&quot;
    
        surf = -1
    
        with pytest.raises(ValidationError) as exc_info:
            with validator(&apos;surface&apos;, surf) as v:
                v.alid = surf &gt; 0 and isfinite(surf)
        e = exc_info.value
        assert str(e) == &quot;Error validating [surface=-1]: &quot; \
                         &quot;validation function [v.alid = surf &gt; 0 and isfinite(surf)] returned [False].&quot;
    
        surf = 1j
    
        with pytest.raises(ValidationError) as exc_info:
            with validator(&apos;surface&apos;, surf) as v:
                v.alid = surf &gt; 0 and isfinite(surf)
        e = exc_info.value
        assert str(e).startswith(&quot;Error validating [surface=1j]. &quot; \
                                 &quot;Validation function [v.alid = surf &gt; 0 and isfinite(surf)] raised &quot; \
                                 &quot;TypeError:&quot;)
    
        # alternate naming
        surf = -1
        with pytest.raises(ValidationError) as exc_info:
            with validator(&apos;surface&apos;, surf) as r:
                r.esults = surf &gt; 0 and isfinite(surf)
        e = exc_info.value
        assert str(e) == &quot;Error validating [surface=-1]: &quot; \
                         &quot;validation function [r.esults = surf &gt; 0 and isfinite(surf)] returned [False].&quot;
    
        # type validation
        surf = 1j
        with pytest.raises(ValidationError) as exc_info:
            with validator(&apos;surface&apos;, surf, instance_of=int) as v:
                v.alid = surf &gt; 0
        e = exc_info.value
        assert str(e) == &quot;Error validating [surface=1j]. &quot; \
                         &quot;HasWrongType: Value should be an instance of %s. Wrong value: [1j].&quot; % repr(int)
    
        from valid8 import assert_instance_of
        with pytest.raises(ValidationError) as exc_info:
            with validator(&apos;surface&apos;, surf) as v:
                assert_instance_of(surf, int)
                v.alid = surf &gt; 0
        e = exc_info.value
&gt;       assert str(e) == &quot;Error validating [surface=1j]. &quot; \
                         &quot;Validation function [assert_instance_of(surf, int) ; v.alid = surf &gt; 0] raised &quot; \
                         &quot;HasWrongType: Value should be an instance of %s. Wrong value: [1j].&quot; % repr(int)
E       AssertionError: assert &apos;Error valida... value: [1j].&apos; == &apos;Error validat... value: [1j].&apos;
E         - Error validating [surface=1j]. Validation function [assert_instance_of(surf, int)] raised HasWrongType: Value should be an instance of &lt;class &apos;int&apos;&gt;. Wrong value: [1j].
E         + Error validating [surface=1j]. Validation function [assert_instance_of(surf, int) ; v.alid = surf &gt; 0] raised HasWrongType: Value should be an instance of &lt;class &apos;int&apos;&gt;. Wrong value: [1j].
E         ?                                                                                  ++++++++++++++++++++

valid8/tests/readme/test_readme_index.py:67: AssertionError</failure></testcase><testcase classname="valid8.tests.readme.test_readme_index" file="valid8/tests/readme/test_readme_index.py" line="71" name="test_readme_usage_customization" time="0.0033817291259765625"></testcase><testcase classname="valid8.tests.readme.test_readme_index" file="valid8/tests/readme/test_readme_index.py" line="130" name="test_readme_index_usage_basic" time="0.0025675296783447266"></testcase><testcase classname="valid8.tests.readme.test_readme_index" file="valid8/tests/readme/test_readme_index.py" line="154" name="test_readme_index_usage_function" time="0.004081010818481445"><system-out>Building house... DONE !
Building house... DONE !
Building house... DONE !
</system-out></testcase><testcase classname="valid8.tests.readme.test_readme_index" file="valid8/tests/readme/test_readme_index.py" line="200" name="test_readme_index_usage_class_fields" time="0.0034646987915039062"></testcase><testcase classname="valid8.tests.readme.test_readme_index" file="valid8/tests/readme/test_readme_index.py" line="234" name="test_testing" time="0.002081632614135742"></testcase><testcase classname="valid8.tests.readme.test_readme_index" file="valid8/tests/readme/test_readme_index.py" line="249" name="test_advanced_composition" time="0.0016582012176513672"></testcase><testcase classname="valid8.tests.readme.test_readme_index" file="valid8/tests/readme/test_readme_index.py" line="268" name="test_readme_index_usage_customization" time="0.0036771297454833984"></testcase><testcase classname="valid8.tests.readme.test_readme_index" file="valid8/tests/readme/test_readme_index.py" line="327" name="test_readme_index_usage_composition" time="0.004680633544921875"></testcase><testcase classname="valid8.tests.readme.test_readme_usage" file="valid8/tests/readme/test_readme_usage.py" line="9" name="test_tutorial" time="0.0033206939697265625"></testcase><testcase classname="valid8.tests.readme.test_readme_usage" file="valid8/tests/readme/test_readme_usage.py" line="67" name="test_usage_base_validation_functions" time="0.0021524429321289062"></testcase><testcase classname="valid8.tests.readme.test_readme_usage" file="valid8/tests/readme/test_readme_usage.py" line="73" name="test_usage_ensure_valid" time="0.004347085952758789"></testcase><testcase classname="valid8.tests.readme.test_readme_usage" file="valid8/tests/readme/test_readme_usage.py" line="120" name="test_usage_is_valid" time="0.0036165714263916016"></testcase><testcase classname="valid8.tests.readme.test_readme_usage" file="valid8/tests/readme/test_readme_usage.py" line="157" name="test_usage_validators" time="0.003707408905029297"></testcase><testcase classname="valid8.tests.readme.test_readme_usage" file="valid8/tests/readme/test_readme_usage.py" line="310" name="test_usage_validate_annotation" time="0.002534627914428711"></testcase><testcase classname="valid8.tests.readme.test_readme_usage" file="valid8/tests/readme/test_readme_usage.py" line="326" name="test_usage_custom_validators" time="0.00331878662109375"></testcase><testcase classname="valid8.tests.readme.examples.test_example1" file="valid8/tests/readme/examples/test_example1.py" line="23" name="test_example_1[function_output_mini_lambda-0-True]" time="0.003141164779663086"></testcase><testcase classname="valid8.tests.readme.examples.test_example1" file="valid8/tests/readme/examples/test_example1.py" line="23" name="test_example_1[function_output_mini_lambda-100-True]" time="0.0023686885833740234"></testcase><testcase classname="valid8.tests.readme.examples.test_example1" file="valid8/tests/readme/examples/test_example1.py" line="23" name="test_example_1[function_output_mini_lambda-foo-TypeError]" time="0.003098011016845703"><system-out>Error validating output of function [my_function2]. Validation function [and(instance_of_&lt;class &apos;numbers.Integral&apos;&gt;, x &gt;= 0)] raised AtLeastOneFailed: At least one validation function failed validation for value [foo]. Successes: [] / Failures: {&quot;instance_of_&lt;class &apos;numbers.Integral&apos;&gt;&quot;: &quot;HasWrongType: Value should be an instance of &lt;class &apos;numbers.Integral&apos;&gt;. Wrong value: [foo]&quot;, &apos;x &gt;= 0&apos;: &apos;TypeError: unorderable types: str() &gt;= int()&apos;}.
</system-out></testcase><testcase classname="valid8.tests.readme.examples.test_example1" file="valid8/tests/readme/examples/test_example1.py" line="23" name="test_example_1[function_output_mini_lambda-1.0-TypeError]" time="0.003306865692138672"><system-out>Error validating output of function [my_function2]. Validation function [and(instance_of_&lt;class &apos;numbers.Integral&apos;&gt;, x &gt;= 0)] raised AtLeastOneFailed: At least one validation function failed validation for value [1.0]. Successes: [&apos;x &gt;= 0&apos;] / Failures: {&quot;instance_of_&lt;class &apos;numbers.Integral&apos;&gt;&quot;: &quot;HasWrongType: Value should be an instance of &lt;class &apos;numbers.Integral&apos;&gt;. Wrong value: [1.0]&quot;}.
</system-out></testcase><testcase classname="valid8.tests.readme.examples.test_example1" file="valid8/tests/readme/examples/test_example1.py" line="23" name="test_example_1[function_output_mini_lambda--1-ValueError]" time="0.004390716552734375"><system-out>Error validating output of function [my_function2]. Validation function [and(instance_of_&lt;class &apos;numbers.Integral&apos;&gt;, x &gt;= 0)] raised AtLeastOneFailed: At least one validation function failed validation for value [-1]. Successes: [&quot;instance_of_&lt;class &apos;numbers.Integral&apos;&gt;&quot;] / Failures: {&apos;x &gt;= 0&apos;: &apos;False&apos;}.
</system-out></testcase><testcase classname="valid8.tests.readme.examples.test_example1" file="valid8/tests/readme/examples/test_example1.py" line="23" name="test_example_1[function_input_builtin-0-True]" time="0.0025129318237304688"></testcase><testcase classname="valid8.tests.readme.examples.test_example1" file="valid8/tests/readme/examples/test_example1.py" line="23" name="test_example_1[function_input_builtin-100-True]" time="0.003448963165283203"></testcase><testcase classname="valid8.tests.readme.examples.test_example1" file="valid8/tests/readme/examples/test_example1.py" line="23" name="test_example_1[function_input_builtin-foo-TypeError]" time="0.003253936767578125"><system-out>Error validating input [x=foo] for function [my_function]. Validation function [and(instance_of_&lt;class &apos;numbers.Integral&apos;&gt;, greater_than_0)] raised AtLeastOneFailed: At least one validation function failed validation for value [foo]. Successes: [] / Failures: {&quot;instance_of_&lt;class &apos;numbers.Integral&apos;&gt;&quot;: &quot;HasWrongType: Value should be an instance of &lt;class &apos;numbers.Integral&apos;&gt;. Wrong value: [foo]&quot;, &apos;greater_than_0&apos;: &apos;TypeError: unorderable types: str() &gt;= int()&apos;}.
</system-out></testcase><testcase classname="valid8.tests.readme.examples.test_example1" file="valid8/tests/readme/examples/test_example1.py" line="23" name="test_example_1[function_input_builtin-1.0-TypeError]" time="0.003847837448120117"><system-out>Error validating input [x=1.0] for function [my_function]. Validation function [and(instance_of_&lt;class &apos;numbers.Integral&apos;&gt;, greater_than_0)] raised AtLeastOneFailed: At least one validation function failed validation for value [1.0]. Successes: [&apos;greater_than_0&apos;] / Failures: {&quot;instance_of_&lt;class &apos;numbers.Integral&apos;&gt;&quot;: &quot;HasWrongType: Value should be an instance of &lt;class &apos;numbers.Integral&apos;&gt;. Wrong value: [1.0]&quot;}.
</system-out></testcase><testcase classname="valid8.tests.readme.examples.test_example1" file="valid8/tests/readme/examples/test_example1.py" line="23" name="test_example_1[function_input_builtin--1-ValueError]" time="0.0032618045806884766"><system-out>Error validating input [x=-1] for function [my_function]. Validation function [and(instance_of_&lt;class &apos;numbers.Integral&apos;&gt;, greater_than_0)] raised AtLeastOneFailed: At least one validation function failed validation for value [-1]. Successes: [&quot;instance_of_&lt;class &apos;numbers.Integral&apos;&gt;&quot;] / Failures: {&apos;greater_than_0&apos;: &apos;TooSmall: x &gt;= 0 does not hold for x=-1. Wrong value: [-1]&apos;}.
</system-out></testcase><testcase classname="valid8.tests.readme.examples.test_example1" file="valid8/tests/readme/examples/test_example1.py" line="23" name="test_example_1[class_field_mini_lambda-0-True]" time="0.0036597251892089844"></testcase><testcase classname="valid8.tests.readme.examples.test_example1" file="valid8/tests/readme/examples/test_example1.py" line="23" name="test_example_1[class_field_mini_lambda-100-True]" time="0.0034019947052001953"></testcase><testcase classname="valid8.tests.readme.examples.test_example1" file="valid8/tests/readme/examples/test_example1.py" line="23" name="test_example_1[class_field_mini_lambda-foo-TypeError]" time="0.0037565231323242188"><system-out>Error validating field [x=foo] for class [Foo]. Validation function [and(instance_of_&lt;class &apos;numbers.Integral&apos;&gt;, x &gt;= 0)] raised AtLeastOneFailed: At least one validation function failed validation for value [foo]. Successes: [] / Failures: {&quot;instance_of_&lt;class &apos;numbers.Integral&apos;&gt;&quot;: &quot;HasWrongType: Value should be an instance of &lt;class &apos;numbers.Integral&apos;&gt;. Wrong value: [foo]&quot;, &apos;x &gt;= 0&apos;: &apos;TypeError: unorderable types: str() &gt;= int()&apos;}.
</system-out></testcase><testcase classname="valid8.tests.readme.examples.test_example1" file="valid8/tests/readme/examples/test_example1.py" line="23" name="test_example_1[class_field_mini_lambda-1.0-TypeError]" time="0.0034034252166748047"><system-out>Error validating field [x=1.0] for class [Foo]. Validation function [and(instance_of_&lt;class &apos;numbers.Integral&apos;&gt;, x &gt;= 0)] raised AtLeastOneFailed: At least one validation function failed validation for value [1.0]. Successes: [&apos;x &gt;= 0&apos;] / Failures: {&quot;instance_of_&lt;class &apos;numbers.Integral&apos;&gt;&quot;: &quot;HasWrongType: Value should be an instance of &lt;class &apos;numbers.Integral&apos;&gt;. Wrong value: [1.0]&quot;}.
</system-out></testcase><testcase classname="valid8.tests.readme.examples.test_example1" file="valid8/tests/readme/examples/test_example1.py" line="23" name="test_example_1[class_field_mini_lambda--1-ValueError]" time="0.004133701324462891"><system-out>Error validating field [x=-1] for class [Foo]. Validation function [and(instance_of_&lt;class &apos;numbers.Integral&apos;&gt;, x &gt;= 0)] raised AtLeastOneFailed: At least one validation function failed validation for value [-1]. Successes: [&quot;instance_of_&lt;class &apos;numbers.Integral&apos;&gt;&quot;] / Failures: {&apos;x &gt;= 0&apos;: &apos;False&apos;}.
</system-out></testcase><testcase classname="valid8.tests.readme.examples.test_example1" file="valid8/tests/readme/examples/test_example1.py" line="23" name="test_example_1[function_io_mini_lambda-0-True]" time="0.0032033920288085938"></testcase><testcase classname="valid8.tests.readme.examples.test_example1" file="valid8/tests/readme/examples/test_example1.py" line="23" name="test_example_1[function_io_mini_lambda-100-True]" time="0.0035028457641601562"></testcase><testcase classname="valid8.tests.readme.examples.test_example1" file="valid8/tests/readme/examples/test_example1.py" line="23" name="test_example_1[function_io_mini_lambda-foo-TypeError]" time="0.0038094520568847656"><system-out>Error validating input [x=foo] for function [my_function3]. Validation function [and(instance_of_&lt;class &apos;numbers.Integral&apos;&gt;, x &gt;= 0)] raised AtLeastOneFailed: At least one validation function failed validation for value [foo]. Successes: [] / Failures: {&quot;instance_of_&lt;class &apos;numbers.Integral&apos;&gt;&quot;: &quot;HasWrongType: Value should be an instance of &lt;class &apos;numbers.Integral&apos;&gt;. Wrong value: [foo]&quot;, &apos;x &gt;= 0&apos;: &apos;TypeError: unorderable types: str() &gt;= int()&apos;}.
</system-out></testcase><testcase classname="valid8.tests.readme.examples.test_example1" file="valid8/tests/readme/examples/test_example1.py" line="23" name="test_example_1[function_io_mini_lambda-1.0-TypeError]" time="0.002773284912109375"><system-out>Error validating input [x=1.0] for function [my_function3]. Validation function [and(instance_of_&lt;class &apos;numbers.Integral&apos;&gt;, x &gt;= 0)] raised AtLeastOneFailed: At least one validation function failed validation for value [1.0]. Successes: [&apos;x &gt;= 0&apos;] / Failures: {&quot;instance_of_&lt;class &apos;numbers.Integral&apos;&gt;&quot;: &quot;HasWrongType: Value should be an instance of &lt;class &apos;numbers.Integral&apos;&gt;. Wrong value: [1.0]&quot;}.
</system-out></testcase><testcase classname="valid8.tests.readme.examples.test_example1" file="valid8/tests/readme/examples/test_example1.py" line="23" name="test_example_1[function_io_mini_lambda--1-ValueError]" time="0.004090309143066406"><system-out>Error validating input [x=-1] for function [my_function3]. Validation function [and(instance_of_&lt;class &apos;numbers.Integral&apos;&gt;, x &gt;= 0)] raised AtLeastOneFailed: At least one validation function failed validation for value [-1]. Successes: [&quot;instance_of_&lt;class &apos;numbers.Integral&apos;&gt;&quot;] / Failures: {&apos;x &gt;= 0&apos;: &apos;False&apos;}.
</system-out></testcase><testcase classname="valid8.tests.readme.examples.test_example1" file="valid8/tests/readme/examples/test_example1.py" line="23" name="test_example_1[class_field_builtin_stdlib-0-True]" time="0.004060268402099609"></testcase><testcase classname="valid8.tests.readme.examples.test_example1" file="valid8/tests/readme/examples/test_example1.py" line="23" name="test_example_1[class_field_builtin_stdlib-100-True]" time="0.0027570724487304688"></testcase><testcase classname="valid8.tests.readme.examples.test_example1" file="valid8/tests/readme/examples/test_example1.py" line="23" name="test_example_1[class_field_builtin_stdlib-foo-TypeError]" time="0.003130197525024414"><system-out>Error validating field [x=foo] for class [Foo]. Validation function [and(instance_of_&lt;class &apos;numbers.Integral&apos;&gt;, greater_than_0)] raised AtLeastOneFailed: At least one validation function failed validation for value [foo]. Successes: [] / Failures: {&quot;instance_of_&lt;class &apos;numbers.Integral&apos;&gt;&quot;: &quot;HasWrongType: Value should be an instance of &lt;class &apos;numbers.Integral&apos;&gt;. Wrong value: [foo]&quot;, &apos;greater_than_0&apos;: &apos;TypeError: unorderable types: str() &gt;= int()&apos;}.
</system-out></testcase><testcase classname="valid8.tests.readme.examples.test_example1" file="valid8/tests/readme/examples/test_example1.py" line="23" name="test_example_1[class_field_builtin_stdlib-1.0-TypeError]" time="0.0029425621032714844"><system-out>Error validating field [x=1.0] for class [Foo]. Validation function [and(instance_of_&lt;class &apos;numbers.Integral&apos;&gt;, greater_than_0)] raised AtLeastOneFailed: At least one validation function failed validation for value [1.0]. Successes: [&apos;greater_than_0&apos;] / Failures: {&quot;instance_of_&lt;class &apos;numbers.Integral&apos;&gt;&quot;: &quot;HasWrongType: Value should be an instance of &lt;class &apos;numbers.Integral&apos;&gt;. Wrong value: [1.0]&quot;}.
</system-out></testcase><testcase classname="valid8.tests.readme.examples.test_example1" file="valid8/tests/readme/examples/test_example1.py" line="23" name="test_example_1[class_field_builtin_stdlib--1-ValueError]" time="0.0024323463439941406"><system-out>Error validating field [x=-1] for class [Foo]. Validation function [and(instance_of_&lt;class &apos;numbers.Integral&apos;&gt;, greater_than_0)] raised AtLeastOneFailed: At least one validation function failed validation for value [-1]. Successes: [&quot;instance_of_&lt;class &apos;numbers.Integral&apos;&gt;&quot;] / Failures: {&apos;greater_than_0&apos;: &apos;TooSmall: x &gt;= 0 does not hold for x=-1. Wrong value: [-1]&apos;}.
</system-out></testcase><testcase classname="valid8.tests.readme.examples.test_example1" file="valid8/tests/readme/examples/test_example1.py" line="23" name="test_example_1[function_io_builtin-0-True]" time="0.0026934146881103516"></testcase><testcase classname="valid8.tests.readme.examples.test_example1" file="valid8/tests/readme/examples/test_example1.py" line="23" name="test_example_1[function_io_builtin-100-True]" time="0.002756834030151367"></testcase><testcase classname="valid8.tests.readme.examples.test_example1" file="valid8/tests/readme/examples/test_example1.py" line="23" name="test_example_1[function_io_builtin-foo-TypeError]" time="0.004614114761352539"><system-out>Error validating input [x=foo] for function [my_function3]. Validation function [and(instance_of_&lt;class &apos;numbers.Integral&apos;&gt;, greater_than_0)] raised AtLeastOneFailed: At least one validation function failed validation for value [foo]. Successes: [] / Failures: {&quot;instance_of_&lt;class &apos;numbers.Integral&apos;&gt;&quot;: &quot;HasWrongType: Value should be an instance of &lt;class &apos;numbers.Integral&apos;&gt;. Wrong value: [foo]&quot;, &apos;greater_than_0&apos;: &apos;TypeError: unorderable types: str() &gt;= int()&apos;}.
</system-out></testcase><testcase classname="valid8.tests.readme.examples.test_example1" file="valid8/tests/readme/examples/test_example1.py" line="23" name="test_example_1[function_io_builtin-1.0-TypeError]" time="0.004093647003173828"><system-out>Error validating input [x=1.0] for function [my_function3]. Validation function [and(instance_of_&lt;class &apos;numbers.Integral&apos;&gt;, greater_than_0)] raised AtLeastOneFailed: At least one validation function failed validation for value [1.0]. Successes: [&apos;greater_than_0&apos;] / Failures: {&quot;instance_of_&lt;class &apos;numbers.Integral&apos;&gt;&quot;: &quot;HasWrongType: Value should be an instance of &lt;class &apos;numbers.Integral&apos;&gt;. Wrong value: [1.0]&quot;}.
</system-out></testcase><testcase classname="valid8.tests.readme.examples.test_example1" file="valid8/tests/readme/examples/test_example1.py" line="23" name="test_example_1[function_io_builtin--1-ValueError]" time="0.0026764869689941406"><system-out>Error validating input [x=-1] for function [my_function3]. Validation function [and(instance_of_&lt;class &apos;numbers.Integral&apos;&gt;, greater_than_0)] raised AtLeastOneFailed: At least one validation function failed validation for value [-1]. Successes: [&quot;instance_of_&lt;class &apos;numbers.Integral&apos;&gt;&quot;] / Failures: {&apos;greater_than_0&apos;: &apos;TooSmall: x &gt;= 0 does not hold for x=-1. Wrong value: [-1]&apos;}.
</system-out></testcase><testcase classname="valid8.tests.readme.examples.test_example1" file="valid8/tests/readme/examples/test_example1.py" line="23" name="test_example_1[with_validator-0-True]" time="0.002826690673828125"></testcase><testcase classname="valid8.tests.readme.examples.test_example1" file="valid8/tests/readme/examples/test_example1.py" line="23" name="test_example_1[with_validator-100-True]" time="0.001566171646118164"></testcase><testcase classname="valid8.tests.readme.examples.test_example1" file="valid8/tests/readme/examples/test_example1.py" line="23" name="test_example_1[with_validator-foo-TypeError]" time="0.002010822296142578"><system-out>Error validating [x=foo]. HasWrongType: Value should be an instance of &lt;class &apos;numbers.Integral&apos;&gt;. Wrong value: [foo].
</system-out></testcase><testcase classname="valid8.tests.readme.examples.test_example1" file="valid8/tests/readme/examples/test_example1.py" line="23" name="test_example_1[with_validator-1.0-TypeError]" time="0.0023932456970214844"><system-out>Error validating [x=1.0]. HasWrongType: Value should be an instance of &lt;class &apos;numbers.Integral&apos;&gt;. Wrong value: [1.0].
</system-out></testcase><testcase classname="valid8.tests.readme.examples.test_example1" file="valid8/tests/readme/examples/test_example1.py" line="23" name="test_example_1[with_validator--1-ValueError]" time="0.0025866031646728516"><system-out>Error validating [x=-1]: validation function [v.alid = x &gt;= 0] returned [False].
</system-out></testcase><testcase classname="valid8.tests.readme.examples.test_example1" file="valid8/tests/readme/examples/test_example1.py" line="23" name="test_example_1[function_input_mini_lambda-0-True]" time="0.0036878585815429688"></testcase><testcase classname="valid8.tests.readme.examples.test_example1" file="valid8/tests/readme/examples/test_example1.py" line="23" name="test_example_1[function_input_mini_lambda-100-True]" time="0.003412008285522461"></testcase><testcase classname="valid8.tests.readme.examples.test_example1" file="valid8/tests/readme/examples/test_example1.py" line="23" name="test_example_1[function_input_mini_lambda-foo-TypeError]" time="0.003538846969604492"><system-out>Error validating input [x=foo] for function [my_function]. Validation function [and(instance_of_&lt;class &apos;numbers.Integral&apos;&gt;, x &gt;= 0)] raised AtLeastOneFailed: At least one validation function failed validation for value [foo]. Successes: [] / Failures: {&quot;instance_of_&lt;class &apos;numbers.Integral&apos;&gt;&quot;: &quot;HasWrongType: Value should be an instance of &lt;class &apos;numbers.Integral&apos;&gt;. Wrong value: [foo]&quot;, &apos;x &gt;= 0&apos;: &apos;TypeError: unorderable types: str() &gt;= int()&apos;}.
</system-out></testcase><testcase classname="valid8.tests.readme.examples.test_example1" file="valid8/tests/readme/examples/test_example1.py" line="23" name="test_example_1[function_input_mini_lambda-1.0-TypeError]" time="0.0029916763305664062"><system-out>Error validating input [x=1.0] for function [my_function]. Validation function [and(instance_of_&lt;class &apos;numbers.Integral&apos;&gt;, x &gt;= 0)] raised AtLeastOneFailed: At least one validation function failed validation for value [1.0]. Successes: [&apos;x &gt;= 0&apos;] / Failures: {&quot;instance_of_&lt;class &apos;numbers.Integral&apos;&gt;&quot;: &quot;HasWrongType: Value should be an instance of &lt;class &apos;numbers.Integral&apos;&gt;. Wrong value: [1.0]&quot;}.
</system-out></testcase><testcase classname="valid8.tests.readme.examples.test_example1" file="valid8/tests/readme/examples/test_example1.py" line="23" name="test_example_1[function_input_mini_lambda--1-ValueError]" time="0.0038836002349853516"><system-out>Error validating input [x=-1] for function [my_function]. Validation function [and(instance_of_&lt;class &apos;numbers.Integral&apos;&gt;, x &gt;= 0)] raised AtLeastOneFailed: At least one validation function failed validation for value [-1]. Successes: [&quot;instance_of_&lt;class &apos;numbers.Integral&apos;&gt;&quot;] / Failures: {&apos;x &gt;= 0&apos;: &apos;False&apos;}.
</system-out></testcase><testcase classname="valid8.tests.readme.examples.test_example1" file="valid8/tests/readme/examples/test_example1.py" line="23" name="test_example_1[inline_validate-0-True]" time="0.0021593570709228516"></testcase><testcase classname="valid8.tests.readme.examples.test_example1" file="valid8/tests/readme/examples/test_example1.py" line="23" name="test_example_1[inline_validate-100-True]" time="0.0021953582763671875"></testcase><testcase classname="valid8.tests.readme.examples.test_example1" file="valid8/tests/readme/examples/test_example1.py" line="23" name="test_example_1[inline_validate-foo-TypeError]" time="0.0025687217712402344"><system-out>Error validating [x=foo]. HasWrongType: Value should be an instance of &lt;class &apos;numbers.Integral&apos;&gt;. Wrong value: [foo].
</system-out></testcase><testcase classname="valid8.tests.readme.examples.test_example1" file="valid8/tests/readme/examples/test_example1.py" line="23" name="test_example_1[inline_validate-1.0-TypeError]" time="0.0029134750366210938"><system-out>Error validating [x=1.0]. HasWrongType: Value should be an instance of &lt;class &apos;numbers.Integral&apos;&gt;. Wrong value: [1.0].
</system-out></testcase><testcase classname="valid8.tests.readme.examples.test_example1" file="valid8/tests/readme/examples/test_example1.py" line="23" name="test_example_1[inline_validate--1-ValueError]" time="0.0032782554626464844"><system-out>Error validating [x=-1]. TooSmall: x &gt;= 0 does not hold for x=-1. Wrong value: [-1].
</system-out></testcase><testcase classname="valid8.tests.readme.examples.test_example1" file="valid8/tests/readme/examples/test_example1.py" line="23" name="test_example_1[function_output_builtin-0-True]" time="0.0034558773040771484"></testcase><testcase classname="valid8.tests.readme.examples.test_example1" file="valid8/tests/readme/examples/test_example1.py" line="23" name="test_example_1[function_output_builtin-100-True]" time="0.002681255340576172"></testcase><testcase classname="valid8.tests.readme.examples.test_example1" file="valid8/tests/readme/examples/test_example1.py" line="23" name="test_example_1[function_output_builtin-foo-TypeError]" time="0.003475666046142578"><system-out>Error validating output of function [my_function2]. Validation function [and(instance_of_&lt;class &apos;numbers.Integral&apos;&gt;, greater_than_0)] raised AtLeastOneFailed: At least one validation function failed validation for value [foo]. Successes: [] / Failures: {&quot;instance_of_&lt;class &apos;numbers.Integral&apos;&gt;&quot;: &quot;HasWrongType: Value should be an instance of &lt;class &apos;numbers.Integral&apos;&gt;. Wrong value: [foo]&quot;, &apos;greater_than_0&apos;: &apos;TypeError: unorderable types: str() &gt;= int()&apos;}.
</system-out></testcase><testcase classname="valid8.tests.readme.examples.test_example1" file="valid8/tests/readme/examples/test_example1.py" line="23" name="test_example_1[function_output_builtin-1.0-TypeError]" time="0.0032966136932373047"><system-out>Error validating output of function [my_function2]. Validation function [and(instance_of_&lt;class &apos;numbers.Integral&apos;&gt;, greater_than_0)] raised AtLeastOneFailed: At least one validation function failed validation for value [1.0]. Successes: [&apos;greater_than_0&apos;] / Failures: {&quot;instance_of_&lt;class &apos;numbers.Integral&apos;&gt;&quot;: &quot;HasWrongType: Value should be an instance of &lt;class &apos;numbers.Integral&apos;&gt;. Wrong value: [1.0]&quot;}.
</system-out></testcase><testcase classname="valid8.tests.readme.examples.test_example1" file="valid8/tests/readme/examples/test_example1.py" line="23" name="test_example_1[function_output_builtin--1-ValueError]" time="0.0030965805053710938"><system-out>Error validating output of function [my_function2]. Validation function [and(instance_of_&lt;class &apos;numbers.Integral&apos;&gt;, greater_than_0)] raised AtLeastOneFailed: At least one validation function failed validation for value [-1]. Successes: [&quot;instance_of_&lt;class &apos;numbers.Integral&apos;&gt;&quot;] / Failures: {&apos;greater_than_0&apos;: &apos;TooSmall: x &gt;= 0 does not hold for x=-1. Wrong value: [-1]&apos;}.
</system-out></testcase><testcase classname="valid8.tests.readme.examples.test_example2" file="valid8/tests/readme/examples/test_example2.py" line="25" name="test_example_2[inline_validate_1-foo-True]" time="0.0024709701538085938"></testcase><testcase classname="valid8.tests.readme.examples.test_example2" file="valid8/tests/readme/examples/test_example2.py" line="25" name="test_example_2[inline_validate_1-foo_123-True]" time="0.0027506351470947266"></testcase><testcase classname="valid8.tests.readme.examples.test_example2" file="valid8/tests/readme/examples/test_example2.py" line="25" name="test_example_2[inline_validate_1-1.1-TypeError]" time="0.0036721229553222656"><system-out>Error validating [s=1.1]. HasWrongType: Value should be an instance of &lt;class &apos;str&apos;&gt;. Wrong value: [1.1].
</system-out></testcase><testcase classname="valid8.tests.readme.examples.test_example2" file="valid8/tests/readme/examples/test_example2.py" line="25" name="test_example_2[inline_validate_1--ValueError]" time="0.003981113433837891"><system-out>Error validating [s=&apos;&apos;]. TooShort: len(x) &gt;= 1 does not hold for x=. Wrong value: [].
</system-out></testcase><testcase classname="valid8.tests.readme.examples.test_example2" file="valid8/tests/readme/examples/test_example2.py" line="25" name="test_example_2[inline_validate_1-fOO-ValueError]" time="0.0026099681854248047"><system-out>Error validating [s=fOO]. NotEqual: x == foo does not hold for x=fOO. Wrong value: [fOO].
</system-out></testcase><testcase classname="valid8.tests.readme.examples.test_example2" file="valid8/tests/readme/examples/test_example2.py" line="25" name="test_example_2[class_field_mini_lambda-foo-True]" time="0.003860950469970703"></testcase><testcase classname="valid8.tests.readme.examples.test_example2" file="valid8/tests/readme/examples/test_example2.py" line="25" name="test_example_2[class_field_mini_lambda-foo_123-True]" time="0.0029048919677734375"></testcase><testcase classname="valid8.tests.readme.examples.test_example2" file="valid8/tests/readme/examples/test_example2.py" line="25" name="test_example_2[class_field_mini_lambda-1.1-TypeError]" time="0.005388498306274414"><system-out>Error validating field [s=1.1] for class [Foo]. Validation function [and(instance_of_&lt;class &apos;str&apos;&gt;, len(s) &gt; 0, s.islower())] raised AtLeastOneFailed: At least one validation function failed validation for value [1.1]. Successes: [] / Failures: {&quot;instance_of_&lt;class &apos;str&apos;&gt;&quot;: &quot;HasWrongType: Value should be an instance of &lt;class &apos;str&apos;&gt;. Wrong value: [1.1]&quot;, &apos;len(s) &gt; 0&apos;: &quot;TypeError: object of type &apos;float&apos; has no len()&quot;, &apos;s.islower()&apos;: &quot;AttributeError: &apos;float&apos; object has no attribute &apos;islower&apos;&quot;}.
</system-out></testcase><testcase classname="valid8.tests.readme.examples.test_example2" file="valid8/tests/readme/examples/test_example2.py" line="25" name="test_example_2[class_field_mini_lambda--ValueError]" time="0.002813577651977539"><system-out>Error validating field [s=] for class [Foo]. Validation function [and(instance_of_&lt;class &apos;str&apos;&gt;, len(s) &gt; 0, s.islower())] raised AtLeastOneFailed: At least one validation function failed validation for value []. Successes: [&quot;instance_of_&lt;class &apos;str&apos;&gt;&quot;] / Failures: {&apos;len(s) &gt; 0&apos;: &apos;False&apos;, &apos;s.islower()&apos;: &apos;False&apos;}.
</system-out></testcase><testcase classname="valid8.tests.readme.examples.test_example2" file="valid8/tests/readme/examples/test_example2.py" line="25" name="test_example_2[class_field_mini_lambda-fOO-ValueError]" time="0.002911090850830078"><system-out>Error validating field [s=fOO] for class [Foo]. Validation function [and(instance_of_&lt;class &apos;str&apos;&gt;, len(s) &gt; 0, s.islower())] raised AtLeastOneFailed: At least one validation function failed validation for value [fOO]. Successes: [&quot;instance_of_&lt;class &apos;str&apos;&gt;&quot;, &apos;len(s) &gt; 0&apos;] / Failures: {&apos;s.islower()&apos;: &apos;False&apos;}.
</system-out></testcase><testcase classname="valid8.tests.readme.examples.test_example2" file="valid8/tests/readme/examples/test_example2.py" line="25" name="test_example_2[inline_validate_2-foo-True]" time="0.0018687248229980469"></testcase><testcase classname="valid8.tests.readme.examples.test_example2" file="valid8/tests/readme/examples/test_example2.py" line="25" name="test_example_2[inline_validate_2-foo_123-True]" time="0.0017948150634765625"></testcase><testcase classname="valid8.tests.readme.examples.test_example2" file="valid8/tests/readme/examples/test_example2.py" line="25" name="test_example_2[inline_validate_2-1.1-TypeError]" time="0.0031578540802001953"><system-out>Error validating [s=1.1]. HasWrongType: Value should be an instance of &lt;class &apos;str&apos;&gt;. Wrong value: [1.1].
</system-out></testcase><testcase classname="valid8.tests.readme.examples.test_example2" file="valid8/tests/readme/examples/test_example2.py" line="25" name="test_example_2[inline_validate_2--ValueError]" time="0.006201744079589844"><system-out>Error validating [s=&apos;&apos;]. TooShort: len(x) &gt;= 1 does not hold for x=. Wrong value: [].
</system-out></testcase><testcase classname="valid8.tests.readme.examples.test_example2" file="valid8/tests/readme/examples/test_example2.py" line="25" name="test_example_2[inline_validate_2-fOO-ValueError]" time="0.0028929710388183594"><system-out>Error validating [s=fOO]: validation function [islower] returned [False].
</system-out></testcase><testcase classname="valid8.tests.readme.examples.test_example2" file="valid8/tests/readme/examples/test_example2.py" line="25" name="test_example_2[class_field_builtin_stdlib-foo-True]" time="0.0028307437896728516"></testcase><testcase classname="valid8.tests.readme.examples.test_example2" file="valid8/tests/readme/examples/test_example2.py" line="25" name="test_example_2[class_field_builtin_stdlib-foo_123-True]" time="0.002660989761352539"></testcase><testcase classname="valid8.tests.readme.examples.test_example2" file="valid8/tests/readme/examples/test_example2.py" line="25" name="test_example_2[class_field_builtin_stdlib-1.1-TypeError]" time="0.0030722618103027344"><system-out>Error validating field [s=1.1] for class [Foo]. Validation function [and(instance_of_&lt;class &apos;str&apos;&gt;, length_greater_than_1, islower)] raised AtLeastOneFailed: At least one validation function failed validation for value [1.1]. Successes: [] / Failures: {&quot;instance_of_&lt;class &apos;str&apos;&gt;&quot;: &quot;HasWrongType: Value should be an instance of &lt;class &apos;str&apos;&gt;. Wrong value: [1.1]&quot;, &apos;length_greater_than_1&apos;: &quot;TypeError: object of type &apos;float&apos; has no len()&quot;, &apos;islower&apos;: &quot;TypeError: descriptor &apos;islower&apos; requires a &apos;str&apos; object but received a &apos;float&apos;&quot;}.
</system-out></testcase><testcase classname="valid8.tests.readme.examples.test_example2" file="valid8/tests/readme/examples/test_example2.py" line="25" name="test_example_2[class_field_builtin_stdlib--ValueError]" time="0.004551410675048828"><system-out>Error validating field [s=] for class [Foo]. Validation function [and(instance_of_&lt;class &apos;str&apos;&gt;, length_greater_than_1, islower)] raised AtLeastOneFailed: At least one validation function failed validation for value []. Successes: [&quot;instance_of_&lt;class &apos;str&apos;&gt;&quot;] / Failures: {&apos;length_greater_than_1&apos;: &apos;TooShort: len(x) &gt;= 1 does not hold for x=. Wrong value: []&apos;, &apos;islower&apos;: &apos;False&apos;}.
</system-out></testcase><testcase classname="valid8.tests.readme.examples.test_example2" file="valid8/tests/readme/examples/test_example2.py" line="25" name="test_example_2[class_field_builtin_stdlib-fOO-ValueError]" time="0.0029425621032714844"><system-out>Error validating field [s=fOO] for class [Foo]. Validation function [and(instance_of_&lt;class &apos;str&apos;&gt;, length_greater_than_1, islower)] raised AtLeastOneFailed: At least one validation function failed validation for value [fOO]. Successes: [&quot;instance_of_&lt;class &apos;str&apos;&gt;&quot;, &apos;length_greater_than_1&apos;] / Failures: {&apos;islower&apos;: &apos;False&apos;}.
</system-out></testcase><testcase classname="valid8.tests.readme.examples.test_example2" file="valid8/tests/readme/examples/test_example2.py" line="25" name="test_example_2[function_input_builtin_stdlib-foo-True]" time="0.002648591995239258"></testcase><testcase classname="valid8.tests.readme.examples.test_example2" file="valid8/tests/readme/examples/test_example2.py" line="25" name="test_example_2[function_input_builtin_stdlib-foo_123-True]" time="0.0025272369384765625"></testcase><testcase classname="valid8.tests.readme.examples.test_example2" file="valid8/tests/readme/examples/test_example2.py" line="25" name="test_example_2[function_input_builtin_stdlib-1.1-TypeError]" time="0.004775285720825195"><system-out>Error validating input [s=1.1] for function [my_function]. Validation function [and(instance_of_&lt;class &apos;str&apos;&gt;, length_greater_than_1, islower)] raised AtLeastOneFailed: At least one validation function failed validation for value [1.1]. Successes: [] / Failures: {&quot;instance_of_&lt;class &apos;str&apos;&gt;&quot;: &quot;HasWrongType: Value should be an instance of &lt;class &apos;str&apos;&gt;. Wrong value: [1.1]&quot;, &apos;length_greater_than_1&apos;: &quot;TypeError: object of type &apos;float&apos; has no len()&quot;, &apos;islower&apos;: &quot;TypeError: descriptor &apos;islower&apos; requires a &apos;str&apos; object but received a &apos;float&apos;&quot;}.
</system-out></testcase><testcase classname="valid8.tests.readme.examples.test_example2" file="valid8/tests/readme/examples/test_example2.py" line="25" name="test_example_2[function_input_builtin_stdlib--ValueError]" time="0.0033617019653320312"><system-out>Error validating input [s=&apos;&apos;] for function [my_function]. Validation function [and(instance_of_&lt;class &apos;str&apos;&gt;, length_greater_than_1, islower)] raised AtLeastOneFailed: At least one validation function failed validation for value []. Successes: [&quot;instance_of_&lt;class &apos;str&apos;&gt;&quot;] / Failures: {&apos;length_greater_than_1&apos;: &apos;TooShort: len(x) &gt;= 1 does not hold for x=. Wrong value: []&apos;, &apos;islower&apos;: &apos;False&apos;}.
</system-out></testcase><testcase classname="valid8.tests.readme.examples.test_example2" file="valid8/tests/readme/examples/test_example2.py" line="25" name="test_example_2[function_input_builtin_stdlib-fOO-ValueError]" time="0.002940654754638672"><system-out>Error validating input [s=fOO] for function [my_function]. Validation function [and(instance_of_&lt;class &apos;str&apos;&gt;, length_greater_than_1, islower)] raised AtLeastOneFailed: At least one validation function failed validation for value [fOO]. Successes: [&quot;instance_of_&lt;class &apos;str&apos;&gt;&quot;, &apos;length_greater_than_1&apos;] / Failures: {&apos;islower&apos;: &apos;False&apos;}.
</system-out></testcase><testcase classname="valid8.tests.readme.examples.test_example2" file="valid8/tests/readme/examples/test_example2.py" line="25" name="test_example_2[function_input_mini_lambda-foo-True]" time="0.004040241241455078"></testcase><testcase classname="valid8.tests.readme.examples.test_example2" file="valid8/tests/readme/examples/test_example2.py" line="25" name="test_example_2[function_input_mini_lambda-foo_123-True]" time="0.0028085708618164062"></testcase><testcase classname="valid8.tests.readme.examples.test_example2" file="valid8/tests/readme/examples/test_example2.py" line="25" name="test_example_2[function_input_mini_lambda-1.1-TypeError]" time="0.0034542083740234375"><system-out>Error validating input [s=1.1] for function [my_function]. Validation function [and(instance_of_&lt;class &apos;str&apos;&gt;, len(s) &gt; 0, s.islower())] raised AtLeastOneFailed: At least one validation function failed validation for value [1.1]. Successes: [] / Failures: {&quot;instance_of_&lt;class &apos;str&apos;&gt;&quot;: &quot;HasWrongType: Value should be an instance of &lt;class &apos;str&apos;&gt;. Wrong value: [1.1]&quot;, &apos;len(s) &gt; 0&apos;: &quot;TypeError: object of type &apos;float&apos; has no len()&quot;, &apos;s.islower()&apos;: &quot;AttributeError: &apos;float&apos; object has no attribute &apos;islower&apos;&quot;}.
</system-out></testcase><testcase classname="valid8.tests.readme.examples.test_example2" file="valid8/tests/readme/examples/test_example2.py" line="25" name="test_example_2[function_input_mini_lambda--ValueError]" time="0.003049612045288086"><system-out>Error validating input [s=&apos;&apos;] for function [my_function]. Validation function [and(instance_of_&lt;class &apos;str&apos;&gt;, len(s) &gt; 0, s.islower())] raised AtLeastOneFailed: At least one validation function failed validation for value []. Successes: [&quot;instance_of_&lt;class &apos;str&apos;&gt;&quot;] / Failures: {&apos;len(s) &gt; 0&apos;: &apos;False&apos;, &apos;s.islower()&apos;: &apos;False&apos;}.
</system-out></testcase><testcase classname="valid8.tests.readme.examples.test_example2" file="valid8/tests/readme/examples/test_example2.py" line="25" name="test_example_2[function_input_mini_lambda-fOO-ValueError]" time="0.0030405521392822266"><system-out>Error validating input [s=fOO] for function [my_function]. Validation function [and(instance_of_&lt;class &apos;str&apos;&gt;, len(s) &gt; 0, s.islower())] raised AtLeastOneFailed: At least one validation function failed validation for value [fOO]. Successes: [&quot;instance_of_&lt;class &apos;str&apos;&gt;&quot;, &apos;len(s) &gt; 0&apos;] / Failures: {&apos;s.islower()&apos;: &apos;False&apos;}.
</system-out></testcase><testcase classname="valid8.tests.readme.examples.test_example2" file="valid8/tests/readme/examples/test_example2.py" line="25" name="test_example_2[inline_validate_3-foo-True]" time="0.002583026885986328"></testcase><testcase classname="valid8.tests.readme.examples.test_example2" file="valid8/tests/readme/examples/test_example2.py" line="25" name="test_example_2[inline_validate_3-foo_123-True]" time="0.0029327869415283203"></testcase><testcase classname="valid8.tests.readme.examples.test_example2" file="valid8/tests/readme/examples/test_example2.py" line="25" name="test_example_2[inline_validate_3-1.1-TypeError]" time="0.0026962757110595703"><system-out>Error validating [s=1.1]. HasWrongType: Value should be an instance of &lt;class &apos;str&apos;&gt;. Wrong value: [1.1].
</system-out></testcase><testcase classname="valid8.tests.readme.examples.test_example2" file="valid8/tests/readme/examples/test_example2.py" line="25" name="test_example_2[inline_validate_3--ValueError]" time="0.0027451515197753906"><system-out>Error validating [s=&apos;&apos;]. TooShort: len(x) &gt;= 1 does not hold for x=. Wrong value: [].
</system-out></testcase><testcase classname="valid8.tests.readme.examples.test_example2" file="valid8/tests/readme/examples/test_example2.py" line="25" name="test_example_2[inline_validate_3-fOO-ValueError]" time="0.0030138492584228516"><system-out>Error validating [s=fOO]: validation function [txt.islower()] returned [False].
</system-out></testcase><testcase classname="valid8.tests.readme.examples.test_example2" file="valid8/tests/readme/examples/test_example2.py" line="25" name="test_example_2[with_validator-foo-True]" time="0.0025911331176757812"></testcase><testcase classname="valid8.tests.readme.examples.test_example2" file="valid8/tests/readme/examples/test_example2.py" line="25" name="test_example_2[with_validator-foo_123-True]" time="0.0026721954345703125"></testcase><testcase classname="valid8.tests.readme.examples.test_example2" file="valid8/tests/readme/examples/test_example2.py" line="25" name="test_example_2[with_validator-1.1-TypeError]" time="0.0033409595489501953"><system-out>Error validating [s=1.1]. HasWrongType: Value should be an instance of &lt;class &apos;str&apos;&gt;. Wrong value: [1.1].
</system-out></testcase><testcase classname="valid8.tests.readme.examples.test_example2" file="valid8/tests/readme/examples/test_example2.py" line="25" name="test_example_2[with_validator--ValueError]" time="0.004003286361694336"><system-out>Error validating [s=&apos;&apos;]: validation function [v.alid = (len(s) &gt; 0) and s.islower()] returned [False].
</system-out></testcase><testcase classname="valid8.tests.readme.examples.test_example2" file="valid8/tests/readme/examples/test_example2.py" line="25" name="test_example_2[with_validator-fOO-ValueError]" time="0.003153085708618164"><system-out>Error validating [s=fOO]: validation function [v.alid = (len(s) &gt; 0) and s.islower()] returned [False].
</system-out></testcase><testcase classname="valid8.tests.readme.examples.test_example2" file="valid8/tests/readme/examples/test_example2.py" line="46" name="test_example_2_regexp[foo@bar.com-True]" time="0.002615690231323242"></testcase><testcase classname="valid8.tests.readme.examples.test_example2" file="valid8/tests/readme/examples/test_example2.py" line="46" name="test_example_2_regexp[a@a@s-ValueError]" time="0.002897024154663086"><system-out>Error validating [s=a@a@s]: validation function [&lt;lambda&gt;] returned [False].
</system-out></testcase><testcase classname="valid8.tests.readme.examples.test_example3" file="valid8/tests/readme/examples/test_example3.py" line="49" name="test_example_3[function_input_custom_ex3_is_valid_tuple_pep-(0.2, &apos;foo&apos;)-True]" time="0.007005214691162109"><system-out>calling function function_input_custom with custom func ex3_is_valid_tuple_pep
</system-out></testcase><testcase classname="valid8.tests.readme.examples.test_example3" file="valid8/tests/readme/examples/test_example3.py" line="49" name="test_example_3[function_input_custom_ex3_is_valid_tuple_pep-(1.0, &apos;abc&apos;)-True]" time="0.006197214126586914"><system-out>calling function function_input_custom with custom func ex3_is_valid_tuple_pep
</system-out></testcase><testcase classname="valid8.tests.readme.examples.test_example3" file="valid8/tests/readme/examples/test_example3.py" line="49" name="test_example_3[function_input_custom_ex3_is_valid_tuple_pep-(0, &apos;foo&apos;)-True]" time="0.007366180419921875"><system-out>calling function function_input_custom with custom func ex3_is_valid_tuple_pep
</system-out></testcase><testcase classname="valid8.tests.readme.examples.test_example3" file="valid8/tests/readme/examples/test_example3.py" line="49" name="test_example_3[function_input_custom_ex3_is_valid_tuple_pep-1.1-&lt;class &apos;TypeError&apos;&gt;]" time="0.007711172103881836"><system-out>calling function function_input_custom with custom func ex3_is_valid_tuple_pep
Error validating input [t=1.1] for function [my_function]. Validation function [ex3_is_valid_tuple_pep] raised InputTypeError: 
  valid8.tests.readme.examples._tests_pep484.ex3_is_valid_tuple_pep
  called with incompatible types:
Expected: Tuple[Tuple[Real, str]]
Received: Tuple[float].
</system-out></testcase><testcase classname="valid8.tests.readme.examples.test_example3" file="valid8/tests/readme/examples/test_example3.py" line="49" name="test_example_3[function_input_custom_ex3_is_valid_tuple_pep-(0.2, &apos;foo&apos;, True)-&lt;class &apos;ValueError&apos;&gt;]" time="0.007177591323852539"><system-out>calling function function_input_custom with custom func ex3_is_valid_tuple_pep
Error validating input [t=(0.2, &apos;foo&apos;, True)] for function [my_function]. Validation function [ex3_is_valid_tuple_pep] raised InputTypeError: 
  valid8.tests.readme.examples._tests_pep484.ex3_is_valid_tuple_pep
  called with incompatible types:
Expected: Tuple[Tuple[Real, str]]
Received: Tuple[Tuple[float, str, bool]].
</system-out></testcase><testcase classname="valid8.tests.readme.examples.test_example3" file="valid8/tests/readme/examples/test_example3.py" line="49" name="test_example_3[function_input_custom_ex3_is_valid_tuple_pep-(&apos;1.0&apos;, &apos;foo&apos;)-&lt;class &apos;TypeError&apos;&gt;]" time="0.007638692855834961"><system-out>calling function function_input_custom with custom func ex3_is_valid_tuple_pep
Error validating input [t=(&apos;1.0&apos;, &apos;foo&apos;)] for function [my_function]. Validation function [ex3_is_valid_tuple_pep] raised InputTypeError: 
  valid8.tests.readme.examples._tests_pep484.ex3_is_valid_tuple_pep
  called with incompatible types:
Expected: Tuple[Tuple[Real, str]]
Received: Tuple[Tuple[str, str]].
</system-out></testcase><testcase classname="valid8.tests.readme.examples.test_example3" file="valid8/tests/readme/examples/test_example3.py" line="49" name="test_example_3[function_input_custom_ex3_is_valid_tuple_pep-(1.1, &apos;foo&apos;)-&lt;class &apos;ValueError&apos;&gt;]" time="0.007414340972900391"><system-out>calling function function_input_custom with custom func ex3_is_valid_tuple_pep
Error validating input [t=(1.1, &apos;foo&apos;)] for function [my_function]: validation function [ex3_is_valid_tuple_pep] returned [False].
</system-out></testcase><testcase classname="valid8.tests.readme.examples.test_example3" file="valid8/tests/readme/examples/test_example3.py" line="49" name="test_example_3[function_input_custom_ex3_is_valid_tuple_pep-(1.0, False)-&lt;class &apos;TypeError&apos;&gt;]" time="0.007191658020019531"><system-out>calling function function_input_custom with custom func ex3_is_valid_tuple_pep
Error validating input [t=(1.0, False)] for function [my_function]. Validation function [ex3_is_valid_tuple_pep] raised InputTypeError: 
  valid8.tests.readme.examples._tests_pep484.ex3_is_valid_tuple_pep
  called with incompatible types:
Expected: Tuple[Tuple[Real, str]]
Received: Tuple[Tuple[float, bool]].
</system-out></testcase><testcase classname="valid8.tests.readme.examples.test_example3" file="valid8/tests/readme/examples/test_example3.py" line="49" name="test_example_3[function_input_custom_ex3_is_valid_tuple_pep-(0.5, &apos;a&apos;)-&lt;class &apos;ValueError&apos;&gt;]" time="0.006597280502319336"><system-out>calling function function_input_custom with custom func ex3_is_valid_tuple_pep
Error validating input [t=(0.5, &apos;a&apos;)] for function [my_function]: validation function [ex3_is_valid_tuple_pep] returned [False].
</system-out></testcase><testcase classname="valid8.tests.readme.examples.test_example3" file="valid8/tests/readme/examples/test_example3.py" line="49" name="test_example_3[function_input_custom_ex3_is_valid_tuple_pep-(0.5, &apos;AAA&apos;)-&lt;class &apos;ValueError&apos;&gt;]" time="0.005471467971801758"><system-out>calling function function_input_custom with custom func ex3_is_valid_tuple_pep
Error validating input [t=(0.5, &apos;AAA&apos;)] for function [my_function]: validation function [ex3_is_valid_tuple_pep] returned [False].
</system-out></testcase><testcase classname="valid8.tests.readme.examples.test_example3" file="valid8/tests/readme/examples/test_example3.py" line="49" name="test_example_3[function_input_custom_is_valid_tuple-(0.2, &apos;foo&apos;)-True]" time="0.0030634403228759766"><system-out>calling function function_input_custom with custom func is_valid_tuple
</system-out></testcase><testcase classname="valid8.tests.readme.examples.test_example3" file="valid8/tests/readme/examples/test_example3.py" line="49" name="test_example_3[function_input_custom_is_valid_tuple-(1.0, &apos;abc&apos;)-True]" time="0.0026650428771972656"><system-out>calling function function_input_custom with custom func is_valid_tuple
</system-out></testcase><testcase classname="valid8.tests.readme.examples.test_example3" file="valid8/tests/readme/examples/test_example3.py" line="49" name="test_example_3[function_input_custom_is_valid_tuple-(0, &apos;foo&apos;)-True]" time="0.0028667449951171875"><system-out>calling function function_input_custom with custom func is_valid_tuple
</system-out></testcase><testcase classname="valid8.tests.readme.examples.test_example3" file="valid8/tests/readme/examples/test_example3.py" line="49" name="test_example_3[function_input_custom_is_valid_tuple-1.1-&lt;class &apos;TypeError&apos;&gt;]" time="0.004285097122192383"><system-out>calling function function_input_custom with custom func is_valid_tuple
Error validating input [t=1.1] for function [my_function]. Validation function [is_valid_tuple] raised HasWrongType: Value should be an instance of &lt;class &apos;tuple&apos;&gt;. Wrong value: [1.1].
</system-out></testcase><testcase classname="valid8.tests.readme.examples.test_example3" file="valid8/tests/readme/examples/test_example3.py" line="49" name="test_example_3[function_input_custom_is_valid_tuple-(0.2, &apos;foo&apos;, True)-&lt;class &apos;ValueError&apos;&gt;]" time="0.00410771369934082"><system-out>calling function function_input_custom with custom func is_valid_tuple
Error validating input [t=(0.2, &apos;foo&apos;, True)] for function [my_function]: validation function [is_valid_tuple] returned [False].
</system-out></testcase><testcase classname="valid8.tests.readme.examples.test_example3" file="valid8/tests/readme/examples/test_example3.py" line="49" name="test_example_3[function_input_custom_is_valid_tuple-(&apos;1.0&apos;, &apos;foo&apos;)-&lt;class &apos;TypeError&apos;&gt;]" time="0.004997730255126953"><system-out>calling function function_input_custom with custom func is_valid_tuple
Error validating input [t=(&apos;1.0&apos;, &apos;foo&apos;)] for function [my_function]. Validation function [is_valid_tuple] raised HasWrongType: Value should be an instance of &lt;class &apos;numbers.Real&apos;&gt;. Wrong value: [1.0].
</system-out></testcase><testcase classname="valid8.tests.readme.examples.test_example3" file="valid8/tests/readme/examples/test_example3.py" line="49" name="test_example_3[function_input_custom_is_valid_tuple-(1.1, &apos;foo&apos;)-&lt;class &apos;ValueError&apos;&gt;]" time="0.0041539669036865234"><system-out>calling function function_input_custom with custom func is_valid_tuple
Error validating input [t=(1.1, &apos;foo&apos;)] for function [my_function]: validation function [is_valid_tuple] returned [False].
</system-out></testcase><testcase classname="valid8.tests.readme.examples.test_example3" file="valid8/tests/readme/examples/test_example3.py" line="49" name="test_example_3[function_input_custom_is_valid_tuple-(1.0, False)-&lt;class &apos;TypeError&apos;&gt;]" time="0.004418134689331055"><system-out>calling function function_input_custom with custom func is_valid_tuple
Error validating input [t=(1.0, False)] for function [my_function]. Validation function [is_valid_tuple] raised HasWrongType: Value should be an instance of &lt;class &apos;str&apos;&gt;. Wrong value: [False].
</system-out></testcase><testcase classname="valid8.tests.readme.examples.test_example3" file="valid8/tests/readme/examples/test_example3.py" line="49" name="test_example_3[function_input_custom_is_valid_tuple-(0.5, &apos;a&apos;)-&lt;class &apos;ValueError&apos;&gt;]" time="0.00421142578125"><system-out>calling function function_input_custom with custom func is_valid_tuple
Error validating input [t=(0.5, &apos;a&apos;)] for function [my_function]: validation function [is_valid_tuple] returned [False].
</system-out></testcase><testcase classname="valid8.tests.readme.examples.test_example3" file="valid8/tests/readme/examples/test_example3.py" line="49" name="test_example_3[function_input_custom_is_valid_tuple-(0.5, &apos;AAA&apos;)-&lt;class &apos;ValueError&apos;&gt;]" time="0.004152774810791016"><system-out>calling function function_input_custom with custom func is_valid_tuple
Error validating input [t=(0.5, &apos;AAA&apos;)] for function [my_function]: validation function [is_valid_tuple] returned [False].
</system-out></testcase><testcase classname="valid8.tests.readme.examples.test_example3" file="valid8/tests/readme/examples/test_example3.py" line="49" name="test_example_3[function_input_custom_check_valid_tuple-(0.2, &apos;foo&apos;)-True]" time="0.004437923431396484"><system-out>calling function function_input_custom with custom func check_valid_tuple
</system-out></testcase><testcase classname="valid8.tests.readme.examples.test_example3" file="valid8/tests/readme/examples/test_example3.py" line="49" name="test_example_3[function_input_custom_check_valid_tuple-(1.0, &apos;abc&apos;)-True]" time="0.0037469863891601562"><system-out>calling function function_input_custom with custom func check_valid_tuple
</system-out></testcase><testcase classname="valid8.tests.readme.examples.test_example3" file="valid8/tests/readme/examples/test_example3.py" line="49" name="test_example_3[function_input_custom_check_valid_tuple-(0, &apos;foo&apos;)-True]" time="0.00472569465637207"><system-out>calling function function_input_custom with custom func check_valid_tuple
</system-out></testcase><testcase classname="valid8.tests.readme.examples.test_example3" file="valid8/tests/readme/examples/test_example3.py" line="49" name="test_example_3[function_input_custom_check_valid_tuple-1.1-&lt;class &apos;TypeError&apos;&gt;]" time="0.004458189010620117"><system-out>calling function function_input_custom with custom func check_valid_tuple
Error validating input [t=1.1] for function [my_function]. Validation function [check_valid_tuple] raised TypeError: item should be a tuple.
</system-out></testcase><testcase classname="valid8.tests.readme.examples.test_example3" file="valid8/tests/readme/examples/test_example3.py" line="49" name="test_example_3[function_input_custom_check_valid_tuple-(0.2, &apos;foo&apos;, True)-&lt;class &apos;ValueError&apos;&gt;]" time="0.004483699798583984"><system-out>calling function function_input_custom with custom func check_valid_tuple
Error validating input [t=(0.2, &apos;foo&apos;, True)] for function [my_function]. Validation function [check_valid_tuple] raised ValueError: tuple length should be 2, found (0.2, &apos;foo&apos;, True).
</system-out></testcase><testcase classname="valid8.tests.readme.examples.test_example3" file="valid8/tests/readme/examples/test_example3.py" line="49" name="test_example_3[function_input_custom_check_valid_tuple-(&apos;1.0&apos;, &apos;foo&apos;)-&lt;class &apos;TypeError&apos;&gt;]" time="0.004270076751708984"><system-out>calling function function_input_custom with custom func check_valid_tuple
Error validating input [t=(&apos;1.0&apos;, &apos;foo&apos;)] for function [my_function]. Validation function [check_valid_tuple] raised TypeError: first elt should be a Real, found 1.0.
</system-out></testcase><testcase classname="valid8.tests.readme.examples.test_example3" file="valid8/tests/readme/examples/test_example3.py" line="49" name="test_example_3[function_input_custom_check_valid_tuple-(1.1, &apos;foo&apos;)-&lt;class &apos;ValueError&apos;&gt;]" time="0.004450082778930664"><system-out>calling function function_input_custom with custom func check_valid_tuple
Error validating input [t=(1.1, &apos;foo&apos;)] for function [my_function]. Validation function [check_valid_tuple] raised ValueError: first elt should be between 0 and 1,found 1.1.
</system-out></testcase><testcase classname="valid8.tests.readme.examples.test_example3" file="valid8/tests/readme/examples/test_example3.py" line="49" name="test_example_3[function_input_custom_check_valid_tuple-(1.0, False)-&lt;class &apos;TypeError&apos;&gt;]" time="0.004648447036743164"><system-out>calling function function_input_custom with custom func check_valid_tuple
Error validating input [t=(1.0, False)] for function [my_function]. Validation function [check_valid_tuple] raised TypeError: second elt should be a string, found False.
</system-out></testcase><testcase classname="valid8.tests.readme.examples.test_example3" file="valid8/tests/readme/examples/test_example3.py" line="49" name="test_example_3[function_input_custom_check_valid_tuple-(0.5, &apos;a&apos;)-&lt;class &apos;ValueError&apos;&gt;]" time="0.004172086715698242"><system-out>calling function function_input_custom with custom func check_valid_tuple
Error validating input [t=(0.5, &apos;a&apos;)] for function [my_function]. Validation function [check_valid_tuple] raised ValueError: second elt should be a lowercase string of length 3,found a.
</system-out></testcase><testcase classname="valid8.tests.readme.examples.test_example3" file="valid8/tests/readme/examples/test_example3.py" line="49" name="test_example_3[function_input_custom_check_valid_tuple-(0.5, &apos;AAA&apos;)-&lt;class &apos;ValueError&apos;&gt;]" time="0.004311323165893555"><system-out>calling function function_input_custom with custom func check_valid_tuple
Error validating input [t=(0.5, &apos;AAA&apos;)] for function [my_function]. Validation function [check_valid_tuple] raised ValueError: second elt should be a lowercase string of length 3,found AAA.
</system-out></testcase><testcase classname="valid8.tests.readme.examples.test_example3" file="valid8/tests/readme/examples/test_example3.py" line="49" name="test_example_3[function_input_custom_ex3_check_valid_tuple_pep-(0.2, &apos;foo&apos;)-True]" time="0.00547480583190918"><system-out>calling function function_input_custom with custom func ex3_check_valid_tuple_pep
</system-out></testcase><testcase classname="valid8.tests.readme.examples.test_example3" file="valid8/tests/readme/examples/test_example3.py" line="49" name="test_example_3[function_input_custom_ex3_check_valid_tuple_pep-(1.0, &apos;abc&apos;)-True]" time="0.006189584732055664"><system-out>calling function function_input_custom with custom func ex3_check_valid_tuple_pep
[...]
</system-out></testcase><testcase classname="valid8.tests.readme.examples.test_example3" file="valid8/tests/readme/examples/test_example3.py" line="49" name="test_example_3[inline_validator_custom_ex3_is_valid_tuple_pep_boolean-(0.2, &apos;foo&apos;)-True]" time="0.0048427581787109375"><system-out>calling function inline_validator_custom_boolean with custom func ex3_is_valid_tuple_pep
</system-out></testcase><testcase classname="valid8.tests.readme.examples.test_example3" file="valid8/tests/readme/examples/test_example3.py" line="49" name="test_example_3[inline_validator_custom_ex3_is_valid_tuple_pep_boolean-(1.0, &apos;abc&apos;)-True]" time="0.004120826721191406"><system-out>calling function inline_validator_custom_boolean with custom func ex3_is_valid_tuple_pep
</system-out></testcase><testcase classname="valid8.tests.readme.examples.test_example3" file="valid8/tests/readme/examples/test_example3.py" line="49" name="test_example_3[inline_validator_custom_ex3_is_valid_tuple_pep_boolean-(0, &apos;foo&apos;)-True]" time="0.004407405853271484"><system-out>calling function inline_validator_custom_boolean with custom func ex3_is_valid_tuple_pep
</system-out></testcase><testcase classname="valid8.tests.readme.examples.test_example3" file="valid8/tests/readme/examples/test_example3.py" line="49" name="test_example_3[inline_validator_custom_ex3_is_valid_tuple_pep_boolean-1.1-&lt;class &apos;TypeError&apos;&gt;]" time="0.005040884017944336"><system-out>calling function inline_validator_custom_boolean with custom func ex3_is_valid_tuple_pep
Error validating [t=1.1]. Validation function [v.alid = custom(t)] raised InputTypeError: 
  valid8.tests.readme.examples._tests_pep484.ex3_is_valid_tuple_pep
  called with incompatible types:
Expected: Tuple[Tuple[Real, str]]
Received: Tuple[float].
</system-out></testcase><testcase classname="valid8.tests.readme.examples.test_example3" file="valid8/tests/readme/examples/test_example3.py" line="49" name="test_example_3[inline_validator_custom_ex3_is_valid_tuple_pep_boolean-(0.2, &apos;foo&apos;, True)-&lt;class &apos;ValueError&apos;&gt;]" time="0.005695343017578125"><system-out>calling function inline_validator_custom_boolean with custom func ex3_is_valid_tuple_pep
Error validating [t=(0.2, &apos;foo&apos;, True)]. Validation function [v.alid = custom(t)] raised InputTypeError: 
  valid8.tests.readme.examples._tests_pep484.ex3_is_valid_tuple_pep
  called with incompatible types:
Expected: Tuple[Tuple[Real, str]]
Received: Tuple[Tuple[float, str, bool]].
</system-out></testcase><testcase classname="valid8.tests.readme.examples.test_example3" file="valid8/tests/readme/examples/test_example3.py" line="49" name="test_example_3[inline_validator_custom_ex3_is_valid_tuple_pep_boolean-(&apos;1.0&apos;, &apos;foo&apos;)-&lt;class &apos;TypeError&apos;&gt;]" time="0.005492210388183594"><system-out>calling function inline_validator_custom_boolean with custom func ex3_is_valid_tuple_pep
Error validating [t=(&apos;1.0&apos;, &apos;foo&apos;)]. Validation function [v.alid = custom(t)] raised InputTypeError: 
  valid8.tests.readme.examples._tests_pep484.ex3_is_valid_tuple_pep
  called with incompatible types:
Expected: Tuple[Tuple[Real, str]]
Received: Tuple[Tuple[str, str]].
</system-out></testcase><testcase classname="valid8.tests.readme.examples.test_example3" file="valid8/tests/readme/examples/test_example3.py" line="49" name="test_example_3[inline_validator_custom_ex3_is_valid_tuple_pep_boolean-(1.1, &apos;foo&apos;)-&lt;class &apos;ValueError&apos;&gt;]" time="0.005322933197021484"><system-out>calling function inline_validator_custom_boolean with custom func ex3_is_valid_tuple_pep
Error validating [t=(1.1, &apos;foo&apos;)]: validation function [v.alid = custom(t)] returned [False].
</system-out></testcase><testcase classname="valid8.tests.readme.examples.test_example3" file="valid8/tests/readme/examples/test_example3.py" line="49" name="test_example_3[inline_validator_custom_ex3_is_valid_tuple_pep_boolean-(1.0, False)-&lt;class &apos;TypeError&apos;&gt;]" time="0.005730152130126953"><system-out>calling function inline_validator_custom_boolean with custom func ex3_is_valid_tuple_pep
Error validating [t=(1.0, False)]. Validation function [v.alid = custom(t)] raised InputTypeError: 
  valid8.tests.readme.examples._tests_pep484.ex3_is_valid_tuple_pep
  called with incompatible types:
Expected: Tuple[Tuple[Real, str]]
Received: Tuple[Tuple[float, bool]].
</system-out></testcase><testcase classname="valid8.tests.readme.examples.test_example3" file="valid8/tests/readme/examples/test_example3.py" line="49" name="test_example_3[inline_validator_custom_ex3_is_valid_tuple_pep_boolean-(0.5, &apos;a&apos;)-&lt;class &apos;ValueError&apos;&gt;]" time="0.005095481872558594"><system-out>calling function inline_validator_custom_boolean with custom func ex3_is_valid_tuple_pep
Error validating [t=(0.5, &apos;a&apos;)]: validation function [v.alid = custom(t)] returned [False].
</system-out></testcase><testcase classname="valid8.tests.readme.examples.test_example3" file="valid8/tests/readme/examples/test_example3.py" line="49" name="test_example_3[inline_validator_custom_ex3_is_valid_tuple_pep_boolean-(0.5, &apos;AAA&apos;)-&lt;class &apos;ValueError&apos;&gt;]" time="0.005154132843017578"><system-out>calling function inline_validator_custom_boolean with custom func ex3_is_valid_tuple_pep
Error validating [t=(0.5, &apos;AAA&apos;)]: validation function [v.alid = custom(t)] returned [False].
</system-out></testcase><testcase classname="valid8.tests.readme.examples.test_example3" file="valid8/tests/readme/examples/test_example3.py" line="49" name="test_example_3[inline_validator_custom_is_valid_tuple_boolean-(0.2, &apos;foo&apos;)-True]" time="0.0024199485778808594"><system-out>calling function inline_validator_custom_boolean with custom func is_valid_tuple
</system-out></testcase><testcase classname="valid8.tests.readme.examples.test_example3" file="valid8/tests/readme/examples/test_example3.py" line="49" name="test_example_3[inline_validator_custom_is_valid_tuple_boolean-(1.0, &apos;abc&apos;)-True]" time="0.0029609203338623047"><system-out>calling function inline_validator_custom_boolean with custom func is_valid_tuple
</system-out></testcase><testcase classname="valid8.tests.readme.examples.test_example3" file="valid8/tests/readme/examples/test_example3.py" line="49" name="test_example_3[inline_validator_custom_is_valid_tuple_boolean-(0, &apos;foo&apos;)-True]" time="0.0016644001007080078"><system-out>calling function inline_validator_custom_boolean with custom func is_valid_tuple
</system-out></testcase><testcase classname="valid8.tests.readme.examples.test_example3" file="valid8/tests/readme/examples/test_example3.py" line="49" name="test_example_3[inline_validator_custom_is_valid_tuple_boolean-1.1-&lt;class &apos;TypeError&apos;&gt;]" time="0.0019805431365966797"><system-out>calling function inline_validator_custom_boolean with custom func is_valid_tuple
Error validating [t=1.1]. Validation function [v.alid = custom(t)] raised HasWrongType: Value should be an instance of &lt;class &apos;tuple&apos;&gt;. Wrong value: [1.1].
</system-out></testcase><testcase classname="valid8.tests.readme.examples.test_example3" file="valid8/tests/readme/examples/test_example3.py" line="49" name="test_example_3[inline_validator_custom_is_valid_tuple_boolean-(0.2, &apos;foo&apos;, True)-&lt;class &apos;ValueError&apos;&gt;]" time="0.0028171539306640625"><system-out>calling function inline_validator_custom_boolean with custom func is_valid_tuple
Error validating [t=(0.2, &apos;foo&apos;, True)]: validation function [v.alid = custom(t)] returned [False].
</system-out></testcase><testcase classname="valid8.tests.readme.examples.test_example3" file="valid8/tests/readme/examples/test_example3.py" line="49" name="test_example_3[inline_validator_custom_is_valid_tuple_boolean-(&apos;1.0&apos;, &apos;foo&apos;)-&lt;class &apos;TypeError&apos;&gt;]" time="0.0028226375579833984"><system-out>calling function inline_validator_custom_boolean with custom func is_valid_tuple
Error validating [t=(&apos;1.0&apos;, &apos;foo&apos;)]. Validation function [v.alid = custom(t)] raised HasWrongType: Value should be an instance of &lt;class &apos;numbers.Real&apos;&gt;. Wrong value: [1.0].
</system-out></testcase><testcase classname="valid8.tests.readme.examples.test_example3" file="valid8/tests/readme/examples/test_example3.py" line="49" name="test_example_3[inline_validator_custom_is_valid_tuple_boolean-(1.1, &apos;foo&apos;)-&lt;class &apos;ValueError&apos;&gt;]" time="0.002780914306640625"><system-out>calling function inline_validator_custom_boolean with custom func is_valid_tuple
Error validating [t=(1.1, &apos;foo&apos;)]: validation function [v.alid = custom(t)] returned [False].
</system-out></testcase><testcase classname="valid8.tests.readme.examples.test_example3" file="valid8/tests/readme/examples/test_example3.py" line="49" name="test_example_3[inline_validator_custom_is_valid_tuple_boolean-(1.0, False)-&lt;class &apos;TypeError&apos;&gt;]" time="0.003401041030883789"><system-out>calling function inline_validator_custom_boolean with custom func is_valid_tuple
Error validating [t=(1.0, False)]. Validation function [v.alid = custom(t)] raised HasWrongType: Value should be an instance of &lt;class &apos;str&apos;&gt;. Wrong value: [False].
</system-out></testcase><testcase classname="valid8.tests.readme.examples.test_example3" file="valid8/tests/readme/examples/test_example3.py" line="49" name="test_example_3[inline_validator_custom_is_valid_tuple_boolean-(0.5, &apos;a&apos;)-&lt;class &apos;ValueError&apos;&gt;]" time="0.002677440643310547"><system-out>calling function inline_validator_custom_boolean with custom func is_valid_tuple
Error validating [t=(0.5, &apos;a&apos;)]: validation function [v.alid = custom(t)] returned [False].
</system-out></testcase><testcase classname="valid8.tests.readme.examples.test_example3" file="valid8/tests/readme/examples/test_example3.py" line="49" name="test_example_3[inline_validator_custom_is_valid_tuple_boolean-(0.5, &apos;AAA&apos;)-&lt;class &apos;ValueError&apos;&gt;]" time="0.002759218215942383"><system-out>calling function inline_validator_custom_boolean with custom func is_valid_tuple
Error validating [t=(0.5, &apos;AAA&apos;)]: validation function [v.alid = custom(t)] returned [False].
</system-out></testcase><testcase classname="valid8.tests.readme.examples.test_example3" file="valid8/tests/readme/examples/test_example3.py" line="49" name="test_example_3[with_validator_boolean_tester-(0.2, &apos;foo&apos;)-True]" time="0.002421140670776367"></testcase><testcase classname="valid8.tests.readme.examples.test_example3" file="valid8/tests/readme/examples/test_example3.py" line="49" name="test_example_3[with_validator_boolean_tester-(1.0, &apos;abc&apos;)-True]" time="0.002315998077392578"></testcase><testcase classname="valid8.tests.readme.examples.test_example3" file="valid8/tests/readme/examples/test_example3.py" line="49" name="test_example_3[with_validator_boolean_tester-(0, &apos;foo&apos;)-True]" time="0.002239704132080078"></testcase><testcase classname="valid8.tests.readme.examples.test_example3" file="valid8/tests/readme/examples/test_example3.py" line="49" name="test_example_3[with_validator_boolean_tester-1.1-&lt;class &apos;TypeError&apos;&gt;]" time="0.0026803016662597656"><system-out>Error validating [t=1.1]. HasWrongType: Value should be an instance of &lt;class &apos;tuple&apos;&gt;. Wrong value: [1.1].
</system-out></testcase><testcase classname="valid8.tests.readme.examples.test_example3" file="valid8/tests/readme/examples/test_example3.py" line="49" name="test_example_3[with_validator_boolean_tester-(0.2, &apos;foo&apos;, True)-&lt;class &apos;ValueError&apos;&gt;]" time="0.002659320831298828"><system-out>Error validating [t=(0.2, &apos;foo&apos;, True)]: validation function [v.alid = len(t) == 2 \] returned [False].
</system-out></testcase><testcase classname="valid8.tests.readme.examples.test_example3" file="valid8/tests/readme/examples/test_example3.py" line="49" name="test_example_3[with_validator_boolean_tester-(&apos;1.0&apos;, &apos;foo&apos;)-&lt;class &apos;TypeError&apos;&gt;]" time="0.002836465835571289"><system-out>Error validating [t=(&apos;1.0&apos;, &apos;foo&apos;)]. Validation function [v.alid = len(t) == 2 \ ; and instance_of(t[0], Real) and (0 &lt;= t[0] &lt;= 1) \] raised HasWrongType: Value should be an instance of &lt;class &apos;numbers.Real&apos;&gt;. Wrong value: [1.0].
</system-out></testcase><testcase classname="valid8.tests.readme.examples.test_example3" file="valid8/tests/readme/examples/test_example3.py" line="49" name="test_example_3[with_validator_boolean_tester-(1.1, &apos;foo&apos;)-&lt;class &apos;ValueError&apos;&gt;]" time="0.002726316452026367"><system-out>Error validating [t=(1.1, &apos;foo&apos;)]: validation function [v.alid = len(t) == 2 \ ; and instance_of(t[0], Real) and (0 &lt;= t[0] &lt;= 1) \] returned [False].
</system-out></testcase><testcase classname="valid8.tests.readme.examples.test_example3" file="valid8/tests/readme/examples/test_example3.py" line="49" name="test_example_3[with_validator_boolean_tester-(1.0, False)-&lt;class &apos;TypeError&apos;&gt;]" time="0.002835512161254883"><system-out>Error validating [t=(1.0, False)]. Validation function [v.alid = len(t) == 2 \ ; and instance_of(t[0], Real) and (0 &lt;= t[0] &lt;= 1) \ ; and instance_of(t[1], str) and len(t[1]) == 3 and t[1].islower()] raised HasWrongType: Value should be an instance of &lt;class &apos;str&apos;&gt;. Wrong value: [False].
</system-out></testcase><testcase classname="valid8.tests.readme.examples.test_example3" file="valid8/tests/readme/examples/test_example3.py" line="49" name="test_example_3[with_validator_boolean_tester-(0.5, &apos;a&apos;)-&lt;class &apos;ValueError&apos;&gt;]" time="0.0026454925537109375"><system-out>Error validating [t=(0.5, &apos;a&apos;)]: validation function [v.alid = len(t) == 2 \ ; and instance_of(t[0], Real) and (0 &lt;= t[0] &lt;= 1) \ ; and instance_of(t[1], str) and len(t[1]) == 3 and t[1].islower()] returned [False].
</system-out></testcase><testcase classname="valid8.tests.readme.examples.test_example3" file="valid8/tests/readme/examples/test_example3.py" line="49" name="test_example_3[with_validator_boolean_tester-(0.5, &apos;AAA&apos;)-&lt;class &apos;ValueError&apos;&gt;]" time="0.002893686294555664"><system-out>Error validating [t=(0.5, &apos;AAA&apos;)]: validation function [v.alid = len(t) == 2 \ ; and instance_of(t[0], Real) and (0 &lt;= t[0] &lt;= 1) \ ; and instance_of(t[1], str) and len(t[1]) == 3 and t[1].islower()] returned [False].
</system-out></testcase><testcase classname="valid8.tests.validation_lib.test_validators_collections" file="valid8/tests/validation_lib/test_validators_collections.py" line="7" name="test_is_in" time="0.002280712127685547"></testcase><testcase classname="valid8.tests.validation_lib.test_validators_collections" file="valid8/tests/validation_lib/test_validators_collections.py" line="15" name="test_contains" time="0.0013344287872314453"></testcase><testcase classname="valid8.tests.validation_lib.test_validators_collections" file="valid8/tests/validation_lib/test_validators_collections.py" line="22" name="test_is_subset_is_superset" time="0.0019867420196533203"></testcase><testcase classname="valid8.tests.validation_lib.test_validators_collections" file="valid8/tests/validation_lib/test_validators_collections.py" line="45" name="test_on_all" time="0.0016455650329589844"></testcase><testcase classname="valid8.tests.validation_lib.test_validators_collections" file="valid8/tests/validation_lib/test_validators_collections.py" line="54" name="test_on_each" time="0.0019223690032958984"></testcase><testcase classname="valid8.tests.validation_lib.test_validators_collections" file="valid8/tests/validation_lib/test_validators_collections.py" line="63" name="test_haslen" time="0.001375436782836914"></testcase><testcase classname="valid8.tests.validation_lib.test_validators_collections" file="valid8/tests/validation_lib/test_validators_collections.py" line="70" name="test_minlen" time="0.0007789134979248047"></testcase><testcase classname="valid8.tests.validation_lib.test_validators_collections" file="valid8/tests/validation_lib/test_validators_collections.py" line="77" name="test_minlens" time="0.001718282699584961"></testcase><testcase classname="valid8.tests.validation_lib.test_validators_collections" file="valid8/tests/validation_lib/test_validators_collections.py" line="84" name="test_maxlen" time="0.002526998519897461"></testcase><testcase classname="valid8.tests.validation_lib.test_validators_collections" file="valid8/tests/validation_lib/test_validators_collections.py" line="91" name="test_maxlens" time="0.0017685890197753906"></testcase><testcase classname="valid8.tests.validation_lib.test_validators_collections" file="valid8/tests/validation_lib/test_validators_collections.py" line="98" name="test_length_between" time="0.0015971660614013672"></testcase><testcase classname="valid8.tests.validation_lib.test_validators_collections" file="valid8/tests/validation_lib/test_validators_collections.py" line="110" name="test_numpy_nan_like_lengths" time="0.0019598007202148438"></testcase><testcase classname="valid8.tests.validation_lib.test_validators_comparables" file="valid8/tests/validation_lib/test_validators_comparables.py" line="5" name="test_gt" time="0.002022266387939453"></testcase><testcase classname="valid8.tests.validation_lib.test_validators_comparables" file="valid8/tests/validation_lib/test_validators_comparables.py" line="12" name="test_gts" time="0.0019419193267822266"></testcase><testcase classname="valid8.tests.validation_lib.test_validators_comparables" file="valid8/tests/validation_lib/test_validators_comparables.py" line="19" name="test_lt" time="0.0016283988952636719"></testcase><testcase classname="valid8.tests.validation_lib.test_validators_comparables" file="valid8/tests/validation_lib/test_validators_comparables.py" line="26" name="test_lts" time="0.0017673969268798828"></testcase><testcase classname="valid8.tests.validation_lib.test_validators_comparables" file="valid8/tests/validation_lib/test_validators_comparables.py" line="33" name="test_between" time="0.0016074180603027344"></testcase><testcase classname="valid8.tests.validation_lib.test_validators_comparables" file="valid8/tests/validation_lib/test_validators_comparables.py" line="45" name="test_numpy_nan" time="0.0016541481018066406"></testcase><testcase classname="valid8.tests.validation_lib.test_validators_numbers" file="valid8/tests/validation_lib/test_validators_numbers.py" line="5" name="test_is_even" time="0.0018897056579589844"></testcase><testcase classname="valid8.tests.validation_lib.test_validators_numbers" file="valid8/tests/validation_lib/test_validators_numbers.py" line="11" name="test_is_odd" time="0.0014972686767578125"></testcase><testcase classname="valid8.tests.validation_lib.test_validators_numbers" file="valid8/tests/validation_lib/test_validators_numbers.py" line="17" name="test_is_multiple_of" time="0.00173187255859375"></testcase><testcase classname="valid8.tests.validation_lib.test_validators_types" file="valid8/tests/validation_lib/test_validators_types.py" line="5" name="test_instance_of" time="0.0021085739135742188"></testcase><testcase classname="valid8.tests.validation_lib.test_validators_types" file="valid8/tests/validation_lib/test_validators_types.py" line="31" name="test_subclass_of" time="0.0020551681518554688"></testcase></testsuite>