<?xml version="1.0" encoding="utf-8"?><testsuite errors="0" failures="1" name="pytest" skips="0" tests="413" time="5.860"><testcase classname="valid8.tests.test_composition" file="valid8/tests/test_composition.py" line="6" name="test_empty_validators_list" time="0.0064737796783447266"></testcase><testcase classname="valid8.tests.test_composition" file="valid8/tests/test_composition.py" line="13" name="test_list_implicit_and" time="0.001878499984741211"></testcase><testcase classname="valid8.tests.test_composition" file="valid8/tests/test_composition.py" line="22" name="test_not_not_all" time="0.0027489662170410156"></testcase><testcase classname="valid8.tests.test_composition" file="valid8/tests/test_composition.py" line="56" name="test_validate_or" time="0.0019059181213378906"></testcase><testcase classname="valid8.tests.test_composition" file="valid8/tests/test_composition.py" line="82" name="test_validate_xor" time="0.0014171600341796875"></testcase><testcase classname="valid8.tests.test_composition" file="valid8/tests/test_composition.py" line="106" name="test_validate_and" time="0.0019118785858154297"></testcase><testcase classname="valid8.tests.test_entry_points_annotations" file="valid8/tests/test_entry_points_annotations.py" line="8" name="test_validate_field" time="0.0043790340423583984"></testcase><testcase classname="valid8.tests.test_entry_points_annotations" file="valid8/tests/test_entry_points_annotations.py" line="53" name="test_validate_field_property" time="0.0029327869415283203"></testcase><testcase classname="valid8.tests.test_entry_points_annotations" file="valid8/tests/test_entry_points_annotations.py" line="103" name="test_validate_field_custom_type" time="0.004060268402099609"></testcase><testcase classname="valid8.tests.test_entry_points_annotations" file="valid8/tests/test_entry_points_annotations.py" line="142" name="test_validate_attr" time="0.0029785633087158203"></testcase><testcase classname="valid8.tests.test_entry_points_annotations" file="valid8/tests/test_entry_points_annotations.py" line="154" name="test_validate_arg_nominal_builtin_validators" time="0.004143476486206055"><system-out>hello
hello
</system-out></testcase><testcase classname="valid8.tests.test_entry_points_annotations" file="valid8/tests/test_entry_points_annotations.py" line="184" name="test_validate_out" time="0.004064798355102539"></testcase><testcase classname="valid8.tests.test_entry_points_annotations" file="valid8/tests/test_entry_points_annotations.py" line="201" name="test_validate_nominal_builtin_validators" time="0.004724025726318359"><system-out>hello
hello
</system-out></testcase><testcase classname="valid8.tests.test_entry_points_annotations" file="valid8/tests/test_entry_points_annotations.py" line="231" name="test_validate_custom_validators_basic" time="0.005105257034301758"><system-out>hello
</system-out></testcase><testcase classname="valid8.tests.test_entry_points_annotations" file="valid8/tests/test_entry_points_annotations.py" line="279" name="test_validate_custom_validators_with_exception" time="0.003432750701904297"><system-out>hello
1
2
3
</system-out></testcase><testcase classname="valid8.tests.test_entry_points_annotations" file="valid8/tests/test_entry_points_annotations.py" line="332" name="test_validate_mini_lambda" time="0.002863168716430664"><system-out>Hello, john your age is 20
</system-out></testcase><testcase classname="valid8.tests.test_entry_points_annotations" file="valid8/tests/test_entry_points_annotations.py" line="345" name="test_validate_none_enforce" time="0.0069010257720947266"><system-out>hello
</system-out></testcase><testcase classname="valid8.tests.test_entry_points_annotations" file="valid8/tests/test_entry_points_annotations.py" line="366" name="test_validate_none_pytypes" time="0.013072729110717773"><system-out>hello
</system-out></testcase><testcase classname="valid8.tests.test_entry_points_annotations" file="valid8/tests/test_entry_points_annotations.py" line="387" name="test_validate_none_is_allowed" time="0.001941680908203125"><system-out>hello
hello
</system-out></testcase><testcase classname="valid8.tests.test_entry_points_annotations" file="valid8/tests/test_entry_points_annotations.py" line="399" name="test_validate_name_error" time="0.0015978813171386719"></testcase><testcase classname="valid8.tests.test_entry_points_annotations" file="valid8/tests/test_entry_points_annotations.py" line="408" name="test_decorate_manually" time="0.0021250247955322266"></testcase><testcase classname="valid8.tests.test_entry_points_annotations" file="valid8/tests/test_entry_points_annotations.py" line="420" name="test_validate_tracebacks" time="0.002968311309814453"></testcase><testcase classname="valid8.tests.test_entry_points_inline" file="valid8/tests/test_entry_points_inline.py" line="4" name="test_validate_" time="0.002756357192993164"></testcase><testcase classname="valid8.tests.test_entry_points_inline" file="valid8/tests/test_entry_points_inline.py" line="30" name="test_readme_usage_validate__customization" time="0.002041339874267578"></testcase><testcase classname="valid8.tests.test_entry_points_inline" file="valid8/tests/test_entry_points_inline.py" line="68" name="test_wrap_valid" time="0.007775545120239258"><failure message="assert &apos;Error valida...ex() &gt; int().&apos; == &quot;Error validat...x&apos; and &apos;int&apos;.&quot;
  - Error validating [surface=1j]. Validation function [v.alid = surf &gt; 0 and isfinite(surf)] raised TypeError: unorderable types: complex() &gt; int().
  ?                                                                                                             ^     ^ ^^^^^^^  ^^       ^^^^^   ^^
  + Error validating [surface=1j]. Validation function [v.alid = surf &gt; 0 and isfinite(surf)] raised TypeError: &apos;&gt;&apos; not supported between instances of &apos;complex&apos; and &apos;int&apos;.
  ?                                                                                                             ^^^^  +++++++ ++ ++ ^^^^^^^^^^ ^^  ^^^^^       ^^^^^^^   ^">def test_wrap_valid():
        &quot;&quot;&quot; Tests the validation context manager &quot;&quot;&quot;
    
        from valid8 import wrap_valid
        from math import isfinite
    
        # nominal
        surf = 2
        with wrap_valid(&apos;surface&apos;, surf) as v:
            v.alid = surf &gt; 0 and isfinite(surf)
    
        # wrong value (no inner exception)
        surf = -1
        with pytest.raises(ValidationError) as exc_info:
            with wrap_valid(&apos;surface&apos;, surf) as v:
                v.alid = surf &gt; 0 and isfinite(surf)
        e = exc_info.value
        assert str(e) == &quot;Error validating [surface=-1]: &quot; \
                         &quot;validation function [v.alid = surf &gt; 0 and isfinite(surf)] returned [False].&quot;
    
        # wrong type (inner exception)
        with pytest.raises(ValidationError) as exc_info:
            surf = 1j
            with wrap_valid(&apos;surface&apos;, surf) as v:
                v.alid = surf &gt; 0 and isfinite(surf)
        e = exc_info.value
&gt;       assert str(e) == &quot;Error validating [surface=1j]. &quot; \
                         &quot;Validation function [v.alid = surf &gt; 0 and isfinite(surf)] raised &quot; \
                         &quot;TypeError: &apos;&gt;&apos; not supported between instances of &apos;complex&apos; and &apos;int&apos;.&quot;
E       assert &apos;Error valida...ex() &gt; int().&apos; == &quot;Error validat...x&apos; and &apos;int&apos;.&quot;
E         - Error validating [surface=1j]. Validation function [v.alid = surf &gt; 0 and isfinite(surf)] raised TypeError: unorderable types: complex() &gt; int().
E         ?                                                                                                             ^     ^ ^^^^^^^  ^^       ^^^^^   ^^
E         + Error validating [surface=1j]. Validation function [v.alid = surf &gt; 0 and isfinite(surf)] raised TypeError: &apos;&gt;&apos; not supported between instances of &apos;complex&apos; and &apos;int&apos;.
E         ?                                                                                                             ^^^^  +++++++ ++ ++ ^^^^^^^^^^ ^^  ^^^^^       ^^^^^^^   ^

valid8/tests/test_entry_points_inline.py:95: AssertionError</failure></testcase><testcase classname="valid8.tests.test_entry_points_inline" file="valid8/tests/test_entry_points_inline.py" line="99" name="test_readme_usage_wrap_valid_customization" time="0.004041910171508789"></testcase><testcase classname="valid8.tests.test_entry_points_inline" file="valid8/tests/test_entry_points_inline.py" line="139" name="test_validate_tracebacks" time="0.00212860107421875"></testcase><testcase classname="valid8.tests.test_readme_combining" file="valid8/tests/test_readme_combining.py" line="7" name="test_readme_index_combining_enforce" time="0.008606433868408203"><system-out>Building house... DONE !
Building house... DONE !
</system-out></testcase><testcase classname="valid8.tests.test_readme_combining" file="valid8/tests/test_readme_combining.py" line="50" name="test_readme_index_combining_autoclass" time="0.011225223541259766"></testcase><testcase classname="valid8.tests.test_readme_combining" file="valid8/tests/test_readme_combining.py" line="82" name="test_readme_index_combining_autoclass_2" time="0.005839347839355469"></testcase><testcase classname="valid8.tests.test_readme_combining" file="valid8/tests/test_readme_combining.py" line="113" name="test_readme_index_combining_attrs" time="0.006134748458862305"></testcase><testcase classname="valid8.tests.test_readme_combining" file="valid8/tests/test_readme_combining.py" line="145" name="test_unused_pytypes" time="0.013078927993774414"><system-out>you did it !
you did it !
</system-out></testcase><testcase classname="valid8.tests.test_readme_examples" file="valid8/tests/test_readme_examples.py" line="7" name="test_readme_examples_4" time="0.004877328872680664"></testcase><testcase classname="valid8.tests.test_readme_index" file="valid8/tests/test_readme_index.py" line="9" name="test_readme_index_usage_quick" time="0.002810955047607422"></testcase><testcase classname="valid8.tests.test_readme_index" file="valid8/tests/test_readme_index.py" line="23" name="test_readme_usage_wrap_valid" time="0.0053253173828125"></testcase><testcase classname="valid8.tests.test_readme_index" file="valid8/tests/test_readme_index.py" line="77" name="test_readme_usage_customization" time="0.0042307376861572266"></testcase><testcase classname="valid8.tests.test_readme_index" file="valid8/tests/test_readme_index.py" line="141" name="test_readme_index_usage_basic" time="0.0023882389068603516"></testcase><testcase classname="valid8.tests.test_readme_index" file="valid8/tests/test_readme_index.py" line="165" name="test_readme_index_usage_function" time="0.004643917083740234"><system-out>Building house... DONE !
Building house... DONE !
Building house... DONE !
</system-out></testcase><testcase classname="valid8.tests.test_readme_index" file="valid8/tests/test_readme_index.py" line="210" name="test_readme_index_usage_class_fields" time="0.0032913684844970703"></testcase><testcase classname="valid8.tests.test_readme_index" file="valid8/tests/test_readme_index.py" line="244" name="test_testing" time="0.00183868408203125"></testcase><testcase classname="valid8.tests.test_readme_index" file="valid8/tests/test_readme_index.py" line="259" name="test_advanced_composition" time="0.0024063587188720703"></testcase><testcase classname="valid8.tests.test_readme_index" file="valid8/tests/test_readme_index.py" line="278" name="test_readme_index_usage_customization" time="0.002703428268432617"></testcase><testcase classname="valid8.tests.test_readme_index" file="valid8/tests/test_readme_index.py" line="337" name="test_readme_index_usage_composition" time="0.0035724639892578125"></testcase><testcase classname="valid8.tests.test_readme_usage" file="valid8/tests/test_readme_usage.py" line="8" name="test_tutorial" time="0.003019094467163086"></testcase><testcase classname="valid8.tests.test_readme_usage" file="valid8/tests/test_readme_usage.py" line="68" name="test_usage_base_validation_functions" time="0.0015079975128173828"></testcase><testcase classname="valid8.tests.test_readme_usage" file="valid8/tests/test_readme_usage.py" line="74" name="test_usage_ensure_valid" time="0.003320932388305664"></testcase><testcase classname="valid8.tests.test_readme_usage" file="valid8/tests/test_readme_usage.py" line="124" name="test_usage_is_valid" time="0.0031881332397460938"></testcase><testcase classname="valid8.tests.test_readme_usage" file="valid8/tests/test_readme_usage.py" line="164" name="test_usage_validators" time="0.00558018684387207"></testcase><testcase classname="valid8.tests.test_readme_usage" file="valid8/tests/test_readme_usage.py" line="321" name="test_usage_validate_annotation" time="0.003392934799194336"></testcase><testcase classname="valid8.tests.test_readme_usage" file="valid8/tests/test_readme_usage.py" line="338" name="test_usage_custom_validators" time="0.0039980411529541016"></testcase><testcase classname="valid8.tests.test_readme_examples.test_example1" file="valid8/tests/test_readme_examples/test_example1.py" line="133" name="test_example_1[function_output_builtin-0-True]" time="0.004686117172241211"></testcase><testcase classname="valid8.tests.test_readme_examples.test_example1" file="valid8/tests/test_readme_examples/test_example1.py" line="133" name="test_example_1[function_output_builtin-100-True]" time="0.004035234451293945"></testcase><testcase classname="valid8.tests.test_readme_examples.test_example1" file="valid8/tests/test_readme_examples/test_example1.py" line="133" name="test_example_1[function_output_builtin-foo-TypeError]" time="0.004904508590698242"><system-out>Error validating output of function [my_function2]. Validation function [and(instance_of_&lt;class &apos;numbers.Integral&apos;&gt;, greater_than_0)] raised AtLeastOneFailed: At least one validation function failed validation for value [foo]. Successes: [] / Failures: {&quot;instance_of_&lt;class &apos;numbers.Integral&apos;&gt;&quot;: &quot;HasWrongType: Value should be an instance of &lt;class &apos;numbers.Integral&apos;&gt;. Wrong value: [foo]&quot;, &apos;greater_than_0&apos;: &apos;TypeError: unorderable types: str() &gt;= int()&apos;}.
</system-out></testcase><testcase classname="valid8.tests.test_readme_examples.test_example1" file="valid8/tests/test_readme_examples/test_example1.py" line="133" name="test_example_1[function_output_builtin-1.0-TypeError]" time="0.0036444664001464844"><system-out>Error validating output of function [my_function2]. Validation function [and(instance_of_&lt;class &apos;numbers.Integral&apos;&gt;, greater_than_0)] raised AtLeastOneFailed: At least one validation function failed validation for value [1.0]. Successes: [&apos;greater_than_0&apos;] / Failures: {&quot;instance_of_&lt;class &apos;numbers.Integral&apos;&gt;&quot;: &quot;HasWrongType: Value should be an instance of &lt;class &apos;numbers.Integral&apos;&gt;. Wrong value: [1.0]&quot;}.
</system-out></testcase><testcase classname="valid8.tests.test_readme_examples.test_example1" file="valid8/tests/test_readme_examples/test_example1.py" line="133" name="test_example_1[function_output_builtin--1-ValueError]" time="0.004652261734008789"><system-out>Error validating output of function [my_function2]. Validation function [and(instance_of_&lt;class &apos;numbers.Integral&apos;&gt;, greater_than_0)] raised AtLeastOneFailed: At least one validation function failed validation for value [-1]. Successes: [&quot;instance_of_&lt;class &apos;numbers.Integral&apos;&gt;&quot;] / Failures: {&apos;greater_than_0&apos;: &apos;TooSmall: x &gt;= 0 does not hold for x=-1. Wrong value: [-1]&apos;}.
</system-out></testcase><testcase classname="valid8.tests.test_readme_examples.test_example1" file="valid8/tests/test_readme_examples/test_example1.py" line="133" name="test_example_1[class_field_builtin_stdlib-0-True]" time="0.0038230419158935547"></testcase><testcase classname="valid8.tests.test_readme_examples.test_example1" file="valid8/tests/test_readme_examples/test_example1.py" line="133" name="test_example_1[class_field_builtin_stdlib-100-True]" time="0.0034990310668945312"></testcase><testcase classname="valid8.tests.test_readme_examples.test_example1" file="valid8/tests/test_readme_examples/test_example1.py" line="133" name="test_example_1[class_field_builtin_stdlib-foo-TypeError]" time="0.003980398178100586"><system-out>Error validating field [x=foo] for class [Foo]. Validation function [and(instance_of_&lt;class &apos;numbers.Integral&apos;&gt;, greater_than_0)] raised AtLeastOneFailed: At least one validation function failed validation for value [foo]. Successes: [] / Failures: {&quot;instance_of_&lt;class &apos;numbers.Integral&apos;&gt;&quot;: &quot;HasWrongType: Value should be an instance of &lt;class &apos;numbers.Integral&apos;&gt;. Wrong value: [foo]&quot;, &apos;greater_than_0&apos;: &apos;TypeError: unorderable types: str() &gt;= int()&apos;}.
</system-out></testcase><testcase classname="valid8.tests.test_readme_examples.test_example1" file="valid8/tests/test_readme_examples/test_example1.py" line="133" name="test_example_1[class_field_builtin_stdlib-1.0-TypeError]" time="0.004655361175537109"><system-out>Error validating field [x=1.0] for class [Foo]. Validation function [and(instance_of_&lt;class &apos;numbers.Integral&apos;&gt;, greater_than_0)] raised AtLeastOneFailed: At least one validation function failed validation for value [1.0]. Successes: [&apos;greater_than_0&apos;] / Failures: {&quot;instance_of_&lt;class &apos;numbers.Integral&apos;&gt;&quot;: &quot;HasWrongType: Value should be an instance of &lt;class &apos;numbers.Integral&apos;&gt;. Wrong value: [1.0]&quot;}.
</system-out></testcase><testcase classname="valid8.tests.test_readme_examples.test_example1" file="valid8/tests/test_readme_examples/test_example1.py" line="133" name="test_example_1[class_field_builtin_stdlib--1-ValueError]" time="0.005719661712646484"><system-out>Error validating field [x=-1] for class [Foo]. Validation function [and(instance_of_&lt;class &apos;numbers.Integral&apos;&gt;, greater_than_0)] raised AtLeastOneFailed: At least one validation function failed validation for value [-1]. Successes: [&quot;instance_of_&lt;class &apos;numbers.Integral&apos;&gt;&quot;] / Failures: {&apos;greater_than_0&apos;: &apos;TooSmall: x &gt;= 0 does not hold for x=-1. Wrong value: [-1]&apos;}.
</system-out></testcase><testcase classname="valid8.tests.test_readme_examples.test_example1" file="valid8/tests/test_readme_examples/test_example1.py" line="133" name="test_example_1[function_input_builtin-0-True]" time="0.004627227783203125"></testcase><testcase classname="valid8.tests.test_readme_examples.test_example1" file="valid8/tests/test_readme_examples/test_example1.py" line="133" name="test_example_1[function_input_builtin-100-True]" time="0.005262136459350586"></testcase><testcase classname="valid8.tests.test_readme_examples.test_example1" file="valid8/tests/test_readme_examples/test_example1.py" line="133" name="test_example_1[function_input_builtin-foo-TypeError]" time="0.004552125930786133"><system-out>Error validating input [x=foo] for function [my_function]. Validation function [and(instance_of_&lt;class &apos;numbers.Integral&apos;&gt;, greater_than_0)] raised AtLeastOneFailed: At least one validation function failed validation for value [foo]. Successes: [] / Failures: {&quot;instance_of_&lt;class &apos;numbers.Integral&apos;&gt;&quot;: &quot;HasWrongType: Value should be an instance of &lt;class &apos;numbers.Integral&apos;&gt;. Wrong value: [foo]&quot;, &apos;greater_than_0&apos;: &apos;TypeError: unorderable types: str() &gt;= int()&apos;}.
</system-out></testcase><testcase classname="valid8.tests.test_readme_examples.test_example1" file="valid8/tests/test_readme_examples/test_example1.py" line="133" name="test_example_1[function_input_builtin-1.0-TypeError]" time="0.0056035518646240234"><system-out>Error validating input [x=1.0] for function [my_function]. Validation function [and(instance_of_&lt;class &apos;numbers.Integral&apos;&gt;, greater_than_0)] raised AtLeastOneFailed: At least one validation function failed validation for value [1.0]. Successes: [&apos;greater_than_0&apos;] / Failures: {&quot;instance_of_&lt;class &apos;numbers.Integral&apos;&gt;&quot;: &quot;HasWrongType: Value should be an instance of &lt;class &apos;numbers.Integral&apos;&gt;. Wrong value: [1.0]&quot;}.
</system-out></testcase><testcase classname="valid8.tests.test_readme_examples.test_example1" file="valid8/tests/test_readme_examples/test_example1.py" line="133" name="test_example_1[function_input_builtin--1-ValueError]" time="0.0038454532623291016"><system-out>Error validating input [x=-1] for function [my_function]. Validation function [and(instance_of_&lt;class &apos;numbers.Integral&apos;&gt;, greater_than_0)] raised AtLeastOneFailed: At least one validation function failed validation for value [-1]. Successes: [&quot;instance_of_&lt;class &apos;numbers.Integral&apos;&gt;&quot;] / Failures: {&apos;greater_than_0&apos;: &apos;TooSmall: x &gt;= 0 does not hold for x=-1. Wrong value: [-1]&apos;}.
</system-out></testcase><testcase classname="valid8.tests.test_readme_examples.test_example1" file="valid8/tests/test_readme_examples/test_example1.py" line="133" name="test_example_1[function_io_mini_lambda-0-True]" time="0.007630586624145508"></testcase><testcase classname="valid8.tests.test_readme_examples.test_example1" file="valid8/tests/test_readme_examples/test_example1.py" line="133" name="test_example_1[function_io_mini_lambda-100-True]" time="0.0036444664001464844"></testcase><testcase classname="valid8.tests.test_readme_examples.test_example1" file="valid8/tests/test_readme_examples/test_example1.py" line="133" name="test_example_1[function_io_mini_lambda-foo-TypeError]" time="0.003384113311767578"><system-out>Error validating input [x=foo] for function [my_function3]. Validation function [and(instance_of_&lt;class &apos;numbers.Integral&apos;&gt;, x &gt;= 0)] raised AtLeastOneFailed: At least one validation function failed validation for value [foo]. Successes: [] / Failures: {&quot;instance_of_&lt;class &apos;numbers.Integral&apos;&gt;&quot;: &quot;HasWrongType: Value should be an instance of &lt;class &apos;numbers.Integral&apos;&gt;. Wrong value: [foo]&quot;, &apos;x &gt;= 0&apos;: &apos;TypeError: unorderable types: str() &gt;= int()&apos;}.
</system-out></testcase><testcase classname="valid8.tests.test_readme_examples.test_example1" file="valid8/tests/test_readme_examples/test_example1.py" line="133" name="test_example_1[function_io_mini_lambda-1.0-TypeError]" time="0.004369020462036133"><system-out>Error validating input [x=1.0] for function [my_function3]. Validation function [and(instance_of_&lt;class &apos;numbers.Integral&apos;&gt;, x &gt;= 0)] raised AtLeastOneFailed: At least one validation function failed validation for value [1.0]. Successes: [&apos;x &gt;= 0&apos;] / Failures: {&quot;instance_of_&lt;class &apos;numbers.Integral&apos;&gt;&quot;: &quot;HasWrongType: Value should be an instance of &lt;class &apos;numbers.Integral&apos;&gt;. Wrong value: [1.0]&quot;}.
</system-out></testcase><testcase classname="valid8.tests.test_readme_examples.test_example1" file="valid8/tests/test_readme_examples/test_example1.py" line="133" name="test_example_1[function_io_mini_lambda--1-ValueError]" time="0.004196882247924805"><system-out>Error validating input [x=-1] for function [my_function3]. Validation function [and(instance_of_&lt;class &apos;numbers.Integral&apos;&gt;, x &gt;= 0)] raised AtLeastOneFailed: At least one validation function failed validation for value [-1]. Successes: [&quot;instance_of_&lt;class &apos;numbers.Integral&apos;&gt;&quot;] / Failures: {&apos;x &gt;= 0&apos;: &apos;False&apos;}.
</system-out></testcase><testcase classname="valid8.tests.test_readme_examples.test_example1" file="valid8/tests/test_readme_examples/test_example1.py" line="133" name="test_example_1[inline_validate-0-True]" time="0.002739429473876953"></testcase><testcase classname="valid8.tests.test_readme_examples.test_example1" file="valid8/tests/test_readme_examples/test_example1.py" line="133" name="test_example_1[inline_validate-100-True]" time="0.002560853958129883"></testcase><testcase classname="valid8.tests.test_readme_examples.test_example1" file="valid8/tests/test_readme_examples/test_example1.py" line="133" name="test_example_1[inline_validate-foo-TypeError]" time="0.0028417110443115234"><system-out>Error validating [x=foo]. HasWrongType: Value should be an instance of &lt;class &apos;numbers.Integral&apos;&gt;. Wrong value: [foo].
</system-out></testcase><testcase classname="valid8.tests.test_readme_examples.test_example1" file="valid8/tests/test_readme_examples/test_example1.py" line="133" name="test_example_1[inline_validate-1.0-TypeError]" time="0.0026977062225341797"><system-out>Error validating [x=1.0]. HasWrongType: Value should be an instance of &lt;class &apos;numbers.Integral&apos;&gt;. Wrong value: [1.0].
</system-out></testcase><testcase classname="valid8.tests.test_readme_examples.test_example1" file="valid8/tests/test_readme_examples/test_example1.py" line="133" name="test_example_1[inline_validate--1-ValueError]" time="0.003978252410888672"><system-out>Error validating [x=-1]. TooSmall: x &gt;= 0 does not hold for x=-1. Wrong value: [-1].
</system-out></testcase><testcase classname="valid8.tests.test_readme_examples.test_example1" file="valid8/tests/test_readme_examples/test_example1.py" line="133" name="test_example_1[with_validator-0-True]" time="0.004145145416259766"></testcase><testcase classname="valid8.tests.test_readme_examples.test_example1" file="valid8/tests/test_readme_examples/test_example1.py" line="133" name="test_example_1[with_validator-100-True]" time="0.004509449005126953"></testcase><testcase classname="valid8.tests.test_readme_examples.test_example1" file="valid8/tests/test_readme_examples/test_example1.py" line="133" name="test_example_1[with_validator-foo-TypeError]" time="0.003185272216796875"><system-out>Error validating [x=foo]. HasWrongType: Value should be an instance of &lt;class &apos;numbers.Integral&apos;&gt;. Wrong value: [foo].
</system-out></testcase><testcase classname="valid8.tests.test_readme_examples.test_example1" file="valid8/tests/test_readme_examples/test_example1.py" line="133" name="test_example_1[with_validator-1.0-TypeError]" time="0.002965688705444336"><system-out>Error validating [x=1.0]. HasWrongType: Value should be an instance of &lt;class &apos;numbers.Integral&apos;&gt;. Wrong value: [1.0].
</system-out></testcase><testcase classname="valid8.tests.test_readme_examples.test_example1" file="valid8/tests/test_readme_examples/test_example1.py" line="133" name="test_example_1[with_validator--1-ValueError]" time="0.0042765140533447266"><system-out>Error validating [x=-1]: validation function [v.alid = x &gt;= 0] returned [False].
</system-out></testcase><testcase classname="valid8.tests.test_readme_examples.test_example1" file="valid8/tests/test_readme_examples/test_example1.py" line="133" name="test_example_1[function_input_mini_lambda-0-True]" time="0.0036644935607910156"></testcase><testcase classname="valid8.tests.test_readme_examples.test_example1" file="valid8/tests/test_readme_examples/test_example1.py" line="133" name="test_example_1[function_input_mini_lambda-100-True]" time="0.0036678314208984375"></testcase><testcase classname="valid8.tests.test_readme_examples.test_example1" file="valid8/tests/test_readme_examples/test_example1.py" line="133" name="test_example_1[function_input_mini_lambda-foo-TypeError]" time="0.004039287567138672"><system-out>Error validating input [x=foo] for function [my_function]. Validation function [and(instance_of_&lt;class &apos;numbers.Integral&apos;&gt;, x &gt;= 0)] raised AtLeastOneFailed: At least one validation function failed validation for value [foo]. Successes: [] / Failures: {&quot;instance_of_&lt;class &apos;numbers.Integral&apos;&gt;&quot;: &quot;HasWrongType: Value should be an instance of &lt;class &apos;numbers.Integral&apos;&gt;. Wrong value: [foo]&quot;, &apos;x &gt;= 0&apos;: &apos;TypeError: unorderable types: str() &gt;= int()&apos;}.
</system-out></testcase><testcase classname="valid8.tests.test_readme_examples.test_example1" file="valid8/tests/test_readme_examples/test_example1.py" line="133" name="test_example_1[function_input_mini_lambda-1.0-TypeError]" time="0.004036664962768555"><system-out>Error validating input [x=1.0] for function [my_function]. Validation function [and(instance_of_&lt;class &apos;numbers.Integral&apos;&gt;, x &gt;= 0)] raised AtLeastOneFailed: At least one validation function failed validation for value [1.0]. Successes: [&apos;x &gt;= 0&apos;] / Failures: {&quot;instance_of_&lt;class &apos;numbers.Integral&apos;&gt;&quot;: &quot;HasWrongType: Value should be an instance of &lt;class &apos;numbers.Integral&apos;&gt;. Wrong value: [1.0]&quot;}.
</system-out></testcase><testcase classname="valid8.tests.test_readme_examples.test_example1" file="valid8/tests/test_readme_examples/test_example1.py" line="133" name="test_example_1[function_input_mini_lambda--1-ValueError]" time="0.003995418548583984"><system-out>Error validating input [x=-1] for function [my_function]. Validation function [and(instance_of_&lt;class &apos;numbers.Integral&apos;&gt;, x &gt;= 0)] raised AtLeastOneFailed: At least one validation function failed validation for value [-1]. Successes: [&quot;instance_of_&lt;class &apos;numbers.Integral&apos;&gt;&quot;] / Failures: {&apos;x &gt;= 0&apos;: &apos;False&apos;}.
</system-out></testcase><testcase classname="valid8.tests.test_readme_examples.test_example1" file="valid8/tests/test_readme_examples/test_example1.py" line="133" name="test_example_1[class_field_mini_lambda-0-True]" time="0.0040814876556396484"></testcase><testcase classname="valid8.tests.test_readme_examples.test_example1" file="valid8/tests/test_readme_examples/test_example1.py" line="133" name="test_example_1[class_field_mini_lambda-100-True]" time="0.0039052963256835938"></testcase><testcase classname="valid8.tests.test_readme_examples.test_example1" file="valid8/tests/test_readme_examples/test_example1.py" line="133" name="test_example_1[class_field_mini_lambda-foo-TypeError]" time="0.005271434783935547"><system-out>Error validating field [x=foo] for class [Foo]. Validation function [and(instance_of_&lt;class &apos;numbers.Integral&apos;&gt;, x &gt;= 0)] raised AtLeastOneFailed: At least one validation function failed validation for value [foo]. Successes: [] / Failures: {&quot;instance_of_&lt;class &apos;numbers.Integral&apos;&gt;&quot;: &quot;HasWrongType: Value should be an instance of &lt;class &apos;numbers.Integral&apos;&gt;. Wrong value: [foo]&quot;, &apos;x &gt;= 0&apos;: &apos;TypeError: unorderable types: str() &gt;= int()&apos;}.
</system-out></testcase><testcase classname="valid8.tests.test_readme_examples.test_example1" file="valid8/tests/test_readme_examples/test_example1.py" line="133" name="test_example_1[class_field_mini_lambda-1.0-TypeError]" time="0.0066034793853759766"><system-out>Error validating field [x=1.0] for class [Foo]. Validation function [and(instance_of_&lt;class &apos;numbers.Integral&apos;&gt;, x &gt;= 0)] raised AtLeastOneFailed: At least one validation function failed validation for value [1.0]. Successes: [&apos;x &gt;= 0&apos;] / Failures: {&quot;instance_of_&lt;class &apos;numbers.Integral&apos;&gt;&quot;: &quot;HasWrongType: Value should be an instance of &lt;class &apos;numbers.Integral&apos;&gt;. Wrong value: [1.0]&quot;}.
</system-out></testcase><testcase classname="valid8.tests.test_readme_examples.test_example1" file="valid8/tests/test_readme_examples/test_example1.py" line="133" name="test_example_1[class_field_mini_lambda--1-ValueError]" time="0.004217624664306641"><system-out>Error validating field [x=-1] for class [Foo]. Validation function [and(instance_of_&lt;class &apos;numbers.Integral&apos;&gt;, x &gt;= 0)] raised AtLeastOneFailed: At least one validation function failed validation for value [-1]. Successes: [&quot;instance_of_&lt;class &apos;numbers.Integral&apos;&gt;&quot;] / Failures: {&apos;x &gt;= 0&apos;: &apos;False&apos;}.
</system-out></testcase><testcase classname="valid8.tests.test_readme_examples.test_example1" file="valid8/tests/test_readme_examples/test_example1.py" line="133" name="test_example_1[function_io_builtin-0-True]" time="0.004350185394287109"></testcase><testcase classname="valid8.tests.test_readme_examples.test_example1" file="valid8/tests/test_readme_examples/test_example1.py" line="133" name="test_example_1[function_io_builtin-100-True]" time="0.004828929901123047"></testcase><testcase classname="valid8.tests.test_readme_examples.test_example1" file="valid8/tests/test_readme_examples/test_example1.py" line="133" name="test_example_1[function_io_builtin-foo-TypeError]" time="0.004004240036010742"><system-out>Error validating input [x=foo] for function [my_function3]. Validation function [and(instance_of_&lt;class &apos;numbers.Integral&apos;&gt;, greater_than_0)] raised AtLeastOneFailed: At least one validation function failed validation for value [foo]. Successes: [] / Failures: {&quot;instance_of_&lt;class &apos;numbers.Integral&apos;&gt;&quot;: &quot;HasWrongType: Value should be an instance of &lt;class &apos;numbers.Integral&apos;&gt;. Wrong value: [foo]&quot;, &apos;greater_than_0&apos;: &apos;TypeError: unorderable types: str() &gt;= int()&apos;}.
</system-out></testcase><testcase classname="valid8.tests.test_readme_examples.test_example1" file="valid8/tests/test_readme_examples/test_example1.py" line="133" name="test_example_1[function_io_builtin-1.0-TypeError]" time="0.005119800567626953"><system-out>Error validating input [x=1.0] for function [my_function3]. Validation function [and(instance_of_&lt;class &apos;numbers.Integral&apos;&gt;, greater_than_0)] raised AtLeastOneFailed: At least one validation function failed validation for value [1.0]. Successes: [&apos;greater_than_0&apos;] / Failures: {&quot;instance_of_&lt;class &apos;numbers.Integral&apos;&gt;&quot;: &quot;HasWrongType: Value should be an instance of &lt;class &apos;numbers.Integral&apos;&gt;. Wrong value: [1.0]&quot;}.
</system-out></testcase><testcase classname="valid8.tests.test_readme_examples.test_example1" file="valid8/tests/test_readme_examples/test_example1.py" line="133" name="test_example_1[function_io_builtin--1-ValueError]" time="0.0062520503997802734"><system-out>Error validating input [x=-1] for function [my_function3]. Validation function [and(instance_of_&lt;class &apos;numbers.Integral&apos;&gt;, greater_than_0)] raised AtLeastOneFailed: At least one validation function failed validation for value [-1]. Successes: [&quot;instance_of_&lt;class &apos;numbers.Integral&apos;&gt;&quot;] / Failures: {&apos;greater_than_0&apos;: &apos;TooSmall: x &gt;= 0 does not hold for x=-1. Wrong value: [-1]&apos;}.
</system-out></testcase><testcase classname="valid8.tests.test_readme_examples.test_example1" file="valid8/tests/test_readme_examples/test_example1.py" line="133" name="test_example_1[function_output_mini_lambda-0-True]" time="0.0041048526763916016"></testcase><testcase classname="valid8.tests.test_readme_examples.test_example1" file="valid8/tests/test_readme_examples/test_example1.py" line="133" name="test_example_1[function_output_mini_lambda-100-True]" time="0.004902839660644531"></testcase><testcase classname="valid8.tests.test_readme_examples.test_example1" file="valid8/tests/test_readme_examples/test_example1.py" line="133" name="test_example_1[function_output_mini_lambda-foo-TypeError]" time="0.0045931339263916016"><system-out>Error validating output of function [my_function2]. Validation function [and(instance_of_&lt;class &apos;numbers.Integral&apos;&gt;, x &gt;= 0)] raised AtLeastOneFailed: At least one validation function failed validation for value [foo]. Successes: [] / Failures: {&quot;instance_of_&lt;class &apos;numbers.Integral&apos;&gt;&quot;: &quot;HasWrongType: Value should be an instance of &lt;class &apos;numbers.Integral&apos;&gt;. Wrong value: [foo]&quot;, &apos;x &gt;= 0&apos;: &apos;TypeError: unorderable types: str() &gt;= int()&apos;}.
</system-out></testcase><testcase classname="valid8.tests.test_readme_examples.test_example1" file="valid8/tests/test_readme_examples/test_example1.py" line="133" name="test_example_1[function_output_mini_lambda-1.0-TypeError]" time="0.006034374237060547"><system-out>Error validating output of function [my_function2]. Validation function [and(instance_of_&lt;class &apos;numbers.Integral&apos;&gt;, x &gt;= 0)] raised AtLeastOneFailed: At least one validation function failed validation for value [1.0]. Successes: [&apos;x &gt;= 0&apos;] / Failures: {&quot;instance_of_&lt;class &apos;numbers.Integral&apos;&gt;&quot;: &quot;HasWrongType: Value should be an instance of &lt;class &apos;numbers.Integral&apos;&gt;. Wrong value: [1.0]&quot;}.
</system-out></testcase><testcase classname="valid8.tests.test_readme_examples.test_example1" file="valid8/tests/test_readme_examples/test_example1.py" line="133" name="test_example_1[function_output_mini_lambda--1-ValueError]" time="0.005667686462402344"><system-out>Error validating output of function [my_function2]. Validation function [and(instance_of_&lt;class &apos;numbers.Integral&apos;&gt;, x &gt;= 0)] raised AtLeastOneFailed: At least one validation function failed validation for value [-1]. Successes: [&quot;instance_of_&lt;class &apos;numbers.Integral&apos;&gt;&quot;] / Failures: {&apos;x &gt;= 0&apos;: &apos;False&apos;}.
</system-out></testcase><testcase classname="valid8.tests.test_readme_examples.test_example1" file="valid8/tests/test_readme_examples/test_example1.py" line="133" name="test_example_1[pep484-0-True]" time="0.005414724349975586"></testcase><testcase classname="valid8.tests.test_readme_examples.test_example1" file="valid8/tests/test_readme_examples/test_example1.py" line="133" name="test_example_1[pep484-100-True]" time="0.0065937042236328125"></testcase><testcase classname="valid8.tests.test_readme_examples.test_example1" file="valid8/tests/test_readme_examples/test_example1.py" line="133" name="test_example_1[pep484-foo-TypeError]" time="0.005532264709472656"><system-out>
  test_example1.my_function
  called with incompatible types:
Expected: Tuple[Integral]
Received: Tuple[str]
</system-out></testcase><testcase classname="valid8.tests.test_readme_examples.test_example1" file="valid8/tests/test_readme_examples/test_example1.py" line="133" name="test_example_1[pep484-1.0-TypeError]" time="0.006979227066040039"><system-out>
  test_example1.my_function
  called with incompatible types:
Expected: Tuple[Integral]
Received: Tuple[float]
</system-out></testcase><testcase classname="valid8.tests.test_readme_examples.test_example1" file="valid8/tests/test_readme_examples/test_example1.py" line="133" name="test_example_1[pep484--1-ValueError]" time="0.006868124008178711"><system-out>Error validating input [x=-1] for function [my_function]: validation function [x &gt;= 0] returned [False].
</system-out></testcase><testcase classname="valid8.tests.test_readme_examples.test_example2" file="valid8/tests/test_readme_examples/test_example2.py" line="105" name="test_example_2[class_field_mini_lambda-foo-True]" time="0.005589485168457031"></testcase><testcase classname="valid8.tests.test_readme_examples.test_example2" file="valid8/tests/test_readme_examples/test_example2.py" line="105" name="test_example_2[class_field_mini_lambda-foo_123-True]" time="0.0035037994384765625"></testcase><testcase classname="valid8.tests.test_readme_examples.test_example2" file="valid8/tests/test_readme_examples/test_example2.py" line="105" name="test_example_2[class_field_mini_lambda-1.1-TypeError]" time="0.004487037658691406"><system-out>Error validating field [s=1.1] for class [Foo]. Validation function [and(instance_of_&lt;class &apos;str&apos;&gt;, len(s) &gt; 0, s.islower())] raised AtLeastOneFailed: At least one validation function failed validation for value [1.1]. Successes: [] / Failures: {&quot;instance_of_&lt;class &apos;str&apos;&gt;&quot;: &quot;HasWrongType: Value should be an instance of &lt;class &apos;str&apos;&gt;. Wrong value: [1.1]&quot;, &apos;len(s) &gt; 0&apos;: &quot;TypeError: object of type &apos;float&apos; has no len()&quot;, &apos;s.islower()&apos;: &quot;AttributeError: &apos;float&apos; object has no attribute &apos;islower&apos;&quot;}.
</system-out></testcase><testcase classname="valid8.tests.test_readme_examples.test_example2" file="valid8/tests/test_readme_examples/test_example2.py" line="105" name="test_example_2[class_field_mini_lambda--ValueError]" time="0.0038881301879882812"><system-out>Error validating field [s=] for class [Foo]. Validation function [and(instance_of_&lt;class &apos;str&apos;&gt;, len(s) &gt; 0, s.islower())] raised AtLeastOneFailed: At least one validation function failed validation for value []. Successes: [&quot;instance_of_&lt;class &apos;str&apos;&gt;&quot;] / Failures: {&apos;len(s) &gt; 0&apos;: &apos;False&apos;, &apos;s.islower()&apos;: &apos;False&apos;}.
</system-out></testcase><testcase classname="valid8.tests.test_readme_examples.test_example2" file="valid8/tests/test_readme_examples/test_example2.py" line="105" name="test_example_2[class_field_mini_lambda-fOO-ValueError]" time="0.005433320999145508"><system-out>Error validating field [s=fOO] for class [Foo]. Validation function [and(instance_of_&lt;class &apos;str&apos;&gt;, len(s) &gt; 0, s.islower())] raised AtLeastOneFailed: At least one validation function failed validation for value [fOO]. Successes: [&quot;instance_of_&lt;class &apos;str&apos;&gt;&quot;, &apos;len(s) &gt; 0&apos;] / Failures: {&apos;s.islower()&apos;: &apos;False&apos;}.
</system-out></testcase><testcase classname="valid8.tests.test_readme_examples.test_example2" file="valid8/tests/test_readme_examples/test_example2.py" line="105" name="test_example_2[function_input_mini_lambda-foo-True]" time="0.0047607421875"></testcase><testcase classname="valid8.tests.test_readme_examples.test_example2" file="valid8/tests/test_readme_examples/test_example2.py" line="105" name="test_example_2[function_input_mini_lambda-foo_123-True]" time="0.004921913146972656"></testcase><testcase classname="valid8.tests.test_readme_examples.test_example2" file="valid8/tests/test_readme_examples/test_example2.py" line="105" name="test_example_2[function_input_mini_lambda-1.1-TypeError]" time="0.004611968994140625"><system-out>Error validating input [s=1.1] for function [my_function]. Validation function [and(instance_of_&lt;class &apos;str&apos;&gt;, len(s) &gt; 0, s.islower())] raised AtLeastOneFailed: At least one validation function failed validation for value [1.1]. Successes: [] / Failures: {&quot;instance_of_&lt;class &apos;str&apos;&gt;&quot;: &quot;HasWrongType: Value should be an instance of &lt;class &apos;str&apos;&gt;. Wrong value: [1.1]&quot;, &apos;len(s) &gt; 0&apos;: &quot;TypeError: object of type &apos;float&apos; has no len()&quot;, &apos;s.islower()&apos;: &quot;AttributeError: &apos;float&apos; object has no attribute &apos;islower&apos;&quot;}.
</system-out></testcase><testcase classname="valid8.tests.test_readme_examples.test_example2" file="valid8/tests/test_readme_examples/test_example2.py" line="105" name="test_example_2[function_input_mini_lambda--ValueError]" time="0.006682872772216797"><system-out>Error validating input [s=] for function [my_function]. Validation function [and(instance_of_&lt;class &apos;str&apos;&gt;, len(s) &gt; 0, s.islower())] raised AtLeastOneFailed: At least one validation function failed validation for value []. Successes: [&quot;instance_of_&lt;class &apos;str&apos;&gt;&quot;] / Failures: {&apos;len(s) &gt; 0&apos;: &apos;False&apos;, &apos;s.islower()&apos;: &apos;False&apos;}.
</system-out></testcase><testcase classname="valid8.tests.test_readme_examples.test_example2" file="valid8/tests/test_readme_examples/test_example2.py" line="105" name="test_example_2[function_input_mini_lambda-fOO-ValueError]" time="0.004485130310058594"><system-out>Error validating input [s=fOO] for function [my_function]. Validation function [and(instance_of_&lt;class &apos;str&apos;&gt;, len(s) &gt; 0, s.islower())] raised AtLeastOneFailed: At least one validation function failed validation for value [fOO]. Successes: [&quot;instance_of_&lt;class &apos;str&apos;&gt;&quot;, &apos;len(s) &gt; 0&apos;] / Failures: {&apos;s.islower()&apos;: &apos;False&apos;}.
</system-out></testcase><testcase classname="valid8.tests.test_readme_examples.test_example2" file="valid8/tests/test_readme_examples/test_example2.py" line="105" name="test_example_2[inline_validate_3-foo-True]" time="0.0028638839721679688"></testcase><testcase classname="valid8.tests.test_readme_examples.test_example2" file="valid8/tests/test_readme_examples/test_example2.py" line="105" name="test_example_2[inline_validate_3-foo_123-True]" time="0.004589080810546875"></testcase><testcase classname="valid8.tests.test_readme_examples.test_example2" file="valid8/tests/test_readme_examples/test_example2.py" line="105" name="test_example_2[inline_validate_3-1.1-TypeError]" time="0.0043392181396484375"><system-out>Error validating [s=1.1]. HasWrongType: Value should be an instance of &lt;class &apos;str&apos;&gt;. Wrong value: [1.1].
</system-out></testcase><testcase classname="valid8.tests.test_readme_examples.test_example2" file="valid8/tests/test_readme_examples/test_example2.py" line="105" name="test_example_2[inline_validate_3--ValueError]" time="0.005122661590576172"><system-out>Error validating [s=]. TooShort: len(x) &gt;= 1 does not hold for x=. Wrong value: [].
</system-out></testcase><testcase classname="valid8.tests.test_readme_examples.test_example2" file="valid8/tests/test_readme_examples/test_example2.py" line="105" name="test_example_2[inline_validate_3-fOO-ValueError]" time="0.00455474853515625"><system-out>Error validating [s=fOO]: validation function [txt.islower()] returned [False].
</system-out></testcase><testcase classname="valid8.tests.test_readme_examples.test_example2" file="valid8/tests/test_readme_examples/test_example2.py" line="105" name="test_example_2[with_validator-foo-True]" time="0.005265951156616211"></testcase><testcase classname="valid8.tests.test_readme_examples.test_example2" file="valid8/tests/test_readme_examples/test_example2.py" line="105" name="test_example_2[with_validator-foo_123-True]" time="0.004664182662963867"></testcase><testcase classname="valid8.tests.test_readme_examples.test_example2" file="valid8/tests/test_readme_examples/test_example2.py" line="105" name="test_example_2[with_validator-1.1-TypeError]" time="0.002789735794067383"><system-out>Error validating [s=1.1]. HasWrongType: Value should be an instance of &lt;class &apos;str&apos;&gt;. Wrong value: [1.1].
</system-out></testcase><testcase classname="valid8.tests.test_readme_examples.test_example2" file="valid8/tests/test_readme_examples/test_example2.py" line="105" name="test_example_2[with_validator--ValueError]" time="0.005196332931518555"><system-out>Error validating [s=]: validation function [v.alid = (len(s) &gt; 0) and s.islower()] returned [False].
</system-out></testcase><testcase classname="valid8.tests.test_readme_examples.test_example2" file="valid8/tests/test_readme_examples/test_example2.py" line="105" name="test_example_2[with_validator-fOO-ValueError]" time="0.006396055221557617"><system-out>Error validating [s=fOO]: validation function [v.alid = (len(s) &gt; 0) and s.islower()] returned [False].
</system-out></testcase><testcase classname="valid8.tests.test_readme_examples.test_example2" file="valid8/tests/test_readme_examples/test_example2.py" line="105" name="test_example_2[class_field_builtin_stdlib-foo-True]" time="0.004223823547363281"></testcase><testcase classname="valid8.tests.test_readme_examples.test_example2" file="valid8/tests/test_readme_examples/test_example2.py" line="105" name="test_example_2[class_field_builtin_stdlib-foo_123-True]" time="0.0067212581634521484"></testcase><testcase classname="valid8.tests.test_readme_examples.test_example2" file="valid8/tests/test_readme_examples/test_example2.py" line="105" name="test_example_2[class_field_builtin_stdlib-1.1-TypeError]" time="0.005895137786865234"><system-out>Error validating field [s=1.1] for class [Foo]. Validation function [and(instance_of_&lt;class &apos;str&apos;&gt;, length_greater_than_1, islower)] raised AtLeastOneFailed: At least one validation function failed validation for value [1.1]. Successes: [] / Failures: {&quot;instance_of_&lt;class &apos;str&apos;&gt;&quot;: &quot;HasWrongType: Value should be an instance of &lt;class &apos;str&apos;&gt;. Wrong value: [1.1]&quot;, &apos;length_greater_than_1&apos;: &quot;TypeError: object of type &apos;float&apos; has no len()&quot;, &apos;islower&apos;: &quot;TypeError: descriptor &apos;islower&apos; requires a &apos;str&apos; object but received a &apos;float&apos;&quot;}.
</system-out></testcase><testcase classname="valid8.tests.test_readme_examples.test_example2" file="valid8/tests/test_readme_examples/test_example2.py" line="105" name="test_example_2[class_field_builtin_stdlib--ValueError]" time="0.0041391849517822266"><system-out>Error validating field [s=] for class [Foo]. Validation function [and(instance_of_&lt;class &apos;str&apos;&gt;, length_greater_than_1, islower)] raised AtLeastOneFailed: At least one validation function failed validation for value []. Successes: [&quot;instance_of_&lt;class &apos;str&apos;&gt;&quot;] / Failures: {&apos;length_greater_than_1&apos;: &apos;TooShort: len(x) &gt;= 1 does not hold for x=. Wrong value: []&apos;, &apos;islower&apos;: &apos;False&apos;}.
</system-out></testcase><testcase classname="valid8.tests.test_readme_examples.test_example2" file="valid8/tests/test_readme_examples/test_example2.py" line="105" name="test_example_2[class_field_builtin_stdlib-fOO-ValueError]" time="0.005194425582885742"><system-out>Error validating field [s=fOO] for class [Foo]. Validation function [and(instance_of_&lt;class &apos;str&apos;&gt;, length_greater_than_1, islower)] raised AtLeastOneFailed: At least one validation function failed validation for value [fOO]. Successes: [&quot;instance_of_&lt;class &apos;str&apos;&gt;&quot;, &apos;length_greater_than_1&apos;] / Failures: {&apos;islower&apos;: &apos;False&apos;}.
</system-out></testcase><testcase classname="valid8.tests.test_readme_examples.test_example2" file="valid8/tests/test_readme_examples/test_example2.py" line="105" name="test_example_2[function_input_builtin_stdlib-foo-True]" time="0.006244182586669922"></testcase><testcase classname="valid8.tests.test_readme_examples.test_example2" file="valid8/tests/test_readme_examples/test_example2.py" line="105" name="test_example_2[function_input_builtin_stdlib-foo_123-True]" time="0.004775524139404297"></testcase><testcase classname="valid8.tests.test_readme_examples.test_example2" file="valid8/tests/test_readme_examples/test_example2.py" line="105" name="test_example_2[function_input_builtin_stdlib-1.1-TypeError]" time="0.005464792251586914"><system-out>Error validating input [s=1.1] for function [my_function]. Validation function [and(instance_of_&lt;class &apos;str&apos;&gt;, length_greater_than_1, islower)] raised AtLeastOneFailed: At least one validation function failed validation for value [1.1]. Successes: [] / Failures: {&quot;instance_of_&lt;class &apos;str&apos;&gt;&quot;: &quot;HasWrongType: Value should be an instance of &lt;class &apos;str&apos;&gt;. Wrong value: [1.1]&quot;, &apos;length_greater_than_1&apos;: &quot;TypeError: object of type &apos;float&apos; has no len()&quot;, &apos;islower&apos;: &quot;TypeError: descriptor &apos;islower&apos; requires a &apos;str&apos; object but received a &apos;float&apos;&quot;}.
</system-out></testcase><testcase classname="valid8.tests.test_readme_examples.test_example2" file="valid8/tests/test_readme_examples/test_example2.py" line="105" name="test_example_2[function_input_builtin_stdlib--ValueError]" time="0.0046656131744384766"><system-out>Error validating input [s=] for function [my_function]. Validation function [and(instance_of_&lt;class &apos;str&apos;&gt;, length_greater_than_1, islower)] raised AtLeastOneFailed: At least one validation function failed validation for value []. Successes: [&quot;instance_of_&lt;class &apos;str&apos;&gt;&quot;] / Failures: {&apos;length_greater_than_1&apos;: &apos;TooShort: len(x) &gt;= 1 does not hold for x=. Wrong value: []&apos;, &apos;islower&apos;: &apos;False&apos;}.
</system-out></testcase><testcase classname="valid8.tests.test_readme_examples.test_example2" file="valid8/tests/test_readme_examples/test_example2.py" line="105" name="test_example_2[function_input_builtin_stdlib-fOO-ValueError]" time="0.004082918167114258"><system-out>Error validating input [s=fOO] for function [my_function]. Validation function [and(instance_of_&lt;class &apos;str&apos;&gt;, length_greater_than_1, islower)] raised AtLeastOneFailed: At least one validation function failed validation for value [fOO]. Successes: [&quot;instance_of_&lt;class &apos;str&apos;&gt;&quot;, &apos;length_greater_than_1&apos;] / Failures: {&apos;islower&apos;: &apos;False&apos;}.
</system-out></testcase><testcase classname="valid8.tests.test_readme_examples.test_example2" file="valid8/tests/test_readme_examples/test_example2.py" line="105" name="test_example_2[pep484-foo-True]" time="0.006598711013793945"></testcase><testcase classname="valid8.tests.test_readme_examples.test_example2" file="valid8/tests/test_readme_examples/test_example2.py" line="105" name="test_example_2[pep484-foo_123-True]" time="0.006029844284057617"></testcase><testcase classname="valid8.tests.test_readme_examples.test_example2" file="valid8/tests/test_readme_examples/test_example2.py" line="105" name="test_example_2[pep484-1.1-TypeError]" time="0.0060384273529052734"><system-out>
  test_example2.my_function
  called with incompatible types:
Expected: Tuple[str]
Received: Tuple[float]
</system-out></testcase><testcase classname="valid8.tests.test_readme_examples.test_example2" file="valid8/tests/test_readme_examples/test_example2.py" line="105" name="test_example_2[pep484--ValueError]" time="0.00494384765625"><system-out>Error validating input [s=] for function [my_function]. Validation function [and(len(s) &gt; 0, s.islower())] raised AtLeastOneFailed: At least one validation function failed validation for value []. Successes: [] / Failures: {&apos;len(s) &gt; 0&apos;: &apos;False&apos;, &apos;s.islower()&apos;: &apos;False&apos;}.
</system-out></testcase><testcase classname="valid8.tests.test_readme_examples.test_example2" file="valid8/tests/test_readme_examples/test_example2.py" line="105" name="test_example_2[pep484-fOO-ValueError]" time="0.007012367248535156"><system-out>Error validating input [s=fOO] for function [my_function]. Validation function [and(len(s) &gt; 0, s.islower())] raised AtLeastOneFailed: At least one validation function failed validation for value [fOO]. Successes: [&apos;len(s) &gt; 0&apos;] / Failures: {&apos;s.islower()&apos;: &apos;False&apos;}.
</system-out></testcase><testcase classname="valid8.tests.test_readme_examples.test_example2" file="valid8/tests/test_readme_examples/test_example2.py" line="105" name="test_example_2[inline_validate_2-foo-True]" time="0.0035309791564941406"></testcase><testcase classname="valid8.tests.test_readme_examples.test_example2" file="valid8/tests/test_readme_examples/test_example2.py" line="105" name="test_example_2[inline_validate_2-foo_123-True]" time="0.004734516143798828"></testcase><testcase classname="valid8.tests.test_readme_examples.test_example2" file="valid8/tests/test_readme_examples/test_example2.py" line="105" name="test_example_2[inline_validate_2-1.1-TypeError]" time="0.00408172607421875"><system-out>Error validating [s=1.1]. HasWrongType: Value should be an instance of &lt;class &apos;str&apos;&gt;. Wrong value: [1.1].
</system-out></testcase><testcase classname="valid8.tests.test_readme_examples.test_example2" file="valid8/tests/test_readme_examples/test_example2.py" line="105" name="test_example_2[inline_validate_2--ValueError]" time="0.0029144287109375"><system-out>Error validating [s=]. TooShort: len(x) &gt;= 1 does not hold for x=. Wrong value: [].
</system-out></testcase><testcase classname="valid8.tests.test_readme_examples.test_example2" file="valid8/tests/test_readme_examples/test_example2.py" line="105" name="test_example_2[inline_validate_2-fOO-ValueError]" time="0.00295257568359375"><system-out>Error validating [s=fOO]: validation function [islower] returned [False].
</system-out></testcase><testcase classname="valid8.tests.test_readme_examples.test_example2" file="valid8/tests/test_readme_examples/test_example2.py" line="105" name="test_example_2[inline_validate_1-foo-True]" time="0.0031054019927978516"></testcase><testcase classname="valid8.tests.test_readme_examples.test_example2" file="valid8/tests/test_readme_examples/test_example2.py" line="105" name="test_example_2[inline_validate_1-foo_123-True]" time="0.003286123275756836"></testcase><testcase classname="valid8.tests.test_readme_examples.test_example2" file="valid8/tests/test_readme_examples/test_example2.py" line="105" name="test_example_2[inline_validate_1-1.1-TypeError]" time="0.003147602081298828"><system-out>Error validating [s=1.1]. HasWrongType: Value should be an instance of &lt;class &apos;str&apos;&gt;. Wrong value: [1.1].
</system-out></testcase><testcase classname="valid8.tests.test_readme_examples.test_example2" file="valid8/tests/test_readme_examples/test_example2.py" line="105" name="test_example_2[inline_validate_1--ValueError]" time="0.002909421920776367"><system-out>Error validating [s=]. TooShort: len(x) &gt;= 1 does not hold for x=. Wrong value: [].
</system-out></testcase><testcase classname="valid8.tests.test_readme_examples.test_example2" file="valid8/tests/test_readme_examples/test_example2.py" line="105" name="test_example_2[inline_validate_1-fOO-ValueError]" time="0.0034317970275878906"><system-out>Error validating [s=fOO]. NotEqual: x == foo does not hold for x=fOO. Wrong value: [fOO].
</system-out></testcase><testcase classname="valid8.tests.test_readme_examples.test_example2" file="valid8/tests/test_readme_examples/test_example2.py" line="126" name="test_example_2_regexp[foo@bar.com-True]" time="0.0034177303314208984"></testcase><testcase classname="valid8.tests.test_readme_examples.test_example2" file="valid8/tests/test_readme_examples/test_example2.py" line="126" name="test_example_2_regexp[a@a@s-ValueError]" time="0.0029211044311523438"><system-out>Error validating [s=a@a@s]: validation function [&lt;lambda&gt;] returned [False].
</system-out></testcase><testcase classname="valid8.tests.test_readme_examples.test_example3" file="valid8/tests/test_readme_examples/test_example3.py" line="272" name="test_example_3[inline_validator_custom_is_valid_tuple_pep_boolean-(0.2, &apos;foo&apos;)-True]" time="0.006114482879638672"><system-out>calling function inline_validator_custom_boolean with custom func is_valid_tuple_pep
</system-out></testcase><testcase classname="valid8.tests.test_readme_examples.test_example3" file="valid8/tests/test_readme_examples/test_example3.py" line="272" name="test_example_3[inline_validator_custom_is_valid_tuple_pep_boolean-(1.0, &apos;abc&apos;)-True]" time="0.005322694778442383"><system-out>calling function inline_validator_custom_boolean with custom func is_valid_tuple_pep
</system-out></testcase><testcase classname="valid8.tests.test_readme_examples.test_example3" file="valid8/tests/test_readme_examples/test_example3.py" line="272" name="test_example_3[inline_validator_custom_is_valid_tuple_pep_boolean-(0, &apos;foo&apos;)-True]" time="0.0049152374267578125"><system-out>calling function inline_validator_custom_boolean with custom func is_valid_tuple_pep
</system-out></testcase><testcase classname="valid8.tests.test_readme_examples.test_example3" file="valid8/tests/test_readme_examples/test_example3.py" line="272" name="test_example_3[inline_validator_custom_is_valid_tuple_pep_boolean-1.1-&lt;class &apos;TypeError&apos;&gt;]" time="0.009417295455932617"><system-out>calling function inline_validator_custom_boolean with custom func is_valid_tuple_pep
Error validating [t=1.1]. Validation function [v.alid = custom(t)] raised InputTypeError: 
  test_example3.is_valid_tuple_pep
  called with incompatible types:
Expected: Tuple[Tuple[Real, str]]
Received: Tuple[float].
</system-out></testcase><testcase classname="valid8.tests.test_readme_examples.test_example3" file="valid8/tests/test_readme_examples/test_example3.py" line="272" name="test_example_3[inline_validator_custom_is_valid_tuple_pep_boolean-(0.2, &apos;foo&apos;, True)-&lt;class &apos;ValueError&apos;&gt;]" time="0.007672786712646484"><system-out>calling function inline_validator_custom_boolean with custom func is_valid_tuple_pep
Error validating [t=(0.2, &apos;foo&apos;, True)]. Validation function [v.alid = custom(t)] raised InputTypeError: 
  test_example3.is_valid_tuple_pep
  called with incompatible types:
Expected: Tuple[Tuple[Real, str]]
Received: Tuple[Tuple[float, str, bool]].
</system-out></testcase><testcase classname="valid8.tests.test_readme_examples.test_example3" file="valid8/tests/test_readme_examples/test_example3.py" line="272" name="test_example_3[inline_validator_custom_is_valid_tuple_pep_boolean-(&apos;1.0&apos;, &apos;foo&apos;)-&lt;class &apos;TypeError&apos;&gt;]" time="0.009356260299682617"><system-out>calling function inline_validator_custom_boolean with custom func is_valid_tuple_pep
Error validating [t=(&apos;1.0&apos;, &apos;foo&apos;)]. Validation function [v.alid = custom(t)] raised InputTypeError: 
  test_example3.is_valid_tuple_pep
  called with incompatible types:
Expected: Tuple[Tuple[Real, str]]
Received: Tuple[Tuple[str, str]].
</system-out></testcase><testcase classname="valid8.tests.test_readme_examples.test_example3" file="valid8/tests/test_readme_examples/test_example3.py" line="272" name="test_example_3[inline_validator_custom_is_valid_tuple_pep_boolean-(1.1, &apos;foo&apos;)-&lt;class &apos;ValueError&apos;&gt;]" time="0.008290767669677734"><system-out>calling function inline_validator_custom_boolean with custom func is_valid_tuple_pep
Error validating [t=(1.1, &apos;foo&apos;)]: validation function [v.alid = custom(t)] returned [False].
</system-out></testcase><testcase classname="valid8.tests.test_readme_examples.test_example3" file="valid8/tests/test_readme_examples/test_example3.py" line="272" name="test_example_3[inline_validator_custom_is_valid_tuple_pep_boolean-(1.0, False)-&lt;class &apos;TypeError&apos;&gt;]" time="0.008649110794067383"><system-out>calling function inline_validator_custom_boolean with custom func is_valid_tuple_pep
Error validating [t=(1.0, False)]. Validation function [v.alid = custom(t)] raised InputTypeError: 
  test_example3.is_valid_tuple_pep
  called with incompatible types:
Expected: Tuple[Tuple[Real, str]]
Received: Tuple[Tuple[float, bool]].
</system-out></testcase><testcase classname="valid8.tests.test_readme_examples.test_example3" file="valid8/tests/test_readme_examples/test_example3.py" line="272" name="test_example_3[inline_validator_custom_is_valid_tuple_pep_boolean-(0.5, &apos;a&apos;)-&lt;class &apos;ValueError&apos;&gt;]" time="0.007306814193725586"><system-out>calling function inline_validator_custom_boolean with custom func is_valid_tuple_pep
Error validating [t=(0.5, &apos;a&apos;)]: validation function [v.alid = custom(t)] returned [False].
</system-out></testcase><testcase classname="valid8.tests.test_readme_examples.test_example3" file="valid8/tests/test_readme_examples/test_example3.py" line="272" name="test_example_3[inline_validator_custom_is_valid_tuple_pep_boolean-(0.5, &apos;AAA&apos;)-&lt;class &apos;ValueError&apos;&gt;]" time="0.008714675903320312"><system-out>calling function inline_validator_custom_boolean with custom func is_valid_tuple_pep
Error validating [t=(0.5, &apos;AAA&apos;)]: validation function [v.alid = custom(t)] returned [False].
</system-out></testcase><testcase classname="valid8.tests.test_readme_examples.test_example3" file="valid8/tests/test_readme_examples/test_example3.py" line="272" name="test_example_3[inline_validator_custom_is_valid_tuple_boolean-(0.2, &apos;foo&apos;)-True]" time="0.0038101673126220703"><system-out>calling function inline_validator_custom_boolean with custom func is_valid_tuple
</system-out></testcase><testcase classname="valid8.tests.test_readme_examples.test_example3" file="valid8/tests/test_readme_examples/test_example3.py" line="272" name="test_example_3[inline_validator_custom_is_valid_tuple_boolean-(1.0, &apos;abc&apos;)-True]" time="0.004064798355102539"><system-out>calling function inline_validator_custom_boolean with custom func is_valid_tuple
</system-out></testcase><testcase classname="valid8.tests.test_readme_examples.test_example3" file="valid8/tests/test_readme_examples/test_example3.py" line="272" name="test_example_3[inline_validator_custom_is_valid_tuple_boolean-(0, &apos;foo&apos;)-True]" time="0.004660129547119141"><system-out>calling function inline_validator_custom_boolean with custom func is_valid_tuple
</system-out></testcase><testcase classname="valid8.tests.test_readme_examples.test_example3" file="valid8/tests/test_readme_examples/test_example3.py" line="272" name="test_example_3[inline_validator_custom_is_valid_tuple_boolean-1.1-&lt;class &apos;TypeError&apos;&gt;]" time="0.005790233612060547"><system-out>calling function inline_validator_custom_boolean with custom func is_valid_tuple
Error validating [t=1.1]. Validation function [v.alid = custom(t)] raised HasWrongType: Value should be an instance of &lt;class &apos;tuple&apos;&gt;. Wrong value: [1.1].
</system-out></testcase><testcase classname="valid8.tests.test_readme_examples.test_example3" file="valid8/tests/test_readme_examples/test_example3.py" line="272" name="test_example_3[inline_validator_custom_is_valid_tuple_boolean-(0.2, &apos;foo&apos;, True)-&lt;class &apos;ValueError&apos;&gt;]" time="0.005488872528076172"><system-out>calling function inline_validator_custom_boolean with custom func is_valid_tuple
Error validating [t=(0.2, &apos;foo&apos;, True)]: validation function [v.alid = custom(t)] returned [False].
</system-out></testcase><testcase classname="valid8.tests.test_readme_examples.test_example3" file="valid8/tests/test_readme_examples/test_example3.py" line="272" name="test_example_3[inline_validator_custom_is_valid_tuple_boolean-(&apos;1.0&apos;, &apos;foo&apos;)-&lt;class &apos;TypeError&apos;&gt;]" time="0.005637645721435547"><system-out>calling function inline_validator_custom_boolean with custom func is_valid_tuple
Error validating [t=(&apos;1.0&apos;, &apos;foo&apos;)]. Validation function [v.alid = custom(t)] raised HasWrongType: Value should be an instance of &lt;class &apos;numbers.Real&apos;&gt;. Wrong value: [1.0].
</system-out></testcase><testcase classname="valid8.tests.test_readme_examples.test_example3" file="valid8/tests/test_readme_examples/test_example3.py" line="272" name="test_example_3[inline_validator_custom_is_valid_tuple_boolean-(1.1, &apos;foo&apos;)-&lt;class &apos;ValueError&apos;&gt;]" time="0.006042957305908203"><system-out>calling function inline_validator_custom_boolean with custom func is_valid_tuple
Error validating [t=(1.1, &apos;foo&apos;)]: validation function [v.alid = custom(t)] returned [False].
</system-out></testcase><testcase classname="valid8.tests.test_readme_examples.test_example3" file="valid8/tests/test_readme_examples/test_example3.py" line="272" name="test_example_3[inline_validator_custom_is_valid_tuple_boolean-(1.0, False)-&lt;class &apos;TypeError&apos;&gt;]" time="0.005327463150024414"><system-out>calling function inline_validator_custom_boolean with custom func is_valid_tuple
Error validating [t=(1.0, False)]. Validation function [v.alid = custom(t)] raised HasWrongType: Value should be an instance of &lt;class &apos;str&apos;&gt;. Wrong value: [False].
</system-out></testcase><testcase classname="valid8.tests.test_readme_examples.test_example3" file="valid8/tests/test_readme_examples/test_example3.py" line="272" name="test_example_3[inline_validator_custom_is_valid_tuple_boolean-(0.5, &apos;a&apos;)-&lt;class &apos;ValueError&apos;&gt;]" time="0.005290985107421875"><system-out>calling function inline_validator_custom_boolean with custom func is_valid_tuple
Error validating [t=(0.5, &apos;a&apos;)]: validation function [v.alid = custom(t)] returned [False].
</system-out></testcase><testcase classname="valid8.tests.test_readme_examples.test_example3" file="valid8/tests/test_readme_examples/test_example3.py" line="272" name="test_example_3[inline_validator_custom_is_valid_tuple_boolean-(0.5, &apos;AAA&apos;)-&lt;class &apos;ValueError&apos;&gt;]" time="0.005193471908569336"><system-out>calling function inline_validator_custom_boolean with custom func is_valid_tuple
Error validating [t=(0.5, &apos;AAA&apos;)]: validation function [v.alid = custom(t)] returned [False].
</system-out></testcase><testcase classname="valid8.tests.test_readme_examples.test_example3" file="valid8/tests/test_readme_examples/test_example3.py" line="272" name="test_example_3[class_field_builtin_stdlib-(0.2, &apos;foo&apos;)-True]" time="0.003698587417602539"></testcase><testcase classname="valid8.tests.test_readme_examples.test_example3" file="valid8/tests/test_readme_examples/test_example3.py" line="272" name="test_example_3[class_field_builtin_stdlib-(1.0, &apos;abc&apos;)-True]" time="0.003930807113647461"></testcase><testcase classname="valid8.tests.test_readme_examples.test_example3" file="valid8/tests/test_readme_examples/test_example3.py" line="272" name="test_example_3[class_field_builtin_stdlib-(0, &apos;foo&apos;)-True]" time="0.003854513168334961"></testcase><testcase classname="valid8.tests.test_readme_examples.test_example3" file="valid8/tests/test_readme_examples/test_example3.py" line="272" name="test_example_3[class_field_builtin_stdlib-1.1-&lt;class &apos;TypeError&apos;&gt;]" time="0.006833076477050781"><system-out>Error validating field [t=1.1] for class [Foo]. Validation function [and(instance_of_&lt;class &apos;tuple&apos;&gt;, length_equals_2, map_&lt;(and(instance_of_&lt;class &apos;numbers.Real&apos;&gt;, between_0_and_1), and(instance_of_&lt;class &apos;str&apos;&gt;, length_equals_3, islower))&gt;_on_elts)] raised AtLeastOneFailed: At least one validation function failed validation for value [1.1]. Successes: [] / Failures: {&quot;instance_of_&lt;class &apos;tuple&apos;&gt;&quot;: &quot;HasWrongType: Value should be an instance of &lt;class &apos;tuple&apos;&gt;. Wrong value: [1.1]&quot;, &apos;length_equals_2&apos;: &quot;TypeError: object of type &apos;float&apos; has no len()&quot;, &quot;map_&lt;(and(instance_of_&lt;class &apos;numbers.Real&apos;&gt;, between_0_and_1), and(instance_of_&lt;class &apos;str&apos;&gt;, length_equals_3, islower))&gt;_on_elts&quot;: &quot;TypeError: object of type &apos;float&apos; has no len()&quot;}.
</system-out></testcase><testcase classname="valid8.tests.test_readme_examples.test_example3" file="valid8/tests/test_readme_examples/test_example3.py" line="272" name="test_example_3[class_field_builtin_stdlib-(0.2, &apos;foo&apos;, True)-&lt;class &apos;ValueError&apos;&gt;]" time="0.0039048194885253906"><system-out>Error validating field [t=(0.2, &apos;foo&apos;, True)] for class [Foo]. Validation function [and(instance_of_&lt;class &apos;tuple&apos;&gt;, length_equals_2, map_&lt;(and(instance_of_&lt;class &apos;numbers.Real&apos;&gt;, between_0_and_1), and(instance_of_&lt;class &apos;str&apos;&gt;, length_equals_3, islower))&gt;_on_elts)] raised AtLeastOneFailed: At least one validation function failed validation for value [(0.2, &apos;foo&apos;, True)]. Successes: [&quot;instance_of_&lt;class &apos;tuple&apos;&gt;&quot;] / Failures: {&apos;length_equals_2&apos;: &quot;WrongLength: len(x) == 2 does not hold for x=(0.2, &apos;foo&apos;, True). Wrong value: [(0.2, &apos;foo&apos;, True)]&quot;, &quot;map_&lt;(and(instance_of_&lt;class &apos;numbers.Real&apos;&gt;, between_0_and_1), and(instance_of_&lt;class &apos;str&apos;&gt;, length_equals_3, islower))&gt;_on_elts&quot;: &apos;Failure: Wrong value: [on_each_: x does not have the same number of elements than validation_functions_collection.]&apos;}.
</system-out></testcase><testcase classname="valid8.tests.test_readme_examples.test_example3" file="valid8/tests/test_readme_examples/test_example3.py" line="272" name="test_example_3[class_field_builtin_stdlib-(&apos;1.0&apos;, &apos;foo&apos;)-&lt;class &apos;TypeError&apos;&gt;]" time="0.0046844482421875"><system-out>Error validating field [t=(&apos;1.0&apos;, &apos;foo&apos;)] for class [Foo]. Validation function [and(instance_of_&lt;class &apos;tuple&apos;&gt;, length_equals_2, map_&lt;(and(instance_of_&lt;class &apos;numbers.Real&apos;&gt;, between_0_and_1), and(instance_of_&lt;class &apos;str&apos;&gt;, length_equals_3, islower))&gt;_on_elts)] raised AtLeastOneFailed: At least one validation function failed validation. Successes: [&quot;instance_of_&lt;class &apos;tuple&apos;&gt;&quot;, &apos;length_equals_2&apos;] / Failures: {&quot;map_&lt;(and(instance_of_&lt;class &apos;numbers.Real&apos;&gt;, between_0_and_1), and(instance_of_&lt;class &apos;str&apos;&gt;, length_equals_3, islower))&gt;_on_elts&quot;: &apos;InvalidItemInSequence: Provided sequence contains one value that is invalid. Function [and(instance_of_&lt;class \&apos;numbers.Real\&apos;&gt;, between_0_and_1)] raised [AtLeastOneFailed: At least one validation function failed validation for value [1.0]. Successes: [] / Failures: {&quot;instance_of_&lt;class \&apos;numbers.Real\&apos;&gt;&quot;: &quot;HasWrongType: Value should be an instance of &lt;class \&apos;numbers.Real\&apos;&gt;. Wrong value: [1.0]&quot;, \&apos;between_0_and_1\&apos;: \&apos;TypeError: unorderable types: int() &lt;= str()\&apos;}].&apos;}.
</system-out></testcase><testcase classname="valid8.tests.test_readme_examples.test_example3" file="valid8/tests/test_readme_examples/test_example3.py" line="272" name="test_example_3[class_field_builtin_stdlib-(1.1, &apos;foo&apos;)-&lt;class &apos;ValueError&apos;&gt;]" time="0.005091428756713867"><system-out>Error validating field [t=(1.1, &apos;foo&apos;)] for class [Foo]. Validation function [and(instance_of_&lt;class &apos;tuple&apos;&gt;, length_equals_2, map_&lt;(and(instance_of_&lt;class &apos;numbers.Real&apos;&gt;, between_0_and_1), and(instance_of_&lt;class &apos;str&apos;&gt;, length_equals_3, islower))&gt;_on_elts)] raised AtLeastOneFailed: At least one validation function failed validation. Successes: [&quot;instance_of_&lt;class &apos;tuple&apos;&gt;&quot;, &apos;length_equals_2&apos;] / Failures: {&quot;map_&lt;(and(instance_of_&lt;class &apos;numbers.Real&apos;&gt;, between_0_and_1), and(instance_of_&lt;class &apos;str&apos;&gt;, length_equals_3, islower))&gt;_on_elts&quot;: &apos;InvalidItemInSequence: Provided sequence contains one value that is invalid. Function [and(instance_of_&lt;class \&apos;numbers.Real\&apos;&gt;, between_0_and_1)] raised [AtLeastOneFailed: At least one validation function failed validation for value [1.1]. Successes: [&quot;instance_of_&lt;class \&apos;numbers.Real\&apos;&gt;&quot;] / Failures: {\&apos;between_0_and_1\&apos;: \&apos;NotInRange: 0 &lt;= x &lt;= 1 does not hold for x=1.1. Wrong value: [1.1]\&apos;}].&apos;}.
</system-out></testcase><testcase classname="valid8.tests.test_readme_examples.test_example3" file="valid8/tests/test_readme_examples/test_example3.py" line="272" name="test_example_3[class_field_builtin_stdlib-(1.0, False)-&lt;class &apos;TypeError&apos;&gt;]" time="0.004417896270751953"><system-out>Error validating field [t=(1.0, False)] for class [Foo]. Validation function [and(instance_of_&lt;class &apos;tuple&apos;&gt;, length_equals_2, map_&lt;(and(instance_of_&lt;class &apos;numbers.Real&apos;&gt;, between_0_and_1), and(instance_of_&lt;class &apos;str&apos;&gt;, length_equals_3, islower))&gt;_on_elts)] raised AtLeastOneFailed: At least one validation function failed validation. Successes: [&quot;instance_of_&lt;class &apos;tuple&apos;&gt;&quot;, &apos;length_equals_2&apos;] / Failures: {&quot;map_&lt;(and(instance_of_&lt;class &apos;numbers.Real&apos;&gt;, between_0_and_1), and(instance_of_&lt;class &apos;str&apos;&gt;, length_equals_3, islower))&gt;_on_elts&quot;: &apos;InvalidItemInSequence: Provided sequence contains one value that is invalid. Function [and(instance_of_&lt;class \&apos;str\&apos;&gt;, length_equals_3, islower)] raised [AtLeastOneFailed: At least one validation function failed validation for value [False]. Successes: [] / Failures: {&quot;instance_of_&lt;class \&apos;str\&apos;&gt;&quot;: &quot;HasWrongType: Value should be an instance of &lt;class \&apos;str\&apos;&gt;. Wrong value: [False]&quot;, \&apos;length_equals_3\&apos;: &quot;TypeError: object of type \&apos;bool\&apos; has no len()&quot;, \&apos;islower\&apos;: &quot;TypeError: descriptor \&apos;islower\&apos; requires a \&apos;str\&apos; object but received a \&apos;bool\&apos;&quot;}].&apos;}.
</system-out></testcase><testcase classname="valid8.tests.test_readme_examples.test_example3" file="valid8/tests/test_readme_examples/test_example3.py" line="272" name="test_example_3[class_field_builtin_stdlib-(0.5, &apos;a&apos;)-&lt;class &apos;ValueError&apos;&gt;]" time="0.004995107650756836"><system-out>Error validating field [t=(0.5, &apos;a&apos;)] for class [Foo]. Validation function [and(instance_of_&lt;class &apos;tuple&apos;&gt;, length_equals_2, map_&lt;(and(instance_of_&lt;class &apos;numbers.Real&apos;&gt;, between_0_and_1), and(instance_of_&lt;class &apos;str&apos;&gt;, length_equals_3, islower))&gt;_on_elts)] raised AtLeastOneFailed: At least one validation function failed validation. Successes: [&quot;instance_of_&lt;class &apos;tuple&apos;&gt;&quot;, &apos;length_equals_2&apos;] / Failures: {&quot;map_&lt;(and(instance_of_&lt;class &apos;numbers.Real&apos;&gt;, between_0_and_1), and(instance_of_&lt;class &apos;str&apos;&gt;, length_equals_3, islower))&gt;_on_elts&quot;: &apos;InvalidItemInSequence: Provided sequence contains one value that is invalid. Function [and(instance_of_&lt;class \&apos;str\&apos;&gt;, length_equals_3, islower)] raised [AtLeastOneFailed: At least one validation function failed validation for value [a]. Successes: [&quot;instance_of_&lt;class \&apos;str\&apos;&gt;&quot;, \&apos;islower\&apos;] / Failures: {\&apos;length_equals_3\&apos;: \&apos;WrongLength: len(x) == 3 does not hold for x=a. Wrong value: [a]\&apos;}].&apos;}.
[...]
</system-out></testcase><testcase classname="valid8.tests.test_readme_examples.test_example3" file="valid8/tests/test_readme_examples/test_example3.py" line="272" name="test_example_3[class_fields_custom_check_valid_tuple-(0.2, &apos;foo&apos;)-True]" time="0.0036971569061279297"><system-out>calling function class_fields_custom with custom func check_valid_tuple
</system-out></testcase><testcase classname="valid8.tests.test_readme_examples.test_example3" file="valid8/tests/test_readme_examples/test_example3.py" line="272" name="test_example_3[class_fields_custom_check_valid_tuple-(1.0, &apos;abc&apos;)-True]" time="0.004113912582397461"><system-out>calling function class_fields_custom with custom func check_valid_tuple
</system-out></testcase><testcase classname="valid8.tests.test_readme_examples.test_example3" file="valid8/tests/test_readme_examples/test_example3.py" line="272" name="test_example_3[class_fields_custom_check_valid_tuple-(0, &apos;foo&apos;)-True]" time="0.003480195999145508"><system-out>calling function class_fields_custom with custom func check_valid_tuple
</system-out></testcase><testcase classname="valid8.tests.test_readme_examples.test_example3" file="valid8/tests/test_readme_examples/test_example3.py" line="272" name="test_example_3[class_fields_custom_check_valid_tuple-1.1-&lt;class &apos;TypeError&apos;&gt;]" time="0.0039730072021484375"><system-out>calling function class_fields_custom with custom func check_valid_tuple
Error validating field [t=1.1] for class [Foo]. Validation function [check_valid_tuple] raised TypeError: item should be a tuple.
</system-out></testcase><testcase classname="valid8.tests.test_readme_examples.test_example3" file="valid8/tests/test_readme_examples/test_example3.py" line="272" name="test_example_3[class_fields_custom_check_valid_tuple-(0.2, &apos;foo&apos;, True)-&lt;class &apos;ValueError&apos;&gt;]" time="0.003951311111450195"><system-out>calling function class_fields_custom with custom func check_valid_tuple
Error validating field [t=(0.2, &apos;foo&apos;, True)] for class [Foo]. Validation function [check_valid_tuple] raised ValueError: tuple length should be 2, found (0.2, &apos;foo&apos;, True).
</system-out></testcase><testcase classname="valid8.tests.test_readme_examples.test_example3" file="valid8/tests/test_readme_examples/test_example3.py" line="272" name="test_example_3[class_fields_custom_check_valid_tuple-(&apos;1.0&apos;, &apos;foo&apos;)-&lt;class &apos;TypeError&apos;&gt;]" time="0.00465083122253418"><system-out>calling function class_fields_custom with custom func check_valid_tuple
Error validating field [t=(&apos;1.0&apos;, &apos;foo&apos;)] for class [Foo]. Validation function [check_valid_tuple] raised TypeError: first elt should be a Real, found 1.0.
</system-out></testcase><testcase classname="valid8.tests.test_readme_examples.test_example3" file="valid8/tests/test_readme_examples/test_example3.py" line="272" name="test_example_3[class_fields_custom_check_valid_tuple-(1.1, &apos;foo&apos;)-&lt;class &apos;ValueError&apos;&gt;]" time="0.0039980411529541016"><system-out>calling function class_fields_custom with custom func check_valid_tuple
Error validating field [t=(1.1, &apos;foo&apos;)] for class [Foo]. Validation function [check_valid_tuple] raised ValueError: first elt should be between 0 and 1,found 1.1.
</system-out></testcase><testcase classname="valid8.tests.test_readme_examples.test_example3" file="valid8/tests/test_readme_examples/test_example3.py" line="272" name="test_example_3[class_fields_custom_check_valid_tuple-(1.0, False)-&lt;class &apos;TypeError&apos;&gt;]" time="0.0052411556243896484"><system-out>calling function class_fields_custom with custom func check_valid_tuple
Error validating field [t=(1.0, False)] for class [Foo]. Validation function [check_valid_tuple] raised TypeError: second elt should be a string, found False.
</system-out></testcase><testcase classname="valid8.tests.test_readme_examples.test_example3" file="valid8/tests/test_readme_examples/test_example3.py" line="272" name="test_example_3[class_fields_custom_check_valid_tuple-(0.5, &apos;a&apos;)-&lt;class &apos;ValueError&apos;&gt;]" time="0.006025552749633789"><system-out>calling function class_fields_custom with custom func check_valid_tuple
Error validating field [t=(0.5, &apos;a&apos;)] for class [Foo]. Validation function [check_valid_tuple] raised ValueError: second elt should be a lowercase string of length 3,found a.
</system-out></testcase><testcase classname="valid8.tests.test_readme_examples.test_example3" file="valid8/tests/test_readme_examples/test_example3.py" line="272" name="test_example_3[class_fields_custom_check_valid_tuple-(0.5, &apos;AAA&apos;)-&lt;class &apos;ValueError&apos;&gt;]" time="0.004050493240356445"><system-out>calling function class_fields_custom with custom func check_valid_tuple
Error validating field [t=(0.5, &apos;AAA&apos;)] for class [Foo]. Validation function [check_valid_tuple] raised ValueError: second elt should be a lowercase string of length 3,found AAA.
</system-out></testcase><testcase classname="valid8.tests.test_readme_examples.test_example3" file="valid8/tests/test_readme_examples/test_example3.py" line="272" name="test_example_3[class_fields_custom_check_valid_tuple_pep-(0.2, &apos;foo&apos;)-True]" time="0.005988359451293945"><system-out>calling function class_fields_custom with custom func check_valid_tuple_pep
</system-out></testcase><testcase classname="valid8.tests.test_readme_examples.test_example3" file="valid8/tests/test_readme_examples/test_example3.py" line="272" name="test_example_3[class_fields_custom_check_valid_tuple_pep-(1.0, &apos;abc&apos;)-True]" time="0.004964590072631836"><system-out>calling function class_fields_custom with custom func check_valid_tuple_pep
</system-out></testcase><testcase classname="valid8.tests.test_readme_examples.test_example3" file="valid8/tests/test_readme_examples/test_example3.py" line="272" name="test_example_3[class_fields_custom_check_valid_tuple_pep-(0, &apos;foo&apos;)-True]" time="0.005793571472167969"><system-out>calling function class_fields_custom with custom func check_valid_tuple_pep
</system-out></testcase><testcase classname="valid8.tests.test_readme_examples.test_example3" file="valid8/tests/test_readme_examples/test_example3.py" line="272" name="test_example_3[class_fields_custom_check_valid_tuple_pep-1.1-&lt;class &apos;TypeError&apos;&gt;]" time="0.010228633880615234"><system-out>calling function class_fields_custom with custom func check_valid_tuple_pep
Error validating field [t=1.1] for class [Foo]. Validation function [check_valid_tuple_pep] raised InputTypeError: 
  test_example3.check_valid_tuple_pep
  called with incompatible types:
Expected: Tuple[Tuple[Real, str]]
Received: Tuple[float].
</system-out></testcase><testcase classname="valid8.tests.test_readme_examples.test_example3" file="valid8/tests/test_readme_examples/test_example3.py" line="272" name="test_example_3[class_fields_custom_check_valid_tuple_pep-(0.2, &apos;foo&apos;, True)-&lt;class &apos;ValueError&apos;&gt;]" time="0.010166168212890625"><system-out>calling function class_fields_custom with custom func check_valid_tuple_pep
Error validating field [t=(0.2, &apos;foo&apos;, True)] for class [Foo]. Validation function [check_valid_tuple_pep] raised InputTypeError: 
  test_example3.check_valid_tuple_pep
  called with incompatible types:
Expected: Tuple[Tuple[Real, str]]
Received: Tuple[Tuple[float, str, bool]].
</system-out></testcase><testcase classname="valid8.tests.test_readme_examples.test_example3" file="valid8/tests/test_readme_examples/test_example3.py" line="272" name="test_example_3[class_fields_custom_check_valid_tuple_pep-(&apos;1.0&apos;, &apos;foo&apos;)-&lt;class &apos;TypeError&apos;&gt;]" time="0.009433269500732422"><system-out>calling function class_fields_custom with custom func check_valid_tuple_pep
Error validating field [t=(&apos;1.0&apos;, &apos;foo&apos;)] for class [Foo]. Validation function [check_valid_tuple_pep] raised InputTypeError: 
  test_example3.check_valid_tuple_pep
  called with incompatible types:
Expected: Tuple[Tuple[Real, str]]
Received: Tuple[Tuple[str, str]].
</system-out></testcase><testcase classname="valid8.tests.test_readme_examples.test_example3" file="valid8/tests/test_readme_examples/test_example3.py" line="272" name="test_example_3[class_fields_custom_check_valid_tuple_pep-(1.1, &apos;foo&apos;)-&lt;class &apos;ValueError&apos;&gt;]" time="0.009204864501953125"><system-out>calling function class_fields_custom with custom func check_valid_tuple_pep
Error validating field [t=(1.1, &apos;foo&apos;)] for class [Foo]. Validation function [check_valid_tuple_pep] raised ValueError: first elt should be between 0 and 1,found 1.1.
</system-out></testcase><testcase classname="valid8.tests.test_readme_examples.test_example3" file="valid8/tests/test_readme_examples/test_example3.py" line="272" name="test_example_3[class_fields_custom_check_valid_tuple_pep-(1.0, False)-&lt;class &apos;TypeError&apos;&gt;]" time="0.00822758674621582"><system-out>calling function class_fields_custom with custom func check_valid_tuple_pep
Error validating field [t=(1.0, False)] for class [Foo]. Validation function [check_valid_tuple_pep] raised InputTypeError: 
  test_example3.check_valid_tuple_pep
  called with incompatible types:
Expected: Tuple[Tuple[Real, str]]
Received: Tuple[Tuple[float, bool]].
</system-out></testcase><testcase classname="valid8.tests.test_readme_examples.test_example3" file="valid8/tests/test_readme_examples/test_example3.py" line="272" name="test_example_3[class_fields_custom_check_valid_tuple_pep-(0.5, &apos;a&apos;)-&lt;class &apos;ValueError&apos;&gt;]" time="0.009466171264648438"><system-out>calling function class_fields_custom with custom func check_valid_tuple_pep
Error validating field [t=(0.5, &apos;a&apos;)] for class [Foo]. Validation function [check_valid_tuple_pep] raised ValueError: second elt should be a lowercase string of length 3,found a.
</system-out></testcase><testcase classname="valid8.tests.test_readme_examples.test_example3" file="valid8/tests/test_readme_examples/test_example3.py" line="272" name="test_example_3[class_fields_custom_check_valid_tuple_pep-(0.5, &apos;AAA&apos;)-&lt;class &apos;ValueError&apos;&gt;]" time="0.00782012939453125"><system-out>calling function class_fields_custom with custom func check_valid_tuple_pep
Error validating field [t=(0.5, &apos;AAA&apos;)] for class [Foo]. Validation function [check_valid_tuple_pep] raised ValueError: second elt should be a lowercase string of length 3,found AAA.
</system-out></testcase><testcase classname="valid8.tests.test_readme_examples.test_example3" file="valid8/tests/test_readme_examples/test_example3.py" line="272" name="test_example_3[pep484-(0.2, &apos;foo&apos;)-True]" time="0.005321502685546875"></testcase><testcase classname="valid8.tests.test_readme_examples.test_example3" file="valid8/tests/test_readme_examples/test_example3.py" line="272" name="test_example_3[pep484-(1.0, &apos;abc&apos;)-True]" time="0.00659489631652832"></testcase><testcase classname="valid8.tests.test_readme_examples.test_example3" file="valid8/tests/test_readme_examples/test_example3.py" line="272" name="test_example_3[pep484-(0, &apos;foo&apos;)-True]" time="0.0074748992919921875"></testcase><testcase classname="valid8.tests.test_readme_examples.test_example3" file="valid8/tests/test_readme_examples/test_example3.py" line="272" name="test_example_3[pep484-1.1-&lt;class &apos;TypeError&apos;&gt;]" time="0.007436275482177734"><system-out>
  test_example3.my_function
  called with incompatible types:
Expected: Tuple[Tuple[Real, str]]
Received: Tuple[float]
</system-out></testcase><testcase classname="valid8.tests.test_readme_examples.test_example3" file="valid8/tests/test_readme_examples/test_example3.py" line="272" name="test_example_3[pep484-(0.2, &apos;foo&apos;, True)-&lt;class &apos;ValueError&apos;&gt;]" time="0.006715297698974609"><system-out>
  test_example3.my_function
  called with incompatible types:
Expected: Tuple[Tuple[Real, str]]
Received: Tuple[Tuple[float, str, bool]]
</system-out></testcase><testcase classname="valid8.tests.test_readme_examples.test_example3" file="valid8/tests/test_readme_examples/test_example3.py" line="272" name="test_example_3[pep484-(&apos;1.0&apos;, &apos;foo&apos;)-&lt;class &apos;TypeError&apos;&gt;]" time="0.005686759948730469"><system-out>
  test_example3.my_function
  called with incompatible types:
Expected: Tuple[Tuple[Real, str]]
Received: Tuple[Tuple[str, str]]
</system-out></testcase><testcase classname="valid8.tests.test_readme_examples.test_example3" file="valid8/tests/test_readme_examples/test_example3.py" line="272" name="test_example_3[pep484-(1.1, &apos;foo&apos;)-&lt;class &apos;ValueError&apos;&gt;]" time="0.0058100223541259766"><system-out>Error validating input [t=(1.1, &apos;foo&apos;)] for function [my_function]. Validation function [and((t[0] &gt;= 0) &amp; (t[0] &lt;= 1), len(t[1]) == 3, t[1].islower())] raised AtLeastOneFailed: At least one validation function failed validation for value [(1.1, &apos;foo&apos;)]. Successes: [&apos;len(t[1]) == 3&apos;, &apos;t[1].islower()&apos;] / Failures: {&apos;(t[0] &gt;= 0) &amp; (t[0] &lt;= 1)&apos;: &apos;False&apos;}.
</system-out></testcase><testcase classname="valid8.tests.test_readme_examples.test_example3" file="valid8/tests/test_readme_examples/test_example3.py" line="272" name="test_example_3[pep484-(1.0, False)-&lt;class &apos;TypeError&apos;&gt;]" time="0.005517005920410156"><system-out>
  test_example3.my_function
  called with incompatible types:
Expected: Tuple[Tuple[Real, str]]
Received: Tuple[Tuple[float, bool]]
</system-out></testcase><testcase classname="valid8.tests.test_readme_examples.test_example3" file="valid8/tests/test_readme_examples/test_example3.py" line="272" name="test_example_3[pep484-(0.5, &apos;a&apos;)-&lt;class &apos;ValueError&apos;&gt;]" time="0.00570225715637207"><system-out>Error validating input [t=(0.5, &apos;a&apos;)] for function [my_function]. Validation function [and((t[0] &gt;= 0) &amp; (t[0] &lt;= 1), len(t[1]) == 3, t[1].islower())] raised AtLeastOneFailed: At least one validation function failed validation for value [(0.5, &apos;a&apos;)]. Successes: [&apos;(t[0] &gt;= 0) &amp; (t[0] &lt;= 1)&apos;, &apos;t[1].islower()&apos;] / Failures: {&apos;len(t[1]) == 3&apos;: &apos;False&apos;}.
</system-out></testcase><testcase classname="valid8.tests.test_readme_examples.test_example3" file="valid8/tests/test_readme_examples/test_example3.py" line="272" name="test_example_3[pep484-(0.5, &apos;AAA&apos;)-&lt;class &apos;ValueError&apos;&gt;]" time="0.005690813064575195"><system-out>Error validating input [t=(0.5, &apos;AAA&apos;)] for function [my_function]. Validation function [and((t[0] &gt;= 0) &amp; (t[0] &lt;= 1), len(t[1]) == 3, t[1].islower())] raised AtLeastOneFailed: At least one validation function failed validation for value [(0.5, &apos;AAA&apos;)]. Successes: [&apos;(t[0] &gt;= 0) &amp; (t[0] &lt;= 1)&apos;, &apos;len(t[1]) == 3&apos;] / Failures: {&apos;t[1].islower()&apos;: &apos;False&apos;}.
</system-out></testcase><testcase classname="valid8.tests.test_validation_lib.test_validators_collections" file="valid8/tests/test_validation_lib/test_validators_collections.py" line="7" name="test_is_in" time="0.0017504692077636719"></testcase><testcase classname="valid8.tests.test_validation_lib.test_validators_collections" file="valid8/tests/test_validation_lib/test_validators_collections.py" line="15" name="test_contains" time="0.0018777847290039062"></testcase><testcase classname="valid8.tests.test_validation_lib.test_validators_collections" file="valid8/tests/test_validation_lib/test_validators_collections.py" line="22" name="test_is_subset_is_superset" time="0.0029926300048828125"></testcase><testcase classname="valid8.tests.test_validation_lib.test_validators_collections" file="valid8/tests/test_validation_lib/test_validators_collections.py" line="45" name="test_on_all" time="0.0016350746154785156"></testcase><testcase classname="valid8.tests.test_validation_lib.test_validators_collections" file="valid8/tests/test_validation_lib/test_validators_collections.py" line="54" name="test_on_each" time="0.0016257762908935547"></testcase><testcase classname="valid8.tests.test_validation_lib.test_validators_collections" file="valid8/tests/test_validation_lib/test_validators_collections.py" line="63" name="test_haslen" time="0.0014443397521972656"></testcase><testcase classname="valid8.tests.test_validation_lib.test_validators_collections" file="valid8/tests/test_validation_lib/test_validators_collections.py" line="70" name="test_minlen" time="0.0017478466033935547"></testcase><testcase classname="valid8.tests.test_validation_lib.test_validators_collections" file="valid8/tests/test_validation_lib/test_validators_collections.py" line="77" name="test_minlens" time="0.0019099712371826172"></testcase><testcase classname="valid8.tests.test_validation_lib.test_validators_collections" file="valid8/tests/test_validation_lib/test_validators_collections.py" line="84" name="test_maxlen" time="0.0019605159759521484"></testcase><testcase classname="valid8.tests.test_validation_lib.test_validators_collections" file="valid8/tests/test_validation_lib/test_validators_collections.py" line="91" name="test_maxlens" time="0.0019321441650390625"></testcase><testcase classname="valid8.tests.test_validation_lib.test_validators_collections" file="valid8/tests/test_validation_lib/test_validators_collections.py" line="98" name="test_length_between" time="0.001955270767211914"></testcase><testcase classname="valid8.tests.test_validation_lib.test_validators_comparables" file="valid8/tests/test_validation_lib/test_validators_comparables.py" line="5" name="test_gt" time="0.0018639564514160156"></testcase><testcase classname="valid8.tests.test_validation_lib.test_validators_comparables" file="valid8/tests/test_validation_lib/test_validators_comparables.py" line="12" name="test_gts" time="0.0022716522216796875"></testcase><testcase classname="valid8.tests.test_validation_lib.test_validators_comparables" file="valid8/tests/test_validation_lib/test_validators_comparables.py" line="19" name="test_lt" time="0.001934051513671875"></testcase><testcase classname="valid8.tests.test_validation_lib.test_validators_comparables" file="valid8/tests/test_validation_lib/test_validators_comparables.py" line="26" name="test_lts" time="0.0021538734436035156"></testcase><testcase classname="valid8.tests.test_validation_lib.test_validators_comparables" file="valid8/tests/test_validation_lib/test_validators_comparables.py" line="33" name="test_between" time="0.0018680095672607422"></testcase><testcase classname="valid8.tests.test_validation_lib.test_validators_numbers" file="valid8/tests/test_validation_lib/test_validators_numbers.py" line="5" name="test_is_even" time="0.0017824172973632812"></testcase><testcase classname="valid8.tests.test_validation_lib.test_validators_numbers" file="valid8/tests/test_validation_lib/test_validators_numbers.py" line="11" name="test_is_odd" time="0.0018880367279052734"></testcase><testcase classname="valid8.tests.test_validation_lib.test_validators_numbers" file="valid8/tests/test_validation_lib/test_validators_numbers.py" line="17" name="test_is_multiple_of" time="0.0015490055084228516"></testcase><testcase classname="valid8.tests.test_validation_lib.test_validators_types" file="valid8/tests/test_validation_lib/test_validators_types.py" line="5" name="test_instance_of" time="0.0016391277313232422"></testcase><testcase classname="valid8.tests.test_validation_lib.test_validators_types" file="valid8/tests/test_validation_lib/test_validators_types.py" line="31" name="test_subclass_of" time="0.0014233589172363281"></testcase></testsuite>