<?xml version="1.0" encoding="utf-8"?><testsuite errors="0" failures="1" name="pytest" skips="1" tests="429" time="4.069"><testcase classname="valid8.tests.test_composition" file="valid8/tests/test_composition.py" line="6" name="test_empty_validators_list" time="0.0021736621856689453"></testcase><testcase classname="valid8.tests.test_composition" file="valid8/tests/test_composition.py" line="13" name="test_list_implicit_and" time="0.0016827583312988281"></testcase><testcase classname="valid8.tests.test_composition" file="valid8/tests/test_composition.py" line="22" name="test_not_not_all" time="0.003179788589477539"></testcase><testcase classname="valid8.tests.test_composition" file="valid8/tests/test_composition.py" line="56" name="test_validate_or" time="0.0019164085388183594"></testcase><testcase classname="valid8.tests.test_composition" file="valid8/tests/test_composition.py" line="82" name="test_validate_xor" time="0.0017702579498291016"></testcase><testcase classname="valid8.tests.test_composition" file="valid8/tests/test_composition.py" line="106" name="test_validate_and" time="0.0021181106567382812"></testcase><testcase classname="valid8.tests.test_entry_points" file="valid8/tests/test_entry_points.py" line="3" name="test_validate_create_manually" time="0.0019927024841308594"></testcase><testcase classname="valid8.tests.test_entry_points_annotations" file="valid8/tests/test_entry_points_annotations.py" line="9" name="test_validate_field" time="0.0029540061950683594"></testcase><testcase classname="valid8.tests.test_entry_points_annotations" file="valid8/tests/test_entry_points_annotations.py" line="55" name="test_validate_field_property" time="0.0037202835083007812"></testcase><testcase classname="valid8.tests.test_entry_points_annotations" file="valid8/tests/test_entry_points_annotations.py" line="106" name="test_validate_field_custom_type" time="0.005130290985107422"></testcase><testcase classname="valid8.tests.test_entry_points_annotations" file="valid8/tests/test_entry_points_annotations.py" line="146" name="test_validate_attr" time="0.003544330596923828"></testcase><testcase classname="valid8.tests.test_entry_points_annotations" file="valid8/tests/test_entry_points_annotations.py" line="158" name="test_validate_arg_nominal_builtin_validators" time="0.003432035446166992"><system-out>hello
hello
</system-out></testcase><testcase classname="valid8.tests.test_entry_points_annotations" file="valid8/tests/test_entry_points_annotations.py" line="188" name="test_validate_out" time="0.0038132667541503906"></testcase><testcase classname="valid8.tests.test_entry_points_annotations" file="valid8/tests/test_entry_points_annotations.py" line="205" name="test_validate_nominal_builtin_validators" time="0.004396200180053711"><system-out>hello
hello
</system-out></testcase><testcase classname="valid8.tests.test_entry_points_annotations" file="valid8/tests/test_entry_points_annotations.py" line="235" name="test_validate_custom_validators_basic" time="0.004907131195068359"><system-out>hello
</system-out></testcase><testcase classname="valid8.tests.test_entry_points_annotations" file="valid8/tests/test_entry_points_annotations.py" line="283" name="test_validate_custom_validators_with_exception" time="0.00260162353515625"><system-out>hello
1
2
3
</system-out></testcase><testcase classname="valid8.tests.test_entry_points_annotations" file="valid8/tests/test_entry_points_annotations.py" line="336" name="test_validate_mini_lambda" time="0.0030930042266845703"><system-out>Hello, john your age is 20
</system-out></testcase><testcase classname="valid8.tests.test_entry_points_annotations" file="valid8/tests/test_entry_points_annotations.py" line="349" name="test_validate_none_enforce" time="0.020903587341308594"><system-out>hello
</system-out></testcase><testcase classname="valid8.tests.test_entry_points_annotations" file="valid8/tests/test_entry_points_annotations.py" line="373" name="test_validate_none_pytypes" time="0.0122222900390625"><system-out>hello
</system-out></testcase><testcase classname="valid8.tests.test_entry_points_annotations" file="valid8/tests/test_entry_points_annotations.py" line="397" name="test_validate_none_is_allowed" time="0.002794504165649414"><system-out>hello
hello
</system-out></testcase><testcase classname="valid8.tests.test_entry_points_annotations" file="valid8/tests/test_entry_points_annotations.py" line="409" name="test_validate_name_error" time="0.0017600059509277344"></testcase><testcase classname="valid8.tests.test_entry_points_annotations" file="valid8/tests/test_entry_points_annotations.py" line="418" name="test_decorate_manually" time="0.002900362014770508"></testcase><testcase classname="valid8.tests.test_entry_points_annotations" file="valid8/tests/test_entry_points_annotations.py" line="430" name="test_validate_tracebacks" time="0.003041982650756836"></testcase><testcase classname="valid8.tests.test_entry_points_inline" file="valid8/tests/test_entry_points_inline.py" line="12" name="test_validate_" time="0.002986907958984375"></testcase><testcase classname="valid8.tests.test_entry_points_inline" file="valid8/tests/test_entry_points_inline.py" line="39" name="test_readme_usage_validate__customization" time="0.0029714107513427734"></testcase><testcase classname="valid8.tests.test_entry_points_inline" file="valid8/tests/test_entry_points_inline.py" line="74" name="test_validator_context_manager" time="0.0028715133666992188"></testcase><testcase classname="valid8.tests.test_entry_points_inline" file="valid8/tests/test_entry_points_inline.py" line="105" name="test_readme_usage_validator_customization" time="0.0032663345336914062"></testcase><testcase classname="valid8.tests.test_entry_points_inline" file="valid8/tests/test_entry_points_inline.py" line="142" name="test_validate_tracebacks" time="0.0021610260009765625"></testcase><testcase classname="valid8.tests.test_entry_points_inline" file="valid8/tests/test_entry_points_inline.py" line="162" name="test_typos_in_kwargs" time="0.001600503921508789"></testcase><testcase classname="valid8.tests.test_entry_points_inline" file="valid8/tests/test_entry_points_inline.py" line="170" name="test_validate_auto_disable_display" time="0.002084493637084961"></testcase><testcase classname="valid8.tests.test_entry_points_inline" file="valid8/tests/test_entry_points_inline.py" line="189" name="test_numpy_nan" time="0.0017895698547363281"></testcase><testcase classname="valid8.tests.test_entry_points_inline" file="valid8/tests/test_entry_points_inline.py" line="198" name="test_numpy_nan_like_lengths" time="0.0015559196472167969"></testcase><testcase classname="valid8.tests.test_entry_points_inline" file="valid8/tests/test_entry_points_inline.py" line="232" name="test_function_setter_name_in_valid8_error_message" time="0.025934934616088867"></testcase><testcase classname="valid8.tests.packaging.test_packaging" file="valid8/tests/packaging/test_packaging.py" line="21" name="test_named_import[composition_xor_]" time="0.0022995471954345703"></testcase><testcase classname="valid8.tests.packaging.test_packaging" file="valid8/tests/packaging/test_packaging.py" line="21" name="test_named_import[composition_fail_on_none]" time="0.0018906593322753906"></testcase><testcase classname="valid8.tests.packaging.test_packaging" file="valid8/tests/packaging/test_packaging.py" line="21" name="test_named_import[composition_and_]" time="0.0020902156829833984"></testcase><testcase classname="valid8.tests.packaging.test_packaging" file="valid8/tests/packaging/test_packaging.py" line="21" name="test_named_import[composition_AtLeastOneFailed]" time="0.0018057823181152344"></testcase><testcase classname="valid8.tests.packaging.test_packaging" file="valid8/tests/packaging/test_packaging.py" line="21" name="test_named_import[composition_or_]" time="0.0015137195587158203"></testcase><testcase classname="valid8.tests.packaging.test_packaging" file="valid8/tests/packaging/test_packaging.py" line="21" name="test_named_import[composition_skip_on_none]" time="0.0015094280242919922"></testcase><testcase classname="valid8.tests.packaging.test_packaging" file="valid8/tests/packaging/test_packaging.py" line="21" name="test_named_import[composition_not_all]" time="0.0019123554229736328"></testcase><testcase classname="valid8.tests.packaging.test_packaging" file="valid8/tests/packaging/test_packaging.py" line="21" name="test_named_import[composition_DidNotFail]" time="0.00205230712890625"></testcase><testcase classname="valid8.tests.packaging.test_packaging" file="valid8/tests/packaging/test_packaging.py" line="21" name="test_named_import[composition_AllValidatorsFailed]" time="0.0075016021728515625"></testcase><testcase classname="valid8.tests.packaging.test_packaging" file="valid8/tests/packaging/test_packaging.py" line="21" name="test_named_import[composition_not_]" time="0.0019712448120117188"></testcase><testcase classname="valid8.tests.packaging.test_packaging" file="valid8/tests/packaging/test_packaging.py" line="21" name="test_named_import[composition_XorTooManySuccess]" time="0.0020542144775390625"></testcase><testcase classname="valid8.tests.packaging.test_packaging" file="valid8/tests/packaging/test_packaging.py" line="21" name="test_named_import[composition_CompositionFailure]" time="0.0018074512481689453"></testcase><testcase classname="valid8.tests.packaging.test_packaging" file="valid8/tests/packaging/test_packaging.py" line="21" name="test_named_import[composition_failure_raiser]" time="0.0019192695617675781"></testcase><testcase classname="valid8.tests.packaging.test_packaging" file="valid8/tests/packaging/test_packaging.py" line="26" name="test_import_from[composition_xor_]" time="0.0018839836120605469"></testcase><testcase classname="valid8.tests.packaging.test_packaging" file="valid8/tests/packaging/test_packaging.py" line="26" name="test_import_from[composition_fail_on_none]" time="0.0013570785522460938"></testcase><testcase classname="valid8.tests.packaging.test_packaging" file="valid8/tests/packaging/test_packaging.py" line="26" name="test_import_from[composition_and_]" time="0.0019409656524658203"></testcase><testcase classname="valid8.tests.packaging.test_packaging" file="valid8/tests/packaging/test_packaging.py" line="26" name="test_import_from[composition_AtLeastOneFailed]" time="0.0018084049224853516"></testcase><testcase classname="valid8.tests.packaging.test_packaging" file="valid8/tests/packaging/test_packaging.py" line="26" name="test_import_from[composition_or_]" time="0.0019567012786865234"></testcase><testcase classname="valid8.tests.packaging.test_packaging" file="valid8/tests/packaging/test_packaging.py" line="26" name="test_import_from[composition_skip_on_none]" time="0.0020651817321777344"></testcase><testcase classname="valid8.tests.packaging.test_packaging" file="valid8/tests/packaging/test_packaging.py" line="26" name="test_import_from[composition_not_all]" time="0.0018603801727294922"></testcase><testcase classname="valid8.tests.packaging.test_packaging" file="valid8/tests/packaging/test_packaging.py" line="26" name="test_import_from[composition_DidNotFail]" time="0.001644134521484375"></testcase><testcase classname="valid8.tests.packaging.test_packaging" file="valid8/tests/packaging/test_packaging.py" line="26" name="test_import_from[composition_AllValidatorsFailed]" time="0.0019702911376953125"></testcase><testcase classname="valid8.tests.packaging.test_packaging" file="valid8/tests/packaging/test_packaging.py" line="26" name="test_import_from[composition_not_]" time="0.002130270004272461"></testcase><testcase classname="valid8.tests.packaging.test_packaging" file="valid8/tests/packaging/test_packaging.py" line="26" name="test_import_from[composition_XorTooManySuccess]" time="0.00226593017578125"></testcase><testcase classname="valid8.tests.packaging.test_packaging" file="valid8/tests/packaging/test_packaging.py" line="26" name="test_import_from[composition_CompositionFailure]" time="0.0019180774688720703"></testcase><testcase classname="valid8.tests.packaging.test_packaging" file="valid8/tests/packaging/test_packaging.py" line="26" name="test_import_from[composition_failure_raiser]" time="0.0014729499816894531"></testcase><testcase classname="valid8.tests.packaging.test_packaging_wildcard" file="valid8/tests/packaging/test_packaging_wildcard.py" line="3" name="test_wild_import" time="0.0011973381042480469"></testcase><testcase classname="valid8.tests.readme.test_readme_combining" file="valid8/tests/readme/test_readme_combining.py" line="7" name="test_readme_index_combining_enforce" time="0.018429994583129883"><system-out>Building house... DONE !
Building house... DONE !
</system-out></testcase><testcase classname="valid8.tests.readme.test_readme_combining" file="valid8/tests/readme/test_readme_combining.py" line="16" name="test_readme_index_combining_autoclass" time="0.008172273635864258"></testcase><testcase classname="valid8.tests.readme.test_readme_combining" file="valid8/tests/readme/test_readme_combining.py" line="48" name="test_readme_index_combining_autoclass_2" time="0.0067942142486572266"></testcase><testcase classname="valid8.tests.readme.test_readme_combining" file="valid8/tests/readme/test_readme_combining.py" line="79" name="test_readme_index_combining_attrs" time="0.004884481430053711"></testcase><testcase classname="valid8.tests.readme.test_readme_combining" file="valid8/tests/readme/test_readme_combining.py" line="111" name="test_unused_pytypes" time="0.01308131217956543"><system-out>you did it !
you did it !
</system-out></testcase><testcase classname="valid8.tests.readme.test_readme_combining" file="valid8/tests/readme/test_readme_combining.py" line="140" name="test_readme_combining_checktypes" time="0.0014798641204833984"><skipped message="checktypes does not seem to work on old python versions see https://gitlab.com/yahya-abou-imran/checktypes/issues/2" type="pytest.skip">valid8/tests/readme/test_readme_combining.py:140: &lt;py._xmlgen.raw object at 0x7f74f1d35128&gt;</skipped></testcase><testcase classname="valid8.tests.readme.test_readme_examples" file="valid8/tests/readme/test_readme_examples.py" line="7" name="test_readme_examples_4" time="0.003618478775024414"></testcase><testcase classname="valid8.tests.readme.test_readme_index" file="valid8/tests/readme/test_readme_index.py" line="6" name="test_readme_index_usage_quick" time="0.003453493118286133"></testcase><testcase classname="valid8.tests.readme.test_readme_index" file="valid8/tests/readme/test_readme_index.py" line="20" name="test_readme_usage_validator" time="0.00648808479309082"><failure message="AssertionError: assert &apos;Error valida... value: [1j].&apos; == &apos;Error validat... value: [1j].&apos;
  - Error validating [surface=1j]. Validation function [assert_instance_of(surf, int)] raised HasWrongType: Value should be an instance of &lt;class &apos;int&apos;&gt;. Wrong value: [1j].
  + Error validating [surface=1j]. Validation function [assert_instance_of(surf, int) ; v.alid = surf &gt; 0] raised HasWrongType: Value should be an instance of &lt;class &apos;int&apos;&gt;. Wrong value: [1j].
  ?                                                                                  ++++++++++++++++++++">def test_readme_usage_validator():
        &quot;&quot;&quot; Tests that the example under index/usage/validation works &quot;&quot;&quot;
    
        surf = -1
    
        with pytest.raises(ValidationError) as exc_info:
            with validator(&apos;surface&apos;, surf) as v:
                v.alid = surf &gt; 0 and isfinite(surf)
        e = exc_info.value
        assert str(e) == &quot;Error validating [surface=-1]: &quot; \
                         &quot;validation function [v.alid = surf &gt; 0 and isfinite(surf)] returned [False].&quot;
    
        surf = 1j
    
        with pytest.raises(ValidationError) as exc_info:
            with validator(&apos;surface&apos;, surf) as v:
                v.alid = surf &gt; 0 and isfinite(surf)
        e = exc_info.value
        assert str(e).startswith(&quot;Error validating [surface=1j]. &quot; \
                                 &quot;Validation function [v.alid = surf &gt; 0 and isfinite(surf)] raised &quot; \
                                 &quot;TypeError:&quot;)
    
        # alternate naming
        surf = -1
        with pytest.raises(ValidationError) as exc_info:
            with validator(&apos;surface&apos;, surf) as r:
                r.esults = surf &gt; 0 and isfinite(surf)
        e = exc_info.value
        assert str(e) == &quot;Error validating [surface=-1]: &quot; \
                         &quot;validation function [r.esults = surf &gt; 0 and isfinite(surf)] returned [False].&quot;
    
        # type validation
        surf = 1j
        with pytest.raises(ValidationError) as exc_info:
            with validator(&apos;surface&apos;, surf, instance_of=int) as v:
                v.alid = surf &gt; 0
        e = exc_info.value
        assert str(e) == &quot;Error validating [surface=1j]. &quot; \
                         &quot;HasWrongType: Value should be an instance of %s. Wrong value: [1j].&quot; % repr(int)
    
        from valid8 import assert_instance_of
        with pytest.raises(ValidationError) as exc_info:
            with validator(&apos;surface&apos;, surf) as v:
                assert_instance_of(surf, int)
                v.alid = surf &gt; 0
        e = exc_info.value
&gt;       assert str(e) == &quot;Error validating [surface=1j]. &quot; \
                         &quot;Validation function [assert_instance_of(surf, int) ; v.alid = surf &gt; 0] raised &quot; \
                         &quot;HasWrongType: Value should be an instance of %s. Wrong value: [1j].&quot; % repr(int)
E       AssertionError: assert &apos;Error valida... value: [1j].&apos; == &apos;Error validat... value: [1j].&apos;
E         - Error validating [surface=1j]. Validation function [assert_instance_of(surf, int)] raised HasWrongType: Value should be an instance of &lt;class &apos;int&apos;&gt;. Wrong value: [1j].
E         + Error validating [surface=1j]. Validation function [assert_instance_of(surf, int) ; v.alid = surf &gt; 0] raised HasWrongType: Value should be an instance of &lt;class &apos;int&apos;&gt;. Wrong value: [1j].
E         ?                                                                                  ++++++++++++++++++++

valid8/tests/readme/test_readme_index.py:67: AssertionError</failure></testcase><testcase classname="valid8.tests.readme.test_readme_index" file="valid8/tests/readme/test_readme_index.py" line="71" name="test_readme_usage_customization" time="0.002581357955932617"></testcase><testcase classname="valid8.tests.readme.test_readme_index" file="valid8/tests/readme/test_readme_index.py" line="130" name="test_readme_index_usage_basic" time="0.0026226043701171875"></testcase><testcase classname="valid8.tests.readme.test_readme_index" file="valid8/tests/readme/test_readme_index.py" line="154" name="test_readme_index_usage_function" time="0.0045318603515625"><system-out>Building house... DONE !
Building house... DONE !
Building house... DONE !
</system-out></testcase><testcase classname="valid8.tests.readme.test_readme_index" file="valid8/tests/readme/test_readme_index.py" line="200" name="test_readme_index_usage_class_fields" time="0.00426173210144043"></testcase><testcase classname="valid8.tests.readme.test_readme_index" file="valid8/tests/readme/test_readme_index.py" line="234" name="test_testing" time="0.002569437026977539"></testcase><testcase classname="valid8.tests.readme.test_readme_index" file="valid8/tests/readme/test_readme_index.py" line="249" name="test_advanced_composition" time="0.0018301010131835938"></testcase><testcase classname="valid8.tests.readme.test_readme_index" file="valid8/tests/readme/test_readme_index.py" line="268" name="test_readme_index_usage_customization" time="0.0042459964752197266"></testcase><testcase classname="valid8.tests.readme.test_readme_index" file="valid8/tests/readme/test_readme_index.py" line="327" name="test_readme_index_usage_composition" time="0.004517793655395508"></testcase><testcase classname="valid8.tests.readme.test_readme_usage" file="valid8/tests/readme/test_readme_usage.py" line="9" name="test_tutorial" time="0.003918886184692383"></testcase><testcase classname="valid8.tests.readme.test_readme_usage" file="valid8/tests/readme/test_readme_usage.py" line="67" name="test_usage_base_validation_functions" time="0.0016527175903320312"></testcase><testcase classname="valid8.tests.readme.test_readme_usage" file="valid8/tests/readme/test_readme_usage.py" line="73" name="test_usage_ensure_valid" time="0.0050694942474365234"></testcase><testcase classname="valid8.tests.readme.test_readme_usage" file="valid8/tests/readme/test_readme_usage.py" line="120" name="test_usage_is_valid" time="0.002730131149291992"></testcase><testcase classname="valid8.tests.readme.test_readme_usage" file="valid8/tests/readme/test_readme_usage.py" line="157" name="test_usage_validators" time="0.005502462387084961"></testcase><testcase classname="valid8.tests.readme.test_readme_usage" file="valid8/tests/readme/test_readme_usage.py" line="310" name="test_usage_validate_annotation" time="0.003559589385986328"></testcase><testcase classname="valid8.tests.readme.test_readme_usage" file="valid8/tests/readme/test_readme_usage.py" line="326" name="test_usage_custom_validators" time="0.004250526428222656"></testcase><testcase classname="valid8.tests.readme.examples.test_example1" file="valid8/tests/readme/examples/test_example1.py" line="23" name="test_example_1[function_io_builtin-0-True]" time="0.003806591033935547"></testcase><testcase classname="valid8.tests.readme.examples.test_example1" file="valid8/tests/readme/examples/test_example1.py" line="23" name="test_example_1[function_io_builtin-100-True]" time="0.003457784652709961"></testcase><testcase classname="valid8.tests.readme.examples.test_example1" file="valid8/tests/readme/examples/test_example1.py" line="23" name="test_example_1[function_io_builtin-foo-TypeError]" time="0.004658222198486328"><system-out>Error validating input [x=foo] for function [my_function3]. Validation function [and(instance_of_&lt;class &apos;numbers.Integral&apos;&gt;, greater_than_0)] raised AtLeastOneFailed: At least one validation function failed validation for value [foo]. Successes: [] / Failures: {&quot;instance_of_&lt;class &apos;numbers.Integral&apos;&gt;&quot;: &quot;HasWrongType: Value should be an instance of &lt;class &apos;numbers.Integral&apos;&gt;. Wrong value: [foo]&quot;, &apos;greater_than_0&apos;: &apos;TypeError: unorderable types: str() &gt;= int()&apos;}.
</system-out></testcase><testcase classname="valid8.tests.readme.examples.test_example1" file="valid8/tests/readme/examples/test_example1.py" line="23" name="test_example_1[function_io_builtin-1.0-TypeError]" time="0.004065275192260742"><system-out>Error validating input [x=1.0] for function [my_function3]. Validation function [and(instance_of_&lt;class &apos;numbers.Integral&apos;&gt;, greater_than_0)] raised AtLeastOneFailed: At least one validation function failed validation for value [1.0]. Successes: [&apos;greater_than_0&apos;] / Failures: {&quot;instance_of_&lt;class &apos;numbers.Integral&apos;&gt;&quot;: &quot;HasWrongType: Value should be an instance of &lt;class &apos;numbers.Integral&apos;&gt;. Wrong value: [1.0]&quot;}.
</system-out></testcase><testcase classname="valid8.tests.readme.examples.test_example1" file="valid8/tests/readme/examples/test_example1.py" line="23" name="test_example_1[function_io_builtin--1-ValueError]" time="0.0039937496185302734"><system-out>Error validating input [x=-1] for function [my_function3]. Validation function [and(instance_of_&lt;class &apos;numbers.Integral&apos;&gt;, greater_than_0)] raised AtLeastOneFailed: At least one validation function failed validation for value [-1]. Successes: [&quot;instance_of_&lt;class &apos;numbers.Integral&apos;&gt;&quot;] / Failures: {&apos;greater_than_0&apos;: &apos;TooSmall: x &gt;= 0 does not hold for x=-1. Wrong value: [-1]&apos;}.
</system-out></testcase><testcase classname="valid8.tests.readme.examples.test_example1" file="valid8/tests/readme/examples/test_example1.py" line="23" name="test_example_1[class_field_builtin_stdlib-0-True]" time="0.0036852359771728516"></testcase><testcase classname="valid8.tests.readme.examples.test_example1" file="valid8/tests/readme/examples/test_example1.py" line="23" name="test_example_1[class_field_builtin_stdlib-100-True]" time="0.003704071044921875"></testcase><testcase classname="valid8.tests.readme.examples.test_example1" file="valid8/tests/readme/examples/test_example1.py" line="23" name="test_example_1[class_field_builtin_stdlib-foo-TypeError]" time="0.005301952362060547"><system-out>Error validating field [x=foo] for class [Foo]. Validation function [and(instance_of_&lt;class &apos;numbers.Integral&apos;&gt;, greater_than_0)] raised AtLeastOneFailed: At least one validation function failed validation for value [foo]. Successes: [] / Failures: {&quot;instance_of_&lt;class &apos;numbers.Integral&apos;&gt;&quot;: &quot;HasWrongType: Value should be an instance of &lt;class &apos;numbers.Integral&apos;&gt;. Wrong value: [foo]&quot;, &apos;greater_than_0&apos;: &apos;TypeError: unorderable types: str() &gt;= int()&apos;}.
</system-out></testcase><testcase classname="valid8.tests.readme.examples.test_example1" file="valid8/tests/readme/examples/test_example1.py" line="23" name="test_example_1[class_field_builtin_stdlib-1.0-TypeError]" time="0.004595279693603516"><system-out>Error validating field [x=1.0] for class [Foo]. Validation function [and(instance_of_&lt;class &apos;numbers.Integral&apos;&gt;, greater_than_0)] raised AtLeastOneFailed: At least one validation function failed validation for value [1.0]. Successes: [&apos;greater_than_0&apos;] / Failures: {&quot;instance_of_&lt;class &apos;numbers.Integral&apos;&gt;&quot;: &quot;HasWrongType: Value should be an instance of &lt;class &apos;numbers.Integral&apos;&gt;. Wrong value: [1.0]&quot;}.
</system-out></testcase><testcase classname="valid8.tests.readme.examples.test_example1" file="valid8/tests/readme/examples/test_example1.py" line="23" name="test_example_1[class_field_builtin_stdlib--1-ValueError]" time="0.004553318023681641"><system-out>Error validating field [x=-1] for class [Foo]. Validation function [and(instance_of_&lt;class &apos;numbers.Integral&apos;&gt;, greater_than_0)] raised AtLeastOneFailed: At least one validation function failed validation for value [-1]. Successes: [&quot;instance_of_&lt;class &apos;numbers.Integral&apos;&gt;&quot;] / Failures: {&apos;greater_than_0&apos;: &apos;TooSmall: x &gt;= 0 does not hold for x=-1. Wrong value: [-1]&apos;}.
</system-out></testcase><testcase classname="valid8.tests.readme.examples.test_example1" file="valid8/tests/readme/examples/test_example1.py" line="23" name="test_example_1[with_validator-0-True]" time="0.002725362777709961"></testcase><testcase classname="valid8.tests.readme.examples.test_example1" file="valid8/tests/readme/examples/test_example1.py" line="23" name="test_example_1[with_validator-100-True]" time="0.001882314682006836"></testcase><testcase classname="valid8.tests.readme.examples.test_example1" file="valid8/tests/readme/examples/test_example1.py" line="23" name="test_example_1[with_validator-foo-TypeError]" time="0.003841876983642578"><system-out>Error validating [x=foo]. HasWrongType: Value should be an instance of &lt;class &apos;numbers.Integral&apos;&gt;. Wrong value: [foo].
</system-out></testcase><testcase classname="valid8.tests.readme.examples.test_example1" file="valid8/tests/readme/examples/test_example1.py" line="23" name="test_example_1[with_validator-1.0-TypeError]" time="0.0033626556396484375"><system-out>Error validating [x=1.0]. HasWrongType: Value should be an instance of &lt;class &apos;numbers.Integral&apos;&gt;. Wrong value: [1.0].
</system-out></testcase><testcase classname="valid8.tests.readme.examples.test_example1" file="valid8/tests/readme/examples/test_example1.py" line="23" name="test_example_1[with_validator--1-ValueError]" time="0.003317117691040039"><system-out>Error validating [x=-1]: validation function [v.alid = x &gt;= 0] returned [False].
</system-out></testcase><testcase classname="valid8.tests.readme.examples.test_example1" file="valid8/tests/readme/examples/test_example1.py" line="23" name="test_example_1[function_output_mini_lambda-0-True]" time="0.0026361942291259766"></testcase><testcase classname="valid8.tests.readme.examples.test_example1" file="valid8/tests/readme/examples/test_example1.py" line="23" name="test_example_1[function_output_mini_lambda-100-True]" time="0.003523588180541992"></testcase><testcase classname="valid8.tests.readme.examples.test_example1" file="valid8/tests/readme/examples/test_example1.py" line="23" name="test_example_1[function_output_mini_lambda-foo-TypeError]" time="0.0044116973876953125"><system-out>Error validating output of function [my_function2]. Validation function [and(instance_of_&lt;class &apos;numbers.Integral&apos;&gt;, x &gt;= 0)] raised AtLeastOneFailed: At least one validation function failed validation for value [foo]. Successes: [] / Failures: {&quot;instance_of_&lt;class &apos;numbers.Integral&apos;&gt;&quot;: &quot;HasWrongType: Value should be an instance of &lt;class &apos;numbers.Integral&apos;&gt;. Wrong value: [foo]&quot;, &apos;x &gt;= 0&apos;: &apos;TypeError: unorderable types: str() &gt;= int()&apos;}.
</system-out></testcase><testcase classname="valid8.tests.readme.examples.test_example1" file="valid8/tests/readme/examples/test_example1.py" line="23" name="test_example_1[function_output_mini_lambda-1.0-TypeError]" time="0.004166603088378906"><system-out>Error validating output of function [my_function2]. Validation function [and(instance_of_&lt;class &apos;numbers.Integral&apos;&gt;, x &gt;= 0)] raised AtLeastOneFailed: At least one validation function failed validation for value [1.0]. Successes: [&apos;x &gt;= 0&apos;] / Failures: {&quot;instance_of_&lt;class &apos;numbers.Integral&apos;&gt;&quot;: &quot;HasWrongType: Value should be an instance of &lt;class &apos;numbers.Integral&apos;&gt;. Wrong value: [1.0]&quot;}.
</system-out></testcase><testcase classname="valid8.tests.readme.examples.test_example1" file="valid8/tests/readme/examples/test_example1.py" line="23" name="test_example_1[function_output_mini_lambda--1-ValueError]" time="0.0033338069915771484"><system-out>Error validating output of function [my_function2]. Validation function [and(instance_of_&lt;class &apos;numbers.Integral&apos;&gt;, x &gt;= 0)] raised AtLeastOneFailed: At least one validation function failed validation for value [-1]. Successes: [&quot;instance_of_&lt;class &apos;numbers.Integral&apos;&gt;&quot;] / Failures: {&apos;x &gt;= 0&apos;: &apos;False&apos;}.
</system-out></testcase><testcase classname="valid8.tests.readme.examples.test_example1" file="valid8/tests/readme/examples/test_example1.py" line="23" name="test_example_1[class_field_mini_lambda-0-True]" time="0.0036687850952148438"></testcase><testcase classname="valid8.tests.readme.examples.test_example1" file="valid8/tests/readme/examples/test_example1.py" line="23" name="test_example_1[class_field_mini_lambda-100-True]" time="0.003650188446044922"></testcase><testcase classname="valid8.tests.readme.examples.test_example1" file="valid8/tests/readme/examples/test_example1.py" line="23" name="test_example_1[class_field_mini_lambda-foo-TypeError]" time="0.004793643951416016"><system-out>Error validating field [x=foo] for class [Foo]. Validation function [and(instance_of_&lt;class &apos;numbers.Integral&apos;&gt;, x &gt;= 0)] raised AtLeastOneFailed: At least one validation function failed validation for value [foo]. Successes: [] / Failures: {&quot;instance_of_&lt;class &apos;numbers.Integral&apos;&gt;&quot;: &quot;HasWrongType: Value should be an instance of &lt;class &apos;numbers.Integral&apos;&gt;. Wrong value: [foo]&quot;, &apos;x &gt;= 0&apos;: &apos;TypeError: unorderable types: str() &gt;= int()&apos;}.
</system-out></testcase><testcase classname="valid8.tests.readme.examples.test_example1" file="valid8/tests/readme/examples/test_example1.py" line="23" name="test_example_1[class_field_mini_lambda-1.0-TypeError]" time="0.004225254058837891"><system-out>Error validating field [x=1.0] for class [Foo]. Validation function [and(instance_of_&lt;class &apos;numbers.Integral&apos;&gt;, x &gt;= 0)] raised AtLeastOneFailed: At least one validation function failed validation for value [1.0]. Successes: [&apos;x &gt;= 0&apos;] / Failures: {&quot;instance_of_&lt;class &apos;numbers.Integral&apos;&gt;&quot;: &quot;HasWrongType: Value should be an instance of &lt;class &apos;numbers.Integral&apos;&gt;. Wrong value: [1.0]&quot;}.
</system-out></testcase><testcase classname="valid8.tests.readme.examples.test_example1" file="valid8/tests/readme/examples/test_example1.py" line="23" name="test_example_1[class_field_mini_lambda--1-ValueError]" time="0.004439353942871094"><system-out>Error validating field [x=-1] for class [Foo]. Validation function [and(instance_of_&lt;class &apos;numbers.Integral&apos;&gt;, x &gt;= 0)] raised AtLeastOneFailed: At least one validation function failed validation for value [-1]. Successes: [&quot;instance_of_&lt;class &apos;numbers.Integral&apos;&gt;&quot;] / Failures: {&apos;x &gt;= 0&apos;: &apos;False&apos;}.
</system-out></testcase><testcase classname="valid8.tests.readme.examples.test_example1" file="valid8/tests/readme/examples/test_example1.py" line="23" name="test_example_1[function_input_mini_lambda-0-True]" time="0.0036880970001220703"></testcase><testcase classname="valid8.tests.readme.examples.test_example1" file="valid8/tests/readme/examples/test_example1.py" line="23" name="test_example_1[function_input_mini_lambda-100-True]" time="0.0036232471466064453"></testcase><testcase classname="valid8.tests.readme.examples.test_example1" file="valid8/tests/readme/examples/test_example1.py" line="23" name="test_example_1[function_input_mini_lambda-foo-TypeError]" time="0.00452113151550293"><system-out>Error validating input [x=foo] for function [my_function]. Validation function [and(instance_of_&lt;class &apos;numbers.Integral&apos;&gt;, x &gt;= 0)] raised AtLeastOneFailed: At least one validation function failed validation for value [foo]. Successes: [] / Failures: {&quot;instance_of_&lt;class &apos;numbers.Integral&apos;&gt;&quot;: &quot;HasWrongType: Value should be an instance of &lt;class &apos;numbers.Integral&apos;&gt;. Wrong value: [foo]&quot;, &apos;x &gt;= 0&apos;: &apos;TypeError: unorderable types: str() &gt;= int()&apos;}.
</system-out></testcase><testcase classname="valid8.tests.readme.examples.test_example1" file="valid8/tests/readme/examples/test_example1.py" line="23" name="test_example_1[function_input_mini_lambda-1.0-TypeError]" time="0.004513740539550781"><system-out>Error validating input [x=1.0] for function [my_function]. Validation function [and(instance_of_&lt;class &apos;numbers.Integral&apos;&gt;, x &gt;= 0)] raised AtLeastOneFailed: At least one validation function failed validation for value [1.0]. Successes: [&apos;x &gt;= 0&apos;] / Failures: {&quot;instance_of_&lt;class &apos;numbers.Integral&apos;&gt;&quot;: &quot;HasWrongType: Value should be an instance of &lt;class &apos;numbers.Integral&apos;&gt;. Wrong value: [1.0]&quot;}.
</system-out></testcase><testcase classname="valid8.tests.readme.examples.test_example1" file="valid8/tests/readme/examples/test_example1.py" line="23" name="test_example_1[function_input_mini_lambda--1-ValueError]" time="0.004027605056762695"><system-out>Error validating input [x=-1] for function [my_function]. Validation function [and(instance_of_&lt;class &apos;numbers.Integral&apos;&gt;, x &gt;= 0)] raised AtLeastOneFailed: At least one validation function failed validation for value [-1]. Successes: [&quot;instance_of_&lt;class &apos;numbers.Integral&apos;&gt;&quot;] / Failures: {&apos;x &gt;= 0&apos;: &apos;False&apos;}.
</system-out></testcase><testcase classname="valid8.tests.readme.examples.test_example1" file="valid8/tests/readme/examples/test_example1.py" line="23" name="test_example_1[function_output_builtin-0-True]" time="0.003135204315185547"></testcase><testcase classname="valid8.tests.readme.examples.test_example1" file="valid8/tests/readme/examples/test_example1.py" line="23" name="test_example_1[function_output_builtin-100-True]" time="0.0033142566680908203"></testcase><testcase classname="valid8.tests.readme.examples.test_example1" file="valid8/tests/readme/examples/test_example1.py" line="23" name="test_example_1[function_output_builtin-foo-TypeError]" time="0.004334926605224609"><system-out>Error validating output of function [my_function2]. Validation function [and(instance_of_&lt;class &apos;numbers.Integral&apos;&gt;, greater_than_0)] raised AtLeastOneFailed: At least one validation function failed validation for value [foo]. Successes: [] / Failures: {&quot;instance_of_&lt;class &apos;numbers.Integral&apos;&gt;&quot;: &quot;HasWrongType: Value should be an instance of &lt;class &apos;numbers.Integral&apos;&gt;. Wrong value: [foo]&quot;, &apos;greater_than_0&apos;: &apos;TypeError: unorderable types: str() &gt;= int()&apos;}.
</system-out></testcase><testcase classname="valid8.tests.readme.examples.test_example1" file="valid8/tests/readme/examples/test_example1.py" line="23" name="test_example_1[function_output_builtin-1.0-TypeError]" time="0.004277229309082031"><system-out>Error validating output of function [my_function2]. Validation function [and(instance_of_&lt;class &apos;numbers.Integral&apos;&gt;, greater_than_0)] raised AtLeastOneFailed: At least one validation function failed validation for value [1.0]. Successes: [&apos;greater_than_0&apos;] / Failures: {&quot;instance_of_&lt;class &apos;numbers.Integral&apos;&gt;&quot;: &quot;HasWrongType: Value should be an instance of &lt;class &apos;numbers.Integral&apos;&gt;. Wrong value: [1.0]&quot;}.
</system-out></testcase><testcase classname="valid8.tests.readme.examples.test_example1" file="valid8/tests/readme/examples/test_example1.py" line="23" name="test_example_1[function_output_builtin--1-ValueError]" time="0.0036039352416992188"><system-out>Error validating output of function [my_function2]. Validation function [and(instance_of_&lt;class &apos;numbers.Integral&apos;&gt;, greater_than_0)] raised AtLeastOneFailed: At least one validation function failed validation for value [-1]. Successes: [&quot;instance_of_&lt;class &apos;numbers.Integral&apos;&gt;&quot;] / Failures: {&apos;greater_than_0&apos;: &apos;TooSmall: x &gt;= 0 does not hold for x=-1. Wrong value: [-1]&apos;}.
</system-out></testcase><testcase classname="valid8.tests.readme.examples.test_example1" file="valid8/tests/readme/examples/test_example1.py" line="23" name="test_example_1[inline_validate-0-True]" time="0.0032999515533447266"></testcase><testcase classname="valid8.tests.readme.examples.test_example1" file="valid8/tests/readme/examples/test_example1.py" line="23" name="test_example_1[inline_validate-100-True]" time="0.0024840831756591797"></testcase><testcase classname="valid8.tests.readme.examples.test_example1" file="valid8/tests/readme/examples/test_example1.py" line="23" name="test_example_1[inline_validate-foo-TypeError]" time="0.003104686737060547"><system-out>Error validating [x=foo]. HasWrongType: Value should be an instance of &lt;class &apos;numbers.Integral&apos;&gt;. Wrong value: [foo].
</system-out></testcase><testcase classname="valid8.tests.readme.examples.test_example1" file="valid8/tests/readme/examples/test_example1.py" line="23" name="test_example_1[inline_validate-1.0-TypeError]" time="0.002426624298095703"><system-out>Error validating [x=1.0]. HasWrongType: Value should be an instance of &lt;class &apos;numbers.Integral&apos;&gt;. Wrong value: [1.0].
</system-out></testcase><testcase classname="valid8.tests.readme.examples.test_example1" file="valid8/tests/readme/examples/test_example1.py" line="23" name="test_example_1[inline_validate--1-ValueError]" time="0.0031473636627197266"><system-out>Error validating [x=-1]. TooSmall: x &gt;= 0 does not hold for x=-1. Wrong value: [-1].
</system-out></testcase><testcase classname="valid8.tests.readme.examples.test_example1" file="valid8/tests/readme/examples/test_example1.py" line="23" name="test_example_1[function_io_mini_lambda-0-True]" time="0.004265308380126953"></testcase><testcase classname="valid8.tests.readme.examples.test_example1" file="valid8/tests/readme/examples/test_example1.py" line="23" name="test_example_1[function_io_mini_lambda-100-True]" time="0.004584550857543945"></testcase><testcase classname="valid8.tests.readme.examples.test_example1" file="valid8/tests/readme/examples/test_example1.py" line="23" name="test_example_1[function_io_mini_lambda-foo-TypeError]" time="0.004586219787597656"><system-out>Error validating input [x=foo] for function [my_function3]. Validation function [and(instance_of_&lt;class &apos;numbers.Integral&apos;&gt;, x &gt;= 0)] raised AtLeastOneFailed: At least one validation function failed validation for value [foo]. Successes: [] / Failures: {&quot;instance_of_&lt;class &apos;numbers.Integral&apos;&gt;&quot;: &quot;HasWrongType: Value should be an instance of &lt;class &apos;numbers.Integral&apos;&gt;. Wrong value: [foo]&quot;, &apos;x &gt;= 0&apos;: &apos;TypeError: unorderable types: str() &gt;= int()&apos;}.
</system-out></testcase><testcase classname="valid8.tests.readme.examples.test_example1" file="valid8/tests/readme/examples/test_example1.py" line="23" name="test_example_1[function_io_mini_lambda-1.0-TypeError]" time="0.004808902740478516"><system-out>Error validating input [x=1.0] for function [my_function3]. Validation function [and(instance_of_&lt;class &apos;numbers.Integral&apos;&gt;, x &gt;= 0)] raised AtLeastOneFailed: At least one validation function failed validation for value [1.0]. Successes: [&apos;x &gt;= 0&apos;] / Failures: {&quot;instance_of_&lt;class &apos;numbers.Integral&apos;&gt;&quot;: &quot;HasWrongType: Value should be an instance of &lt;class &apos;numbers.Integral&apos;&gt;. Wrong value: [1.0]&quot;}.
</system-out></testcase><testcase classname="valid8.tests.readme.examples.test_example1" file="valid8/tests/readme/examples/test_example1.py" line="23" name="test_example_1[function_io_mini_lambda--1-ValueError]" time="0.004454135894775391"><system-out>Error validating input [x=-1] for function [my_function3]. Validation function [and(instance_of_&lt;class &apos;numbers.Integral&apos;&gt;, x &gt;= 0)] raised AtLeastOneFailed: At least one validation function failed validation for value [-1]. Successes: [&quot;instance_of_&lt;class &apos;numbers.Integral&apos;&gt;&quot;] / Failures: {&apos;x &gt;= 0&apos;: &apos;False&apos;}.
</system-out></testcase><testcase classname="valid8.tests.readme.examples.test_example1" file="valid8/tests/readme/examples/test_example1.py" line="23" name="test_example_1[function_input_builtin-0-True]" time="0.0037755966186523438"></testcase><testcase classname="valid8.tests.readme.examples.test_example1" file="valid8/tests/readme/examples/test_example1.py" line="23" name="test_example_1[function_input_builtin-100-True]" time="0.003993034362792969"></testcase><testcase classname="valid8.tests.readme.examples.test_example1" file="valid8/tests/readme/examples/test_example1.py" line="23" name="test_example_1[function_input_builtin-foo-TypeError]" time="0.004525661468505859"><system-out>Error validating input [x=foo] for function [my_function]. Validation function [and(instance_of_&lt;class &apos;numbers.Integral&apos;&gt;, greater_than_0)] raised AtLeastOneFailed: At least one validation function failed validation for value [foo]. Successes: [] / Failures: {&quot;instance_of_&lt;class &apos;numbers.Integral&apos;&gt;&quot;: &quot;HasWrongType: Value should be an instance of &lt;class &apos;numbers.Integral&apos;&gt;. Wrong value: [foo]&quot;, &apos;greater_than_0&apos;: &apos;TypeError: unorderable types: str() &gt;= int()&apos;}.
</system-out></testcase><testcase classname="valid8.tests.readme.examples.test_example1" file="valid8/tests/readme/examples/test_example1.py" line="23" name="test_example_1[function_input_builtin-1.0-TypeError]" time="0.003810405731201172"><system-out>Error validating input [x=1.0] for function [my_function]. Validation function [and(instance_of_&lt;class &apos;numbers.Integral&apos;&gt;, greater_than_0)] raised AtLeastOneFailed: At least one validation function failed validation for value [1.0]. Successes: [&apos;greater_than_0&apos;] / Failures: {&quot;instance_of_&lt;class &apos;numbers.Integral&apos;&gt;&quot;: &quot;HasWrongType: Value should be an instance of &lt;class &apos;numbers.Integral&apos;&gt;. Wrong value: [1.0]&quot;}.
</system-out></testcase><testcase classname="valid8.tests.readme.examples.test_example1" file="valid8/tests/readme/examples/test_example1.py" line="23" name="test_example_1[function_input_builtin--1-ValueError]" time="0.004071235656738281"><system-out>Error validating input [x=-1] for function [my_function]. Validation function [and(instance_of_&lt;class &apos;numbers.Integral&apos;&gt;, greater_than_0)] raised AtLeastOneFailed: At least one validation function failed validation for value [-1]. Successes: [&quot;instance_of_&lt;class &apos;numbers.Integral&apos;&gt;&quot;] / Failures: {&apos;greater_than_0&apos;: &apos;TooSmall: x &gt;= 0 does not hold for x=-1. Wrong value: [-1]&apos;}.
</system-out></testcase><testcase classname="valid8.tests.readme.examples.test_example2" file="valid8/tests/readme/examples/test_example2.py" line="25" name="test_example_2[inline_validate_1-foo-True]" time="0.002326488494873047"></testcase><testcase classname="valid8.tests.readme.examples.test_example2" file="valid8/tests/readme/examples/test_example2.py" line="25" name="test_example_2[inline_validate_1-foo_123-True]" time="0.0023789405822753906"></testcase><testcase classname="valid8.tests.readme.examples.test_example2" file="valid8/tests/readme/examples/test_example2.py" line="25" name="test_example_2[inline_validate_1-1.1-TypeError]" time="0.002838134765625"><system-out>Error validating [s=1.1]. HasWrongType: Value should be an instance of &lt;class &apos;str&apos;&gt;. Wrong value: [1.1].
</system-out></testcase><testcase classname="valid8.tests.readme.examples.test_example2" file="valid8/tests/readme/examples/test_example2.py" line="25" name="test_example_2[inline_validate_1--ValueError]" time="0.0025720596313476562"><system-out>Error validating [s=&apos;&apos;]. TooShort: len(x) &gt;= 1 does not hold for x=. Wrong value: [].
</system-out></testcase><testcase classname="valid8.tests.readme.examples.test_example2" file="valid8/tests/readme/examples/test_example2.py" line="25" name="test_example_2[inline_validate_1-fOO-ValueError]" time="0.002483367919921875"><system-out>Error validating [s=fOO]. NotEqual: x == foo does not hold for x=fOO. Wrong value: [fOO].
</system-out></testcase><testcase classname="valid8.tests.readme.examples.test_example2" file="valid8/tests/readme/examples/test_example2.py" line="25" name="test_example_2[class_field_mini_lambda-foo-True]" time="0.0042896270751953125"></testcase><testcase classname="valid8.tests.readme.examples.test_example2" file="valid8/tests/readme/examples/test_example2.py" line="25" name="test_example_2[class_field_mini_lambda-foo_123-True]" time="0.003780841827392578"></testcase><testcase classname="valid8.tests.readme.examples.test_example2" file="valid8/tests/readme/examples/test_example2.py" line="25" name="test_example_2[class_field_mini_lambda-1.1-TypeError]" time="0.004014015197753906"><system-out>Error validating field [s=1.1] for class [Foo]. Validation function [and(instance_of_&lt;class &apos;str&apos;&gt;, len(s) &gt; 0, s.islower())] raised AtLeastOneFailed: At least one validation function failed validation for value [1.1]. Successes: [] / Failures: {&quot;instance_of_&lt;class &apos;str&apos;&gt;&quot;: &quot;HasWrongType: Value should be an instance of &lt;class &apos;str&apos;&gt;. Wrong value: [1.1]&quot;, &apos;len(s) &gt; 0&apos;: &quot;TypeError: object of type &apos;float&apos; has no len()&quot;, &apos;s.islower()&apos;: &quot;AttributeError: &apos;float&apos; object has no attribute &apos;islower&apos;&quot;}.
</system-out></testcase><testcase classname="valid8.tests.readme.examples.test_example2" file="valid8/tests/readme/examples/test_example2.py" line="25" name="test_example_2[class_field_mini_lambda--ValueError]" time="0.004091978073120117"><system-out>Error validating field [s=] for class [Foo]. Validation function [and(instance_of_&lt;class &apos;str&apos;&gt;, len(s) &gt; 0, s.islower())] raised AtLeastOneFailed: At least one validation function failed validation for value []. Successes: [&quot;instance_of_&lt;class &apos;str&apos;&gt;&quot;] / Failures: {&apos;len(s) &gt; 0&apos;: &apos;False&apos;, &apos;s.islower()&apos;: &apos;False&apos;}.
</system-out></testcase><testcase classname="valid8.tests.readme.examples.test_example2" file="valid8/tests/readme/examples/test_example2.py" line="25" name="test_example_2[class_field_mini_lambda-fOO-ValueError]" time="0.005081892013549805"><system-out>Error validating field [s=fOO] for class [Foo]. Validation function [and(instance_of_&lt;class &apos;str&apos;&gt;, len(s) &gt; 0, s.islower())] raised AtLeastOneFailed: At least one validation function failed validation for value [fOO]. Successes: [&quot;instance_of_&lt;class &apos;str&apos;&gt;&quot;, &apos;len(s) &gt; 0&apos;] / Failures: {&apos;s.islower()&apos;: &apos;False&apos;}.
</system-out></testcase><testcase classname="valid8.tests.readme.examples.test_example2" file="valid8/tests/readme/examples/test_example2.py" line="25" name="test_example_2[function_input_mini_lambda-foo-True]" time="0.003579378128051758"></testcase><testcase classname="valid8.tests.readme.examples.test_example2" file="valid8/tests/readme/examples/test_example2.py" line="25" name="test_example_2[function_input_mini_lambda-foo_123-True]" time="0.002974987030029297"></testcase><testcase classname="valid8.tests.readme.examples.test_example2" file="valid8/tests/readme/examples/test_example2.py" line="25" name="test_example_2[function_input_mini_lambda-1.1-TypeError]" time="0.0043735504150390625"><system-out>Error validating input [s=1.1] for function [my_function]. Validation function [and(instance_of_&lt;class &apos;str&apos;&gt;, len(s) &gt; 0, s.islower())] raised AtLeastOneFailed: At least one validation function failed validation for value [1.1]. Successes: [] / Failures: {&quot;instance_of_&lt;class &apos;str&apos;&gt;&quot;: &quot;HasWrongType: Value should be an instance of &lt;class &apos;str&apos;&gt;. Wrong value: [1.1]&quot;, &apos;len(s) &gt; 0&apos;: &quot;TypeError: object of type &apos;float&apos; has no len()&quot;, &apos;s.islower()&apos;: &quot;AttributeError: &apos;float&apos; object has no attribute &apos;islower&apos;&quot;}.
</system-out></testcase><testcase classname="valid8.tests.readme.examples.test_example2" file="valid8/tests/readme/examples/test_example2.py" line="25" name="test_example_2[function_input_mini_lambda--ValueError]" time="0.006742000579833984"><system-out>Error validating input [s=&apos;&apos;] for function [my_function]. Validation function [and(instance_of_&lt;class &apos;str&apos;&gt;, len(s) &gt; 0, s.islower())] raised AtLeastOneFailed: At least one validation function failed validation for value []. Successes: [&quot;instance_of_&lt;class &apos;str&apos;&gt;&quot;] / Failures: {&apos;len(s) &gt; 0&apos;: &apos;False&apos;, &apos;s.islower()&apos;: &apos;False&apos;}.
</system-out></testcase><testcase classname="valid8.tests.readme.examples.test_example2" file="valid8/tests/readme/examples/test_example2.py" line="25" name="test_example_2[function_input_mini_lambda-fOO-ValueError]" time="0.0041658878326416016"><system-out>Error validating input [s=fOO] for function [my_function]. Validation function [and(instance_of_&lt;class &apos;str&apos;&gt;, len(s) &gt; 0, s.islower())] raised AtLeastOneFailed: At least one validation function failed validation for value [fOO]. Successes: [&quot;instance_of_&lt;class &apos;str&apos;&gt;&quot;, &apos;len(s) &gt; 0&apos;] / Failures: {&apos;s.islower()&apos;: &apos;False&apos;}.
</system-out></testcase><testcase classname="valid8.tests.readme.examples.test_example2" file="valid8/tests/readme/examples/test_example2.py" line="25" name="test_example_2[with_validator-foo-True]" time="0.002129793167114258"></testcase><testcase classname="valid8.tests.readme.examples.test_example2" file="valid8/tests/readme/examples/test_example2.py" line="25" name="test_example_2[with_validator-foo_123-True]" time="0.0026137828826904297"></testcase><testcase classname="valid8.tests.readme.examples.test_example2" file="valid8/tests/readme/examples/test_example2.py" line="25" name="test_example_2[with_validator-1.1-TypeError]" time="0.0032033920288085938"><system-out>Error validating [s=1.1]. HasWrongType: Value should be an instance of &lt;class &apos;str&apos;&gt;. Wrong value: [1.1].
</system-out></testcase><testcase classname="valid8.tests.readme.examples.test_example2" file="valid8/tests/readme/examples/test_example2.py" line="25" name="test_example_2[with_validator--ValueError]" time="0.0036537647247314453"><system-out>Error validating [s=&apos;&apos;]: validation function [v.alid = (len(s) &gt; 0) and s.islower()] returned [False].
</system-out></testcase><testcase classname="valid8.tests.readme.examples.test_example2" file="valid8/tests/readme/examples/test_example2.py" line="25" name="test_example_2[with_validator-fOO-ValueError]" time="0.0028133392333984375"><system-out>Error validating [s=fOO]: validation function [v.alid = (len(s) &gt; 0) and s.islower()] returned [False].
</system-out></testcase><testcase classname="valid8.tests.readme.examples.test_example2" file="valid8/tests/readme/examples/test_example2.py" line="25" name="test_example_2[function_input_builtin_stdlib-foo-True]" time="0.0036721229553222656"></testcase><testcase classname="valid8.tests.readme.examples.test_example2" file="valid8/tests/readme/examples/test_example2.py" line="25" name="test_example_2[function_input_builtin_stdlib-foo_123-True]" time="0.0037050247192382812"></testcase><testcase classname="valid8.tests.readme.examples.test_example2" file="valid8/tests/readme/examples/test_example2.py" line="25" name="test_example_2[function_input_builtin_stdlib-1.1-TypeError]" time="0.0046465396881103516"><system-out>Error validating input [s=1.1] for function [my_function]. Validation function [and(instance_of_&lt;class &apos;str&apos;&gt;, length_greater_than_1, islower)] raised AtLeastOneFailed: At least one validation function failed validation for value [1.1]. Successes: [] / Failures: {&quot;instance_of_&lt;class &apos;str&apos;&gt;&quot;: &quot;HasWrongType: Value should be an instance of &lt;class &apos;str&apos;&gt;. Wrong value: [1.1]&quot;, &apos;length_greater_than_1&apos;: &quot;TypeError: object of type &apos;float&apos; has no len()&quot;, &apos;islower&apos;: &quot;TypeError: descriptor &apos;islower&apos; requires a &apos;str&apos; object but received a &apos;float&apos;&quot;}.
</system-out></testcase><testcase classname="valid8.tests.readme.examples.test_example2" file="valid8/tests/readme/examples/test_example2.py" line="25" name="test_example_2[function_input_builtin_stdlib--ValueError]" time="0.003556489944458008"><system-out>Error validating input [s=&apos;&apos;] for function [my_function]. Validation function [and(instance_of_&lt;class &apos;str&apos;&gt;, length_greater_than_1, islower)] raised AtLeastOneFailed: At least one validation function failed validation for value []. Successes: [&quot;instance_of_&lt;class &apos;str&apos;&gt;&quot;] / Failures: {&apos;length_greater_than_1&apos;: &apos;TooShort: len(x) &gt;= 1 does not hold for x=. Wrong value: []&apos;, &apos;islower&apos;: &apos;False&apos;}.
</system-out></testcase><testcase classname="valid8.tests.readme.examples.test_example2" file="valid8/tests/readme/examples/test_example2.py" line="25" name="test_example_2[function_input_builtin_stdlib-fOO-ValueError]" time="0.004883289337158203"><system-out>Error validating input [s=fOO] for function [my_function]. Validation function [and(instance_of_&lt;class &apos;str&apos;&gt;, length_greater_than_1, islower)] raised AtLeastOneFailed: At least one validation function failed validation for value [fOO]. Successes: [&quot;instance_of_&lt;class &apos;str&apos;&gt;&quot;, &apos;length_greater_than_1&apos;] / Failures: {&apos;islower&apos;: &apos;False&apos;}.
</system-out></testcase><testcase classname="valid8.tests.readme.examples.test_example2" file="valid8/tests/readme/examples/test_example2.py" line="25" name="test_example_2[class_field_builtin_stdlib-foo-True]" time="0.003748178482055664"></testcase><testcase classname="valid8.tests.readme.examples.test_example2" file="valid8/tests/readme/examples/test_example2.py" line="25" name="test_example_2[class_field_builtin_stdlib-foo_123-True]" time="0.0033903121948242188"></testcase><testcase classname="valid8.tests.readme.examples.test_example2" file="valid8/tests/readme/examples/test_example2.py" line="25" name="test_example_2[class_field_builtin_stdlib-1.1-TypeError]" time="0.0036461353302001953"><system-out>Error validating field [s=1.1] for class [Foo]. Validation function [and(instance_of_&lt;class &apos;str&apos;&gt;, length_greater_than_1, islower)] raised AtLeastOneFailed: At least one validation function failed validation for value [1.1]. Successes: [] / Failures: {&quot;instance_of_&lt;class &apos;str&apos;&gt;&quot;: &quot;HasWrongType: Value should be an instance of &lt;class &apos;str&apos;&gt;. Wrong value: [1.1]&quot;, &apos;length_greater_than_1&apos;: &quot;TypeError: object of type &apos;float&apos; has no len()&quot;, &apos;islower&apos;: &quot;TypeError: descriptor &apos;islower&apos; requires a &apos;str&apos; object but received a &apos;float&apos;&quot;}.
</system-out></testcase><testcase classname="valid8.tests.readme.examples.test_example2" file="valid8/tests/readme/examples/test_example2.py" line="25" name="test_example_2[class_field_builtin_stdlib--ValueError]" time="0.004662275314331055"><system-out>Error validating field [s=] for class [Foo]. Validation function [and(instance_of_&lt;class &apos;str&apos;&gt;, length_greater_than_1, islower)] raised AtLeastOneFailed: At least one validation function failed validation for value []. Successes: [&quot;instance_of_&lt;class &apos;str&apos;&gt;&quot;] / Failures: {&apos;length_greater_than_1&apos;: &apos;TooShort: len(x) &gt;= 1 does not hold for x=. Wrong value: []&apos;, &apos;islower&apos;: &apos;False&apos;}.
</system-out></testcase><testcase classname="valid8.tests.readme.examples.test_example2" file="valid8/tests/readme/examples/test_example2.py" line="25" name="test_example_2[class_field_builtin_stdlib-fOO-ValueError]" time="0.0050449371337890625"><system-out>Error validating field [s=fOO] for class [Foo]. Validation function [and(instance_of_&lt;class &apos;str&apos;&gt;, length_greater_than_1, islower)] raised AtLeastOneFailed: At least one validation function failed validation for value [fOO]. Successes: [&quot;instance_of_&lt;class &apos;str&apos;&gt;&quot;, &apos;length_greater_than_1&apos;] / Failures: {&apos;islower&apos;: &apos;False&apos;}.
</system-out></testcase><testcase classname="valid8.tests.readme.examples.test_example2" file="valid8/tests/readme/examples/test_example2.py" line="25" name="test_example_2[inline_validate_2-foo-True]" time="0.0019898414611816406"></testcase><testcase classname="valid8.tests.readme.examples.test_example2" file="valid8/tests/readme/examples/test_example2.py" line="25" name="test_example_2[inline_validate_2-foo_123-True]" time="0.002147674560546875"></testcase><testcase classname="valid8.tests.readme.examples.test_example2" file="valid8/tests/readme/examples/test_example2.py" line="25" name="test_example_2[inline_validate_2-1.1-TypeError]" time="0.0031142234802246094"><system-out>Error validating [s=1.1]. HasWrongType: Value should be an instance of &lt;class &apos;str&apos;&gt;. Wrong value: [1.1].
</system-out></testcase><testcase classname="valid8.tests.readme.examples.test_example2" file="valid8/tests/readme/examples/test_example2.py" line="25" name="test_example_2[inline_validate_2--ValueError]" time="0.0016021728515625"><system-out>Error validating [s=&apos;&apos;]. TooShort: len(x) &gt;= 1 does not hold for x=. Wrong value: [].
</system-out></testcase><testcase classname="valid8.tests.readme.examples.test_example2" file="valid8/tests/readme/examples/test_example2.py" line="25" name="test_example_2[inline_validate_2-fOO-ValueError]" time="0.0030379295349121094"><system-out>Error validating [s=fOO]: validation function [islower] returned [False].
</system-out></testcase><testcase classname="valid8.tests.readme.examples.test_example2" file="valid8/tests/readme/examples/test_example2.py" line="25" name="test_example_2[inline_validate_3-foo-True]" time="0.002147674560546875"></testcase><testcase classname="valid8.tests.readme.examples.test_example2" file="valid8/tests/readme/examples/test_example2.py" line="25" name="test_example_2[inline_validate_3-foo_123-True]" time="0.002120494842529297"></testcase><testcase classname="valid8.tests.readme.examples.test_example2" file="valid8/tests/readme/examples/test_example2.py" line="25" name="test_example_2[inline_validate_3-1.1-TypeError]" time="0.003082752227783203"><system-out>Error validating [s=1.1]. HasWrongType: Value should be an instance of &lt;class &apos;str&apos;&gt;. Wrong value: [1.1].
</system-out></testcase><testcase classname="valid8.tests.readme.examples.test_example2" file="valid8/tests/readme/examples/test_example2.py" line="25" name="test_example_2[inline_validate_3--ValueError]" time="0.003225564956665039"><system-out>Error validating [s=&apos;&apos;]. TooShort: len(x) &gt;= 1 does not hold for x=. Wrong value: [].
</system-out></testcase><testcase classname="valid8.tests.readme.examples.test_example2" file="valid8/tests/readme/examples/test_example2.py" line="25" name="test_example_2[inline_validate_3-fOO-ValueError]" time="0.003278493881225586"><system-out>Error validating [s=fOO]: validation function [txt.islower()] returned [False].
</system-out></testcase><testcase classname="valid8.tests.readme.examples.test_example2" file="valid8/tests/readme/examples/test_example2.py" line="46" name="test_example_2_regexp[foo@bar.com-True]" time="0.0028383731842041016"></testcase><testcase classname="valid8.tests.readme.examples.test_example2" file="valid8/tests/readme/examples/test_example2.py" line="46" name="test_example_2_regexp[a@a@s-ValueError]" time="0.0036656856536865234"><system-out>Error validating [s=a@a@s]: validation function [&lt;lambda&gt;] returned [False].
</system-out></testcase><testcase classname="valid8.tests.readme.examples.test_example3" file="valid8/tests/readme/examples/test_example3.py" line="49" name="test_example_3[function_input_builtin_stdlib-(0.2, &apos;foo&apos;)-True]" time="0.003978729248046875"></testcase><testcase classname="valid8.tests.readme.examples.test_example3" file="valid8/tests/readme/examples/test_example3.py" line="49" name="test_example_3[function_input_builtin_stdlib-(1.0, &apos;abc&apos;)-True]" time="0.0052852630615234375"></testcase><testcase classname="valid8.tests.readme.examples.test_example3" file="valid8/tests/readme/examples/test_example3.py" line="49" name="test_example_3[function_input_builtin_stdlib-(0, &apos;foo&apos;)-True]" time="0.005100727081298828"></testcase><testcase classname="valid8.tests.readme.examples.test_example3" file="valid8/tests/readme/examples/test_example3.py" line="49" name="test_example_3[function_input_builtin_stdlib-1.1-&lt;class &apos;TypeError&apos;&gt;]" time="0.004715919494628906"><system-out>Error validating input [t=1.1] for function [my_function]. Validation function [and(instance_of_&lt;class &apos;tuple&apos;&gt;, length_equals_2, map_&lt;(and(instance_of_&lt;class &apos;numbers.Real&apos;&gt;, between_0_and_1), and(instance_of_&lt;class &apos;str&apos;&gt;, length_equals_3, islower))&gt;_on_elts)] raised AtLeastOneFailed: At least one validation function failed validation for value [1.1]. Successes: [] / Failures: {&quot;instance_of_&lt;class &apos;tuple&apos;&gt;&quot;: &quot;HasWrongType: Value should be an instance of &lt;class &apos;tuple&apos;&gt;. Wrong value: [1.1]&quot;, &apos;length_equals_2&apos;: &quot;TypeError: object of type &apos;float&apos; has no len()&quot;, &quot;map_&lt;(and(instance_of_&lt;class &apos;numbers.Real&apos;&gt;, between_0_and_1), and(instance_of_&lt;class &apos;str&apos;&gt;, length_equals_3, islower))&gt;_on_elts&quot;: &quot;TypeError: object of type &apos;float&apos; has no len()&quot;}.
</system-out></testcase><testcase classname="valid8.tests.readme.examples.test_example3" file="valid8/tests/readme/examples/test_example3.py" line="49" name="test_example_3[function_input_builtin_stdlib-(0.2, &apos;foo&apos;, True)-&lt;class &apos;ValueError&apos;&gt;]" time="0.005368232727050781"><system-out>Error validating input [t=(0.2, &apos;foo&apos;, True)] for function [my_function]. Validation function [and(instance_of_&lt;class &apos;tuple&apos;&gt;, length_equals_2, map_&lt;(and(instance_of_&lt;class &apos;numbers.Real&apos;&gt;, between_0_and_1), and(instance_of_&lt;class &apos;str&apos;&gt;, length_equals_3, islower))&gt;_on_elts)] raised AtLeastOneFailed: At least one validation function failed validation for value [(0.2, &apos;foo&apos;, True)]. Successes: [&quot;instance_of_&lt;class &apos;tuple&apos;&gt;&quot;] / Failures: {&apos;length_equals_2&apos;: &quot;WrongLength: len(x) == 2 does not hold for x=(0.2, &apos;foo&apos;, True). Wrong value: [(0.2, &apos;foo&apos;, True)]&quot;, &quot;map_&lt;(and(instance_of_&lt;class &apos;numbers.Real&apos;&gt;, between_0_and_1), and(instance_of_&lt;class &apos;str&apos;&gt;, length_equals_3, islower))&gt;_on_elts&quot;: &apos;Failure: Wrong value: [on_each_: x does not have the same number of elements than validation_functions_collection.]&apos;}.
</system-out></testcase><testcase classname="valid8.tests.readme.examples.test_example3" file="valid8/tests/readme/examples/test_example3.py" line="49" name="test_example_3[function_input_builtin_stdlib-(&apos;1.0&apos;, &apos;foo&apos;)-&lt;class &apos;TypeError&apos;&gt;]" time="0.00491786003112793"><system-out>Error validating input [t=(&apos;1.0&apos;, &apos;foo&apos;)] for function [my_function]. Validation function [and(instance_of_&lt;class &apos;tuple&apos;&gt;, length_equals_2, map_&lt;(and(instance_of_&lt;class &apos;numbers.Real&apos;&gt;, between_0_and_1), and(instance_of_&lt;class &apos;str&apos;&gt;, length_equals_3, islower))&gt;_on_elts)] raised AtLeastOneFailed: At least one validation function failed validation. Successes: [&quot;instance_of_&lt;class &apos;tuple&apos;&gt;&quot;, &apos;length_equals_2&apos;] / Failures: {&quot;map_&lt;(and(instance_of_&lt;class &apos;numbers.Real&apos;&gt;, between_0_and_1), and(instance_of_&lt;class &apos;str&apos;&gt;, length_equals_3, islower))&gt;_on_elts&quot;: &apos;InvalidItemInSequence: Provided sequence contains one value that is invalid. Function [and(instance_of_&lt;class \&apos;numbers.Real\&apos;&gt;, between_0_and_1)] raised [AtLeastOneFailed: At least one validation function failed validation for value [1.0]. Successes: [] / Failures: {&quot;instance_of_&lt;class \&apos;numbers.Real\&apos;&gt;&quot;: &quot;HasWrongType: Value should be an instance of &lt;class \&apos;numbers.Real\&apos;&gt;. Wrong value: [1.0]&quot;, \&apos;between_0_and_1\&apos;: \&apos;TypeError: unorderable types: int() &lt;= str()\&apos;}].&apos;}.
</system-out></testcase><testcase classname="valid8.tests.readme.examples.test_example3" file="valid8/tests/readme/examples/test_example3.py" line="49" name="test_example_3[function_input_builtin_stdlib-(1.1, &apos;foo&apos;)-&lt;class &apos;ValueError&apos;&gt;]" time="0.005602121353149414"><system-out>Error validating input [t=(1.1, &apos;foo&apos;)] for function [my_function]. Validation function [and(instance_of_&lt;class &apos;tuple&apos;&gt;, length_equals_2, map_&lt;(and(instance_of_&lt;class &apos;numbers.Real&apos;&gt;, between_0_and_1), and(instance_of_&lt;class &apos;str&apos;&gt;, length_equals_3, islower))&gt;_on_elts)] raised AtLeastOneFailed: At least one validation function failed validation. Successes: [&quot;instance_of_&lt;class &apos;tuple&apos;&gt;&quot;, &apos;length_equals_2&apos;] / Failures: {&quot;map_&lt;(and(instance_of_&lt;class &apos;numbers.Real&apos;&gt;, between_0_and_1), and(instance_of_&lt;class &apos;str&apos;&gt;, length_equals_3, islower))&gt;_on_elts&quot;: &apos;InvalidItemInSequence: Provided sequence contains one value that is invalid. Function [and(instance_of_&lt;class \&apos;numbers.Real\&apos;&gt;, between_0_and_1)] raised [AtLeastOneFailed: At least one validation function failed validation for value [1.1]. Successes: [&quot;instance_of_&lt;class \&apos;numbers.Real\&apos;&gt;&quot;] / Failures: {\&apos;between_0_and_1\&apos;: \&apos;NotInRange: 0 &lt;= x &lt;= 1 does not hold for x=1.1. Wrong value: [1.1]\&apos;}].&apos;}.
</system-out></testcase><testcase classname="valid8.tests.readme.examples.test_example3" file="valid8/tests/readme/examples/test_example3.py" line="49" name="test_example_3[function_input_builtin_stdlib-(1.0, False)-&lt;class &apos;TypeError&apos;&gt;]" time="0.004553556442260742"><system-out>Error validating input [t=(1.0, False)] for function [my_function]. Validation function [and(instance_of_&lt;class &apos;tuple&apos;&gt;, length_equals_2, map_&lt;(and(instance_of_&lt;class &apos;numbers.Real&apos;&gt;, between_0_and_1), and(instance_of_&lt;class &apos;str&apos;&gt;, length_equals_3, islower))&gt;_on_elts)] raised AtLeastOneFailed: At least one validation function failed validation. Successes: [&quot;instance_of_&lt;class &apos;tuple&apos;&gt;&quot;, &apos;length_equals_2&apos;] / Failures: {&quot;map_&lt;(and(instance_of_&lt;class &apos;numbers.Real&apos;&gt;, between_0_and_1), and(instance_of_&lt;class &apos;str&apos;&gt;, length_equals_3, islower))&gt;_on_elts&quot;: &apos;InvalidItemInSequence: Provided sequence contains one value that is invalid. Function [and(instance_of_&lt;class \&apos;str\&apos;&gt;, length_equals_3, islower)] raised [AtLeastOneFailed: At least one validation function failed validation for value [False]. Successes: [] / Failures: {&quot;instance_of_&lt;class \&apos;str\&apos;&gt;&quot;: &quot;HasWrongType: Value should be an instance of &lt;class \&apos;str\&apos;&gt;. Wrong value: [False]&quot;, \&apos;length_equals_3\&apos;: &quot;TypeError: object of type \&apos;bool\&apos; has no len()&quot;, \&apos;islower\&apos;: &quot;TypeError: descriptor \&apos;islower\&apos; requires a \&apos;str\&apos; object but received a \&apos;bool\&apos;&quot;}].&apos;}.
</system-out></testcase><testcase classname="valid8.tests.readme.examples.test_example3" file="valid8/tests/readme/examples/test_example3.py" line="49" name="test_example_3[function_input_builtin_stdlib-(0.5, &apos;a&apos;)-&lt;class &apos;ValueError&apos;&gt;]" time="0.004274606704711914"><system-out>Error validating input [t=(0.5, &apos;a&apos;)] for function [my_function]. Validation function [and(instance_of_&lt;class &apos;tuple&apos;&gt;, length_equals_2, map_&lt;(and(instance_of_&lt;class &apos;numbers.Real&apos;&gt;, between_0_and_1), and(instance_of_&lt;class &apos;str&apos;&gt;, length_equals_3, islower))&gt;_on_elts)] raised AtLeastOneFailed: At least one validation function failed validation. Successes: [&quot;instance_of_&lt;class &apos;tuple&apos;&gt;&quot;, &apos;length_equals_2&apos;] / Failures: {&quot;map_&lt;(and(instance_of_&lt;class &apos;numbers.Real&apos;&gt;, between_0_and_1), and(instance_of_&lt;class &apos;str&apos;&gt;, length_equals_3, islower))&gt;_on_elts&quot;: &apos;InvalidItemInSequence: Provided sequence contains one value that is invalid. Function [and(instance_of_&lt;class \&apos;str\&apos;&gt;, length_equals_3, islower)] raised [AtLeastOneFailed: At least one validation function failed validation for value [a]. Successes: [&quot;instance_of_&lt;class \&apos;str\&apos;&gt;&quot;, \&apos;islower\&apos;] / Failures: {\&apos;length_equals_3\&apos;: \&apos;WrongLength: len(x) == 3 does not hold for x=a. Wrong value: [a]\&apos;}].&apos;}.
</system-out></testcase><testcase classname="valid8.tests.readme.examples.test_example3" file="valid8/tests/readme/examples/test_example3.py" line="49" name="test_example_3[function_input_builtin_stdlib-(0.5, &apos;AAA&apos;)-&lt;class &apos;ValueError&apos;&gt;]" time="0.00407099723815918"><system-out>Error validating input [t=(0.5, &apos;AAA&apos;)] for function [my_function]. Validation function [and(instance_of_&lt;class &apos;tuple&apos;&gt;, length_equals_2, map_&lt;(and(instance_of_&lt;class &apos;numbers.Real&apos;&gt;, between_0_and_1), and(instance_of_&lt;class &apos;str&apos;&gt;, length_equals_3, islower))&gt;_on_elts)] raised AtLeastOneFailed: At least one validation function failed validation. Successes: [&quot;instance_of_&lt;class &apos;tuple&apos;&gt;&quot;, &apos;length_equals_2&apos;] / Failures: {&quot;map_&lt;(and(instance_of_&lt;class &apos;numbers.Real&apos;&gt;, between_0_and_1), and(instance_of_&lt;class &apos;str&apos;&gt;, length_equals_3, islower))&gt;_on_elts&quot;: &apos;InvalidItemInSequence: Provided sequence contains one value that is invalid. Function [and(instance_of_&lt;class \&apos;str\&apos;&gt;, length_equals_3, islower)] raised [AtLeastOneFailed: At least one validation function failed validation for value [AAA]. Successes: [&quot;instance_of_&lt;class \&apos;str\&apos;&gt;&quot;, \&apos;length_equals_3\&apos;] / Failures: {\&apos;islower\&apos;: \&apos;False\&apos;}].&apos;}.
</system-out></testcase><testcase classname="valid8.tests.readme.examples.test_example3" file="valid8/tests/readme/examples/test_example3.py" line="49" name="test_example_3[inline_validate_1-(0.2, &apos;foo&apos;)-True]" time="0.002384185791015625"></testcase><testcase classname="valid8.tests.readme.examples.test_example3" file="valid8/tests/readme/examples/test_example3.py" line="49" name="test_example_3[inline_validate_1-(1.0, &apos;abc&apos;)-True]" time="0.002512216567993164"></testcase><testcase classname="valid8.tests.readme.examples.test_example3" file="valid8/tests/readme/examples/test_example3.py" line="49" name="test_example_3[inline_validate_1-(0, &apos;foo&apos;)-True]" time="0.0018744468688964844"></testcase><testcase classname="valid8.tests.readme.examples.test_example3" file="valid8/tests/readme/examples/test_example3.py" line="49" name="test_example_3[inline_validate_1-1.1-&lt;class &apos;TypeError&apos;&gt;]" time="0.003034830093383789"><system-out>Error validating [t=1.1]. HasWrongType: Value should be an instance of &lt;class &apos;tuple&apos;&gt;. Wrong value: [1.1].
</system-out></testcase><testcase classname="valid8.tests.readme.examples.test_example3" file="valid8/tests/readme/examples/test_example3.py" line="49" name="test_example_3[inline_validate_1-(0.2, &apos;foo&apos;, True)-&lt;class &apos;ValueError&apos;&gt;]" time="0.0032422542572021484"><system-out>Error validating [t=(0.2, &apos;foo&apos;, True)]. WrongLength: len(x) == 2 does not hold for x=(0.2, &apos;foo&apos;, True). Wrong value: [(0.2, &apos;foo&apos;, True)].
</system-out></testcase><testcase classname="valid8.tests.readme.examples.test_example3" file="valid8/tests/readme/examples/test_example3.py" line="49" name="test_example_3[inline_validate_1-(&apos;1.0&apos;, &apos;foo&apos;)-&lt;class &apos;TypeError&apos;&gt;]" time="0.003132343292236328"><system-out>Error validating [t[0]=1.0]. HasWrongType: Value should be an instance of &lt;class &apos;numbers.Real&apos;&gt;. Wrong value: [1.0].
</system-out></testcase><testcase classname="valid8.tests.readme.examples.test_example3" file="valid8/tests/readme/examples/test_example3.py" line="49" name="test_example_3[inline_validate_1-(1.1, &apos;foo&apos;)-&lt;class &apos;ValueError&apos;&gt;]" time="0.0028886795043945312"><system-out>Error validating [t[0]=1.1]. TooBig: x &lt;= 1 does not hold for x=1.1. Wrong value: [1.1].
</system-out></testcase><testcase classname="valid8.tests.readme.examples.test_example3" file="valid8/tests/readme/examples/test_example3.py" line="49" name="test_example_3[inline_validate_1-(1.0, False)-&lt;class &apos;TypeError&apos;&gt;]" time="0.0024995803833007812"><system-out>Error validating [t[1]=False]. HasWrongType: Value should be an instance of &lt;class &apos;str&apos;&gt;. Wrong value: [False].
</system-out></testcase><testcase classname="valid8.tests.readme.examples.test_example3" file="valid8/tests/readme/examples/test_example3.py" line="49" name="test_example_3[inline_validate_1-(0.5, &apos;a&apos;)-&lt;class &apos;ValueError&apos;&gt;]" time="0.002943277359008789"><system-out>Error validating [t[1]=a]. WrongLength: len(x) == 3 does not hold for x=a. Wrong value: [a].
</system-out></testcase><testcase classname="valid8.tests.readme.examples.test_example3" file="valid8/tests/readme/examples/test_example3.py" line="49" name="test_example_3[inline_validate_1-(0.5, &apos;AAA&apos;)-&lt;class &apos;ValueError&apos;&gt;]" time="0.002879619598388672"><system-out>Error validating [t[1]=AAA]: validation function [islower] returned [False].
</system-out></testcase><testcase classname="valid8.tests.readme.examples.test_example3" file="valid8/tests/readme/examples/test_example3.py" line="49" name="test_example_3[with_validator_boolean_tester-(0.2, &apos;foo&apos;)-True]" time="0.002563953399658203"></testcase><testcase classname="valid8.tests.readme.examples.test_example3" file="valid8/tests/readme/examples/test_example3.py" line="49" name="test_example_3[with_validator_boolean_tester-(1.0, &apos;abc&apos;)-True]" time="0.0018472671508789062"></testcase><testcase classname="valid8.tests.readme.examples.test_example3" file="valid8/tests/readme/examples/test_example3.py" line="49" name="test_example_3[with_validator_boolean_tester-(0, &apos;foo&apos;)-True]" time="0.0025801658630371094"></testcase><testcase classname="valid8.tests.readme.examples.test_example3" file="valid8/tests/readme/examples/test_example3.py" line="49" name="test_example_3[with_validator_boolean_tester-1.1-&lt;class &apos;TypeError&apos;&gt;]" time="0.0035352706909179688"><system-out>Error validating [t=1.1]. HasWrongType: Value should be an instance of &lt;class &apos;tuple&apos;&gt;. Wrong value: [1.1].
</system-out></testcase><testcase classname="valid8.tests.readme.examples.test_example3" file="valid8/tests/readme/examples/test_example3.py" line="49" name="test_example_3[with_validator_boolean_tester-(0.2, &apos;foo&apos;, True)-&lt;class &apos;ValueError&apos;&gt;]" time="0.0035386085510253906"><system-out>Error validating [t=(0.2, &apos;foo&apos;, True)]: validation function [v.alid = len(t) == 2 \] returned [False].
</system-out></testcase><testcase classname="valid8.tests.readme.examples.test_example3" file="valid8/tests/readme/examples/test_example3.py" line="49" name="test_example_3[with_validator_boolean_tester-(&apos;1.0&apos;, &apos;foo&apos;)-&lt;class &apos;TypeError&apos;&gt;]" time="0.0027692317962646484"><system-out>Error validating [t=(&apos;1.0&apos;, &apos;foo&apos;)]. Validation function [v.alid = len(t) == 2 \ ; and instance_of(t[0], Real) and (0 &lt;= t[0] &lt;= 1) \] raised HasWrongType: Value should be an instance of &lt;class &apos;numbers.Real&apos;&gt;. Wrong value: [1.0].
[...]
</system-out></testcase><testcase classname="valid8.tests.readme.examples.test_example3" file="valid8/tests/readme/examples/test_example3.py" line="49" name="test_example_3[class_field_builtin_stdlib-(1.0, False)-&lt;class &apos;TypeError&apos;&gt;]" time="0.005160331726074219"><system-out>Error validating field [t=(1.0, False)] for class [Foo]. Validation function [and(instance_of_&lt;class &apos;tuple&apos;&gt;, length_equals_2, map_&lt;(and(instance_of_&lt;class &apos;numbers.Real&apos;&gt;, between_0_and_1), and(instance_of_&lt;class &apos;str&apos;&gt;, length_equals_3, islower))&gt;_on_elts)] raised AtLeastOneFailed: At least one validation function failed validation. Successes: [&quot;instance_of_&lt;class &apos;tuple&apos;&gt;&quot;, &apos;length_equals_2&apos;] / Failures: {&quot;map_&lt;(and(instance_of_&lt;class &apos;numbers.Real&apos;&gt;, between_0_and_1), and(instance_of_&lt;class &apos;str&apos;&gt;, length_equals_3, islower))&gt;_on_elts&quot;: &apos;InvalidItemInSequence: Provided sequence contains one value that is invalid. Function [and(instance_of_&lt;class \&apos;str\&apos;&gt;, length_equals_3, islower)] raised [AtLeastOneFailed: At least one validation function failed validation for value [False]. Successes: [] / Failures: {&quot;instance_of_&lt;class \&apos;str\&apos;&gt;&quot;: &quot;HasWrongType: Value should be an instance of &lt;class \&apos;str\&apos;&gt;. Wrong value: [False]&quot;, \&apos;length_equals_3\&apos;: &quot;TypeError: object of type \&apos;bool\&apos; has no len()&quot;, \&apos;islower\&apos;: &quot;TypeError: descriptor \&apos;islower\&apos; requires a \&apos;str\&apos; object but received a \&apos;bool\&apos;&quot;}].&apos;}.
</system-out></testcase><testcase classname="valid8.tests.readme.examples.test_example3" file="valid8/tests/readme/examples/test_example3.py" line="49" name="test_example_3[class_field_builtin_stdlib-(0.5, &apos;a&apos;)-&lt;class &apos;ValueError&apos;&gt;]" time="0.0059397220611572266"><system-out>Error validating field [t=(0.5, &apos;a&apos;)] for class [Foo]. Validation function [and(instance_of_&lt;class &apos;tuple&apos;&gt;, length_equals_2, map_&lt;(and(instance_of_&lt;class &apos;numbers.Real&apos;&gt;, between_0_and_1), and(instance_of_&lt;class &apos;str&apos;&gt;, length_equals_3, islower))&gt;_on_elts)] raised AtLeastOneFailed: At least one validation function failed validation. Successes: [&quot;instance_of_&lt;class &apos;tuple&apos;&gt;&quot;, &apos;length_equals_2&apos;] / Failures: {&quot;map_&lt;(and(instance_of_&lt;class &apos;numbers.Real&apos;&gt;, between_0_and_1), and(instance_of_&lt;class &apos;str&apos;&gt;, length_equals_3, islower))&gt;_on_elts&quot;: &apos;InvalidItemInSequence: Provided sequence contains one value that is invalid. Function [and(instance_of_&lt;class \&apos;str\&apos;&gt;, length_equals_3, islower)] raised [AtLeastOneFailed: At least one validation function failed validation for value [a]. Successes: [&quot;instance_of_&lt;class \&apos;str\&apos;&gt;&quot;, \&apos;islower\&apos;] / Failures: {\&apos;length_equals_3\&apos;: \&apos;WrongLength: len(x) == 3 does not hold for x=a. Wrong value: [a]\&apos;}].&apos;}.
</system-out></testcase><testcase classname="valid8.tests.readme.examples.test_example3" file="valid8/tests/readme/examples/test_example3.py" line="49" name="test_example_3[class_field_builtin_stdlib-(0.5, &apos;AAA&apos;)-&lt;class &apos;ValueError&apos;&gt;]" time="0.00561213493347168"><system-out>Error validating field [t=(0.5, &apos;AAA&apos;)] for class [Foo]. Validation function [and(instance_of_&lt;class &apos;tuple&apos;&gt;, length_equals_2, map_&lt;(and(instance_of_&lt;class &apos;numbers.Real&apos;&gt;, between_0_and_1), and(instance_of_&lt;class &apos;str&apos;&gt;, length_equals_3, islower))&gt;_on_elts)] raised AtLeastOneFailed: At least one validation function failed validation. Successes: [&quot;instance_of_&lt;class &apos;tuple&apos;&gt;&quot;, &apos;length_equals_2&apos;] / Failures: {&quot;map_&lt;(and(instance_of_&lt;class &apos;numbers.Real&apos;&gt;, between_0_and_1), and(instance_of_&lt;class &apos;str&apos;&gt;, length_equals_3, islower))&gt;_on_elts&quot;: &apos;InvalidItemInSequence: Provided sequence contains one value that is invalid. Function [and(instance_of_&lt;class \&apos;str\&apos;&gt;, length_equals_3, islower)] raised [AtLeastOneFailed: At least one validation function failed validation for value [AAA]. Successes: [&quot;instance_of_&lt;class \&apos;str\&apos;&gt;&quot;, \&apos;length_equals_3\&apos;] / Failures: {\&apos;islower\&apos;: \&apos;False\&apos;}].&apos;}.
</system-out></testcase><testcase classname="valid8.tests.readme.examples.test_example3" file="valid8/tests/readme/examples/test_example3.py" line="49" name="test_example_3[function_input_mini_lambda-(0.2, &apos;foo&apos;)-True]" time="0.004854917526245117"><system-out>uncomment and put your breakpoint here to debug
</system-out></testcase><testcase classname="valid8.tests.readme.examples.test_example3" file="valid8/tests/readme/examples/test_example3.py" line="49" name="test_example_3[function_input_mini_lambda-(1.0, &apos;abc&apos;)-True]" time="0.004887819290161133"><system-out>uncomment and put your breakpoint here to debug
</system-out></testcase><testcase classname="valid8.tests.readme.examples.test_example3" file="valid8/tests/readme/examples/test_example3.py" line="49" name="test_example_3[function_input_mini_lambda-(0, &apos;foo&apos;)-True]" time="0.004836559295654297"><system-out>uncomment and put your breakpoint here to debug
</system-out></testcase><testcase classname="valid8.tests.readme.examples.test_example3" file="valid8/tests/readme/examples/test_example3.py" line="49" name="test_example_3[function_input_mini_lambda-1.1-&lt;class &apos;TypeError&apos;&gt;]" time="0.006222724914550781"><system-out>uncomment and put your breakpoint here to debug
Error validating input [t=1.1] for function [my_function]. Validation function [and(instance_of_&lt;class &apos;tuple&apos;&gt;, len(t) == 2, instance_of(t[0], Real), (t[0] &gt;= 0) &amp; (t[0] &lt;= 1), instance_of(t[1], str), len(t[1]) == 3, t[1].islower())] raised AtLeastOneFailed: At least one validation function failed validation for value [1.1]. Successes: [] / Failures: {&quot;instance_of_&lt;class &apos;tuple&apos;&gt;&quot;: &quot;HasWrongType: Value should be an instance of &lt;class &apos;tuple&apos;&gt;. Wrong value: [1.1]&quot;, &apos;len(t) == 2&apos;: &quot;TypeError: object of type &apos;float&apos; has no len()&quot;, &apos;instance_of(t[0], Real)&apos;: &quot;AttributeError: &apos;float&apos; object has no attribute &apos;__getitem__&apos;&quot;, &apos;(t[0] &gt;= 0) &amp; (t[0] &lt;= 1)&apos;: &quot;AttributeError: &apos;float&apos; object has no attribute &apos;__getitem__&apos;&quot;, &apos;instance_of(t[1], str)&apos;: &quot;AttributeError: &apos;float&apos; object has no attribute &apos;__getitem__&apos;&quot;, &apos;len(t[1]) == 3&apos;: &quot;AttributeError: &apos;float&apos; object has no attribute &apos;__getitem__&apos;&quot;, &apos;t[1].islower()&apos;: &quot;AttributeError: &apos;float&apos; object has no attribute &apos;__getitem__&apos;&quot;}.
</system-out></testcase><testcase classname="valid8.tests.readme.examples.test_example3" file="valid8/tests/readme/examples/test_example3.py" line="49" name="test_example_3[function_input_mini_lambda-(0.2, &apos;foo&apos;, True)-&lt;class &apos;ValueError&apos;&gt;]" time="0.006187915802001953"><system-out>uncomment and put your breakpoint here to debug
Error validating input [t=(0.2, &apos;foo&apos;, True)] for function [my_function]. Validation function [and(instance_of_&lt;class &apos;tuple&apos;&gt;, len(t) == 2, instance_of(t[0], Real), (t[0] &gt;= 0) &amp; (t[0] &lt;= 1), instance_of(t[1], str), len(t[1]) == 3, t[1].islower())] raised AtLeastOneFailed: At least one validation function failed validation for value [(0.2, &apos;foo&apos;, True)]. Successes: [&quot;instance_of_&lt;class &apos;tuple&apos;&gt;&quot;, &apos;instance_of(t[0], Real)&apos;, &apos;(t[0] &gt;= 0) &amp; (t[0] &lt;= 1)&apos;, &apos;instance_of(t[1], str)&apos;, &apos;len(t[1]) == 3&apos;, &apos;t[1].islower()&apos;] / Failures: {&apos;len(t) == 2&apos;: &apos;False&apos;}.
</system-out></testcase><testcase classname="valid8.tests.readme.examples.test_example3" file="valid8/tests/readme/examples/test_example3.py" line="49" name="test_example_3[function_input_mini_lambda-(&apos;1.0&apos;, &apos;foo&apos;)-&lt;class &apos;TypeError&apos;&gt;]" time="0.006254434585571289"><system-out>uncomment and put your breakpoint here to debug
Error validating input [t=(&apos;1.0&apos;, &apos;foo&apos;)] for function [my_function]. Validation function [and(instance_of_&lt;class &apos;tuple&apos;&gt;, len(t) == 2, instance_of(t[0], Real), (t[0] &gt;= 0) &amp; (t[0] &lt;= 1), instance_of(t[1], str), len(t[1]) == 3, t[1].islower())] raised AtLeastOneFailed: At least one validation function failed validation for value [(&apos;1.0&apos;, &apos;foo&apos;)]. Successes: [&quot;instance_of_&lt;class &apos;tuple&apos;&gt;&quot;, &apos;len(t) == 2&apos;, &apos;instance_of(t[1], str)&apos;, &apos;len(t[1]) == 3&apos;, &apos;t[1].islower()&apos;] / Failures: {&apos;instance_of(t[0], Real)&apos;: &quot;HasWrongType: Value should be an instance of &lt;class &apos;numbers.Real&apos;&gt;. Wrong value: [1.0]&quot;, &apos;(t[0] &gt;= 0) &amp; (t[0] &lt;= 1)&apos;: &apos;TypeError: unorderable types: str() &gt;= int()&apos;}.
</system-out></testcase><testcase classname="valid8.tests.readme.examples.test_example3" file="valid8/tests/readme/examples/test_example3.py" line="49" name="test_example_3[function_input_mini_lambda-(1.1, &apos;foo&apos;)-&lt;class &apos;ValueError&apos;&gt;]" time="0.005484342575073242"><system-out>uncomment and put your breakpoint here to debug
Error validating input [t=(1.1, &apos;foo&apos;)] for function [my_function]. Validation function [and(instance_of_&lt;class &apos;tuple&apos;&gt;, len(t) == 2, instance_of(t[0], Real), (t[0] &gt;= 0) &amp; (t[0] &lt;= 1), instance_of(t[1], str), len(t[1]) == 3, t[1].islower())] raised AtLeastOneFailed: At least one validation function failed validation for value [(1.1, &apos;foo&apos;)]. Successes: [&quot;instance_of_&lt;class &apos;tuple&apos;&gt;&quot;, &apos;len(t) == 2&apos;, &apos;instance_of(t[0], Real)&apos;, &apos;instance_of(t[1], str)&apos;, &apos;len(t[1]) == 3&apos;, &apos;t[1].islower()&apos;] / Failures: {&apos;(t[0] &gt;= 0) &amp; (t[0] &lt;= 1)&apos;: &apos;False&apos;}.
</system-out></testcase><testcase classname="valid8.tests.readme.examples.test_example3" file="valid8/tests/readme/examples/test_example3.py" line="49" name="test_example_3[function_input_mini_lambda-(1.0, False)-&lt;class &apos;TypeError&apos;&gt;]" time="0.00605463981628418"><system-out>uncomment and put your breakpoint here to debug
Error validating input [t=(1.0, False)] for function [my_function]. Validation function [and(instance_of_&lt;class &apos;tuple&apos;&gt;, len(t) == 2, instance_of(t[0], Real), (t[0] &gt;= 0) &amp; (t[0] &lt;= 1), instance_of(t[1], str), len(t[1]) == 3, t[1].islower())] raised AtLeastOneFailed: At least one validation function failed validation for value [(1.0, False)]. Successes: [&quot;instance_of_&lt;class &apos;tuple&apos;&gt;&quot;, &apos;len(t) == 2&apos;, &apos;instance_of(t[0], Real)&apos;, &apos;(t[0] &gt;= 0) &amp; (t[0] &lt;= 1)&apos;] / Failures: {&apos;instance_of(t[1], str)&apos;: &quot;HasWrongType: Value should be an instance of &lt;class &apos;str&apos;&gt;. Wrong value: [False]&quot;, &apos;len(t[1]) == 3&apos;: &quot;TypeError: object of type &apos;bool&apos; has no len()&quot;, &apos;t[1].islower()&apos;: &quot;AttributeError: &apos;bool&apos; object has no attribute &apos;islower&apos;&quot;}.
</system-out></testcase><testcase classname="valid8.tests.readme.examples.test_example3" file="valid8/tests/readme/examples/test_example3.py" line="49" name="test_example_3[function_input_mini_lambda-(0.5, &apos;a&apos;)-&lt;class &apos;ValueError&apos;&gt;]" time="0.005393505096435547"><system-out>uncomment and put your breakpoint here to debug
Error validating input [t=(0.5, &apos;a&apos;)] for function [my_function]. Validation function [and(instance_of_&lt;class &apos;tuple&apos;&gt;, len(t) == 2, instance_of(t[0], Real), (t[0] &gt;= 0) &amp; (t[0] &lt;= 1), instance_of(t[1], str), len(t[1]) == 3, t[1].islower())] raised AtLeastOneFailed: At least one validation function failed validation for value [(0.5, &apos;a&apos;)]. Successes: [&quot;instance_of_&lt;class &apos;tuple&apos;&gt;&quot;, &apos;len(t) == 2&apos;, &apos;instance_of(t[0], Real)&apos;, &apos;(t[0] &gt;= 0) &amp; (t[0] &lt;= 1)&apos;, &apos;instance_of(t[1], str)&apos;, &apos;t[1].islower()&apos;] / Failures: {&apos;len(t[1]) == 3&apos;: &apos;False&apos;}.
</system-out></testcase><testcase classname="valid8.tests.readme.examples.test_example3" file="valid8/tests/readme/examples/test_example3.py" line="49" name="test_example_3[function_input_mini_lambda-(0.5, &apos;AAA&apos;)-&lt;class &apos;ValueError&apos;&gt;]" time="0.0044901371002197266"><system-out>uncomment and put your breakpoint here to debug
Error validating input [t=(0.5, &apos;AAA&apos;)] for function [my_function]. Validation function [and(instance_of_&lt;class &apos;tuple&apos;&gt;, len(t) == 2, instance_of(t[0], Real), (t[0] &gt;= 0) &amp; (t[0] &lt;= 1), instance_of(t[1], str), len(t[1]) == 3, t[1].islower())] raised AtLeastOneFailed: At least one validation function failed validation for value [(0.5, &apos;AAA&apos;)]. Successes: [&quot;instance_of_&lt;class &apos;tuple&apos;&gt;&quot;, &apos;len(t) == 2&apos;, &apos;instance_of(t[0], Real)&apos;, &apos;(t[0] &gt;= 0) &amp; (t[0] &lt;= 1)&apos;, &apos;instance_of(t[1], str)&apos;, &apos;len(t[1]) == 3&apos;] / Failures: {&apos;t[1].islower()&apos;: &apos;False&apos;}.
</system-out></testcase><testcase classname="valid8.tests.validation_lib.test_validators_collections" file="valid8/tests/validation_lib/test_validators_collections.py" line="7" name="test_is_in" time="0.002565622329711914"></testcase><testcase classname="valid8.tests.validation_lib.test_validators_collections" file="valid8/tests/validation_lib/test_validators_collections.py" line="15" name="test_contains" time="0.0022978782653808594"></testcase><testcase classname="valid8.tests.validation_lib.test_validators_collections" file="valid8/tests/validation_lib/test_validators_collections.py" line="22" name="test_is_subset_is_superset" time="0.002203702926635742"></testcase><testcase classname="valid8.tests.validation_lib.test_validators_collections" file="valid8/tests/validation_lib/test_validators_collections.py" line="45" name="test_on_all" time="0.0014224052429199219"></testcase><testcase classname="valid8.tests.validation_lib.test_validators_collections" file="valid8/tests/validation_lib/test_validators_collections.py" line="54" name="test_on_each" time="0.0014042854309082031"></testcase><testcase classname="valid8.tests.validation_lib.test_validators_collections" file="valid8/tests/validation_lib/test_validators_collections.py" line="63" name="test_haslen" time="0.0016222000122070312"></testcase><testcase classname="valid8.tests.validation_lib.test_validators_collections" file="valid8/tests/validation_lib/test_validators_collections.py" line="70" name="test_minlen" time="0.0015943050384521484"></testcase><testcase classname="valid8.tests.validation_lib.test_validators_collections" file="valid8/tests/validation_lib/test_validators_collections.py" line="77" name="test_minlens" time="0.0016264915466308594"></testcase><testcase classname="valid8.tests.validation_lib.test_validators_collections" file="valid8/tests/validation_lib/test_validators_collections.py" line="84" name="test_maxlen" time="0.0016279220581054688"></testcase><testcase classname="valid8.tests.validation_lib.test_validators_collections" file="valid8/tests/validation_lib/test_validators_collections.py" line="91" name="test_maxlens" time="0.0013124942779541016"></testcase><testcase classname="valid8.tests.validation_lib.test_validators_collections" file="valid8/tests/validation_lib/test_validators_collections.py" line="98" name="test_length_between" time="0.0012516975402832031"></testcase><testcase classname="valid8.tests.validation_lib.test_validators_collections" file="valid8/tests/validation_lib/test_validators_collections.py" line="110" name="test_numpy_nan_like_lengths" time="0.0015110969543457031"></testcase><testcase classname="valid8.tests.validation_lib.test_validators_comparables" file="valid8/tests/validation_lib/test_validators_comparables.py" line="5" name="test_gt" time="0.0020668506622314453"></testcase><testcase classname="valid8.tests.validation_lib.test_validators_comparables" file="valid8/tests/validation_lib/test_validators_comparables.py" line="12" name="test_gts" time="0.0016007423400878906"></testcase><testcase classname="valid8.tests.validation_lib.test_validators_comparables" file="valid8/tests/validation_lib/test_validators_comparables.py" line="19" name="test_lt" time="0.001592397689819336"></testcase><testcase classname="valid8.tests.validation_lib.test_validators_comparables" file="valid8/tests/validation_lib/test_validators_comparables.py" line="26" name="test_lts" time="0.0014841556549072266"></testcase><testcase classname="valid8.tests.validation_lib.test_validators_comparables" file="valid8/tests/validation_lib/test_validators_comparables.py" line="33" name="test_between" time="0.0012238025665283203"></testcase><testcase classname="valid8.tests.validation_lib.test_validators_comparables" file="valid8/tests/validation_lib/test_validators_comparables.py" line="45" name="test_numpy_nan" time="0.0016684532165527344"></testcase><testcase classname="valid8.tests.validation_lib.test_validators_numbers" file="valid8/tests/validation_lib/test_validators_numbers.py" line="5" name="test_is_even" time="0.0016596317291259766"></testcase><testcase classname="valid8.tests.validation_lib.test_validators_numbers" file="valid8/tests/validation_lib/test_validators_numbers.py" line="11" name="test_is_odd" time="0.0015082359313964844"></testcase><testcase classname="valid8.tests.validation_lib.test_validators_numbers" file="valid8/tests/validation_lib/test_validators_numbers.py" line="17" name="test_is_multiple_of" time="0.0015721321105957031"></testcase><testcase classname="valid8.tests.validation_lib.test_validators_types" file="valid8/tests/validation_lib/test_validators_types.py" line="5" name="test_instance_of" time="0.001975536346435547"></testcase><testcase classname="valid8.tests.validation_lib.test_validators_types" file="valid8/tests/validation_lib/test_validators_types.py" line="31" name="test_subclass_of" time="0.0012693405151367188"></testcase></testsuite>