<?xml version="1.0" encoding="utf-8"?><testsuite errors="0" failures="1" name="pytest" skips="1" tests="431" time="4.349"><testcase classname="valid8.tests.test_composition" file="valid8/tests/test_composition.py" line="6" name="test_empty_validators_list" time="0.0018305778503417969"></testcase><testcase classname="valid8.tests.test_composition" file="valid8/tests/test_composition.py" line="13" name="test_list_implicit_and" time="0.0015511512756347656"></testcase><testcase classname="valid8.tests.test_composition" file="valid8/tests/test_composition.py" line="22" name="test_not_not_all" time="0.0027260780334472656"></testcase><testcase classname="valid8.tests.test_composition" file="valid8/tests/test_composition.py" line="56" name="test_validate_or" time="0.0018804073333740234"></testcase><testcase classname="valid8.tests.test_composition" file="valid8/tests/test_composition.py" line="82" name="test_validate_xor" time="0.0016372203826904297"></testcase><testcase classname="valid8.tests.test_composition" file="valid8/tests/test_composition.py" line="106" name="test_validate_and" time="0.0017614364624023438"></testcase><testcase classname="valid8.tests.test_entry_points" file="valid8/tests/test_entry_points.py" line="3" name="test_validate_create_manually" time="0.0015892982482910156"></testcase><testcase classname="valid8.tests.test_entry_points_annotations" file="valid8/tests/test_entry_points_annotations.py" line="9" name="test_validate_field" time="0.003495931625366211"></testcase><testcase classname="valid8.tests.test_entry_points_annotations" file="valid8/tests/test_entry_points_annotations.py" line="55" name="test_validate_field_property" time="0.003066539764404297"></testcase><testcase classname="valid8.tests.test_entry_points_annotations" file="valid8/tests/test_entry_points_annotations.py" line="106" name="test_validate_field_custom_type" time="0.004648685455322266"></testcase><testcase classname="valid8.tests.test_entry_points_annotations" file="valid8/tests/test_entry_points_annotations.py" line="146" name="test_validate_attr" time="0.003165006637573242"></testcase><testcase classname="valid8.tests.test_entry_points_annotations" file="valid8/tests/test_entry_points_annotations.py" line="158" name="test_validate_arg_nominal_builtin_validators" time="0.003740072250366211"><system-out>hello
hello
</system-out></testcase><testcase classname="valid8.tests.test_entry_points_annotations" file="valid8/tests/test_entry_points_annotations.py" line="188" name="test_validate_out" time="0.003261566162109375"></testcase><testcase classname="valid8.tests.test_entry_points_annotations" file="valid8/tests/test_entry_points_annotations.py" line="205" name="test_validate_nominal_builtin_validators" time="0.004034757614135742"><system-out>hello
hello
</system-out></testcase><testcase classname="valid8.tests.test_entry_points_annotations" file="valid8/tests/test_entry_points_annotations.py" line="235" name="test_validate_custom_validators_basic" time="0.004647970199584961"><system-out>hello
</system-out></testcase><testcase classname="valid8.tests.test_entry_points_annotations" file="valid8/tests/test_entry_points_annotations.py" line="283" name="test_validate_custom_validators_with_exception" time="0.005002498626708984"><system-out>hello
1
2
3
</system-out></testcase><testcase classname="valid8.tests.test_entry_points_annotations" file="valid8/tests/test_entry_points_annotations.py" line="336" name="test_validate_mini_lambda" time="0.003063678741455078"><system-out>Hello, john your age is 20
</system-out></testcase><testcase classname="valid8.tests.test_entry_points_annotations" file="valid8/tests/test_entry_points_annotations.py" line="349" name="test_validate_none_enforce" time="0.023611068725585938"><system-out>hello
</system-out></testcase><testcase classname="valid8.tests.test_entry_points_annotations" file="valid8/tests/test_entry_points_annotations.py" line="373" name="test_validate_none_pytypes" time="0.011446952819824219"><system-out>hello
</system-out></testcase><testcase classname="valid8.tests.test_entry_points_annotations" file="valid8/tests/test_entry_points_annotations.py" line="397" name="test_validate_none_is_allowed" time="0.0022733211517333984"><system-out>hello
hello
</system-out></testcase><testcase classname="valid8.tests.test_entry_points_annotations" file="valid8/tests/test_entry_points_annotations.py" line="409" name="test_validate_name_error" time="0.0015559196472167969"></testcase><testcase classname="valid8.tests.test_entry_points_annotations" file="valid8/tests/test_entry_points_annotations.py" line="418" name="test_decorate_manually" time="0.002068042755126953"></testcase><testcase classname="valid8.tests.test_entry_points_annotations" file="valid8/tests/test_entry_points_annotations.py" line="430" name="test_validate_tracebacks" time="0.002440929412841797"></testcase><testcase classname="valid8.tests.test_entry_points_inline" file="valid8/tests/test_entry_points_inline.py" line="12" name="test_validate_" time="0.0026144981384277344"></testcase><testcase classname="valid8.tests.test_entry_points_inline" file="valid8/tests/test_entry_points_inline.py" line="39" name="test_readme_usage_validate__customization" time="0.0022678375244140625"></testcase><testcase classname="valid8.tests.test_entry_points_inline" file="valid8/tests/test_entry_points_inline.py" line="74" name="test_validator_context_manager" time="0.002223491668701172"></testcase><testcase classname="valid8.tests.test_entry_points_inline" file="valid8/tests/test_entry_points_inline.py" line="105" name="test_readme_usage_validator_customization" time="0.002644062042236328"></testcase><testcase classname="valid8.tests.test_entry_points_inline" file="valid8/tests/test_entry_points_inline.py" line="142" name="test_validate_tracebacks" time="0.0022034645080566406"></testcase><testcase classname="valid8.tests.test_entry_points_inline" file="valid8/tests/test_entry_points_inline.py" line="162" name="test_typos_in_kwargs" time="0.0009889602661132812"></testcase><testcase classname="valid8.tests.test_entry_points_inline" file="valid8/tests/test_entry_points_inline.py" line="170" name="test_validate_auto_disable_display" time="0.0012328624725341797"></testcase><testcase classname="valid8.tests.test_entry_points_inline" file="valid8/tests/test_entry_points_inline.py" line="189" name="test_numpy_nan" time="0.0016210079193115234"></testcase><testcase classname="valid8.tests.test_entry_points_inline" file="valid8/tests/test_entry_points_inline.py" line="198" name="test_numpy_nan_like_lengths" time="0.001550912857055664"></testcase><testcase classname="valid8.tests.test_entry_points_inline" file="valid8/tests/test_entry_points_inline.py" line="232" name="test_empty_not_empty" time="0.0017962455749511719"></testcase><testcase classname="valid8.tests.test_entry_points_inline" file="valid8/tests/test_entry_points_inline.py" line="246" name="test_function_setter_name_in_valid8_error_message" time="0.023211956024169922"></testcase><testcase classname="valid8.tests.test_entry_points_inline" file="valid8/tests/test_entry_points_inline.py" line="254" name="test_enum_isinstance" time="0.0020639896392822266"></testcase><testcase classname="valid8.tests.pkging.test_packaging" file="valid8/tests/pkging/test_packaging.py" line="21" name="test_named_import[composition_failure_raiser]" time="0.0024781227111816406"></testcase><testcase classname="valid8.tests.pkging.test_packaging" file="valid8/tests/pkging/test_packaging.py" line="21" name="test_named_import[composition_not_]" time="0.0017719268798828125"></testcase><testcase classname="valid8.tests.pkging.test_packaging" file="valid8/tests/pkging/test_packaging.py" line="21" name="test_named_import[composition_skip_on_none]" time="0.0018913745880126953"></testcase><testcase classname="valid8.tests.pkging.test_packaging" file="valid8/tests/pkging/test_packaging.py" line="21" name="test_named_import[composition_or_]" time="0.0022306442260742188"></testcase><testcase classname="valid8.tests.pkging.test_packaging" file="valid8/tests/pkging/test_packaging.py" line="21" name="test_named_import[composition_AllValidatorsFailed]" time="0.0018279552459716797"></testcase><testcase classname="valid8.tests.pkging.test_packaging" file="valid8/tests/pkging/test_packaging.py" line="21" name="test_named_import[composition_DidNotFail]" time="0.0016031265258789062"></testcase><testcase classname="valid8.tests.pkging.test_packaging" file="valid8/tests/pkging/test_packaging.py" line="21" name="test_named_import[composition_xor_]" time="0.0017549991607666016"></testcase><testcase classname="valid8.tests.pkging.test_packaging" file="valid8/tests/pkging/test_packaging.py" line="21" name="test_named_import[composition_CompositionFailure]" time="0.001949310302734375"></testcase><testcase classname="valid8.tests.pkging.test_packaging" file="valid8/tests/pkging/test_packaging.py" line="21" name="test_named_import[composition_fail_on_none]" time="0.0019183158874511719"></testcase><testcase classname="valid8.tests.pkging.test_packaging" file="valid8/tests/pkging/test_packaging.py" line="21" name="test_named_import[composition_not_all]" time="0.002005338668823242"></testcase><testcase classname="valid8.tests.pkging.test_packaging" file="valid8/tests/pkging/test_packaging.py" line="21" name="test_named_import[composition_and_]" time="0.002897024154663086"></testcase><testcase classname="valid8.tests.pkging.test_packaging" file="valid8/tests/pkging/test_packaging.py" line="21" name="test_named_import[composition_AtLeastOneFailed]" time="0.0019371509552001953"></testcase><testcase classname="valid8.tests.pkging.test_packaging" file="valid8/tests/pkging/test_packaging.py" line="21" name="test_named_import[composition_XorTooManySuccess]" time="0.0018184185028076172"></testcase><testcase classname="valid8.tests.pkging.test_packaging" file="valid8/tests/pkging/test_packaging.py" line="26" name="test_import_from[composition_failure_raiser]" time="0.0014061927795410156"></testcase><testcase classname="valid8.tests.pkging.test_packaging" file="valid8/tests/pkging/test_packaging.py" line="26" name="test_import_from[composition_not_]" time="0.0021185874938964844"></testcase><testcase classname="valid8.tests.pkging.test_packaging" file="valid8/tests/pkging/test_packaging.py" line="26" name="test_import_from[composition_skip_on_none]" time="0.002146482467651367"></testcase><testcase classname="valid8.tests.pkging.test_packaging" file="valid8/tests/pkging/test_packaging.py" line="26" name="test_import_from[composition_or_]" time="0.0022678375244140625"></testcase><testcase classname="valid8.tests.pkging.test_packaging" file="valid8/tests/pkging/test_packaging.py" line="26" name="test_import_from[composition_AllValidatorsFailed]" time="0.0022089481353759766"></testcase><testcase classname="valid8.tests.pkging.test_packaging" file="valid8/tests/pkging/test_packaging.py" line="26" name="test_import_from[composition_DidNotFail]" time="0.0018472671508789062"></testcase><testcase classname="valid8.tests.pkging.test_packaging" file="valid8/tests/pkging/test_packaging.py" line="26" name="test_import_from[composition_xor_]" time="0.0018908977508544922"></testcase><testcase classname="valid8.tests.pkging.test_packaging" file="valid8/tests/pkging/test_packaging.py" line="26" name="test_import_from[composition_CompositionFailure]" time="0.0019505023956298828"></testcase><testcase classname="valid8.tests.pkging.test_packaging" file="valid8/tests/pkging/test_packaging.py" line="26" name="test_import_from[composition_fail_on_none]" time="0.0022552013397216797"></testcase><testcase classname="valid8.tests.pkging.test_packaging" file="valid8/tests/pkging/test_packaging.py" line="26" name="test_import_from[composition_not_all]" time="0.0019488334655761719"></testcase><testcase classname="valid8.tests.pkging.test_packaging" file="valid8/tests/pkging/test_packaging.py" line="26" name="test_import_from[composition_and_]" time="0.0018537044525146484"></testcase><testcase classname="valid8.tests.pkging.test_packaging" file="valid8/tests/pkging/test_packaging.py" line="26" name="test_import_from[composition_AtLeastOneFailed]" time="0.001940011978149414"></testcase><testcase classname="valid8.tests.pkging.test_packaging" file="valid8/tests/pkging/test_packaging.py" line="26" name="test_import_from[composition_XorTooManySuccess]" time="0.0023717880249023438"></testcase><testcase classname="valid8.tests.pkging.test_packaging_wildcard" file="valid8/tests/pkging/test_packaging_wildcard.py" line="3" name="test_wild_import" time="0.0018754005432128906"></testcase><testcase classname="valid8.tests.readme.test_readme_combining" file="valid8/tests/readme/test_readme_combining.py" line="7" name="test_readme_index_combining_enforce" time="0.02016615867614746"><system-out>Building house... DONE !
Building house... DONE !
</system-out></testcase><testcase classname="valid8.tests.readme.test_readme_combining" file="valid8/tests/readme/test_readme_combining.py" line="16" name="test_readme_index_combining_autoclass" time="0.009010791778564453"></testcase><testcase classname="valid8.tests.readme.test_readme_combining" file="valid8/tests/readme/test_readme_combining.py" line="48" name="test_readme_index_combining_autoclass_2" time="0.009153127670288086"></testcase><testcase classname="valid8.tests.readme.test_readme_combining" file="valid8/tests/readme/test_readme_combining.py" line="79" name="test_readme_index_combining_attrs" time="0.005234479904174805"></testcase><testcase classname="valid8.tests.readme.test_readme_combining" file="valid8/tests/readme/test_readme_combining.py" line="111" name="test_unused_pytypes" time="0.014592170715332031"><system-out>you did it !
you did it !
</system-out></testcase><testcase classname="valid8.tests.readme.test_readme_combining" file="valid8/tests/readme/test_readme_combining.py" line="140" name="test_readme_combining_checktypes" time="0.0007960796356201172"><skipped message="checktypes does not seem to work on old python versions see https://gitlab.com/yahya-abou-imran/checktypes/issues/2" type="pytest.skip">valid8/tests/readme/test_readme_combining.py:140: checktypes does not seem to work on old python versions see https://gitlab.com/yahya-abou-imran/checktypes/issues/2</skipped></testcase><testcase classname="valid8.tests.readme.test_readme_examples" file="valid8/tests/readme/test_readme_examples.py" line="7" name="test_readme_examples_4" time="0.006224393844604492"></testcase><testcase classname="valid8.tests.readme.test_readme_index" file="valid8/tests/readme/test_readme_index.py" line="6" name="test_readme_index_usage_quick" time="0.0019237995147705078"></testcase><testcase classname="valid8.tests.readme.test_readme_index" file="valid8/tests/readme/test_readme_index.py" line="20" name="test_readme_usage_validator" time="0.008826494216918945"><failure message="AssertionError: assert &apos;Error valida... value: [1j].&apos; == &apos;Error validat... value: [1j].&apos;
  - Error validating [surface=1j]. Validation function [assert_instance_of(surf, int)] raised HasWrongType: Value should be an instance of &lt;class &apos;int&apos;&gt;. Wrong value: [1j].
  + Error validating [surface=1j]. Validation function [assert_instance_of(surf, int) ; v.alid = surf &gt; 0] raised HasWrongType: Value should be an instance of &lt;class &apos;int&apos;&gt;. Wrong value: [1j].
  ?                                                                                  ++++++++++++++++++++">def test_readme_usage_validator():
        &quot;&quot;&quot; Tests that the example under index/usage/validation works &quot;&quot;&quot;
    
        surf = -1
    
        with pytest.raises(ValidationError) as exc_info:
            with validator(&apos;surface&apos;, surf) as v:
                v.alid = surf &gt; 0 and isfinite(surf)
        e = exc_info.value
        assert str(e) == &quot;Error validating [surface=-1]: &quot; \
                         &quot;validation function [v.alid = surf &gt; 0 and isfinite(surf)] returned [False].&quot;
    
        surf = 1j
    
        with pytest.raises(ValidationError) as exc_info:
            with validator(&apos;surface&apos;, surf) as v:
                v.alid = surf &gt; 0 and isfinite(surf)
        e = exc_info.value
        assert str(e).startswith(&quot;Error validating [surface=1j]. &quot; \
                                 &quot;Validation function [v.alid = surf &gt; 0 and isfinite(surf)] raised &quot; \
                                 &quot;TypeError:&quot;)
    
        # alternate naming
        surf = -1
        with pytest.raises(ValidationError) as exc_info:
            with validator(&apos;surface&apos;, surf) as r:
                r.esults = surf &gt; 0 and isfinite(surf)
        e = exc_info.value
        assert str(e) == &quot;Error validating [surface=-1]: &quot; \
                         &quot;validation function [r.esults = surf &gt; 0 and isfinite(surf)] returned [False].&quot;
    
        # type validation
        surf = 1j
        with pytest.raises(ValidationError) as exc_info:
            with validator(&apos;surface&apos;, surf, instance_of=int) as v:
                v.alid = surf &gt; 0
        e = exc_info.value
        assert str(e) == &quot;Error validating [surface=1j]. &quot; \
                         &quot;HasWrongType: Value should be an instance of %s. Wrong value: [1j].&quot; % repr(int)
    
        from valid8 import assert_instance_of
        with pytest.raises(ValidationError) as exc_info:
            with validator(&apos;surface&apos;, surf) as v:
                assert_instance_of(surf, int)
                v.alid = surf &gt; 0
        e = exc_info.value
&gt;       assert str(e) == &quot;Error validating [surface=1j]. &quot; \
                         &quot;Validation function [assert_instance_of(surf, int) ; v.alid = surf &gt; 0] raised &quot; \
                         &quot;HasWrongType: Value should be an instance of %s. Wrong value: [1j].&quot; % repr(int)
E       AssertionError: assert &apos;Error valida... value: [1j].&apos; == &apos;Error validat... value: [1j].&apos;
E         - Error validating [surface=1j]. Validation function [assert_instance_of(surf, int)] raised HasWrongType: Value should be an instance of &lt;class &apos;int&apos;&gt;. Wrong value: [1j].
E         + Error validating [surface=1j]. Validation function [assert_instance_of(surf, int) ; v.alid = surf &gt; 0] raised HasWrongType: Value should be an instance of &lt;class &apos;int&apos;&gt;. Wrong value: [1j].
E         ?                                                                                  ++++++++++++++++++++

valid8/tests/readme/test_readme_index.py:67: AssertionError</failure></testcase><testcase classname="valid8.tests.readme.test_readme_index" file="valid8/tests/readme/test_readme_index.py" line="71" name="test_readme_usage_customization" time="0.0037240982055664062"></testcase><testcase classname="valid8.tests.readme.test_readme_index" file="valid8/tests/readme/test_readme_index.py" line="130" name="test_readme_index_usage_basic" time="0.0029213428497314453"></testcase><testcase classname="valid8.tests.readme.test_readme_index" file="valid8/tests/readme/test_readme_index.py" line="154" name="test_readme_index_usage_function" time="0.005812406539916992"><system-out>Building house... DONE !
Building house... DONE !
Building house... DONE !
</system-out></testcase><testcase classname="valid8.tests.readme.test_readme_index" file="valid8/tests/readme/test_readme_index.py" line="200" name="test_readme_index_usage_class_fields" time="0.004533290863037109"></testcase><testcase classname="valid8.tests.readme.test_readme_index" file="valid8/tests/readme/test_readme_index.py" line="234" name="test_testing" time="0.001856088638305664"></testcase><testcase classname="valid8.tests.readme.test_readme_index" file="valid8/tests/readme/test_readme_index.py" line="249" name="test_advanced_composition" time="0.002462625503540039"></testcase><testcase classname="valid8.tests.readme.test_readme_index" file="valid8/tests/readme/test_readme_index.py" line="268" name="test_readme_index_usage_customization" time="0.003990888595581055"></testcase><testcase classname="valid8.tests.readme.test_readme_index" file="valid8/tests/readme/test_readme_index.py" line="327" name="test_readme_index_usage_composition" time="0.005263090133666992"></testcase><testcase classname="valid8.tests.readme.test_readme_usage" file="valid8/tests/readme/test_readme_usage.py" line="9" name="test_tutorial" time="0.003664731979370117"></testcase><testcase classname="valid8.tests.readme.test_readme_usage" file="valid8/tests/readme/test_readme_usage.py" line="67" name="test_usage_base_validation_functions" time="0.0015540122985839844"></testcase><testcase classname="valid8.tests.readme.test_readme_usage" file="valid8/tests/readme/test_readme_usage.py" line="73" name="test_usage_ensure_valid" time="0.007041454315185547"></testcase><testcase classname="valid8.tests.readme.test_readme_usage" file="valid8/tests/readme/test_readme_usage.py" line="120" name="test_usage_is_valid" time="0.003309965133666992"></testcase><testcase classname="valid8.tests.readme.test_readme_usage" file="valid8/tests/readme/test_readme_usage.py" line="157" name="test_usage_validators" time="0.005438327789306641"></testcase><testcase classname="valid8.tests.readme.test_readme_usage" file="valid8/tests/readme/test_readme_usage.py" line="310" name="test_usage_validate_annotation" time="0.0032858848571777344"></testcase><testcase classname="valid8.tests.readme.test_readme_usage" file="valid8/tests/readme/test_readme_usage.py" line="326" name="test_usage_custom_validators" time="0.005171060562133789"></testcase><testcase classname="valid8.tests.readme.examples.test_example1" file="valid8/tests/readme/examples/test_example1.py" line="23" name="test_example_1[function_io_builtin-0-True]" time="0.004216432571411133"></testcase><testcase classname="valid8.tests.readme.examples.test_example1" file="valid8/tests/readme/examples/test_example1.py" line="23" name="test_example_1[function_io_builtin-100-True]" time="0.003264188766479492"></testcase><testcase classname="valid8.tests.readme.examples.test_example1" file="valid8/tests/readme/examples/test_example1.py" line="23" name="test_example_1[function_io_builtin-foo-TypeError]" time="0.0038836002349853516"><system-out>Error validating input [x=foo] for function [my_function3]. Validation function [and(instance_of_&lt;class &apos;numbers.Integral&apos;&gt;, greater_than_0)] raised AtLeastOneFailed: At least one validation function failed validation for value [foo]. Successes: [] / Failures: {&quot;instance_of_&lt;class &apos;numbers.Integral&apos;&gt;&quot;: &quot;HasWrongType: Value should be an instance of &lt;class &apos;numbers.Integral&apos;&gt;. Wrong value: [foo]&quot;, &apos;greater_than_0&apos;: &apos;TypeError: unorderable types: str() &gt;= int()&apos;}.
</system-out></testcase><testcase classname="valid8.tests.readme.examples.test_example1" file="valid8/tests/readme/examples/test_example1.py" line="23" name="test_example_1[function_io_builtin-1.0-TypeError]" time="0.004306316375732422"><system-out>Error validating input [x=1.0] for function [my_function3]. Validation function [and(instance_of_&lt;class &apos;numbers.Integral&apos;&gt;, greater_than_0)] raised AtLeastOneFailed: At least one validation function failed validation for value [1.0]. Successes: [&apos;greater_than_0&apos;] / Failures: {&quot;instance_of_&lt;class &apos;numbers.Integral&apos;&gt;&quot;: &quot;HasWrongType: Value should be an instance of &lt;class &apos;numbers.Integral&apos;&gt;. Wrong value: [1.0]&quot;}.
</system-out></testcase><testcase classname="valid8.tests.readme.examples.test_example1" file="valid8/tests/readme/examples/test_example1.py" line="23" name="test_example_1[function_io_builtin--1-ValueError]" time="0.004014492034912109"><system-out>Error validating input [x=-1] for function [my_function3]. Validation function [and(instance_of_&lt;class &apos;numbers.Integral&apos;&gt;, greater_than_0)] raised AtLeastOneFailed: At least one validation function failed validation for value [-1]. Successes: [&quot;instance_of_&lt;class &apos;numbers.Integral&apos;&gt;&quot;] / Failures: {&apos;greater_than_0&apos;: &apos;TooSmall: x &gt;= 0 does not hold for x=-1. Wrong value: [-1]&apos;}.
</system-out></testcase><testcase classname="valid8.tests.readme.examples.test_example1" file="valid8/tests/readme/examples/test_example1.py" line="23" name="test_example_1[with_validator-0-True]" time="0.002439737319946289"></testcase><testcase classname="valid8.tests.readme.examples.test_example1" file="valid8/tests/readme/examples/test_example1.py" line="23" name="test_example_1[with_validator-100-True]" time="0.0023772716522216797"></testcase><testcase classname="valid8.tests.readme.examples.test_example1" file="valid8/tests/readme/examples/test_example1.py" line="23" name="test_example_1[with_validator-foo-TypeError]" time="0.002905130386352539"><system-out>Error validating [x=foo]. HasWrongType: Value should be an instance of &lt;class &apos;numbers.Integral&apos;&gt;. Wrong value: [foo].
</system-out></testcase><testcase classname="valid8.tests.readme.examples.test_example1" file="valid8/tests/readme/examples/test_example1.py" line="23" name="test_example_1[with_validator-1.0-TypeError]" time="0.0033643245697021484"><system-out>Error validating [x=1.0]. HasWrongType: Value should be an instance of &lt;class &apos;numbers.Integral&apos;&gt;. Wrong value: [1.0].
</system-out></testcase><testcase classname="valid8.tests.readme.examples.test_example1" file="valid8/tests/readme/examples/test_example1.py" line="23" name="test_example_1[with_validator--1-ValueError]" time="0.0035419464111328125"><system-out>Error validating [x=-1]: validation function [v.alid = x &gt;= 0] returned [False].
</system-out></testcase><testcase classname="valid8.tests.readme.examples.test_example1" file="valid8/tests/readme/examples/test_example1.py" line="23" name="test_example_1[function_output_builtin-0-True]" time="0.0031890869140625"></testcase><testcase classname="valid8.tests.readme.examples.test_example1" file="valid8/tests/readme/examples/test_example1.py" line="23" name="test_example_1[function_output_builtin-100-True]" time="0.003203153610229492"></testcase><testcase classname="valid8.tests.readme.examples.test_example1" file="valid8/tests/readme/examples/test_example1.py" line="23" name="test_example_1[function_output_builtin-foo-TypeError]" time="0.0037851333618164062"><system-out>Error validating output of function [my_function2]. Validation function [and(instance_of_&lt;class &apos;numbers.Integral&apos;&gt;, greater_than_0)] raised AtLeastOneFailed: At least one validation function failed validation for value [foo]. Successes: [] / Failures: {&quot;instance_of_&lt;class &apos;numbers.Integral&apos;&gt;&quot;: &quot;HasWrongType: Value should be an instance of &lt;class &apos;numbers.Integral&apos;&gt;. Wrong value: [foo]&quot;, &apos;greater_than_0&apos;: &apos;TypeError: unorderable types: str() &gt;= int()&apos;}.
</system-out></testcase><testcase classname="valid8.tests.readme.examples.test_example1" file="valid8/tests/readme/examples/test_example1.py" line="23" name="test_example_1[function_output_builtin-1.0-TypeError]" time="0.005182027816772461"><system-out>Error validating output of function [my_function2]. Validation function [and(instance_of_&lt;class &apos;numbers.Integral&apos;&gt;, greater_than_0)] raised AtLeastOneFailed: At least one validation function failed validation for value [1.0]. Successes: [&apos;greater_than_0&apos;] / Failures: {&quot;instance_of_&lt;class &apos;numbers.Integral&apos;&gt;&quot;: &quot;HasWrongType: Value should be an instance of &lt;class &apos;numbers.Integral&apos;&gt;. Wrong value: [1.0]&quot;}.
</system-out></testcase><testcase classname="valid8.tests.readme.examples.test_example1" file="valid8/tests/readme/examples/test_example1.py" line="23" name="test_example_1[function_output_builtin--1-ValueError]" time="0.0037403106689453125"><system-out>Error validating output of function [my_function2]. Validation function [and(instance_of_&lt;class &apos;numbers.Integral&apos;&gt;, greater_than_0)] raised AtLeastOneFailed: At least one validation function failed validation for value [-1]. Successes: [&quot;instance_of_&lt;class &apos;numbers.Integral&apos;&gt;&quot;] / Failures: {&apos;greater_than_0&apos;: &apos;TooSmall: x &gt;= 0 does not hold for x=-1. Wrong value: [-1]&apos;}.
</system-out></testcase><testcase classname="valid8.tests.readme.examples.test_example1" file="valid8/tests/readme/examples/test_example1.py" line="23" name="test_example_1[function_input_builtin-0-True]" time="0.0033426284790039062"></testcase><testcase classname="valid8.tests.readme.examples.test_example1" file="valid8/tests/readme/examples/test_example1.py" line="23" name="test_example_1[function_input_builtin-100-True]" time="0.003215312957763672"></testcase><testcase classname="valid8.tests.readme.examples.test_example1" file="valid8/tests/readme/examples/test_example1.py" line="23" name="test_example_1[function_input_builtin-foo-TypeError]" time="0.004769563674926758"><system-out>Error validating input [x=foo] for function [my_function]. Validation function [and(instance_of_&lt;class &apos;numbers.Integral&apos;&gt;, greater_than_0)] raised AtLeastOneFailed: At least one validation function failed validation for value [foo]. Successes: [] / Failures: {&quot;instance_of_&lt;class &apos;numbers.Integral&apos;&gt;&quot;: &quot;HasWrongType: Value should be an instance of &lt;class &apos;numbers.Integral&apos;&gt;. Wrong value: [foo]&quot;, &apos;greater_than_0&apos;: &apos;TypeError: unorderable types: str() &gt;= int()&apos;}.
</system-out></testcase><testcase classname="valid8.tests.readme.examples.test_example1" file="valid8/tests/readme/examples/test_example1.py" line="23" name="test_example_1[function_input_builtin-1.0-TypeError]" time="0.004309892654418945"><system-out>Error validating input [x=1.0] for function [my_function]. Validation function [and(instance_of_&lt;class &apos;numbers.Integral&apos;&gt;, greater_than_0)] raised AtLeastOneFailed: At least one validation function failed validation for value [1.0]. Successes: [&apos;greater_than_0&apos;] / Failures: {&quot;instance_of_&lt;class &apos;numbers.Integral&apos;&gt;&quot;: &quot;HasWrongType: Value should be an instance of &lt;class &apos;numbers.Integral&apos;&gt;. Wrong value: [1.0]&quot;}.
</system-out></testcase><testcase classname="valid8.tests.readme.examples.test_example1" file="valid8/tests/readme/examples/test_example1.py" line="23" name="test_example_1[function_input_builtin--1-ValueError]" time="0.00393986701965332"><system-out>Error validating input [x=-1] for function [my_function]. Validation function [and(instance_of_&lt;class &apos;numbers.Integral&apos;&gt;, greater_than_0)] raised AtLeastOneFailed: At least one validation function failed validation for value [-1]. Successes: [&quot;instance_of_&lt;class &apos;numbers.Integral&apos;&gt;&quot;] / Failures: {&apos;greater_than_0&apos;: &apos;TooSmall: x &gt;= 0 does not hold for x=-1. Wrong value: [-1]&apos;}.
</system-out></testcase><testcase classname="valid8.tests.readme.examples.test_example1" file="valid8/tests/readme/examples/test_example1.py" line="23" name="test_example_1[function_io_mini_lambda-0-True]" time="0.002907991409301758"></testcase><testcase classname="valid8.tests.readme.examples.test_example1" file="valid8/tests/readme/examples/test_example1.py" line="23" name="test_example_1[function_io_mini_lambda-100-True]" time="0.0040130615234375"></testcase><testcase classname="valid8.tests.readme.examples.test_example1" file="valid8/tests/readme/examples/test_example1.py" line="23" name="test_example_1[function_io_mini_lambda-foo-TypeError]" time="0.004222393035888672"><system-out>Error validating input [x=foo] for function [my_function3]. Validation function [and(instance_of_&lt;class &apos;numbers.Integral&apos;&gt;, x &gt;= 0)] raised AtLeastOneFailed: At least one validation function failed validation for value [foo]. Successes: [] / Failures: {&quot;instance_of_&lt;class &apos;numbers.Integral&apos;&gt;&quot;: &quot;HasWrongType: Value should be an instance of &lt;class &apos;numbers.Integral&apos;&gt;. Wrong value: [foo]&quot;, &apos;x &gt;= 0&apos;: &apos;TypeError: unorderable types: str() &gt;= int()&apos;}.
</system-out></testcase><testcase classname="valid8.tests.readme.examples.test_example1" file="valid8/tests/readme/examples/test_example1.py" line="23" name="test_example_1[function_io_mini_lambda-1.0-TypeError]" time="0.004476308822631836"><system-out>Error validating input [x=1.0] for function [my_function3]. Validation function [and(instance_of_&lt;class &apos;numbers.Integral&apos;&gt;, x &gt;= 0)] raised AtLeastOneFailed: At least one validation function failed validation for value [1.0]. Successes: [&apos;x &gt;= 0&apos;] / Failures: {&quot;instance_of_&lt;class &apos;numbers.Integral&apos;&gt;&quot;: &quot;HasWrongType: Value should be an instance of &lt;class &apos;numbers.Integral&apos;&gt;. Wrong value: [1.0]&quot;}.
</system-out></testcase><testcase classname="valid8.tests.readme.examples.test_example1" file="valid8/tests/readme/examples/test_example1.py" line="23" name="test_example_1[function_io_mini_lambda--1-ValueError]" time="0.003881216049194336"><system-out>Error validating input [x=-1] for function [my_function3]. Validation function [and(instance_of_&lt;class &apos;numbers.Integral&apos;&gt;, x &gt;= 0)] raised AtLeastOneFailed: At least one validation function failed validation for value [-1]. Successes: [&quot;instance_of_&lt;class &apos;numbers.Integral&apos;&gt;&quot;] / Failures: {&apos;x &gt;= 0&apos;: &apos;False&apos;}.
</system-out></testcase><testcase classname="valid8.tests.readme.examples.test_example1" file="valid8/tests/readme/examples/test_example1.py" line="23" name="test_example_1[inline_validate-0-True]" time="0.002338409423828125"></testcase><testcase classname="valid8.tests.readme.examples.test_example1" file="valid8/tests/readme/examples/test_example1.py" line="23" name="test_example_1[inline_validate-100-True]" time="0.002374887466430664"></testcase><testcase classname="valid8.tests.readme.examples.test_example1" file="valid8/tests/readme/examples/test_example1.py" line="23" name="test_example_1[inline_validate-foo-TypeError]" time="0.0030028820037841797"><system-out>Error validating [x=foo]. HasWrongType: Value should be an instance of &lt;class &apos;numbers.Integral&apos;&gt;. Wrong value: [foo].
</system-out></testcase><testcase classname="valid8.tests.readme.examples.test_example1" file="valid8/tests/readme/examples/test_example1.py" line="23" name="test_example_1[inline_validate-1.0-TypeError]" time="0.0029926300048828125"><system-out>Error validating [x=1.0]. HasWrongType: Value should be an instance of &lt;class &apos;numbers.Integral&apos;&gt;. Wrong value: [1.0].
</system-out></testcase><testcase classname="valid8.tests.readme.examples.test_example1" file="valid8/tests/readme/examples/test_example1.py" line="23" name="test_example_1[inline_validate--1-ValueError]" time="0.003353595733642578"><system-out>Error validating [x=-1]. TooSmall: x &gt;= 0 does not hold for x=-1. Wrong value: [-1].
</system-out></testcase><testcase classname="valid8.tests.readme.examples.test_example1" file="valid8/tests/readme/examples/test_example1.py" line="23" name="test_example_1[function_output_mini_lambda-0-True]" time="0.003283262252807617"></testcase><testcase classname="valid8.tests.readme.examples.test_example1" file="valid8/tests/readme/examples/test_example1.py" line="23" name="test_example_1[function_output_mini_lambda-100-True]" time="0.0033483505249023438"></testcase><testcase classname="valid8.tests.readme.examples.test_example1" file="valid8/tests/readme/examples/test_example1.py" line="23" name="test_example_1[function_output_mini_lambda-foo-TypeError]" time="0.003779888153076172"><system-out>Error validating output of function [my_function2]. Validation function [and(instance_of_&lt;class &apos;numbers.Integral&apos;&gt;, x &gt;= 0)] raised AtLeastOneFailed: At least one validation function failed validation for value [foo]. Successes: [] / Failures: {&quot;instance_of_&lt;class &apos;numbers.Integral&apos;&gt;&quot;: &quot;HasWrongType: Value should be an instance of &lt;class &apos;numbers.Integral&apos;&gt;. Wrong value: [foo]&quot;, &apos;x &gt;= 0&apos;: &apos;TypeError: unorderable types: str() &gt;= int()&apos;}.
</system-out></testcase><testcase classname="valid8.tests.readme.examples.test_example1" file="valid8/tests/readme/examples/test_example1.py" line="23" name="test_example_1[function_output_mini_lambda-1.0-TypeError]" time="0.0035872459411621094"><system-out>Error validating output of function [my_function2]. Validation function [and(instance_of_&lt;class &apos;numbers.Integral&apos;&gt;, x &gt;= 0)] raised AtLeastOneFailed: At least one validation function failed validation for value [1.0]. Successes: [&apos;x &gt;= 0&apos;] / Failures: {&quot;instance_of_&lt;class &apos;numbers.Integral&apos;&gt;&quot;: &quot;HasWrongType: Value should be an instance of &lt;class &apos;numbers.Integral&apos;&gt;. Wrong value: [1.0]&quot;}.
</system-out></testcase><testcase classname="valid8.tests.readme.examples.test_example1" file="valid8/tests/readme/examples/test_example1.py" line="23" name="test_example_1[function_output_mini_lambda--1-ValueError]" time="0.004194974899291992"><system-out>Error validating output of function [my_function2]. Validation function [and(instance_of_&lt;class &apos;numbers.Integral&apos;&gt;, x &gt;= 0)] raised AtLeastOneFailed: At least one validation function failed validation for value [-1]. Successes: [&quot;instance_of_&lt;class &apos;numbers.Integral&apos;&gt;&quot;] / Failures: {&apos;x &gt;= 0&apos;: &apos;False&apos;}.
</system-out></testcase><testcase classname="valid8.tests.readme.examples.test_example1" file="valid8/tests/readme/examples/test_example1.py" line="23" name="test_example_1[function_input_mini_lambda-0-True]" time="0.0032203197479248047"></testcase><testcase classname="valid8.tests.readme.examples.test_example1" file="valid8/tests/readme/examples/test_example1.py" line="23" name="test_example_1[function_input_mini_lambda-100-True]" time="0.003181934356689453"></testcase><testcase classname="valid8.tests.readme.examples.test_example1" file="valid8/tests/readme/examples/test_example1.py" line="23" name="test_example_1[function_input_mini_lambda-foo-TypeError]" time="0.003801107406616211"><system-out>Error validating input [x=foo] for function [my_function]. Validation function [and(instance_of_&lt;class &apos;numbers.Integral&apos;&gt;, x &gt;= 0)] raised AtLeastOneFailed: At least one validation function failed validation for value [foo]. Successes: [] / Failures: {&quot;instance_of_&lt;class &apos;numbers.Integral&apos;&gt;&quot;: &quot;HasWrongType: Value should be an instance of &lt;class &apos;numbers.Integral&apos;&gt;. Wrong value: [foo]&quot;, &apos;x &gt;= 0&apos;: &apos;TypeError: unorderable types: str() &gt;= int()&apos;}.
</system-out></testcase><testcase classname="valid8.tests.readme.examples.test_example1" file="valid8/tests/readme/examples/test_example1.py" line="23" name="test_example_1[function_input_mini_lambda-1.0-TypeError]" time="0.004297733306884766"><system-out>Error validating input [x=1.0] for function [my_function]. Validation function [and(instance_of_&lt;class &apos;numbers.Integral&apos;&gt;, x &gt;= 0)] raised AtLeastOneFailed: At least one validation function failed validation for value [1.0]. Successes: [&apos;x &gt;= 0&apos;] / Failures: {&quot;instance_of_&lt;class &apos;numbers.Integral&apos;&gt;&quot;: &quot;HasWrongType: Value should be an instance of &lt;class &apos;numbers.Integral&apos;&gt;. Wrong value: [1.0]&quot;}.
</system-out></testcase><testcase classname="valid8.tests.readme.examples.test_example1" file="valid8/tests/readme/examples/test_example1.py" line="23" name="test_example_1[function_input_mini_lambda--1-ValueError]" time="0.004625082015991211"><system-out>Error validating input [x=-1] for function [my_function]. Validation function [and(instance_of_&lt;class &apos;numbers.Integral&apos;&gt;, x &gt;= 0)] raised AtLeastOneFailed: At least one validation function failed validation for value [-1]. Successes: [&quot;instance_of_&lt;class &apos;numbers.Integral&apos;&gt;&quot;] / Failures: {&apos;x &gt;= 0&apos;: &apos;False&apos;}.
</system-out></testcase><testcase classname="valid8.tests.readme.examples.test_example1" file="valid8/tests/readme/examples/test_example1.py" line="23" name="test_example_1[class_field_mini_lambda-0-True]" time="0.0034551620483398438"></testcase><testcase classname="valid8.tests.readme.examples.test_example1" file="valid8/tests/readme/examples/test_example1.py" line="23" name="test_example_1[class_field_mini_lambda-100-True]" time="0.003336191177368164"></testcase><testcase classname="valid8.tests.readme.examples.test_example1" file="valid8/tests/readme/examples/test_example1.py" line="23" name="test_example_1[class_field_mini_lambda-foo-TypeError]" time="0.0041599273681640625"><system-out>Error validating field [x=foo] for class [Foo]. Validation function [and(instance_of_&lt;class &apos;numbers.Integral&apos;&gt;, x &gt;= 0)] raised AtLeastOneFailed: At least one validation function failed validation for value [foo]. Successes: [] / Failures: {&quot;instance_of_&lt;class &apos;numbers.Integral&apos;&gt;&quot;: &quot;HasWrongType: Value should be an instance of &lt;class &apos;numbers.Integral&apos;&gt;. Wrong value: [foo]&quot;, &apos;x &gt;= 0&apos;: &apos;TypeError: unorderable types: str() &gt;= int()&apos;}.
</system-out></testcase><testcase classname="valid8.tests.readme.examples.test_example1" file="valid8/tests/readme/examples/test_example1.py" line="23" name="test_example_1[class_field_mini_lambda-1.0-TypeError]" time="0.004227399826049805"><system-out>Error validating field [x=1.0] for class [Foo]. Validation function [and(instance_of_&lt;class &apos;numbers.Integral&apos;&gt;, x &gt;= 0)] raised AtLeastOneFailed: At least one validation function failed validation for value [1.0]. Successes: [&apos;x &gt;= 0&apos;] / Failures: {&quot;instance_of_&lt;class &apos;numbers.Integral&apos;&gt;&quot;: &quot;HasWrongType: Value should be an instance of &lt;class &apos;numbers.Integral&apos;&gt;. Wrong value: [1.0]&quot;}.
</system-out></testcase><testcase classname="valid8.tests.readme.examples.test_example1" file="valid8/tests/readme/examples/test_example1.py" line="23" name="test_example_1[class_field_mini_lambda--1-ValueError]" time="0.004076957702636719"><system-out>Error validating field [x=-1] for class [Foo]. Validation function [and(instance_of_&lt;class &apos;numbers.Integral&apos;&gt;, x &gt;= 0)] raised AtLeastOneFailed: At least one validation function failed validation for value [-1]. Successes: [&quot;instance_of_&lt;class &apos;numbers.Integral&apos;&gt;&quot;] / Failures: {&apos;x &gt;= 0&apos;: &apos;False&apos;}.
</system-out></testcase><testcase classname="valid8.tests.readme.examples.test_example1" file="valid8/tests/readme/examples/test_example1.py" line="23" name="test_example_1[class_field_builtin_stdlib-0-True]" time="0.0033075809478759766"></testcase><testcase classname="valid8.tests.readme.examples.test_example1" file="valid8/tests/readme/examples/test_example1.py" line="23" name="test_example_1[class_field_builtin_stdlib-100-True]" time="0.0034711360931396484"></testcase><testcase classname="valid8.tests.readme.examples.test_example1" file="valid8/tests/readme/examples/test_example1.py" line="23" name="test_example_1[class_field_builtin_stdlib-foo-TypeError]" time="0.0043141841888427734"><system-out>Error validating field [x=foo] for class [Foo]. Validation function [and(instance_of_&lt;class &apos;numbers.Integral&apos;&gt;, greater_than_0)] raised AtLeastOneFailed: At least one validation function failed validation for value [foo]. Successes: [] / Failures: {&quot;instance_of_&lt;class &apos;numbers.Integral&apos;&gt;&quot;: &quot;HasWrongType: Value should be an instance of &lt;class &apos;numbers.Integral&apos;&gt;. Wrong value: [foo]&quot;, &apos;greater_than_0&apos;: &apos;TypeError: unorderable types: str() &gt;= int()&apos;}.
</system-out></testcase><testcase classname="valid8.tests.readme.examples.test_example1" file="valid8/tests/readme/examples/test_example1.py" line="23" name="test_example_1[class_field_builtin_stdlib-1.0-TypeError]" time="0.0049479007720947266"><system-out>Error validating field [x=1.0] for class [Foo]. Validation function [and(instance_of_&lt;class &apos;numbers.Integral&apos;&gt;, greater_than_0)] raised AtLeastOneFailed: At least one validation function failed validation for value [1.0]. Successes: [&apos;greater_than_0&apos;] / Failures: {&quot;instance_of_&lt;class &apos;numbers.Integral&apos;&gt;&quot;: &quot;HasWrongType: Value should be an instance of &lt;class &apos;numbers.Integral&apos;&gt;. Wrong value: [1.0]&quot;}.
</system-out></testcase><testcase classname="valid8.tests.readme.examples.test_example1" file="valid8/tests/readme/examples/test_example1.py" line="23" name="test_example_1[class_field_builtin_stdlib--1-ValueError]" time="0.004244089126586914"><system-out>Error validating field [x=-1] for class [Foo]. Validation function [and(instance_of_&lt;class &apos;numbers.Integral&apos;&gt;, greater_than_0)] raised AtLeastOneFailed: At least one validation function failed validation for value [-1]. Successes: [&quot;instance_of_&lt;class &apos;numbers.Integral&apos;&gt;&quot;] / Failures: {&apos;greater_than_0&apos;: &apos;TooSmall: x &gt;= 0 does not hold for x=-1. Wrong value: [-1]&apos;}.
</system-out></testcase><testcase classname="valid8.tests.readme.examples.test_example2" file="valid8/tests/readme/examples/test_example2.py" line="25" name="test_example_2[inline_validate_3-foo-True]" time="0.0028765201568603516"></testcase><testcase classname="valid8.tests.readme.examples.test_example2" file="valid8/tests/readme/examples/test_example2.py" line="25" name="test_example_2[inline_validate_3-foo_123-True]" time="0.002510547637939453"></testcase><testcase classname="valid8.tests.readme.examples.test_example2" file="valid8/tests/readme/examples/test_example2.py" line="25" name="test_example_2[inline_validate_3-1.1-TypeError]" time="0.002902507781982422"><system-out>Error validating [s=1.1]. HasWrongType: Value should be an instance of &lt;class &apos;str&apos;&gt;. Wrong value: [1.1].
</system-out></testcase><testcase classname="valid8.tests.readme.examples.test_example2" file="valid8/tests/readme/examples/test_example2.py" line="25" name="test_example_2[inline_validate_3--ValueError]" time="0.00286865234375"><system-out>Error validating [s=&apos;&apos;]. TooShort: len(x) &gt;= 1 does not hold for x=. Wrong value: [].
</system-out></testcase><testcase classname="valid8.tests.readme.examples.test_example2" file="valid8/tests/readme/examples/test_example2.py" line="25" name="test_example_2[inline_validate_3-fOO-ValueError]" time="0.0028531551361083984"><system-out>Error validating [s=fOO]: validation function [txt.islower()] returned [False].
</system-out></testcase><testcase classname="valid8.tests.readme.examples.test_example2" file="valid8/tests/readme/examples/test_example2.py" line="25" name="test_example_2[function_input_mini_lambda-foo-True]" time="0.0034236907958984375"></testcase><testcase classname="valid8.tests.readme.examples.test_example2" file="valid8/tests/readme/examples/test_example2.py" line="25" name="test_example_2[function_input_mini_lambda-foo_123-True]" time="0.0033316612243652344"></testcase><testcase classname="valid8.tests.readme.examples.test_example2" file="valid8/tests/readme/examples/test_example2.py" line="25" name="test_example_2[function_input_mini_lambda-1.1-TypeError]" time="0.003916740417480469"><system-out>Error validating input [s=1.1] for function [my_function]. Validation function [and(instance_of_&lt;class &apos;str&apos;&gt;, len(s) &gt; 0, s.islower())] raised AtLeastOneFailed: At least one validation function failed validation for value [1.1]. Successes: [] / Failures: {&quot;instance_of_&lt;class &apos;str&apos;&gt;&quot;: &quot;HasWrongType: Value should be an instance of &lt;class &apos;str&apos;&gt;. Wrong value: [1.1]&quot;, &apos;len(s) &gt; 0&apos;: &quot;TypeError: object of type &apos;float&apos; has no len()&quot;, &apos;s.islower()&apos;: &quot;AttributeError: &apos;float&apos; object has no attribute &apos;islower&apos;&quot;}.
</system-out></testcase><testcase classname="valid8.tests.readme.examples.test_example2" file="valid8/tests/readme/examples/test_example2.py" line="25" name="test_example_2[function_input_mini_lambda--ValueError]" time="0.004265785217285156"><system-out>Error validating input [s=&apos;&apos;] for function [my_function]. Validation function [and(instance_of_&lt;class &apos;str&apos;&gt;, len(s) &gt; 0, s.islower())] raised AtLeastOneFailed: At least one validation function failed validation for value []. Successes: [&quot;instance_of_&lt;class &apos;str&apos;&gt;&quot;] / Failures: {&apos;len(s) &gt; 0&apos;: &apos;False&apos;, &apos;s.islower()&apos;: &apos;False&apos;}.
</system-out></testcase><testcase classname="valid8.tests.readme.examples.test_example2" file="valid8/tests/readme/examples/test_example2.py" line="25" name="test_example_2[function_input_mini_lambda-fOO-ValueError]" time="0.003754138946533203"><system-out>Error validating input [s=fOO] for function [my_function]. Validation function [and(instance_of_&lt;class &apos;str&apos;&gt;, len(s) &gt; 0, s.islower())] raised AtLeastOneFailed: At least one validation function failed validation for value [fOO]. Successes: [&quot;instance_of_&lt;class &apos;str&apos;&gt;&quot;, &apos;len(s) &gt; 0&apos;] / Failures: {&apos;s.islower()&apos;: &apos;False&apos;}.
</system-out></testcase><testcase classname="valid8.tests.readme.examples.test_example2" file="valid8/tests/readme/examples/test_example2.py" line="25" name="test_example_2[function_input_builtin_stdlib-foo-True]" time="0.0032224655151367188"></testcase><testcase classname="valid8.tests.readme.examples.test_example2" file="valid8/tests/readme/examples/test_example2.py" line="25" name="test_example_2[function_input_builtin_stdlib-foo_123-True]" time="0.003078460693359375"></testcase><testcase classname="valid8.tests.readme.examples.test_example2" file="valid8/tests/readme/examples/test_example2.py" line="25" name="test_example_2[function_input_builtin_stdlib-1.1-TypeError]" time="0.0037729740142822266"><system-out>Error validating input [s=1.1] for function [my_function]. Validation function [and(instance_of_&lt;class &apos;str&apos;&gt;, length_greater_than_1, islower)] raised AtLeastOneFailed: At least one validation function failed validation for value [1.1]. Successes: [] / Failures: {&quot;instance_of_&lt;class &apos;str&apos;&gt;&quot;: &quot;HasWrongType: Value should be an instance of &lt;class &apos;str&apos;&gt;. Wrong value: [1.1]&quot;, &apos;length_greater_than_1&apos;: &quot;TypeError: object of type &apos;float&apos; has no len()&quot;, &apos;islower&apos;: &quot;TypeError: descriptor &apos;islower&apos; requires a &apos;str&apos; object but received a &apos;float&apos;&quot;}.
</system-out></testcase><testcase classname="valid8.tests.readme.examples.test_example2" file="valid8/tests/readme/examples/test_example2.py" line="25" name="test_example_2[function_input_builtin_stdlib--ValueError]" time="0.003879547119140625"><system-out>Error validating input [s=&apos;&apos;] for function [my_function]. Validation function [and(instance_of_&lt;class &apos;str&apos;&gt;, length_greater_than_1, islower)] raised AtLeastOneFailed: At least one validation function failed validation for value []. Successes: [&quot;instance_of_&lt;class &apos;str&apos;&gt;&quot;] / Failures: {&apos;length_greater_than_1&apos;: &apos;TooShort: len(x) &gt;= 1 does not hold for x=. Wrong value: []&apos;, &apos;islower&apos;: &apos;False&apos;}.
</system-out></testcase><testcase classname="valid8.tests.readme.examples.test_example2" file="valid8/tests/readme/examples/test_example2.py" line="25" name="test_example_2[function_input_builtin_stdlib-fOO-ValueError]" time="0.003717660903930664"><system-out>Error validating input [s=fOO] for function [my_function]. Validation function [and(instance_of_&lt;class &apos;str&apos;&gt;, length_greater_than_1, islower)] raised AtLeastOneFailed: At least one validation function failed validation for value [fOO]. Successes: [&quot;instance_of_&lt;class &apos;str&apos;&gt;&quot;, &apos;length_greater_than_1&apos;] / Failures: {&apos;islower&apos;: &apos;False&apos;}.
</system-out></testcase><testcase classname="valid8.tests.readme.examples.test_example2" file="valid8/tests/readme/examples/test_example2.py" line="25" name="test_example_2[inline_validate_1-foo-True]" time="0.002377033233642578"></testcase><testcase classname="valid8.tests.readme.examples.test_example2" file="valid8/tests/readme/examples/test_example2.py" line="25" name="test_example_2[inline_validate_1-foo_123-True]" time="0.002361774444580078"></testcase><testcase classname="valid8.tests.readme.examples.test_example2" file="valid8/tests/readme/examples/test_example2.py" line="25" name="test_example_2[inline_validate_1-1.1-TypeError]" time="0.0029153823852539062"><system-out>Error validating [s=1.1]. HasWrongType: Value should be an instance of &lt;class &apos;str&apos;&gt;. Wrong value: [1.1].
</system-out></testcase><testcase classname="valid8.tests.readme.examples.test_example2" file="valid8/tests/readme/examples/test_example2.py" line="25" name="test_example_2[inline_validate_1--ValueError]" time="0.003349781036376953"><system-out>Error validating [s=&apos;&apos;]. TooShort: len(x) &gt;= 1 does not hold for x=. Wrong value: [].
</system-out></testcase><testcase classname="valid8.tests.readme.examples.test_example2" file="valid8/tests/readme/examples/test_example2.py" line="25" name="test_example_2[inline_validate_1-fOO-ValueError]" time="0.0028798580169677734"><system-out>Error validating [s=fOO]. NotEqual: x == foo does not hold for x=fOO. Wrong value: [fOO].
</system-out></testcase><testcase classname="valid8.tests.readme.examples.test_example2" file="valid8/tests/readme/examples/test_example2.py" line="25" name="test_example_2[with_validator-foo-True]" time="0.0026264190673828125"></testcase><testcase classname="valid8.tests.readme.examples.test_example2" file="valid8/tests/readme/examples/test_example2.py" line="25" name="test_example_2[with_validator-foo_123-True]" time="0.0024857521057128906"></testcase><testcase classname="valid8.tests.readme.examples.test_example2" file="valid8/tests/readme/examples/test_example2.py" line="25" name="test_example_2[with_validator-1.1-TypeError]" time="0.00296783447265625"><system-out>Error validating [s=1.1]. HasWrongType: Value should be an instance of &lt;class &apos;str&apos;&gt;. Wrong value: [1.1].
</system-out></testcase><testcase classname="valid8.tests.readme.examples.test_example2" file="valid8/tests/readme/examples/test_example2.py" line="25" name="test_example_2[with_validator--ValueError]" time="0.003239870071411133"><system-out>Error validating [s=&apos;&apos;]: validation function [v.alid = (len(s) &gt; 0) and s.islower()] returned [False].
</system-out></testcase><testcase classname="valid8.tests.readme.examples.test_example2" file="valid8/tests/readme/examples/test_example2.py" line="25" name="test_example_2[with_validator-fOO-ValueError]" time="0.004544973373413086"><system-out>Error validating [s=fOO]: validation function [v.alid = (len(s) &gt; 0) and s.islower()] returned [False].
</system-out></testcase><testcase classname="valid8.tests.readme.examples.test_example2" file="valid8/tests/readme/examples/test_example2.py" line="25" name="test_example_2[class_field_mini_lambda-foo-True]" time="0.0035326480865478516"></testcase><testcase classname="valid8.tests.readme.examples.test_example2" file="valid8/tests/readme/examples/test_example2.py" line="25" name="test_example_2[class_field_mini_lambda-foo_123-True]" time="0.003637075424194336"></testcase><testcase classname="valid8.tests.readme.examples.test_example2" file="valid8/tests/readme/examples/test_example2.py" line="25" name="test_example_2[class_field_mini_lambda-1.1-TypeError]" time="0.004239559173583984"><system-out>Error validating field [s=1.1] for class [Foo]. Validation function [and(instance_of_&lt;class &apos;str&apos;&gt;, len(s) &gt; 0, s.islower())] raised AtLeastOneFailed: At least one validation function failed validation for value [1.1]. Successes: [] / Failures: {&quot;instance_of_&lt;class &apos;str&apos;&gt;&quot;: &quot;HasWrongType: Value should be an instance of &lt;class &apos;str&apos;&gt;. Wrong value: [1.1]&quot;, &apos;len(s) &gt; 0&apos;: &quot;TypeError: object of type &apos;float&apos; has no len()&quot;, &apos;s.islower()&apos;: &quot;AttributeError: &apos;float&apos; object has no attribute &apos;islower&apos;&quot;}.
</system-out></testcase><testcase classname="valid8.tests.readme.examples.test_example2" file="valid8/tests/readme/examples/test_example2.py" line="25" name="test_example_2[class_field_mini_lambda--ValueError]" time="0.005147457122802734"><system-out>Error validating field [s=] for class [Foo]. Validation function [and(instance_of_&lt;class &apos;str&apos;&gt;, len(s) &gt; 0, s.islower())] raised AtLeastOneFailed: At least one validation function failed validation for value []. Successes: [&quot;instance_of_&lt;class &apos;str&apos;&gt;&quot;] / Failures: {&apos;len(s) &gt; 0&apos;: &apos;False&apos;, &apos;s.islower()&apos;: &apos;False&apos;}.
</system-out></testcase><testcase classname="valid8.tests.readme.examples.test_example2" file="valid8/tests/readme/examples/test_example2.py" line="25" name="test_example_2[class_field_mini_lambda-fOO-ValueError]" time="0.005516767501831055"><system-out>Error validating field [s=fOO] for class [Foo]. Validation function [and(instance_of_&lt;class &apos;str&apos;&gt;, len(s) &gt; 0, s.islower())] raised AtLeastOneFailed: At least one validation function failed validation for value [fOO]. Successes: [&quot;instance_of_&lt;class &apos;str&apos;&gt;&quot;, &apos;len(s) &gt; 0&apos;] / Failures: {&apos;s.islower()&apos;: &apos;False&apos;}.
</system-out></testcase><testcase classname="valid8.tests.readme.examples.test_example2" file="valid8/tests/readme/examples/test_example2.py" line="25" name="test_example_2[class_field_builtin_stdlib-foo-True]" time="0.003960132598876953"></testcase><testcase classname="valid8.tests.readme.examples.test_example2" file="valid8/tests/readme/examples/test_example2.py" line="25" name="test_example_2[class_field_builtin_stdlib-foo_123-True]" time="0.0036039352416992188"></testcase><testcase classname="valid8.tests.readme.examples.test_example2" file="valid8/tests/readme/examples/test_example2.py" line="25" name="test_example_2[class_field_builtin_stdlib-1.1-TypeError]" time="0.004172086715698242"><system-out>Error validating field [s=1.1] for class [Foo]. Validation function [and(instance_of_&lt;class &apos;str&apos;&gt;, length_greater_than_1, islower)] raised AtLeastOneFailed: At least one validation function failed validation for value [1.1]. Successes: [] / Failures: {&quot;instance_of_&lt;class &apos;str&apos;&gt;&quot;: &quot;HasWrongType: Value should be an instance of &lt;class &apos;str&apos;&gt;. Wrong value: [1.1]&quot;, &apos;length_greater_than_1&apos;: &quot;TypeError: object of type &apos;float&apos; has no len()&quot;, &apos;islower&apos;: &quot;TypeError: descriptor &apos;islower&apos; requires a &apos;str&apos; object but received a &apos;float&apos;&quot;}.
</system-out></testcase><testcase classname="valid8.tests.readme.examples.test_example2" file="valid8/tests/readme/examples/test_example2.py" line="25" name="test_example_2[class_field_builtin_stdlib--ValueError]" time="0.0040972232818603516"><system-out>Error validating field [s=] for class [Foo]. Validation function [and(instance_of_&lt;class &apos;str&apos;&gt;, length_greater_than_1, islower)] raised AtLeastOneFailed: At least one validation function failed validation for value []. Successes: [&quot;instance_of_&lt;class &apos;str&apos;&gt;&quot;] / Failures: {&apos;length_greater_than_1&apos;: &apos;TooShort: len(x) &gt;= 1 does not hold for x=. Wrong value: []&apos;, &apos;islower&apos;: &apos;False&apos;}.
</system-out></testcase><testcase classname="valid8.tests.readme.examples.test_example2" file="valid8/tests/readme/examples/test_example2.py" line="25" name="test_example_2[class_field_builtin_stdlib-fOO-ValueError]" time="0.003957986831665039"><system-out>Error validating field [s=fOO] for class [Foo]. Validation function [and(instance_of_&lt;class &apos;str&apos;&gt;, length_greater_than_1, islower)] raised AtLeastOneFailed: At least one validation function failed validation for value [fOO]. Successes: [&quot;instance_of_&lt;class &apos;str&apos;&gt;&quot;, &apos;length_greater_than_1&apos;] / Failures: {&apos;islower&apos;: &apos;False&apos;}.
</system-out></testcase><testcase classname="valid8.tests.readme.examples.test_example2" file="valid8/tests/readme/examples/test_example2.py" line="25" name="test_example_2[inline_validate_2-foo-True]" time="0.0026044845581054688"></testcase><testcase classname="valid8.tests.readme.examples.test_example2" file="valid8/tests/readme/examples/test_example2.py" line="25" name="test_example_2[inline_validate_2-foo_123-True]" time="0.002501964569091797"></testcase><testcase classname="valid8.tests.readme.examples.test_example2" file="valid8/tests/readme/examples/test_example2.py" line="25" name="test_example_2[inline_validate_2-1.1-TypeError]" time="0.0030624866485595703"><system-out>Error validating [s=1.1]. HasWrongType: Value should be an instance of &lt;class &apos;str&apos;&gt;. Wrong value: [1.1].
</system-out></testcase><testcase classname="valid8.tests.readme.examples.test_example2" file="valid8/tests/readme/examples/test_example2.py" line="25" name="test_example_2[inline_validate_2--ValueError]" time="0.0030319690704345703"><system-out>Error validating [s=&apos;&apos;]. TooShort: len(x) &gt;= 1 does not hold for x=. Wrong value: [].
</system-out></testcase><testcase classname="valid8.tests.readme.examples.test_example2" file="valid8/tests/readme/examples/test_example2.py" line="25" name="test_example_2[inline_validate_2-fOO-ValueError]" time="0.0029675960540771484"><system-out>Error validating [s=fOO]: validation function [islower] returned [False].
</system-out></testcase><testcase classname="valid8.tests.readme.examples.test_example2" file="valid8/tests/readme/examples/test_example2.py" line="46" name="test_example_2_regexp[foo@bar.com-True]" time="0.0027132034301757812"></testcase><testcase classname="valid8.tests.readme.examples.test_example2" file="valid8/tests/readme/examples/test_example2.py" line="46" name="test_example_2_regexp[a@a@s-ValueError]" time="0.0027010440826416016"><system-out>Error validating [s=a@a@s]: validation function [&lt;lambda&gt;] returned [False].
</system-out></testcase><testcase classname="valid8.tests.readme.examples.test_example3" file="valid8/tests/readme/examples/test_example3.py" line="49" name="test_example_3[function_input_mini_lambda-(0.2, &apos;foo&apos;)-True]" time="0.005509614944458008"><system-out>uncomment and put your breakpoint here to debug
</system-out></testcase><testcase classname="valid8.tests.readme.examples.test_example3" file="valid8/tests/readme/examples/test_example3.py" line="49" name="test_example_3[function_input_mini_lambda-(1.0, &apos;abc&apos;)-True]" time="0.004144430160522461"><system-out>uncomment and put your breakpoint here to debug
</system-out></testcase><testcase classname="valid8.tests.readme.examples.test_example3" file="valid8/tests/readme/examples/test_example3.py" line="49" name="test_example_3[function_input_mini_lambda-(0, &apos;foo&apos;)-True]" time="0.004365444183349609"><system-out>uncomment and put your breakpoint here to debug
</system-out></testcase><testcase classname="valid8.tests.readme.examples.test_example3" file="valid8/tests/readme/examples/test_example3.py" line="49" name="test_example_3[function_input_mini_lambda-1.1-&lt;class &apos;TypeError&apos;&gt;]" time="0.004541635513305664"><system-out>uncomment and put your breakpoint here to debug
Error validating input [t=1.1] for function [my_function]. Validation function [and(instance_of_&lt;class &apos;tuple&apos;&gt;, len(t) == 2, instance_of(t[0], Real), (t[0] &gt;= 0) &amp; (t[0] &lt;= 1), instance_of(t[1], str), len(t[1]) == 3, t[1].islower())] raised AtLeastOneFailed: At least one validation function failed validation for value [1.1]. Successes: [] / Failures: {&quot;instance_of_&lt;class &apos;tuple&apos;&gt;&quot;: &quot;HasWrongType: Value should be an instance of &lt;class &apos;tuple&apos;&gt;. Wrong value: [1.1]&quot;, &apos;len(t) == 2&apos;: &quot;TypeError: object of type &apos;float&apos; has no len()&quot;, &apos;instance_of(t[0], Real)&apos;: &quot;AttributeError: &apos;float&apos; object has no attribute &apos;__getitem__&apos;&quot;, &apos;(t[0] &gt;= 0) &amp; (t[0] &lt;= 1)&apos;: &quot;AttributeError: &apos;float&apos; object has no attribute &apos;__getitem__&apos;&quot;, &apos;instance_of(t[1], str)&apos;: &quot;AttributeError: &apos;float&apos; object has no attribute &apos;__getitem__&apos;&quot;, &apos;len(t[1]) == 3&apos;: &quot;AttributeError: &apos;float&apos; object has no attribute &apos;__getitem__&apos;&quot;, &apos;t[1].islower()&apos;: &quot;AttributeError: &apos;float&apos; object has no attribute &apos;__getitem__&apos;&quot;}.
</system-out></testcase><testcase classname="valid8.tests.readme.examples.test_example3" file="valid8/tests/readme/examples/test_example3.py" line="49" name="test_example_3[function_input_mini_lambda-(0.2, &apos;foo&apos;, True)-&lt;class &apos;ValueError&apos;&gt;]" time="0.004893302917480469"><system-out>uncomment and put your breakpoint here to debug
Error validating input [t=(0.2, &apos;foo&apos;, True)] for function [my_function]. Validation function [and(instance_of_&lt;class &apos;tuple&apos;&gt;, len(t) == 2, instance_of(t[0], Real), (t[0] &gt;= 0) &amp; (t[0] &lt;= 1), instance_of(t[1], str), len(t[1]) == 3, t[1].islower())] raised AtLeastOneFailed: At least one validation function failed validation for value [(0.2, &apos;foo&apos;, True)]. Successes: [&quot;instance_of_&lt;class &apos;tuple&apos;&gt;&quot;, &apos;instance_of(t[0], Real)&apos;, &apos;(t[0] &gt;= 0) &amp; (t[0] &lt;= 1)&apos;, &apos;instance_of(t[1], str)&apos;, &apos;len(t[1]) == 3&apos;, &apos;t[1].islower()&apos;] / Failures: {&apos;len(t) == 2&apos;: &apos;False&apos;}.
</system-out></testcase><testcase classname="valid8.tests.readme.examples.test_example3" file="valid8/tests/readme/examples/test_example3.py" line="49" name="test_example_3[function_input_mini_lambda-(&apos;1.0&apos;, &apos;foo&apos;)-&lt;class &apos;TypeError&apos;&gt;]" time="0.004634380340576172"><system-out>uncomment and put your breakpoint here to debug
Error validating input [t=(&apos;1.0&apos;, &apos;foo&apos;)] for function [my_function]. Validation function [and(instance_of_&lt;class &apos;tuple&apos;&gt;, len(t) == 2, instance_of(t[0], Real), (t[0] &gt;= 0) &amp; (t[0] &lt;= 1), instance_of(t[1], str), len(t[1]) == 3, t[1].islower())] raised AtLeastOneFailed: At least one validation function failed validation for value [(&apos;1.0&apos;, &apos;foo&apos;)]. Successes: [&quot;instance_of_&lt;class &apos;tuple&apos;&gt;&quot;, &apos;len(t) == 2&apos;, &apos;instance_of(t[1], str)&apos;, &apos;len(t[1]) == 3&apos;, &apos;t[1].islower()&apos;] / Failures: {&apos;instance_of(t[0], Real)&apos;: &quot;HasWrongType: Value should be an instance of &lt;class &apos;numbers.Real&apos;&gt;. Wrong value: [1.0]&quot;, &apos;(t[0] &gt;= 0) &amp; (t[0] &lt;= 1)&apos;: &apos;TypeError: unorderable types: str() &gt;= int()&apos;}.
</system-out></testcase><testcase classname="valid8.tests.readme.examples.test_example3" file="valid8/tests/readme/examples/test_example3.py" line="49" name="test_example_3[function_input_mini_lambda-(1.1, &apos;foo&apos;)-&lt;class &apos;ValueError&apos;&gt;]" time="0.004429340362548828"><system-out>uncomment and put your breakpoint here to debug
Error validating input [t=(1.1, &apos;foo&apos;)] for function [my_function]. Validation function [and(instance_of_&lt;class &apos;tuple&apos;&gt;, len(t) == 2, instance_of(t[0], Real), (t[0] &gt;= 0) &amp; (t[0] &lt;= 1), instance_of(t[1], str), len(t[1]) == 3, t[1].islower())] raised AtLeastOneFailed: At least one validation function failed validation for value [(1.1, &apos;foo&apos;)]. Successes: [&quot;instance_of_&lt;class &apos;tuple&apos;&gt;&quot;, &apos;len(t) == 2&apos;, &apos;instance_of(t[0], Real)&apos;, &apos;instance_of(t[1], str)&apos;, &apos;len(t[1]) == 3&apos;, &apos;t[1].islower()&apos;] / Failures: {&apos;(t[0] &gt;= 0) &amp; (t[0] &lt;= 1)&apos;: &apos;False&apos;}.
</system-out></testcase><testcase classname="valid8.tests.readme.examples.test_example3" file="valid8/tests/readme/examples/test_example3.py" line="49" name="test_example_3[function_input_mini_lambda-(1.0, False)-&lt;class &apos;TypeError&apos;&gt;]" time="0.004937171936035156"><system-out>uncomment and put your breakpoint here to debug
Error validating input [t=(1.0, False)] for function [my_function]. Validation function [and(instance_of_&lt;class &apos;tuple&apos;&gt;, len(t) == 2, instance_of(t[0], Real), (t[0] &gt;= 0) &amp; (t[0] &lt;= 1), instance_of(t[1], str), len(t[1]) == 3, t[1].islower())] raised AtLeastOneFailed: At least one validation function failed validation for value [(1.0, False)]. Successes: [&quot;instance_of_&lt;class &apos;tuple&apos;&gt;&quot;, &apos;len(t) == 2&apos;, &apos;instance_of(t[0], Real)&apos;, &apos;(t[0] &gt;= 0) &amp; (t[0] &lt;= 1)&apos;] / Failures: {&apos;instance_of(t[1], str)&apos;: &quot;HasWrongType: Value should be an instance of &lt;class &apos;str&apos;&gt;. Wrong value: [False]&quot;, &apos;len(t[1]) == 3&apos;: &quot;TypeError: object of type &apos;bool&apos; has no len()&quot;, &apos;t[1].islower()&apos;: &quot;AttributeError: &apos;bool&apos; object has no attribute &apos;islower&apos;&quot;}.
</system-out></testcase><testcase classname="valid8.tests.readme.examples.test_example3" file="valid8/tests/readme/examples/test_example3.py" line="49" name="test_example_3[function_input_mini_lambda-(0.5, &apos;a&apos;)-&lt;class &apos;ValueError&apos;&gt;]" time="0.004446506500244141"><system-out>uncomment and put your breakpoint here to debug
Error validating input [t=(0.5, &apos;a&apos;)] for function [my_function]. Validation function [and(instance_of_&lt;class &apos;tuple&apos;&gt;, len(t) == 2, instance_of(t[0], Real), (t[0] &gt;= 0) &amp; (t[0] &lt;= 1), instance_of(t[1], str), len(t[1]) == 3, t[1].islower())] raised AtLeastOneFailed: At least one validation function failed validation for value [(0.5, &apos;a&apos;)]. Successes: [&quot;instance_of_&lt;class &apos;tuple&apos;&gt;&quot;, &apos;len(t) == 2&apos;, &apos;instance_of(t[0], Real)&apos;, &apos;(t[0] &gt;= 0) &amp; (t[0] &lt;= 1)&apos;, &apos;instance_of(t[1], str)&apos;, &apos;t[1].islower()&apos;] / Failures: {&apos;len(t[1]) == 3&apos;: &apos;False&apos;}.
</system-out></testcase><testcase classname="valid8.tests.readme.examples.test_example3" file="valid8/tests/readme/examples/test_example3.py" line="49" name="test_example_3[function_input_mini_lambda-(0.5, &apos;AAA&apos;)-&lt;class &apos;ValueError&apos;&gt;]" time="0.004758358001708984"><system-out>uncomment and put your breakpoint here to debug
Error validating input [t=(0.5, &apos;AAA&apos;)] for function [my_function]. Validation function [and(instance_of_&lt;class &apos;tuple&apos;&gt;, len(t) == 2, instance_of(t[0], Real), (t[0] &gt;= 0) &amp; (t[0] &lt;= 1), instance_of(t[1], str), len(t[1]) == 3, t[1].islower())] raised AtLeastOneFailed: At least one validation function failed validation for value [(0.5, &apos;AAA&apos;)]. Successes: [&quot;instance_of_&lt;class &apos;tuple&apos;&gt;&quot;, &apos;len(t) == 2&apos;, &apos;instance_of(t[0], Real)&apos;, &apos;(t[0] &gt;= 0) &amp; (t[0] &lt;= 1)&apos;, &apos;instance_of(t[1], str)&apos;, &apos;len(t[1]) == 3&apos;] / Failures: {&apos;t[1].islower()&apos;: &apos;False&apos;}.
</system-out></testcase><testcase classname="valid8.tests.readme.examples.test_example3" file="valid8/tests/readme/examples/test_example3.py" line="49" name="test_example_3[function_input_builtin_stdlib-(0.2, &apos;foo&apos;)-True]" time="0.00385284423828125"></testcase><testcase classname="valid8.tests.readme.examples.test_example3" file="valid8/tests/readme/examples/test_example3.py" line="49" name="test_example_3[function_input_builtin_stdlib-(1.0, &apos;abc&apos;)-True]" time="0.0032892227172851562"></testcase><testcase classname="valid8.tests.readme.examples.test_example3" file="valid8/tests/readme/examples/test_example3.py" line="49" name="test_example_3[function_input_builtin_stdlib-(0, &apos;foo&apos;)-True]" time="0.0033521652221679688"></testcase><testcase classname="valid8.tests.readme.examples.test_example3" file="valid8/tests/readme/examples/test_example3.py" line="49" name="test_example_3[function_input_builtin_stdlib-1.1-&lt;class &apos;TypeError&apos;&gt;]" time="0.004065036773681641"><system-out>Error validating input [t=1.1] for function [my_function]. Validation function [and(instance_of_&lt;class &apos;tuple&apos;&gt;, length_equals_2, map_&lt;(and(instance_of_&lt;class &apos;numbers.Real&apos;&gt;, between_0_and_1), and(instance_of_&lt;class &apos;str&apos;&gt;, length_equals_3, islower))&gt;_on_elts)] raised AtLeastOneFailed: At least one validation function failed validation for value [1.1]. Successes: [] / Failures: {&quot;instance_of_&lt;class &apos;tuple&apos;&gt;&quot;: &quot;HasWrongType: Value should be an instance of &lt;class &apos;tuple&apos;&gt;. Wrong value: [1.1]&quot;, &apos;length_equals_2&apos;: &quot;TypeError: object of type &apos;float&apos; has no len()&quot;, &quot;map_&lt;(and(instance_of_&lt;class &apos;numbers.Real&apos;&gt;, between_0_and_1), and(instance_of_&lt;class &apos;str&apos;&gt;, length_equals_3, islower))&gt;_on_elts&quot;: &quot;TypeError: object of type &apos;float&apos; has no len()&quot;}.
</system-out></testcase><testcase classname="valid8.tests.readme.examples.test_example3" file="valid8/tests/readme/examples/test_example3.py" line="49" name="test_example_3[function_input_builtin_stdlib-(0.2, &apos;foo&apos;, True)-&lt;class &apos;ValueError&apos;&gt;]" time="0.00382232666015625"><system-out>Error validating input [t=(0.2, &apos;foo&apos;, True)] for function [my_function]. Validation function [and(instance_of_&lt;class &apos;tuple&apos;&gt;, length_equals_2, map_&lt;(and(instance_of_&lt;class &apos;numbers.Real&apos;&gt;, between_0_and_1), and(instance_of_&lt;class &apos;str&apos;&gt;, length_equals_3, islower))&gt;_on_elts)] raised AtLeastOneFailed: At least one validation function failed validation for value [(0.2, &apos;foo&apos;, True)]. Successes: [&quot;instance_of_&lt;class &apos;tuple&apos;&gt;&quot;] / Failures: {&apos;length_equals_2&apos;: &quot;WrongLength: len(x) == 2 does not hold for x=(0.2, &apos;foo&apos;, True). Wrong value: [(0.2, &apos;foo&apos;, True)]&quot;, &quot;map_&lt;(and(instance_of_&lt;class &apos;numbers.Real&apos;&gt;, between_0_and_1), and(instance_of_&lt;class &apos;str&apos;&gt;, length_equals_3, islower))&gt;_on_elts&quot;: &apos;Failure: Wrong value: [on_each_: x does not have the same number of elements than validation_functions_collection.]&apos;}.
</system-out></testcase><testcase classname="valid8.tests.readme.examples.test_example3" file="valid8/tests/readme/examples/test_example3.py" line="49" name="test_example_3[function_input_builtin_stdlib-(&apos;1.0&apos;, &apos;foo&apos;)-&lt;class &apos;TypeError&apos;&gt;]" time="0.004728555679321289"><system-out>Error validating input [t=(&apos;1.0&apos;, &apos;foo&apos;)] for function [my_function]. Validation function [and(instance_of_&lt;class &apos;tuple&apos;&gt;, length_equals_2, map_&lt;(and(instance_of_&lt;class &apos;numbers.Real&apos;&gt;, between_0_and_1), and(instance_of_&lt;class &apos;str&apos;&gt;, length_equals_3, islower))&gt;_on_elts)] raised AtLeastOneFailed: At least one validation function failed validation. Successes: [&quot;instance_of_&lt;class &apos;tuple&apos;&gt;&quot;, &apos;length_equals_2&apos;] / Failures: {&quot;map_&lt;(and(instance_of_&lt;class &apos;numbers.Real&apos;&gt;, between_0_and_1), and(instance_of_&lt;class &apos;str&apos;&gt;, length_equals_3, islower))&gt;_on_elts&quot;: &apos;InvalidItemInSequence: Provided sequence contains one value that is invalid. Function [and(instance_of_&lt;class \&apos;numbers.Real\&apos;&gt;, between_0_and_1)] raised [AtLeastOneFailed: At least one validation function failed validation for value [1.0]. Successes: [] / Failures: {&quot;instance_of_&lt;class \&apos;numbers.Real\&apos;&gt;&quot;: &quot;HasWrongType: Value should be an instance of &lt;class \&apos;numbers.Real\&apos;&gt;. Wrong value: [1.0]&quot;, \&apos;between_0_and_1\&apos;: \&apos;TypeError: unorderable types: int() &lt;= str()\&apos;}].&apos;}.
</system-out></testcase><testcase classname="valid8.tests.readme.examples.test_example3" file="valid8/tests/readme/examples/test_example3.py" line="49" name="test_example_3[function_input_builtin_stdlib-(1.1, &apos;foo&apos;)-&lt;class &apos;ValueError&apos;&gt;]" time="0.004186153411865234"><system-out>Error validating input [t=(1.1, &apos;foo&apos;)] for function [my_function]. Validation function [and(instance_of_&lt;class &apos;tuple&apos;&gt;, length_equals_2, map_&lt;(and(instance_of_&lt;class &apos;numbers.Real&apos;&gt;, between_0_and_1), and(instance_of_&lt;class &apos;str&apos;&gt;, length_equals_3, islower))&gt;_on_elts)] raised AtLeastOneFailed: At least one validation function failed validation. Successes: [&quot;instance_of_&lt;class &apos;tuple&apos;&gt;&quot;, &apos;length_equals_2&apos;] / Failures: {&quot;map_&lt;(and(instance_of_&lt;class &apos;numbers.Real&apos;&gt;, between_0_and_1), and(instance_of_&lt;class &apos;str&apos;&gt;, length_equals_3, islower))&gt;_on_elts&quot;: &apos;InvalidItemInSequence: Provided sequence contains one value that is invalid. Function [and(instance_of_&lt;class \&apos;numbers.Real\&apos;&gt;, between_0_and_1)] raised [AtLeastOneFailed: At least one validation function failed validation for value [1.1]. Successes: [&quot;instance_of_&lt;class \&apos;numbers.Real\&apos;&gt;&quot;] / Failures: {\&apos;between_0_and_1\&apos;: \&apos;NotInRange: 0 &lt;= x &lt;= 1 does not hold for x=1.1. Wrong value: [1.1]\&apos;}].&apos;}.
[...]
Error validating input [t=1.1] for function [my_function]. Validation function [ex3_is_valid_tuple_pep] raised InputTypeError: 
  valid8.tests.readme.examples._tests_pep484.ex3_is_valid_tuple_pep
  called with incompatible types:
Expected: Tuple[Tuple[Real, str]]
Received: Tuple[float].
</system-out></testcase><testcase classname="valid8.tests.readme.examples.test_example3" file="valid8/tests/readme/examples/test_example3.py" line="49" name="test_example_3[function_input_custom_ex3_is_valid_tuple_pep-(0.2, &apos;foo&apos;, True)-&lt;class &apos;ValueError&apos;&gt;]" time="0.008234739303588867"><system-out>calling function function_input_custom with custom func ex3_is_valid_tuple_pep
Error validating input [t=(0.2, &apos;foo&apos;, True)] for function [my_function]. Validation function [ex3_is_valid_tuple_pep] raised InputTypeError: 
  valid8.tests.readme.examples._tests_pep484.ex3_is_valid_tuple_pep
  called with incompatible types:
Expected: Tuple[Tuple[Real, str]]
Received: Tuple[Tuple[float, str, bool]].
</system-out></testcase><testcase classname="valid8.tests.readme.examples.test_example3" file="valid8/tests/readme/examples/test_example3.py" line="49" name="test_example_3[function_input_custom_ex3_is_valid_tuple_pep-(&apos;1.0&apos;, &apos;foo&apos;)-&lt;class &apos;TypeError&apos;&gt;]" time="0.006610870361328125"><system-out>calling function function_input_custom with custom func ex3_is_valid_tuple_pep
Error validating input [t=(&apos;1.0&apos;, &apos;foo&apos;)] for function [my_function]. Validation function [ex3_is_valid_tuple_pep] raised InputTypeError: 
  valid8.tests.readme.examples._tests_pep484.ex3_is_valid_tuple_pep
  called with incompatible types:
Expected: Tuple[Tuple[Real, str]]
Received: Tuple[Tuple[str, str]].
</system-out></testcase><testcase classname="valid8.tests.readme.examples.test_example3" file="valid8/tests/readme/examples/test_example3.py" line="49" name="test_example_3[function_input_custom_ex3_is_valid_tuple_pep-(1.1, &apos;foo&apos;)-&lt;class &apos;ValueError&apos;&gt;]" time="0.006253242492675781"><system-out>calling function function_input_custom with custom func ex3_is_valid_tuple_pep
Error validating input [t=(1.1, &apos;foo&apos;)] for function [my_function]: validation function [ex3_is_valid_tuple_pep] returned [False].
</system-out></testcase><testcase classname="valid8.tests.readme.examples.test_example3" file="valid8/tests/readme/examples/test_example3.py" line="49" name="test_example_3[function_input_custom_ex3_is_valid_tuple_pep-(1.0, False)-&lt;class &apos;TypeError&apos;&gt;]" time="0.00668644905090332"><system-out>calling function function_input_custom with custom func ex3_is_valid_tuple_pep
Error validating input [t=(1.0, False)] for function [my_function]. Validation function [ex3_is_valid_tuple_pep] raised InputTypeError: 
  valid8.tests.readme.examples._tests_pep484.ex3_is_valid_tuple_pep
  called with incompatible types:
Expected: Tuple[Tuple[Real, str]]
Received: Tuple[Tuple[float, bool]].
</system-out></testcase><testcase classname="valid8.tests.readme.examples.test_example3" file="valid8/tests/readme/examples/test_example3.py" line="49" name="test_example_3[function_input_custom_ex3_is_valid_tuple_pep-(0.5, &apos;a&apos;)-&lt;class &apos;ValueError&apos;&gt;]" time="0.03430986404418945"><system-out>calling function function_input_custom with custom func ex3_is_valid_tuple_pep
Error validating input [t=(0.5, &apos;a&apos;)] for function [my_function]: validation function [ex3_is_valid_tuple_pep] returned [False].
</system-out></testcase><testcase classname="valid8.tests.readme.examples.test_example3" file="valid8/tests/readme/examples/test_example3.py" line="49" name="test_example_3[function_input_custom_ex3_is_valid_tuple_pep-(0.5, &apos;AAA&apos;)-&lt;class &apos;ValueError&apos;&gt;]" time="0.005804538726806641"><system-out>calling function function_input_custom with custom func ex3_is_valid_tuple_pep
Error validating input [t=(0.5, &apos;AAA&apos;)] for function [my_function]: validation function [ex3_is_valid_tuple_pep] returned [False].
</system-out></testcase><testcase classname="valid8.tests.readme.examples.test_example3" file="valid8/tests/readme/examples/test_example3.py" line="49" name="test_example_3[function_input_custom_check_valid_tuple-(0.2, &apos;foo&apos;)-True]" time="0.0034148693084716797"><system-out>calling function function_input_custom with custom func check_valid_tuple
</system-out></testcase><testcase classname="valid8.tests.readme.examples.test_example3" file="valid8/tests/readme/examples/test_example3.py" line="49" name="test_example_3[function_input_custom_check_valid_tuple-(1.0, &apos;abc&apos;)-True]" time="0.0037724971771240234"><system-out>calling function function_input_custom with custom func check_valid_tuple
</system-out></testcase><testcase classname="valid8.tests.readme.examples.test_example3" file="valid8/tests/readme/examples/test_example3.py" line="49" name="test_example_3[function_input_custom_check_valid_tuple-(0, &apos;foo&apos;)-True]" time="0.0034465789794921875"><system-out>calling function function_input_custom with custom func check_valid_tuple
</system-out></testcase><testcase classname="valid8.tests.readme.examples.test_example3" file="valid8/tests/readme/examples/test_example3.py" line="49" name="test_example_3[function_input_custom_check_valid_tuple-1.1-&lt;class &apos;TypeError&apos;&gt;]" time="0.0039708614349365234"><system-out>calling function function_input_custom with custom func check_valid_tuple
Error validating input [t=1.1] for function [my_function]. Validation function [check_valid_tuple] raised TypeError: item should be a tuple.
</system-out></testcase><testcase classname="valid8.tests.readme.examples.test_example3" file="valid8/tests/readme/examples/test_example3.py" line="49" name="test_example_3[function_input_custom_check_valid_tuple-(0.2, &apos;foo&apos;, True)-&lt;class &apos;ValueError&apos;&gt;]" time="0.0037565231323242188"><system-out>calling function function_input_custom with custom func check_valid_tuple
Error validating input [t=(0.2, &apos;foo&apos;, True)] for function [my_function]. Validation function [check_valid_tuple] raised ValueError: tuple length should be 2, found (0.2, &apos;foo&apos;, True).
</system-out></testcase><testcase classname="valid8.tests.readme.examples.test_example3" file="valid8/tests/readme/examples/test_example3.py" line="49" name="test_example_3[function_input_custom_check_valid_tuple-(&apos;1.0&apos;, &apos;foo&apos;)-&lt;class &apos;TypeError&apos;&gt;]" time="0.004353523254394531"><system-out>calling function function_input_custom with custom func check_valid_tuple
Error validating input [t=(&apos;1.0&apos;, &apos;foo&apos;)] for function [my_function]. Validation function [check_valid_tuple] raised TypeError: first elt should be a Real, found 1.0.
</system-out></testcase><testcase classname="valid8.tests.readme.examples.test_example3" file="valid8/tests/readme/examples/test_example3.py" line="49" name="test_example_3[function_input_custom_check_valid_tuple-(1.1, &apos;foo&apos;)-&lt;class &apos;ValueError&apos;&gt;]" time="0.0038313865661621094"><system-out>calling function function_input_custom with custom func check_valid_tuple
Error validating input [t=(1.1, &apos;foo&apos;)] for function [my_function]. Validation function [check_valid_tuple] raised ValueError: first elt should be between 0 and 1,found 1.1.
</system-out></testcase><testcase classname="valid8.tests.readme.examples.test_example3" file="valid8/tests/readme/examples/test_example3.py" line="49" name="test_example_3[function_input_custom_check_valid_tuple-(1.0, False)-&lt;class &apos;TypeError&apos;&gt;]" time="0.0038106441497802734"><system-out>calling function function_input_custom with custom func check_valid_tuple
Error validating input [t=(1.0, False)] for function [my_function]. Validation function [check_valid_tuple] raised TypeError: second elt should be a string, found False.
</system-out></testcase><testcase classname="valid8.tests.readme.examples.test_example3" file="valid8/tests/readme/examples/test_example3.py" line="49" name="test_example_3[function_input_custom_check_valid_tuple-(0.5, &apos;a&apos;)-&lt;class &apos;ValueError&apos;&gt;]" time="0.00411534309387207"><system-out>calling function function_input_custom with custom func check_valid_tuple
Error validating input [t=(0.5, &apos;a&apos;)] for function [my_function]. Validation function [check_valid_tuple] raised ValueError: second elt should be a lowercase string of length 3,found a.
</system-out></testcase><testcase classname="valid8.tests.readme.examples.test_example3" file="valid8/tests/readme/examples/test_example3.py" line="49" name="test_example_3[function_input_custom_check_valid_tuple-(0.5, &apos;AAA&apos;)-&lt;class &apos;ValueError&apos;&gt;]" time="0.004047393798828125"><system-out>calling function function_input_custom with custom func check_valid_tuple
Error validating input [t=(0.5, &apos;AAA&apos;)] for function [my_function]. Validation function [check_valid_tuple] raised ValueError: second elt should be a lowercase string of length 3,found AAA.
</system-out></testcase><testcase classname="valid8.tests.readme.examples.test_example3" file="valid8/tests/readme/examples/test_example3.py" line="49" name="test_example_3[function_input_custom_ex3_check_valid_tuple_pep-(0.2, &apos;foo&apos;)-True]" time="0.0066394805908203125"><system-out>calling function function_input_custom with custom func ex3_check_valid_tuple_pep
</system-out></testcase><testcase classname="valid8.tests.readme.examples.test_example3" file="valid8/tests/readme/examples/test_example3.py" line="49" name="test_example_3[function_input_custom_ex3_check_valid_tuple_pep-(1.0, &apos;abc&apos;)-True]" time="0.0066754817962646484"><system-out>calling function function_input_custom with custom func ex3_check_valid_tuple_pep
</system-out></testcase><testcase classname="valid8.tests.readme.examples.test_example3" file="valid8/tests/readme/examples/test_example3.py" line="49" name="test_example_3[function_input_custom_ex3_check_valid_tuple_pep-(0, &apos;foo&apos;)-True]" time="0.006440639495849609"><system-out>calling function function_input_custom with custom func ex3_check_valid_tuple_pep
</system-out></testcase><testcase classname="valid8.tests.readme.examples.test_example3" file="valid8/tests/readme/examples/test_example3.py" line="49" name="test_example_3[function_input_custom_ex3_check_valid_tuple_pep-1.1-&lt;class &apos;TypeError&apos;&gt;]" time="0.006615877151489258"><system-out>calling function function_input_custom with custom func ex3_check_valid_tuple_pep
Error validating input [t=1.1] for function [my_function]. Validation function [ex3_check_valid_tuple_pep] raised InputTypeError: 
  valid8.tests.readme.examples._tests_pep484.ex3_check_valid_tuple_pep
  called with incompatible types:
Expected: Tuple[Tuple[Real, str]]
Received: Tuple[float].
</system-out></testcase><testcase classname="valid8.tests.readme.examples.test_example3" file="valid8/tests/readme/examples/test_example3.py" line="49" name="test_example_3[function_input_custom_ex3_check_valid_tuple_pep-(0.2, &apos;foo&apos;, True)-&lt;class &apos;ValueError&apos;&gt;]" time="0.0074274539947509766"><system-out>calling function function_input_custom with custom func ex3_check_valid_tuple_pep
Error validating input [t=(0.2, &apos;foo&apos;, True)] for function [my_function]. Validation function [ex3_check_valid_tuple_pep] raised InputTypeError: 
  valid8.tests.readme.examples._tests_pep484.ex3_check_valid_tuple_pep
  called with incompatible types:
Expected: Tuple[Tuple[Real, str]]
Received: Tuple[Tuple[float, str, bool]].
</system-out></testcase><testcase classname="valid8.tests.readme.examples.test_example3" file="valid8/tests/readme/examples/test_example3.py" line="49" name="test_example_3[function_input_custom_ex3_check_valid_tuple_pep-(&apos;1.0&apos;, &apos;foo&apos;)-&lt;class &apos;TypeError&apos;&gt;]" time="0.006915569305419922"><system-out>calling function function_input_custom with custom func ex3_check_valid_tuple_pep
Error validating input [t=(&apos;1.0&apos;, &apos;foo&apos;)] for function [my_function]. Validation function [ex3_check_valid_tuple_pep] raised InputTypeError: 
  valid8.tests.readme.examples._tests_pep484.ex3_check_valid_tuple_pep
  called with incompatible types:
Expected: Tuple[Tuple[Real, str]]
Received: Tuple[Tuple[str, str]].
</system-out></testcase><testcase classname="valid8.tests.readme.examples.test_example3" file="valid8/tests/readme/examples/test_example3.py" line="49" name="test_example_3[function_input_custom_ex3_check_valid_tuple_pep-(1.1, &apos;foo&apos;)-&lt;class &apos;ValueError&apos;&gt;]" time="0.007410764694213867"><system-out>calling function function_input_custom with custom func ex3_check_valid_tuple_pep
Error validating input [t=(1.1, &apos;foo&apos;)] for function [my_function]. Validation function [ex3_check_valid_tuple_pep] raised ValueError: first elt should be between 0 and 1,found 1.1.
</system-out></testcase><testcase classname="valid8.tests.readme.examples.test_example3" file="valid8/tests/readme/examples/test_example3.py" line="49" name="test_example_3[function_input_custom_ex3_check_valid_tuple_pep-(1.0, False)-&lt;class &apos;TypeError&apos;&gt;]" time="0.0075626373291015625"><system-out>calling function function_input_custom with custom func ex3_check_valid_tuple_pep
Error validating input [t=(1.0, False)] for function [my_function]. Validation function [ex3_check_valid_tuple_pep] raised InputTypeError: 
  valid8.tests.readme.examples._tests_pep484.ex3_check_valid_tuple_pep
  called with incompatible types:
Expected: Tuple[Tuple[Real, str]]
Received: Tuple[Tuple[float, bool]].
</system-out></testcase><testcase classname="valid8.tests.readme.examples.test_example3" file="valid8/tests/readme/examples/test_example3.py" line="49" name="test_example_3[function_input_custom_ex3_check_valid_tuple_pep-(0.5, &apos;a&apos;)-&lt;class &apos;ValueError&apos;&gt;]" time="0.0073244571685791016"><system-out>calling function function_input_custom with custom func ex3_check_valid_tuple_pep
Error validating input [t=(0.5, &apos;a&apos;)] for function [my_function]. Validation function [ex3_check_valid_tuple_pep] raised ValueError: second elt should be a lowercase string of length 3,found a.
</system-out></testcase><testcase classname="valid8.tests.readme.examples.test_example3" file="valid8/tests/readme/examples/test_example3.py" line="49" name="test_example_3[function_input_custom_ex3_check_valid_tuple_pep-(0.5, &apos;AAA&apos;)-&lt;class &apos;ValueError&apos;&gt;]" time="0.007003068923950195"><system-out>calling function function_input_custom with custom func ex3_check_valid_tuple_pep
Error validating input [t=(0.5, &apos;AAA&apos;)] for function [my_function]. Validation function [ex3_check_valid_tuple_pep] raised ValueError: second elt should be a lowercase string of length 3,found AAA.
</system-out></testcase><testcase classname="valid8.tests.validation_lib.test_validators_collections" file="valid8/tests/validation_lib/test_validators_collections.py" line="7" name="test_is_in" time="0.002412557601928711"></testcase><testcase classname="valid8.tests.validation_lib.test_validators_collections" file="valid8/tests/validation_lib/test_validators_collections.py" line="15" name="test_contains" time="0.0015304088592529297"></testcase><testcase classname="valid8.tests.validation_lib.test_validators_collections" file="valid8/tests/validation_lib/test_validators_collections.py" line="22" name="test_is_subset_is_superset" time="0.0021653175354003906"></testcase><testcase classname="valid8.tests.validation_lib.test_validators_collections" file="valid8/tests/validation_lib/test_validators_collections.py" line="45" name="test_on_all" time="0.001955270767211914"></testcase><testcase classname="valid8.tests.validation_lib.test_validators_collections" file="valid8/tests/validation_lib/test_validators_collections.py" line="54" name="test_on_each" time="0.001678466796875"></testcase><testcase classname="valid8.tests.validation_lib.test_validators_collections" file="valid8/tests/validation_lib/test_validators_collections.py" line="63" name="test_haslen" time="0.0015451908111572266"></testcase><testcase classname="valid8.tests.validation_lib.test_validators_collections" file="valid8/tests/validation_lib/test_validators_collections.py" line="70" name="test_minlen" time="0.0015444755554199219"></testcase><testcase classname="valid8.tests.validation_lib.test_validators_collections" file="valid8/tests/validation_lib/test_validators_collections.py" line="77" name="test_maxlen" time="0.0019757747650146484"></testcase><testcase classname="valid8.tests.validation_lib.test_validators_collections" file="valid8/tests/validation_lib/test_validators_collections.py" line="84" name="test_empty" time="0.0014524459838867188"></testcase><testcase classname="valid8.tests.validation_lib.test_validators_collections" file="valid8/tests/validation_lib/test_validators_collections.py" line="91" name="test_nonempty" time="0.0015637874603271484"></testcase><testcase classname="valid8.tests.validation_lib.test_validators_collections" file="valid8/tests/validation_lib/test_validators_collections.py" line="98" name="test_length_between" time="0.0015909671783447266"></testcase><testcase classname="valid8.tests.validation_lib.test_validators_collections" file="valid8/tests/validation_lib/test_validators_collections.py" line="110" name="test_numpy_nan_like_lengths" time="0.001546621322631836"></testcase><testcase classname="valid8.tests.validation_lib.test_validators_comparables" file="valid8/tests/validation_lib/test_validators_comparables.py" line="5" name="test_gt" time="0.0015845298767089844"></testcase><testcase classname="valid8.tests.validation_lib.test_validators_comparables" file="valid8/tests/validation_lib/test_validators_comparables.py" line="12" name="test_gts" time="0.001506805419921875"></testcase><testcase classname="valid8.tests.validation_lib.test_validators_comparables" file="valid8/tests/validation_lib/test_validators_comparables.py" line="19" name="test_lt" time="0.0015130043029785156"></testcase><testcase classname="valid8.tests.validation_lib.test_validators_comparables" file="valid8/tests/validation_lib/test_validators_comparables.py" line="26" name="test_lts" time="0.0015342235565185547"></testcase><testcase classname="valid8.tests.validation_lib.test_validators_comparables" file="valid8/tests/validation_lib/test_validators_comparables.py" line="33" name="test_between" time="0.0015857219696044922"></testcase><testcase classname="valid8.tests.validation_lib.test_validators_comparables" file="valid8/tests/validation_lib/test_validators_comparables.py" line="45" name="test_numpy_nan" time="0.0016794204711914062"></testcase><testcase classname="valid8.tests.validation_lib.test_validators_numbers" file="valid8/tests/validation_lib/test_validators_numbers.py" line="5" name="test_is_even" time="0.0018444061279296875"></testcase><testcase classname="valid8.tests.validation_lib.test_validators_numbers" file="valid8/tests/validation_lib/test_validators_numbers.py" line="11" name="test_is_odd" time="0.0014934539794921875"></testcase><testcase classname="valid8.tests.validation_lib.test_validators_numbers" file="valid8/tests/validation_lib/test_validators_numbers.py" line="17" name="test_is_multiple_of" time="0.001600027084350586"></testcase><testcase classname="valid8.tests.validation_lib.test_validators_types" file="valid8/tests/validation_lib/test_validators_types.py" line="5" name="test_instance_of" time="0.0018205642700195312"></testcase><testcase classname="valid8.tests.validation_lib.test_validators_types" file="valid8/tests/validation_lib/test_validators_types.py" line="31" name="test_subclass_of" time="0.001672983169555664"></testcase></testsuite>